[2024-12-21T11:25:10.770+0000] {local_task_job_runner.py:123} INFO - ::group::Pre task execution logs
[2024-12-21T11:25:10.850+0000] {taskinstance.py:2612} INFO - Dependencies all met for dep_context=non-requeueable deps ti=<TaskInstance: crypto_price_etl.extract scheduled__2024-12-17T00:00:00+00:00 [queued]>
[2024-12-21T11:25:10.880+0000] {taskinstance.py:2612} INFO - Dependencies all met for dep_context=requeueable deps ti=<TaskInstance: crypto_price_etl.extract scheduled__2024-12-17T00:00:00+00:00 [queued]>
[2024-12-21T11:25:10.883+0000] {taskinstance.py:2865} INFO - Starting attempt 1 of 2
[2024-12-21T11:25:10.927+0000] {taskinstance.py:2888} INFO - Executing <Task(PythonOperator): extract> on 2024-12-17 00:00:00+00:00
[2024-12-21T11:25:10.937+0000] {warnings.py:112} WARNING - /home/***/.local/lib/python3.12/site-packages/***/task/task_runner/standard_task_runner.py:70: DeprecationWarning: This process (pid=439) is multi-threaded, use of fork() may lead to deadlocks in the child.
  pid = os.fork()

[2024-12-21T11:25:10.942+0000] {standard_task_runner.py:72} INFO - Started process 481 to run task
[2024-12-21T11:25:10.950+0000] {standard_task_runner.py:104} INFO - Running: ['***', 'tasks', 'run', 'crypto_price_etl', 'extract', 'scheduled__2024-12-17T00:00:00+00:00', '--job-id', '103', '--raw', '--subdir', 'DAGS_FOLDER/crypto_dag.py', '--cfg-path', '/tmp/tmp29jj8sst']
[2024-12-21T11:25:10.952+0000] {standard_task_runner.py:105} INFO - Job 103: Subtask extract
[2024-12-21T11:25:11.172+0000] {task_command.py:467} INFO - Running <TaskInstance: crypto_price_etl.extract scheduled__2024-12-17T00:00:00+00:00 [running]> on host f4ec8002467d
[2024-12-21T11:25:11.520+0000] {taskinstance.py:3131} INFO - Exporting env vars: AIRFLOW_CTX_DAG_OWNER='***' AIRFLOW_CTX_DAG_ID='crypto_price_etl' AIRFLOW_CTX_TASK_ID='extract' AIRFLOW_CTX_EXECUTION_DATE='2024-12-17T00:00:00+00:00' AIRFLOW_CTX_TRY_NUMBER='1' AIRFLOW_CTX_DAG_RUN_ID='scheduled__2024-12-17T00:00:00+00:00'
[2024-12-21T11:25:11.529+0000] {logging_mixin.py:190} INFO - Task instance is in running state
[2024-12-21T11:25:11.544+0000] {logging_mixin.py:190} INFO -  Previous state of the Task instance: queued
[2024-12-21T11:25:11.549+0000] {logging_mixin.py:190} INFO - Current task name:extract state:running start_date:2024-12-21 11:25:10.851889+00:00
[2024-12-21T11:25:11.554+0000] {logging_mixin.py:190} INFO - Dag name:crypto_price_etl and current dag run status:running
[2024-12-21T11:25:11.555+0000] {taskinstance.py:731} INFO - ::endgroup::
[2024-12-21T11:25:11.907+0000] {python.py:240} INFO - Done. Returned value was: None
[2024-12-21T11:25:11.932+0000] {taskinstance.py:340} INFO - ::group::Post task execution logs
[2024-12-21T11:25:11.933+0000] {taskinstance.py:352} INFO - Marking task as SUCCESS. dag_id=crypto_price_etl, task_id=extract, run_id=scheduled__2024-12-17T00:00:00+00:00, execution_date=20241217T000000, start_date=20241221T112510, end_date=20241221T112511
[2024-12-21T11:25:11.971+0000] {logging_mixin.py:190} INFO - Task instance in success state
[2024-12-21T11:25:11.973+0000] {logging_mixin.py:190} INFO -  Previous state of the Task instance: running
[2024-12-21T11:25:11.984+0000] {logging_mixin.py:190} INFO - Dag name:crypto_price_etl queued_at:2024-12-21 11:25:06.039326+00:00
[2024-12-21T11:25:11.987+0000] {logging_mixin.py:190} INFO - Task hostname:f4ec8002467d operator:PythonOperator
[2024-12-21T11:25:12.013+0000] {local_task_job_runner.py:266} INFO - Task exited with return code 0
[2024-12-21T11:25:12.041+0000] {local_task_job_runner.py:245} INFO - ::endgroup::
