[2024-11-23T11:25:12.324+0000] {local_task_job_runner.py:123} INFO - ::group::Pre task execution logs
[2024-11-23T11:25:12.348+0000] {taskinstance.py:2612} INFO - Dependencies all met for dep_context=non-requeueable deps ti=<TaskInstance: crypto_price_etl.load scheduled__2024-11-22T00:00:00+00:00 [queued]>
[2024-11-23T11:25:12.359+0000] {taskinstance.py:2612} INFO - Dependencies all met for dep_context=requeueable deps ti=<TaskInstance: crypto_price_etl.load scheduled__2024-11-22T00:00:00+00:00 [queued]>
[2024-11-23T11:25:12.360+0000] {taskinstance.py:2865} INFO - Starting attempt 1 of 2
[2024-11-23T11:25:12.379+0000] {taskinstance.py:2888} INFO - Executing <Task(PythonOperator): load> on 2024-11-22 00:00:00+00:00
[2024-11-23T11:25:12.388+0000] {warnings.py:112} WARNING - /home/***/.local/lib/python3.12/site-packages/***/task/task_runner/standard_task_runner.py:70: DeprecationWarning: This process (pid=1696) is multi-threaded, use of fork() may lead to deadlocks in the child.
  pid = os.fork()

[2024-11-23T11:25:12.391+0000] {standard_task_runner.py:72} INFO - Started process 1698 to run task
[2024-11-23T11:25:12.391+0000] {standard_task_runner.py:104} INFO - Running: ['***', 'tasks', 'run', 'crypto_price_etl', 'load', 'scheduled__2024-11-22T00:00:00+00:00', '--job-id', '21', '--raw', '--subdir', 'DAGS_FOLDER/crypto_dag.py', '--cfg-path', '/tmp/tmp_s2sqh7f']
[2024-11-23T11:25:12.393+0000] {standard_task_runner.py:105} INFO - Job 21: Subtask load
[2024-11-23T11:25:12.474+0000] {task_command.py:467} INFO - Running <TaskInstance: crypto_price_etl.load scheduled__2024-11-22T00:00:00+00:00 [running]> on host f4ec8002467d
[2024-11-23T11:25:12.577+0000] {taskinstance.py:3131} INFO - Exporting env vars: AIRFLOW_CTX_DAG_OWNER='***' AIRFLOW_CTX_DAG_ID='crypto_price_etl' AIRFLOW_CTX_TASK_ID='load' AIRFLOW_CTX_EXECUTION_DATE='2024-11-22T00:00:00+00:00' AIRFLOW_CTX_TRY_NUMBER='1' AIRFLOW_CTX_DAG_RUN_ID='scheduled__2024-11-22T00:00:00+00:00'
[2024-11-23T11:25:12.580+0000] {logging_mixin.py:190} INFO - Task instance is in running state
[2024-11-23T11:25:12.581+0000] {logging_mixin.py:190} INFO -  Previous state of the Task instance: queued
[2024-11-23T11:25:12.582+0000] {logging_mixin.py:190} INFO - Current task name:load state:running start_date:2024-11-23 11:25:12.349127+00:00
[2024-11-23T11:25:12.583+0000] {logging_mixin.py:190} INFO - Dag name:crypto_price_etl and current dag run status:running
[2024-11-23T11:25:12.584+0000] {taskinstance.py:731} INFO - ::endgroup::
[2024-11-23T11:25:12.699+0000] {base.py:84} INFO - Retrieving connection 'mysql_conn_id'
[2024-11-23T11:25:12.730+0000] {base.py:84} INFO - Retrieving connection 'mysql_conn_id'
[2024-11-23T11:25:12.873+0000] {python.py:240} INFO - Done. Returned value was: None
[2024-11-23T11:25:12.885+0000] {taskinstance.py:340} INFO - ::group::Post task execution logs
[2024-11-23T11:25:12.886+0000] {taskinstance.py:352} INFO - Marking task as SUCCESS. dag_id=crypto_price_etl, task_id=load, run_id=scheduled__2024-11-22T00:00:00+00:00, execution_date=20241122T000000, start_date=20241123T112512, end_date=20241123T112512
[2024-11-23T11:25:12.900+0000] {logging_mixin.py:190} INFO - Task instance in success state
[2024-11-23T11:25:12.900+0000] {logging_mixin.py:190} INFO -  Previous state of the Task instance: running
[2024-11-23T11:25:12.901+0000] {logging_mixin.py:190} INFO - Dag name:crypto_price_etl queued_at:2024-11-23 11:25:04.017728+00:00
[2024-11-23T11:25:12.902+0000] {logging_mixin.py:190} INFO - Task hostname:f4ec8002467d operator:PythonOperator
[2024-11-23T11:25:12.929+0000] {local_task_job_runner.py:266} INFO - Task exited with return code 0
[2024-11-23T11:25:12.950+0000] {taskinstance.py:3900} INFO - 0 downstream tasks scheduled from follow-on schedule check
[2024-11-23T11:25:12.953+0000] {local_task_job_runner.py:245} INFO - ::endgroup::
