[2024-12-21T11:19:32.428+0000] {processor.py:186} INFO - Started process (PID=68) to work on /opt/airflow/dags/crypto_dag.py
[2024-12-21T11:19:32.430+0000] {processor.py:914} INFO - Processing file /opt/airflow/dags/crypto_dag.py for tasks to queue
[2024-12-21T11:19:32.434+0000] {logging_mixin.py:190} INFO - [2024-12-21T11:19:32.434+0000] {dagbag.py:588} INFO - Filling up the DagBag from /opt/airflow/dags/crypto_dag.py
[2024-12-21T11:19:32.518+0000] {processor.py:925} INFO - DAG(s) 'crypto_price_etl' retrieved from /opt/airflow/dags/crypto_dag.py
[2024-12-21T11:19:32.569+0000] {logging_mixin.py:190} INFO - [2024-12-21T11:19:32.568+0000] {dag.py:3239} INFO - Sync 1 DAGs
[2024-12-21T11:19:32.606+0000] {logging_mixin.py:190} INFO - [2024-12-21T11:19:32.606+0000] {dag.py:4180} INFO - Setting next_dagrun for crypto_price_etl to 2024-11-25 00:00:00+00:00, run_after=2024-11-26 00:00:00+00:00
[2024-12-21T11:19:32.636+0000] {processor.py:208} INFO - Processing /opt/airflow/dags/crypto_dag.py took 0.221 seconds
[2024-12-21T11:20:03.111+0000] {processor.py:186} INFO - Started process (PID=160) to work on /opt/airflow/dags/crypto_dag.py
[2024-12-21T11:20:03.113+0000] {processor.py:914} INFO - Processing file /opt/airflow/dags/crypto_dag.py for tasks to queue
[2024-12-21T11:20:03.117+0000] {logging_mixin.py:190} INFO - [2024-12-21T11:20:03.117+0000] {dagbag.py:588} INFO - Filling up the DagBag from /opt/airflow/dags/crypto_dag.py
[2024-12-21T11:20:03.166+0000] {processor.py:925} INFO - DAG(s) 'crypto_price_etl' retrieved from /opt/airflow/dags/crypto_dag.py
[2024-12-21T11:20:03.191+0000] {logging_mixin.py:190} INFO - [2024-12-21T11:20:03.190+0000] {dag.py:3239} INFO - Sync 1 DAGs
[2024-12-21T11:20:03.247+0000] {processor.py:208} INFO - Processing /opt/airflow/dags/crypto_dag.py took 0.146 seconds
[2024-12-21T11:20:33.375+0000] {processor.py:186} INFO - Started process (PID=226) to work on /opt/airflow/dags/crypto_dag.py
[2024-12-21T11:20:33.376+0000] {processor.py:914} INFO - Processing file /opt/airflow/dags/crypto_dag.py for tasks to queue
[2024-12-21T11:20:33.379+0000] {logging_mixin.py:190} INFO - [2024-12-21T11:20:33.379+0000] {dagbag.py:588} INFO - Filling up the DagBag from /opt/airflow/dags/crypto_dag.py
[2024-12-21T11:20:33.413+0000] {processor.py:925} INFO - DAG(s) 'crypto_price_etl' retrieved from /opt/airflow/dags/crypto_dag.py
[2024-12-21T11:20:33.434+0000] {logging_mixin.py:190} INFO - [2024-12-21T11:20:33.434+0000] {dag.py:3239} INFO - Sync 1 DAGs
[2024-12-21T11:20:33.481+0000] {processor.py:208} INFO - Processing /opt/airflow/dags/crypto_dag.py took 0.112 seconds
[2024-12-21T11:21:04.359+0000] {processor.py:186} INFO - Started process (PID=292) to work on /opt/airflow/dags/crypto_dag.py
[2024-12-21T11:21:04.361+0000] {processor.py:914} INFO - Processing file /opt/airflow/dags/crypto_dag.py for tasks to queue
[2024-12-21T11:21:04.365+0000] {logging_mixin.py:190} INFO - [2024-12-21T11:21:04.365+0000] {dagbag.py:588} INFO - Filling up the DagBag from /opt/airflow/dags/crypto_dag.py
[2024-12-21T11:21:04.416+0000] {processor.py:925} INFO - DAG(s) 'crypto_price_etl' retrieved from /opt/airflow/dags/crypto_dag.py
[2024-12-21T11:21:04.453+0000] {logging_mixin.py:190} INFO - [2024-12-21T11:21:04.453+0000] {dag.py:3239} INFO - Sync 1 DAGs
[2024-12-21T11:21:04.509+0000] {processor.py:208} INFO - Processing /opt/airflow/dags/crypto_dag.py took 0.159 seconds
[2024-12-21T11:21:35.110+0000] {processor.py:186} INFO - Started process (PID=357) to work on /opt/airflow/dags/crypto_dag.py
[2024-12-21T11:21:35.112+0000] {processor.py:914} INFO - Processing file /opt/airflow/dags/crypto_dag.py for tasks to queue
[2024-12-21T11:21:35.114+0000] {logging_mixin.py:190} INFO - [2024-12-21T11:21:35.114+0000] {dagbag.py:588} INFO - Filling up the DagBag from /opt/airflow/dags/crypto_dag.py
[2024-12-21T11:21:35.149+0000] {processor.py:925} INFO - DAG(s) 'crypto_price_etl' retrieved from /opt/airflow/dags/crypto_dag.py
[2024-12-21T11:21:35.170+0000] {logging_mixin.py:190} INFO - [2024-12-21T11:21:35.170+0000] {dag.py:3239} INFO - Sync 1 DAGs
[2024-12-21T11:21:35.215+0000] {processor.py:208} INFO - Processing /opt/airflow/dags/crypto_dag.py took 0.114 seconds
[2024-12-21T11:22:05.763+0000] {processor.py:186} INFO - Started process (PID=423) to work on /opt/airflow/dags/crypto_dag.py
[2024-12-21T11:22:05.764+0000] {processor.py:914} INFO - Processing file /opt/airflow/dags/crypto_dag.py for tasks to queue
[2024-12-21T11:22:05.766+0000] {logging_mixin.py:190} INFO - [2024-12-21T11:22:05.766+0000] {dagbag.py:588} INFO - Filling up the DagBag from /opt/airflow/dags/crypto_dag.py
[2024-12-21T11:22:05.799+0000] {processor.py:925} INFO - DAG(s) 'crypto_price_etl' retrieved from /opt/airflow/dags/crypto_dag.py
[2024-12-21T11:22:05.819+0000] {logging_mixin.py:190} INFO - [2024-12-21T11:22:05.819+0000] {dag.py:3239} INFO - Sync 1 DAGs
[2024-12-21T11:22:05.866+0000] {processor.py:208} INFO - Processing /opt/airflow/dags/crypto_dag.py took 0.111 seconds
[2024-12-21T11:22:36.324+0000] {processor.py:186} INFO - Started process (PID=489) to work on /opt/airflow/dags/crypto_dag.py
[2024-12-21T11:22:36.325+0000] {processor.py:914} INFO - Processing file /opt/airflow/dags/crypto_dag.py for tasks to queue
[2024-12-21T11:22:36.328+0000] {logging_mixin.py:190} INFO - [2024-12-21T11:22:36.327+0000] {dagbag.py:588} INFO - Filling up the DagBag from /opt/airflow/dags/crypto_dag.py
[2024-12-21T11:22:36.364+0000] {processor.py:925} INFO - DAG(s) 'crypto_price_etl' retrieved from /opt/airflow/dags/crypto_dag.py
[2024-12-21T11:22:36.386+0000] {logging_mixin.py:190} INFO - [2024-12-21T11:22:36.386+0000] {dag.py:3239} INFO - Sync 1 DAGs
[2024-12-21T11:22:36.436+0000] {processor.py:208} INFO - Processing /opt/airflow/dags/crypto_dag.py took 0.119 seconds
[2024-12-21T11:23:07.133+0000] {processor.py:186} INFO - Started process (PID=555) to work on /opt/airflow/dags/crypto_dag.py
[2024-12-21T11:23:07.135+0000] {processor.py:914} INFO - Processing file /opt/airflow/dags/crypto_dag.py for tasks to queue
[2024-12-21T11:23:07.139+0000] {logging_mixin.py:190} INFO - [2024-12-21T11:23:07.139+0000] {dagbag.py:588} INFO - Filling up the DagBag from /opt/airflow/dags/crypto_dag.py
[2024-12-21T11:23:07.178+0000] {processor.py:925} INFO - DAG(s) 'crypto_price_etl' retrieved from /opt/airflow/dags/crypto_dag.py
[2024-12-21T11:23:07.200+0000] {logging_mixin.py:190} INFO - [2024-12-21T11:23:07.200+0000] {dag.py:3239} INFO - Sync 1 DAGs
[2024-12-21T11:23:07.289+0000] {processor.py:208} INFO - Processing /opt/airflow/dags/crypto_dag.py took 0.167 seconds
[2024-12-21T11:23:37.743+0000] {processor.py:186} INFO - Started process (PID=621) to work on /opt/airflow/dags/crypto_dag.py
[2024-12-21T11:23:37.744+0000] {processor.py:914} INFO - Processing file /opt/airflow/dags/crypto_dag.py for tasks to queue
[2024-12-21T11:23:37.747+0000] {logging_mixin.py:190} INFO - [2024-12-21T11:23:37.747+0000] {dagbag.py:588} INFO - Filling up the DagBag from /opt/airflow/dags/crypto_dag.py
[2024-12-21T11:23:37.793+0000] {processor.py:925} INFO - DAG(s) 'crypto_price_etl' retrieved from /opt/airflow/dags/crypto_dag.py
[2024-12-21T11:23:37.818+0000] {logging_mixin.py:190} INFO - [2024-12-21T11:23:37.817+0000] {dag.py:3239} INFO - Sync 1 DAGs
[2024-12-21T11:23:37.876+0000] {processor.py:208} INFO - Processing /opt/airflow/dags/crypto_dag.py took 0.141 seconds
[2024-12-21T11:24:07.982+0000] {processor.py:186} INFO - Started process (PID=687) to work on /opt/airflow/dags/crypto_dag.py
[2024-12-21T11:24:07.983+0000] {processor.py:914} INFO - Processing file /opt/airflow/dags/crypto_dag.py for tasks to queue
[2024-12-21T11:24:07.986+0000] {logging_mixin.py:190} INFO - [2024-12-21T11:24:07.986+0000] {dagbag.py:588} INFO - Filling up the DagBag from /opt/airflow/dags/crypto_dag.py
[2024-12-21T11:24:08.024+0000] {processor.py:925} INFO - DAG(s) 'crypto_price_etl' retrieved from /opt/airflow/dags/crypto_dag.py
[2024-12-21T11:24:08.046+0000] {logging_mixin.py:190} INFO - [2024-12-21T11:24:08.046+0000] {dag.py:3239} INFO - Sync 1 DAGs
[2024-12-21T11:24:08.095+0000] {processor.py:208} INFO - Processing /opt/airflow/dags/crypto_dag.py took 0.121 seconds
[2024-12-21T11:24:38.574+0000] {processor.py:186} INFO - Started process (PID=753) to work on /opt/airflow/dags/crypto_dag.py
[2024-12-21T11:24:38.575+0000] {processor.py:914} INFO - Processing file /opt/airflow/dags/crypto_dag.py for tasks to queue
[2024-12-21T11:24:38.577+0000] {logging_mixin.py:190} INFO - [2024-12-21T11:24:38.577+0000] {dagbag.py:588} INFO - Filling up the DagBag from /opt/airflow/dags/crypto_dag.py
[2024-12-21T11:24:38.612+0000] {processor.py:925} INFO - DAG(s) 'crypto_price_etl' retrieved from /opt/airflow/dags/crypto_dag.py
[2024-12-21T11:24:38.633+0000] {logging_mixin.py:190} INFO - [2024-12-21T11:24:38.633+0000] {dag.py:3239} INFO - Sync 1 DAGs
[2024-12-21T11:24:38.686+0000] {processor.py:208} INFO - Processing /opt/airflow/dags/crypto_dag.py took 0.119 seconds
[2024-12-21T11:25:09.609+0000] {processor.py:186} INFO - Started process (PID=839) to work on /opt/airflow/dags/crypto_dag.py
[2024-12-21T11:25:09.617+0000] {processor.py:914} INFO - Processing file /opt/airflow/dags/crypto_dag.py for tasks to queue
[2024-12-21T11:25:09.624+0000] {logging_mixin.py:190} INFO - [2024-12-21T11:25:09.624+0000] {dagbag.py:588} INFO - Filling up the DagBag from /opt/airflow/dags/crypto_dag.py
[2024-12-21T11:25:09.761+0000] {processor.py:925} INFO - DAG(s) 'crypto_price_etl' retrieved from /opt/airflow/dags/crypto_dag.py
[2024-12-21T11:25:09.818+0000] {logging_mixin.py:190} INFO - [2024-12-21T11:25:09.817+0000] {dag.py:3239} INFO - Sync 1 DAGs
[2024-12-21T11:25:09.894+0000] {logging_mixin.py:190} INFO - [2024-12-21T11:25:09.894+0000] {dag.py:4180} INFO - Setting next_dagrun for crypto_price_etl to 2024-12-19 00:00:00+00:00, run_after=2024-12-20 00:00:00+00:00
[2024-12-21T11:25:09.971+0000] {processor.py:208} INFO - Processing /opt/airflow/dags/crypto_dag.py took 0.374 seconds
[2024-12-21T11:25:40.733+0000] {processor.py:186} INFO - Started process (PID=920) to work on /opt/airflow/dags/crypto_dag.py
[2024-12-21T11:25:40.734+0000] {processor.py:914} INFO - Processing file /opt/airflow/dags/crypto_dag.py for tasks to queue
[2024-12-21T11:25:40.737+0000] {logging_mixin.py:190} INFO - [2024-12-21T11:25:40.737+0000] {dagbag.py:588} INFO - Filling up the DagBag from /opt/airflow/dags/crypto_dag.py
[2024-12-21T11:25:40.769+0000] {processor.py:925} INFO - DAG(s) 'crypto_price_etl' retrieved from /opt/airflow/dags/crypto_dag.py
[2024-12-21T11:25:40.794+0000] {logging_mixin.py:190} INFO - [2024-12-21T11:25:40.794+0000] {dag.py:3239} INFO - Sync 1 DAGs
[2024-12-21T11:25:40.819+0000] {logging_mixin.py:190} INFO - [2024-12-21T11:25:40.819+0000] {dag.py:4180} INFO - Setting next_dagrun for crypto_price_etl to 2024-12-21 00:00:00+00:00, run_after=2024-12-22 00:00:00+00:00
[2024-12-21T11:25:40.849+0000] {processor.py:208} INFO - Processing /opt/airflow/dags/crypto_dag.py took 0.123 seconds
[2024-12-21T11:26:11.029+0000] {processor.py:186} INFO - Started process (PID=986) to work on /opt/airflow/dags/crypto_dag.py
[2024-12-21T11:26:11.030+0000] {processor.py:914} INFO - Processing file /opt/airflow/dags/crypto_dag.py for tasks to queue
[2024-12-21T11:26:11.034+0000] {logging_mixin.py:190} INFO - [2024-12-21T11:26:11.033+0000] {dagbag.py:588} INFO - Filling up the DagBag from /opt/airflow/dags/crypto_dag.py
[2024-12-21T11:26:11.069+0000] {processor.py:925} INFO - DAG(s) 'crypto_price_etl' retrieved from /opt/airflow/dags/crypto_dag.py
[2024-12-21T11:26:11.091+0000] {logging_mixin.py:190} INFO - [2024-12-21T11:26:11.091+0000] {dag.py:3239} INFO - Sync 1 DAGs
[2024-12-21T11:26:11.116+0000] {logging_mixin.py:190} INFO - [2024-12-21T11:26:11.116+0000] {dag.py:4180} INFO - Setting next_dagrun for crypto_price_etl to 2024-12-21 00:00:00+00:00, run_after=2024-12-22 00:00:00+00:00
[2024-12-21T11:26:11.143+0000] {processor.py:208} INFO - Processing /opt/airflow/dags/crypto_dag.py took 0.123 seconds
[2024-12-21T11:26:41.309+0000] {processor.py:186} INFO - Started process (PID=1052) to work on /opt/airflow/dags/crypto_dag.py
[2024-12-21T11:26:41.311+0000] {processor.py:914} INFO - Processing file /opt/airflow/dags/crypto_dag.py for tasks to queue
[2024-12-21T11:26:41.314+0000] {logging_mixin.py:190} INFO - [2024-12-21T11:26:41.313+0000] {dagbag.py:588} INFO - Filling up the DagBag from /opt/airflow/dags/crypto_dag.py
[2024-12-21T11:26:41.348+0000] {processor.py:925} INFO - DAG(s) 'crypto_price_etl' retrieved from /opt/airflow/dags/crypto_dag.py
[2024-12-21T11:26:41.372+0000] {logging_mixin.py:190} INFO - [2024-12-21T11:26:41.371+0000] {dag.py:3239} INFO - Sync 1 DAGs
[2024-12-21T11:26:41.398+0000] {logging_mixin.py:190} INFO - [2024-12-21T11:26:41.398+0000] {dag.py:4180} INFO - Setting next_dagrun for crypto_price_etl to 2024-12-21 00:00:00+00:00, run_after=2024-12-22 00:00:00+00:00
[2024-12-21T11:26:41.424+0000] {processor.py:208} INFO - Processing /opt/airflow/dags/crypto_dag.py took 0.123 seconds
[2024-12-21T11:27:11.729+0000] {processor.py:186} INFO - Started process (PID=1118) to work on /opt/airflow/dags/crypto_dag.py
[2024-12-21T11:27:11.730+0000] {processor.py:914} INFO - Processing file /opt/airflow/dags/crypto_dag.py for tasks to queue
[2024-12-21T11:27:11.733+0000] {logging_mixin.py:190} INFO - [2024-12-21T11:27:11.732+0000] {dagbag.py:588} INFO - Filling up the DagBag from /opt/airflow/dags/crypto_dag.py
[2024-12-21T11:27:11.768+0000] {processor.py:925} INFO - DAG(s) 'crypto_price_etl' retrieved from /opt/airflow/dags/crypto_dag.py
[2024-12-21T11:27:11.789+0000] {logging_mixin.py:190} INFO - [2024-12-21T11:27:11.789+0000] {dag.py:3239} INFO - Sync 1 DAGs
[2024-12-21T11:27:11.814+0000] {logging_mixin.py:190} INFO - [2024-12-21T11:27:11.814+0000] {dag.py:4180} INFO - Setting next_dagrun for crypto_price_etl to 2024-12-21 00:00:00+00:00, run_after=2024-12-22 00:00:00+00:00
[2024-12-21T11:27:11.842+0000] {processor.py:208} INFO - Processing /opt/airflow/dags/crypto_dag.py took 0.121 seconds
[2024-12-21T11:27:42.189+0000] {processor.py:186} INFO - Started process (PID=1184) to work on /opt/airflow/dags/crypto_dag.py
[2024-12-21T11:27:42.191+0000] {processor.py:914} INFO - Processing file /opt/airflow/dags/crypto_dag.py for tasks to queue
[2024-12-21T11:27:42.193+0000] {logging_mixin.py:190} INFO - [2024-12-21T11:27:42.193+0000] {dagbag.py:588} INFO - Filling up the DagBag from /opt/airflow/dags/crypto_dag.py
[2024-12-21T11:27:42.230+0000] {processor.py:925} INFO - DAG(s) 'crypto_price_etl' retrieved from /opt/airflow/dags/crypto_dag.py
[2024-12-21T11:27:42.251+0000] {logging_mixin.py:190} INFO - [2024-12-21T11:27:42.251+0000] {dag.py:3239} INFO - Sync 1 DAGs
[2024-12-21T11:27:42.277+0000] {logging_mixin.py:190} INFO - [2024-12-21T11:27:42.277+0000] {dag.py:4180} INFO - Setting next_dagrun for crypto_price_etl to 2024-12-21 00:00:00+00:00, run_after=2024-12-22 00:00:00+00:00
[2024-12-21T11:27:42.300+0000] {processor.py:208} INFO - Processing /opt/airflow/dags/crypto_dag.py took 0.118 seconds
[2024-12-21T11:28:12.601+0000] {processor.py:186} INFO - Started process (PID=1250) to work on /opt/airflow/dags/crypto_dag.py
[2024-12-21T11:28:12.602+0000] {processor.py:914} INFO - Processing file /opt/airflow/dags/crypto_dag.py for tasks to queue
[2024-12-21T11:28:12.605+0000] {logging_mixin.py:190} INFO - [2024-12-21T11:28:12.604+0000] {dagbag.py:588} INFO - Filling up the DagBag from /opt/airflow/dags/crypto_dag.py
[2024-12-21T11:28:12.637+0000] {processor.py:925} INFO - DAG(s) 'crypto_price_etl' retrieved from /opt/airflow/dags/crypto_dag.py
[2024-12-21T11:28:12.658+0000] {logging_mixin.py:190} INFO - [2024-12-21T11:28:12.658+0000] {dag.py:3239} INFO - Sync 1 DAGs
[2024-12-21T11:28:12.682+0000] {logging_mixin.py:190} INFO - [2024-12-21T11:28:12.682+0000] {dag.py:4180} INFO - Setting next_dagrun for crypto_price_etl to 2024-12-21 00:00:00+00:00, run_after=2024-12-22 00:00:00+00:00
[2024-12-21T11:28:12.708+0000] {processor.py:208} INFO - Processing /opt/airflow/dags/crypto_dag.py took 0.113 seconds
[2024-12-21T11:28:43.137+0000] {processor.py:186} INFO - Started process (PID=1316) to work on /opt/airflow/dags/crypto_dag.py
[2024-12-21T11:28:43.138+0000] {processor.py:914} INFO - Processing file /opt/airflow/dags/crypto_dag.py for tasks to queue
[2024-12-21T11:28:43.141+0000] {logging_mixin.py:190} INFO - [2024-12-21T11:28:43.141+0000] {dagbag.py:588} INFO - Filling up the DagBag from /opt/airflow/dags/crypto_dag.py
[2024-12-21T11:28:43.176+0000] {processor.py:925} INFO - DAG(s) 'crypto_price_etl' retrieved from /opt/airflow/dags/crypto_dag.py
[2024-12-21T11:28:43.198+0000] {logging_mixin.py:190} INFO - [2024-12-21T11:28:43.197+0000] {dag.py:3239} INFO - Sync 1 DAGs
[2024-12-21T11:28:43.222+0000] {logging_mixin.py:190} INFO - [2024-12-21T11:28:43.222+0000] {dag.py:4180} INFO - Setting next_dagrun for crypto_price_etl to 2024-12-21 00:00:00+00:00, run_after=2024-12-22 00:00:00+00:00
[2024-12-21T11:28:43.250+0000] {processor.py:208} INFO - Processing /opt/airflow/dags/crypto_dag.py took 0.120 seconds
[2024-12-21T11:29:13.687+0000] {processor.py:186} INFO - Started process (PID=1382) to work on /opt/airflow/dags/crypto_dag.py
[2024-12-21T11:29:13.689+0000] {processor.py:914} INFO - Processing file /opt/airflow/dags/crypto_dag.py for tasks to queue
[2024-12-21T11:29:13.691+0000] {logging_mixin.py:190} INFO - [2024-12-21T11:29:13.691+0000] {dagbag.py:588} INFO - Filling up the DagBag from /opt/airflow/dags/crypto_dag.py
[2024-12-21T11:29:13.727+0000] {processor.py:925} INFO - DAG(s) 'crypto_price_etl' retrieved from /opt/airflow/dags/crypto_dag.py
[2024-12-21T11:29:13.748+0000] {logging_mixin.py:190} INFO - [2024-12-21T11:29:13.748+0000] {dag.py:3239} INFO - Sync 1 DAGs
[2024-12-21T11:29:13.773+0000] {logging_mixin.py:190} INFO - [2024-12-21T11:29:13.772+0000] {dag.py:4180} INFO - Setting next_dagrun for crypto_price_etl to 2024-12-21 00:00:00+00:00, run_after=2024-12-22 00:00:00+00:00
[2024-12-21T11:29:13.796+0000] {processor.py:208} INFO - Processing /opt/airflow/dags/crypto_dag.py took 0.115 seconds
[2024-12-21T11:29:43.912+0000] {processor.py:186} INFO - Started process (PID=1448) to work on /opt/airflow/dags/crypto_dag.py
[2024-12-21T11:29:43.914+0000] {processor.py:914} INFO - Processing file /opt/airflow/dags/crypto_dag.py for tasks to queue
[2024-12-21T11:29:43.917+0000] {logging_mixin.py:190} INFO - [2024-12-21T11:29:43.917+0000] {dagbag.py:588} INFO - Filling up the DagBag from /opt/airflow/dags/crypto_dag.py
[2024-12-21T11:29:43.958+0000] {processor.py:925} INFO - DAG(s) 'crypto_price_etl' retrieved from /opt/airflow/dags/crypto_dag.py
[2024-12-21T11:29:43.980+0000] {logging_mixin.py:190} INFO - [2024-12-21T11:29:43.980+0000] {dag.py:3239} INFO - Sync 1 DAGs
[2024-12-21T11:29:44.006+0000] {logging_mixin.py:190} INFO - [2024-12-21T11:29:44.006+0000] {dag.py:4180} INFO - Setting next_dagrun for crypto_price_etl to 2024-12-21 00:00:00+00:00, run_after=2024-12-22 00:00:00+00:00
[2024-12-21T11:29:44.030+0000] {processor.py:208} INFO - Processing /opt/airflow/dags/crypto_dag.py took 0.125 seconds
[2024-12-21T11:30:14.349+0000] {processor.py:186} INFO - Started process (PID=1514) to work on /opt/airflow/dags/crypto_dag.py
[2024-12-21T11:30:14.350+0000] {processor.py:914} INFO - Processing file /opt/airflow/dags/crypto_dag.py for tasks to queue
[2024-12-21T11:30:14.353+0000] {logging_mixin.py:190} INFO - [2024-12-21T11:30:14.352+0000] {dagbag.py:588} INFO - Filling up the DagBag from /opt/airflow/dags/crypto_dag.py
[2024-12-21T11:30:14.388+0000] {processor.py:925} INFO - DAG(s) 'crypto_price_etl' retrieved from /opt/airflow/dags/crypto_dag.py
[2024-12-21T11:30:14.408+0000] {logging_mixin.py:190} INFO - [2024-12-21T11:30:14.408+0000] {dag.py:3239} INFO - Sync 1 DAGs
[2024-12-21T11:30:14.432+0000] {logging_mixin.py:190} INFO - [2024-12-21T11:30:14.432+0000] {dag.py:4180} INFO - Setting next_dagrun for crypto_price_etl to 2024-12-21 00:00:00+00:00, run_after=2024-12-22 00:00:00+00:00
[2024-12-21T11:30:14.463+0000] {processor.py:208} INFO - Processing /opt/airflow/dags/crypto_dag.py took 0.121 seconds
[2024-12-21T11:30:44.970+0000] {processor.py:186} INFO - Started process (PID=1596) to work on /opt/airflow/dags/crypto_dag.py
[2024-12-21T11:30:44.971+0000] {processor.py:914} INFO - Processing file /opt/airflow/dags/crypto_dag.py for tasks to queue
[2024-12-21T11:30:44.974+0000] {logging_mixin.py:190} INFO - [2024-12-21T11:30:44.974+0000] {dagbag.py:588} INFO - Filling up the DagBag from /opt/airflow/dags/crypto_dag.py
[2024-12-21T11:30:45.013+0000] {processor.py:925} INFO - DAG(s) 'crypto_price_etl' retrieved from /opt/airflow/dags/crypto_dag.py
[2024-12-21T11:30:45.036+0000] {logging_mixin.py:190} INFO - [2024-12-21T11:30:45.036+0000] {dag.py:3239} INFO - Sync 1 DAGs
[2024-12-21T11:30:45.064+0000] {logging_mixin.py:190} INFO - [2024-12-21T11:30:45.063+0000] {dag.py:4180} INFO - Setting next_dagrun for crypto_price_etl to 2024-12-21 00:00:00+00:00, run_after=2024-12-22 00:00:00+00:00
[2024-12-21T11:30:45.087+0000] {processor.py:208} INFO - Processing /opt/airflow/dags/crypto_dag.py took 0.125 seconds
[2024-12-21T11:31:15.325+0000] {processor.py:186} INFO - Started process (PID=1662) to work on /opt/airflow/dags/crypto_dag.py
[2024-12-21T11:31:15.326+0000] {processor.py:914} INFO - Processing file /opt/airflow/dags/crypto_dag.py for tasks to queue
[2024-12-21T11:31:15.329+0000] {logging_mixin.py:190} INFO - [2024-12-21T11:31:15.329+0000] {dagbag.py:588} INFO - Filling up the DagBag from /opt/airflow/dags/crypto_dag.py
[2024-12-21T11:31:15.365+0000] {processor.py:925} INFO - DAG(s) 'crypto_price_etl' retrieved from /opt/airflow/dags/crypto_dag.py
[2024-12-21T11:31:15.386+0000] {logging_mixin.py:190} INFO - [2024-12-21T11:31:15.386+0000] {dag.py:3239} INFO - Sync 1 DAGs
[2024-12-21T11:31:15.411+0000] {logging_mixin.py:190} INFO - [2024-12-21T11:31:15.410+0000] {dag.py:4180} INFO - Setting next_dagrun for crypto_price_etl to 2024-12-21 00:00:00+00:00, run_after=2024-12-22 00:00:00+00:00
[2024-12-21T11:31:15.437+0000] {processor.py:208} INFO - Processing /opt/airflow/dags/crypto_dag.py took 0.119 seconds
[2024-12-21T11:31:45.631+0000] {processor.py:186} INFO - Started process (PID=1728) to work on /opt/airflow/dags/crypto_dag.py
[2024-12-21T11:31:45.633+0000] {processor.py:914} INFO - Processing file /opt/airflow/dags/crypto_dag.py for tasks to queue
[2024-12-21T11:31:45.636+0000] {logging_mixin.py:190} INFO - [2024-12-21T11:31:45.635+0000] {dagbag.py:588} INFO - Filling up the DagBag from /opt/airflow/dags/crypto_dag.py
[2024-12-21T11:31:45.674+0000] {processor.py:925} INFO - DAG(s) 'crypto_price_etl' retrieved from /opt/airflow/dags/crypto_dag.py
[2024-12-21T11:31:45.700+0000] {logging_mixin.py:190} INFO - [2024-12-21T11:31:45.700+0000] {dag.py:3239} INFO - Sync 1 DAGs
[2024-12-21T11:31:45.728+0000] {logging_mixin.py:190} INFO - [2024-12-21T11:31:45.727+0000] {dag.py:4180} INFO - Setting next_dagrun for crypto_price_etl to 2024-12-21 00:00:00+00:00, run_after=2024-12-22 00:00:00+00:00
[2024-12-21T11:31:45.753+0000] {processor.py:208} INFO - Processing /opt/airflow/dags/crypto_dag.py took 0.131 seconds
[2024-12-21T11:32:16.057+0000] {processor.py:186} INFO - Started process (PID=1794) to work on /opt/airflow/dags/crypto_dag.py
[2024-12-21T11:32:16.058+0000] {processor.py:914} INFO - Processing file /opt/airflow/dags/crypto_dag.py for tasks to queue
[2024-12-21T11:32:16.061+0000] {logging_mixin.py:190} INFO - [2024-12-21T11:32:16.060+0000] {dagbag.py:588} INFO - Filling up the DagBag from /opt/airflow/dags/crypto_dag.py
[2024-12-21T11:32:16.096+0000] {processor.py:925} INFO - DAG(s) 'crypto_price_etl' retrieved from /opt/airflow/dags/crypto_dag.py
[2024-12-21T11:32:16.119+0000] {logging_mixin.py:190} INFO - [2024-12-21T11:32:16.119+0000] {dag.py:3239} INFO - Sync 1 DAGs
[2024-12-21T11:32:16.145+0000] {logging_mixin.py:190} INFO - [2024-12-21T11:32:16.144+0000] {dag.py:4180} INFO - Setting next_dagrun for crypto_price_etl to 2024-12-21 00:00:00+00:00, run_after=2024-12-22 00:00:00+00:00
[2024-12-21T11:32:16.168+0000] {processor.py:208} INFO - Processing /opt/airflow/dags/crypto_dag.py took 0.118 seconds
[2024-12-21T11:32:46.379+0000] {processor.py:186} INFO - Started process (PID=1860) to work on /opt/airflow/dags/crypto_dag.py
[2024-12-21T11:32:46.380+0000] {processor.py:914} INFO - Processing file /opt/airflow/dags/crypto_dag.py for tasks to queue
[2024-12-21T11:32:46.383+0000] {logging_mixin.py:190} INFO - [2024-12-21T11:32:46.382+0000] {dagbag.py:588} INFO - Filling up the DagBag from /opt/airflow/dags/crypto_dag.py
[2024-12-21T11:32:46.419+0000] {processor.py:925} INFO - DAG(s) 'crypto_price_etl' retrieved from /opt/airflow/dags/crypto_dag.py
[2024-12-21T11:32:46.441+0000] {logging_mixin.py:190} INFO - [2024-12-21T11:32:46.441+0000] {dag.py:3239} INFO - Sync 1 DAGs
[2024-12-21T11:32:46.465+0000] {logging_mixin.py:190} INFO - [2024-12-21T11:32:46.465+0000] {dag.py:4180} INFO - Setting next_dagrun for crypto_price_etl to 2024-12-21 00:00:00+00:00, run_after=2024-12-22 00:00:00+00:00
[2024-12-21T11:32:46.488+0000] {processor.py:208} INFO - Processing /opt/airflow/dags/crypto_dag.py took 0.115 seconds
[2024-12-21T11:33:17.460+0000] {processor.py:186} INFO - Started process (PID=1926) to work on /opt/airflow/dags/crypto_dag.py
[2024-12-21T11:33:17.461+0000] {processor.py:914} INFO - Processing file /opt/airflow/dags/crypto_dag.py for tasks to queue
[2024-12-21T11:33:17.464+0000] {logging_mixin.py:190} INFO - [2024-12-21T11:33:17.464+0000] {dagbag.py:588} INFO - Filling up the DagBag from /opt/airflow/dags/crypto_dag.py
[2024-12-21T11:33:17.499+0000] {processor.py:925} INFO - DAG(s) 'crypto_price_etl' retrieved from /opt/airflow/dags/crypto_dag.py
[2024-12-21T11:33:17.528+0000] {logging_mixin.py:190} INFO - [2024-12-21T11:33:17.528+0000] {dag.py:3239} INFO - Sync 1 DAGs
[2024-12-21T11:33:17.556+0000] {logging_mixin.py:190} INFO - [2024-12-21T11:33:17.556+0000] {dag.py:4180} INFO - Setting next_dagrun for crypto_price_etl to 2024-12-21 00:00:00+00:00, run_after=2024-12-22 00:00:00+00:00
[2024-12-21T11:33:17.580+0000] {processor.py:208} INFO - Processing /opt/airflow/dags/crypto_dag.py took 0.126 seconds
[2024-12-21T11:33:47.817+0000] {processor.py:186} INFO - Started process (PID=1992) to work on /opt/airflow/dags/crypto_dag.py
[2024-12-21T11:33:47.818+0000] {processor.py:914} INFO - Processing file /opt/airflow/dags/crypto_dag.py for tasks to queue
[2024-12-21T11:33:47.820+0000] {logging_mixin.py:190} INFO - [2024-12-21T11:33:47.820+0000] {dagbag.py:588} INFO - Filling up the DagBag from /opt/airflow/dags/crypto_dag.py
[2024-12-21T11:33:47.854+0000] {processor.py:925} INFO - DAG(s) 'crypto_price_etl' retrieved from /opt/airflow/dags/crypto_dag.py
[2024-12-21T11:33:47.875+0000] {logging_mixin.py:190} INFO - [2024-12-21T11:33:47.875+0000] {dag.py:3239} INFO - Sync 1 DAGs
[2024-12-21T11:33:47.899+0000] {logging_mixin.py:190} INFO - [2024-12-21T11:33:47.899+0000] {dag.py:4180} INFO - Setting next_dagrun for crypto_price_etl to 2024-12-21 00:00:00+00:00, run_after=2024-12-22 00:00:00+00:00
[2024-12-21T11:33:47.922+0000] {processor.py:208} INFO - Processing /opt/airflow/dags/crypto_dag.py took 0.112 seconds
[2024-12-21T11:34:18.787+0000] {processor.py:186} INFO - Started process (PID=2058) to work on /opt/airflow/dags/crypto_dag.py
[2024-12-21T11:34:18.789+0000] {processor.py:914} INFO - Processing file /opt/airflow/dags/crypto_dag.py for tasks to queue
[2024-12-21T11:34:18.791+0000] {logging_mixin.py:190} INFO - [2024-12-21T11:34:18.791+0000] {dagbag.py:588} INFO - Filling up the DagBag from /opt/airflow/dags/crypto_dag.py
[2024-12-21T11:34:18.831+0000] {processor.py:925} INFO - DAG(s) 'crypto_price_etl' retrieved from /opt/airflow/dags/crypto_dag.py
[2024-12-21T11:34:18.855+0000] {logging_mixin.py:190} INFO - [2024-12-21T11:34:18.854+0000] {dag.py:3239} INFO - Sync 1 DAGs
[2024-12-21T11:34:18.881+0000] {logging_mixin.py:190} INFO - [2024-12-21T11:34:18.880+0000] {dag.py:4180} INFO - Setting next_dagrun for crypto_price_etl to 2024-12-21 00:00:00+00:00, run_after=2024-12-22 00:00:00+00:00
[2024-12-21T11:34:18.906+0000] {processor.py:208} INFO - Processing /opt/airflow/dags/crypto_dag.py took 0.125 seconds
[2024-12-21T11:34:49.163+0000] {processor.py:186} INFO - Started process (PID=2124) to work on /opt/airflow/dags/crypto_dag.py
[2024-12-21T11:34:49.164+0000] {processor.py:914} INFO - Processing file /opt/airflow/dags/crypto_dag.py for tasks to queue
[2024-12-21T11:34:49.166+0000] {logging_mixin.py:190} INFO - [2024-12-21T11:34:49.166+0000] {dagbag.py:588} INFO - Filling up the DagBag from /opt/airflow/dags/crypto_dag.py
[2024-12-21T11:34:49.201+0000] {processor.py:925} INFO - DAG(s) 'crypto_price_etl' retrieved from /opt/airflow/dags/crypto_dag.py
[2024-12-21T11:34:49.222+0000] {logging_mixin.py:190} INFO - [2024-12-21T11:34:49.222+0000] {dag.py:3239} INFO - Sync 1 DAGs
[2024-12-21T11:34:49.247+0000] {logging_mixin.py:190} INFO - [2024-12-21T11:34:49.247+0000] {dag.py:4180} INFO - Setting next_dagrun for crypto_price_etl to 2024-12-21 00:00:00+00:00, run_after=2024-12-22 00:00:00+00:00
[2024-12-21T11:34:49.270+0000] {processor.py:208} INFO - Processing /opt/airflow/dags/crypto_dag.py took 0.115 seconds
[2024-12-21T11:35:19.390+0000] {processor.py:186} INFO - Started process (PID=2190) to work on /opt/airflow/dags/crypto_dag.py
[2024-12-21T11:35:19.392+0000] {processor.py:914} INFO - Processing file /opt/airflow/dags/crypto_dag.py for tasks to queue
[2024-12-21T11:35:19.394+0000] {logging_mixin.py:190} INFO - [2024-12-21T11:35:19.394+0000] {dagbag.py:588} INFO - Filling up the DagBag from /opt/airflow/dags/crypto_dag.py
[2024-12-21T11:35:19.431+0000] {processor.py:925} INFO - DAG(s) 'crypto_price_etl' retrieved from /opt/airflow/dags/crypto_dag.py
[2024-12-21T11:35:19.453+0000] {logging_mixin.py:190} INFO - [2024-12-21T11:35:19.453+0000] {dag.py:3239} INFO - Sync 1 DAGs
[2024-12-21T11:35:19.480+0000] {logging_mixin.py:190} INFO - [2024-12-21T11:35:19.480+0000] {dag.py:4180} INFO - Setting next_dagrun for crypto_price_etl to 2024-12-21 00:00:00+00:00, run_after=2024-12-22 00:00:00+00:00
[2024-12-21T11:35:19.502+0000] {processor.py:208} INFO - Processing /opt/airflow/dags/crypto_dag.py took 0.119 seconds
[2024-12-21T11:35:50.263+0000] {processor.py:186} INFO - Started process (PID=2256) to work on /opt/airflow/dags/crypto_dag.py
[2024-12-21T11:35:50.265+0000] {processor.py:914} INFO - Processing file /opt/airflow/dags/crypto_dag.py for tasks to queue
[2024-12-21T11:35:50.267+0000] {logging_mixin.py:190} INFO - [2024-12-21T11:35:50.267+0000] {dagbag.py:588} INFO - Filling up the DagBag from /opt/airflow/dags/crypto_dag.py
[2024-12-21T11:35:50.302+0000] {processor.py:925} INFO - DAG(s) 'crypto_price_etl' retrieved from /opt/airflow/dags/crypto_dag.py
[2024-12-21T11:35:50.324+0000] {logging_mixin.py:190} INFO - [2024-12-21T11:35:50.323+0000] {dag.py:3239} INFO - Sync 1 DAGs
[2024-12-21T11:35:50.348+0000] {logging_mixin.py:190} INFO - [2024-12-21T11:35:50.348+0000] {dag.py:4180} INFO - Setting next_dagrun for crypto_price_etl to 2024-12-21 00:00:00+00:00, run_after=2024-12-22 00:00:00+00:00
[2024-12-21T11:35:50.370+0000] {processor.py:208} INFO - Processing /opt/airflow/dags/crypto_dag.py took 0.114 seconds
[2024-12-21T11:36:21.177+0000] {processor.py:186} INFO - Started process (PID=2322) to work on /opt/airflow/dags/crypto_dag.py
[2024-12-21T11:36:21.179+0000] {processor.py:914} INFO - Processing file /opt/airflow/dags/crypto_dag.py for tasks to queue
[2024-12-21T11:36:21.182+0000] {logging_mixin.py:190} INFO - [2024-12-21T11:36:21.181+0000] {dagbag.py:588} INFO - Filling up the DagBag from /opt/airflow/dags/crypto_dag.py
[2024-12-21T11:36:21.222+0000] {processor.py:925} INFO - DAG(s) 'crypto_price_etl' retrieved from /opt/airflow/dags/crypto_dag.py
[2024-12-21T11:36:21.243+0000] {logging_mixin.py:190} INFO - [2024-12-21T11:36:21.243+0000] {dag.py:3239} INFO - Sync 1 DAGs
[2024-12-21T11:36:21.268+0000] {logging_mixin.py:190} INFO - [2024-12-21T11:36:21.268+0000] {dag.py:4180} INFO - Setting next_dagrun for crypto_price_etl to 2024-12-21 00:00:00+00:00, run_after=2024-12-22 00:00:00+00:00
[2024-12-21T11:36:21.292+0000] {processor.py:208} INFO - Processing /opt/airflow/dags/crypto_dag.py took 0.124 seconds
[2024-12-21T11:36:51.494+0000] {processor.py:186} INFO - Started process (PID=2388) to work on /opt/airflow/dags/crypto_dag.py
[2024-12-21T11:36:51.496+0000] {processor.py:914} INFO - Processing file /opt/airflow/dags/crypto_dag.py for tasks to queue
[2024-12-21T11:36:51.499+0000] {logging_mixin.py:190} INFO - [2024-12-21T11:36:51.498+0000] {dagbag.py:588} INFO - Filling up the DagBag from /opt/airflow/dags/crypto_dag.py
[2024-12-21T11:36:51.535+0000] {processor.py:925} INFO - DAG(s) 'crypto_price_etl' retrieved from /opt/airflow/dags/crypto_dag.py
[2024-12-21T11:36:51.557+0000] {logging_mixin.py:190} INFO - [2024-12-21T11:36:51.557+0000] {dag.py:3239} INFO - Sync 1 DAGs
[2024-12-21T11:36:51.582+0000] {logging_mixin.py:190} INFO - [2024-12-21T11:36:51.582+0000] {dag.py:4180} INFO - Setting next_dagrun for crypto_price_etl to 2024-12-21 00:00:00+00:00, run_after=2024-12-22 00:00:00+00:00
[2024-12-21T11:36:51.605+0000] {processor.py:208} INFO - Processing /opt/airflow/dags/crypto_dag.py took 0.118 seconds
[2024-12-21T11:37:22.171+0000] {processor.py:186} INFO - Started process (PID=2454) to work on /opt/airflow/dags/crypto_dag.py
[2024-12-21T11:37:22.172+0000] {processor.py:914} INFO - Processing file /opt/airflow/dags/crypto_dag.py for tasks to queue
[2024-12-21T11:37:22.175+0000] {logging_mixin.py:190} INFO - [2024-12-21T11:37:22.174+0000] {dagbag.py:588} INFO - Filling up the DagBag from /opt/airflow/dags/crypto_dag.py
[2024-12-21T11:37:22.210+0000] {processor.py:925} INFO - DAG(s) 'crypto_price_etl' retrieved from /opt/airflow/dags/crypto_dag.py
[2024-12-21T11:37:22.231+0000] {logging_mixin.py:190} INFO - [2024-12-21T11:37:22.230+0000] {dag.py:3239} INFO - Sync 1 DAGs
[2024-12-21T11:37:22.256+0000] {logging_mixin.py:190} INFO - [2024-12-21T11:37:22.256+0000] {dag.py:4180} INFO - Setting next_dagrun for crypto_price_etl to 2024-12-21 00:00:00+00:00, run_after=2024-12-22 00:00:00+00:00
[2024-12-21T11:37:22.286+0000] {processor.py:208} INFO - Processing /opt/airflow/dags/crypto_dag.py took 0.122 seconds
[2024-12-21T11:37:52.663+0000] {processor.py:186} INFO - Started process (PID=2520) to work on /opt/airflow/dags/crypto_dag.py
[2024-12-21T11:37:52.665+0000] {processor.py:914} INFO - Processing file /opt/airflow/dags/crypto_dag.py for tasks to queue
[2024-12-21T11:37:52.667+0000] {logging_mixin.py:190} INFO - [2024-12-21T11:37:52.667+0000] {dagbag.py:588} INFO - Filling up the DagBag from /opt/airflow/dags/crypto_dag.py
[2024-12-21T11:37:52.710+0000] {processor.py:925} INFO - DAG(s) 'crypto_price_etl' retrieved from /opt/airflow/dags/crypto_dag.py
[2024-12-21T11:37:52.733+0000] {logging_mixin.py:190} INFO - [2024-12-21T11:37:52.733+0000] {dag.py:3239} INFO - Sync 1 DAGs
[2024-12-21T11:37:52.769+0000] {logging_mixin.py:190} INFO - [2024-12-21T11:37:52.768+0000] {dag.py:4180} INFO - Setting next_dagrun for crypto_price_etl to 2024-12-21 00:00:00+00:00, run_after=2024-12-22 00:00:00+00:00
[2024-12-21T11:37:52.797+0000] {processor.py:208} INFO - Processing /opt/airflow/dags/crypto_dag.py took 0.143 seconds
[2024-12-21T11:38:23.582+0000] {processor.py:186} INFO - Started process (PID=2586) to work on /opt/airflow/dags/crypto_dag.py
[2024-12-21T11:38:23.585+0000] {processor.py:914} INFO - Processing file /opt/airflow/dags/crypto_dag.py for tasks to queue
[2024-12-21T11:38:23.590+0000] {logging_mixin.py:190} INFO - [2024-12-21T11:38:23.589+0000] {dagbag.py:588} INFO - Filling up the DagBag from /opt/airflow/dags/crypto_dag.py
[2024-12-21T11:38:23.636+0000] {processor.py:925} INFO - DAG(s) 'crypto_price_etl' retrieved from /opt/airflow/dags/crypto_dag.py
[2024-12-21T11:38:23.662+0000] {logging_mixin.py:190} INFO - [2024-12-21T11:38:23.662+0000] {dag.py:3239} INFO - Sync 1 DAGs
[2024-12-21T11:38:23.692+0000] {logging_mixin.py:190} INFO - [2024-12-21T11:38:23.692+0000] {dag.py:4180} INFO - Setting next_dagrun for crypto_price_etl to 2024-12-21 00:00:00+00:00, run_after=2024-12-22 00:00:00+00:00
[2024-12-21T11:38:23.721+0000] {processor.py:208} INFO - Processing /opt/airflow/dags/crypto_dag.py took 0.148 seconds
[2024-12-21T11:38:54.777+0000] {processor.py:186} INFO - Started process (PID=2652) to work on /opt/airflow/dags/crypto_dag.py
[2024-12-21T11:38:54.778+0000] {processor.py:914} INFO - Processing file /opt/airflow/dags/crypto_dag.py for tasks to queue
[2024-12-21T11:38:54.781+0000] {logging_mixin.py:190} INFO - [2024-12-21T11:38:54.781+0000] {dagbag.py:588} INFO - Filling up the DagBag from /opt/airflow/dags/crypto_dag.py
[2024-12-21T11:38:54.819+0000] {processor.py:925} INFO - DAG(s) 'crypto_price_etl' retrieved from /opt/airflow/dags/crypto_dag.py
[2024-12-21T11:38:54.840+0000] {logging_mixin.py:190} INFO - [2024-12-21T11:38:54.839+0000] {dag.py:3239} INFO - Sync 1 DAGs
[2024-12-21T11:38:54.864+0000] {logging_mixin.py:190} INFO - [2024-12-21T11:38:54.864+0000] {dag.py:4180} INFO - Setting next_dagrun for crypto_price_etl to 2024-12-21 00:00:00+00:00, run_after=2024-12-22 00:00:00+00:00
[2024-12-21T11:38:54.886+0000] {processor.py:208} INFO - Processing /opt/airflow/dags/crypto_dag.py took 0.116 seconds
[2024-12-21T11:39:25.361+0000] {processor.py:186} INFO - Started process (PID=2718) to work on /opt/airflow/dags/crypto_dag.py
[2024-12-21T11:39:25.363+0000] {processor.py:914} INFO - Processing file /opt/airflow/dags/crypto_dag.py for tasks to queue
[2024-12-21T11:39:25.365+0000] {logging_mixin.py:190} INFO - [2024-12-21T11:39:25.365+0000] {dagbag.py:588} INFO - Filling up the DagBag from /opt/airflow/dags/crypto_dag.py
[2024-12-21T11:39:25.401+0000] {processor.py:925} INFO - DAG(s) 'crypto_price_etl' retrieved from /opt/airflow/dags/crypto_dag.py
[2024-12-21T11:39:25.422+0000] {logging_mixin.py:190} INFO - [2024-12-21T11:39:25.422+0000] {dag.py:3239} INFO - Sync 1 DAGs
[2024-12-21T11:39:25.446+0000] {logging_mixin.py:190} INFO - [2024-12-21T11:39:25.446+0000] {dag.py:4180} INFO - Setting next_dagrun for crypto_price_etl to 2024-12-21 00:00:00+00:00, run_after=2024-12-22 00:00:00+00:00
[2024-12-21T11:39:25.468+0000] {processor.py:208} INFO - Processing /opt/airflow/dags/crypto_dag.py took 0.114 seconds
[2024-12-21T11:39:55.654+0000] {processor.py:186} INFO - Started process (PID=2784) to work on /opt/airflow/dags/crypto_dag.py
[2024-12-21T11:39:55.655+0000] {processor.py:914} INFO - Processing file /opt/airflow/dags/crypto_dag.py for tasks to queue
[2024-12-21T11:39:55.658+0000] {logging_mixin.py:190} INFO - [2024-12-21T11:39:55.658+0000] {dagbag.py:588} INFO - Filling up the DagBag from /opt/airflow/dags/crypto_dag.py
[2024-12-21T11:39:55.693+0000] {processor.py:925} INFO - DAG(s) 'crypto_price_etl' retrieved from /opt/airflow/dags/crypto_dag.py
[2024-12-21T11:39:55.714+0000] {logging_mixin.py:190} INFO - [2024-12-21T11:39:55.714+0000] {dag.py:3239} INFO - Sync 1 DAGs
[2024-12-21T11:39:55.739+0000] {logging_mixin.py:190} INFO - [2024-12-21T11:39:55.739+0000] {dag.py:4180} INFO - Setting next_dagrun for crypto_price_etl to 2024-12-21 00:00:00+00:00, run_after=2024-12-22 00:00:00+00:00
[2024-12-21T11:39:55.762+0000] {processor.py:208} INFO - Processing /opt/airflow/dags/crypto_dag.py took 0.116 seconds
