[2024-12-21T11:19:32.675+0000] {processor.py:186} INFO - Started process (PID=70) to work on /opt/airflow/dags/extract_csv.py
[2024-12-21T11:19:32.676+0000] {processor.py:914} INFO - Processing file /opt/airflow/dags/extract_csv.py for tasks to queue
[2024-12-21T11:19:32.681+0000] {logging_mixin.py:190} INFO - [2024-12-21T11:19:32.680+0000] {dagbag.py:588} INFO - Filling up the DagBag from /opt/airflow/dags/extract_csv.py
[2024-12-21T11:19:32.717+0000] {processor.py:925} INFO - DAG(s) 'extract_csv_dag' retrieved from /opt/airflow/dags/extract_csv.py
[2024-12-21T11:19:32.759+0000] {logging_mixin.py:190} INFO - [2024-12-21T11:19:32.758+0000] {dag.py:3239} INFO - Sync 1 DAGs
[2024-12-21T11:19:32.807+0000] {logging_mixin.py:190} INFO - [2024-12-21T11:19:32.807+0000] {dag.py:4180} INFO - Setting next_dagrun for extract_csv_dag to 2024-12-20 00:00:00+00:00, run_after=2024-12-21 00:00:00+00:00
[2024-12-21T11:19:32.839+0000] {processor.py:208} INFO - Processing /opt/airflow/dags/extract_csv.py took 0.171 seconds
[2024-12-21T11:20:03.301+0000] {processor.py:186} INFO - Started process (PID=162) to work on /opt/airflow/dags/extract_csv.py
[2024-12-21T11:20:03.302+0000] {processor.py:914} INFO - Processing file /opt/airflow/dags/extract_csv.py for tasks to queue
[2024-12-21T11:20:03.305+0000] {logging_mixin.py:190} INFO - [2024-12-21T11:20:03.305+0000] {dagbag.py:588} INFO - Filling up the DagBag from /opt/airflow/dags/extract_csv.py
[2024-12-21T11:20:03.334+0000] {processor.py:925} INFO - DAG(s) 'extract_csv_dag' retrieved from /opt/airflow/dags/extract_csv.py
[2024-12-21T11:20:03.364+0000] {logging_mixin.py:190} INFO - [2024-12-21T11:20:03.364+0000] {dag.py:3239} INFO - Sync 1 DAGs
[2024-12-21T11:20:03.404+0000] {logging_mixin.py:190} INFO - [2024-12-21T11:20:03.403+0000] {dag.py:4180} INFO - Setting next_dagrun for extract_csv_dag to 2024-12-20 00:00:00+00:00, run_after=2024-12-21 00:00:00+00:00
[2024-12-21T11:20:03.438+0000] {processor.py:208} INFO - Processing /opt/airflow/dags/extract_csv.py took 0.144 seconds
[2024-12-21T11:20:33.529+0000] {processor.py:186} INFO - Started process (PID=228) to work on /opt/airflow/dags/extract_csv.py
[2024-12-21T11:20:33.530+0000] {processor.py:914} INFO - Processing file /opt/airflow/dags/extract_csv.py for tasks to queue
[2024-12-21T11:20:33.533+0000] {logging_mixin.py:190} INFO - [2024-12-21T11:20:33.532+0000] {dagbag.py:588} INFO - Filling up the DagBag from /opt/airflow/dags/extract_csv.py
[2024-12-21T11:20:33.553+0000] {processor.py:925} INFO - DAG(s) 'extract_csv_dag' retrieved from /opt/airflow/dags/extract_csv.py
[2024-12-21T11:20:33.575+0000] {logging_mixin.py:190} INFO - [2024-12-21T11:20:33.574+0000] {dag.py:3239} INFO - Sync 1 DAGs
[2024-12-21T11:20:33.600+0000] {logging_mixin.py:190} INFO - [2024-12-21T11:20:33.600+0000] {dag.py:4180} INFO - Setting next_dagrun for extract_csv_dag to 2024-12-20 00:00:00+00:00, run_after=2024-12-21 00:00:00+00:00
[2024-12-21T11:20:33.624+0000] {processor.py:208} INFO - Processing /opt/airflow/dags/extract_csv.py took 0.101 seconds
[2024-12-21T11:21:04.547+0000] {processor.py:186} INFO - Started process (PID=294) to work on /opt/airflow/dags/extract_csv.py
[2024-12-21T11:21:04.548+0000] {processor.py:914} INFO - Processing file /opt/airflow/dags/extract_csv.py for tasks to queue
[2024-12-21T11:21:04.551+0000] {logging_mixin.py:190} INFO - [2024-12-21T11:21:04.550+0000] {dagbag.py:588} INFO - Filling up the DagBag from /opt/airflow/dags/extract_csv.py
[2024-12-21T11:21:04.572+0000] {processor.py:925} INFO - DAG(s) 'extract_csv_dag' retrieved from /opt/airflow/dags/extract_csv.py
[2024-12-21T11:21:04.593+0000] {logging_mixin.py:190} INFO - [2024-12-21T11:21:04.593+0000] {dag.py:3239} INFO - Sync 1 DAGs
[2024-12-21T11:21:04.622+0000] {logging_mixin.py:190} INFO - [2024-12-21T11:21:04.621+0000] {dag.py:4180} INFO - Setting next_dagrun for extract_csv_dag to 2024-12-20 00:00:00+00:00, run_after=2024-12-21 00:00:00+00:00
[2024-12-21T11:21:04.643+0000] {processor.py:208} INFO - Processing /opt/airflow/dags/extract_csv.py took 0.103 seconds
[2024-12-21T11:21:35.255+0000] {processor.py:186} INFO - Started process (PID=359) to work on /opt/airflow/dags/extract_csv.py
[2024-12-21T11:21:35.256+0000] {processor.py:914} INFO - Processing file /opt/airflow/dags/extract_csv.py for tasks to queue
[2024-12-21T11:21:35.258+0000] {logging_mixin.py:190} INFO - [2024-12-21T11:21:35.258+0000] {dagbag.py:588} INFO - Filling up the DagBag from /opt/airflow/dags/extract_csv.py
[2024-12-21T11:21:35.282+0000] {processor.py:925} INFO - DAG(s) 'extract_csv_dag' retrieved from /opt/airflow/dags/extract_csv.py
[2024-12-21T11:21:35.303+0000] {logging_mixin.py:190} INFO - [2024-12-21T11:21:35.303+0000] {dag.py:3239} INFO - Sync 1 DAGs
[2024-12-21T11:21:35.329+0000] {logging_mixin.py:190} INFO - [2024-12-21T11:21:35.329+0000] {dag.py:4180} INFO - Setting next_dagrun for extract_csv_dag to 2024-12-20 00:00:00+00:00, run_after=2024-12-21 00:00:00+00:00
[2024-12-21T11:21:35.351+0000] {processor.py:208} INFO - Processing /opt/airflow/dags/extract_csv.py took 0.103 seconds
[2024-12-21T11:22:05.911+0000] {processor.py:186} INFO - Started process (PID=425) to work on /opt/airflow/dags/extract_csv.py
[2024-12-21T11:22:05.912+0000] {processor.py:914} INFO - Processing file /opt/airflow/dags/extract_csv.py for tasks to queue
[2024-12-21T11:22:05.914+0000] {logging_mixin.py:190} INFO - [2024-12-21T11:22:05.914+0000] {dagbag.py:588} INFO - Filling up the DagBag from /opt/airflow/dags/extract_csv.py
[2024-12-21T11:22:05.937+0000] {processor.py:925} INFO - DAG(s) 'extract_csv_dag' retrieved from /opt/airflow/dags/extract_csv.py
[2024-12-21T11:22:05.957+0000] {logging_mixin.py:190} INFO - [2024-12-21T11:22:05.957+0000] {dag.py:3239} INFO - Sync 1 DAGs
[2024-12-21T11:22:05.984+0000] {logging_mixin.py:190} INFO - [2024-12-21T11:22:05.984+0000] {dag.py:4180} INFO - Setting next_dagrun for extract_csv_dag to 2024-12-20 00:00:00+00:00, run_after=2024-12-21 00:00:00+00:00
[2024-12-21T11:22:06.008+0000] {processor.py:208} INFO - Processing /opt/airflow/dags/extract_csv.py took 0.104 seconds
[2024-12-21T11:22:36.489+0000] {processor.py:186} INFO - Started process (PID=491) to work on /opt/airflow/dags/extract_csv.py
[2024-12-21T11:22:36.490+0000] {processor.py:914} INFO - Processing file /opt/airflow/dags/extract_csv.py for tasks to queue
[2024-12-21T11:22:36.493+0000] {logging_mixin.py:190} INFO - [2024-12-21T11:22:36.492+0000] {dagbag.py:588} INFO - Filling up the DagBag from /opt/airflow/dags/extract_csv.py
[2024-12-21T11:22:36.531+0000] {processor.py:925} INFO - DAG(s) 'extract_csv_dag' retrieved from /opt/airflow/dags/extract_csv.py
[2024-12-21T11:22:36.552+0000] {logging_mixin.py:190} INFO - [2024-12-21T11:22:36.552+0000] {dag.py:3239} INFO - Sync 1 DAGs
[2024-12-21T11:22:36.579+0000] {logging_mixin.py:190} INFO - [2024-12-21T11:22:36.579+0000] {dag.py:4180} INFO - Setting next_dagrun for extract_csv_dag to 2024-12-20 00:00:00+00:00, run_after=2024-12-21 00:00:00+00:00
[2024-12-21T11:22:36.602+0000] {processor.py:208} INFO - Processing /opt/airflow/dags/extract_csv.py took 0.120 seconds
[2024-12-21T11:23:07.349+0000] {processor.py:186} INFO - Started process (PID=557) to work on /opt/airflow/dags/extract_csv.py
[2024-12-21T11:23:07.350+0000] {processor.py:914} INFO - Processing file /opt/airflow/dags/extract_csv.py for tasks to queue
[2024-12-21T11:23:07.353+0000] {logging_mixin.py:190} INFO - [2024-12-21T11:23:07.353+0000] {dagbag.py:588} INFO - Filling up the DagBag from /opt/airflow/dags/extract_csv.py
[2024-12-21T11:23:07.376+0000] {processor.py:925} INFO - DAG(s) 'extract_csv_dag' retrieved from /opt/airflow/dags/extract_csv.py
[2024-12-21T11:23:07.399+0000] {logging_mixin.py:190} INFO - [2024-12-21T11:23:07.398+0000] {dag.py:3239} INFO - Sync 1 DAGs
[2024-12-21T11:23:07.430+0000] {logging_mixin.py:190} INFO - [2024-12-21T11:23:07.430+0000] {dag.py:4180} INFO - Setting next_dagrun for extract_csv_dag to 2024-12-20 00:00:00+00:00, run_after=2024-12-21 00:00:00+00:00
[2024-12-21T11:23:07.464+0000] {processor.py:208} INFO - Processing /opt/airflow/dags/extract_csv.py took 0.121 seconds
[2024-12-21T11:23:37.921+0000] {processor.py:186} INFO - Started process (PID=623) to work on /opt/airflow/dags/extract_csv.py
[2024-12-21T11:23:37.923+0000] {processor.py:914} INFO - Processing file /opt/airflow/dags/extract_csv.py for tasks to queue
[2024-12-21T11:23:37.926+0000] {logging_mixin.py:190} INFO - [2024-12-21T11:23:37.925+0000] {dagbag.py:588} INFO - Filling up the DagBag from /opt/airflow/dags/extract_csv.py
[2024-12-21T11:23:37.945+0000] {processor.py:925} INFO - DAG(s) 'extract_csv_dag' retrieved from /opt/airflow/dags/extract_csv.py
[2024-12-21T11:23:37.966+0000] {logging_mixin.py:190} INFO - [2024-12-21T11:23:37.966+0000] {dag.py:3239} INFO - Sync 1 DAGs
[2024-12-21T11:23:37.994+0000] {logging_mixin.py:190} INFO - [2024-12-21T11:23:37.994+0000] {dag.py:4180} INFO - Setting next_dagrun for extract_csv_dag to 2024-12-20 00:00:00+00:00, run_after=2024-12-21 00:00:00+00:00
[2024-12-21T11:23:38.017+0000] {processor.py:208} INFO - Processing /opt/airflow/dags/extract_csv.py took 0.102 seconds
[2024-12-21T11:24:08.146+0000] {processor.py:186} INFO - Started process (PID=689) to work on /opt/airflow/dags/extract_csv.py
[2024-12-21T11:24:08.148+0000] {processor.py:914} INFO - Processing file /opt/airflow/dags/extract_csv.py for tasks to queue
[2024-12-21T11:24:08.151+0000] {logging_mixin.py:190} INFO - [2024-12-21T11:24:08.150+0000] {dagbag.py:588} INFO - Filling up the DagBag from /opt/airflow/dags/extract_csv.py
[2024-12-21T11:24:08.182+0000] {processor.py:925} INFO - DAG(s) 'extract_csv_dag' retrieved from /opt/airflow/dags/extract_csv.py
[2024-12-21T11:24:08.217+0000] {logging_mixin.py:190} INFO - [2024-12-21T11:24:08.216+0000] {dag.py:3239} INFO - Sync 1 DAGs
[2024-12-21T11:24:08.248+0000] {logging_mixin.py:190} INFO - [2024-12-21T11:24:08.248+0000] {dag.py:4180} INFO - Setting next_dagrun for extract_csv_dag to 2024-12-20 00:00:00+00:00, run_after=2024-12-21 00:00:00+00:00
[2024-12-21T11:24:08.272+0000] {processor.py:208} INFO - Processing /opt/airflow/dags/extract_csv.py took 0.132 seconds
[2024-12-21T11:24:38.731+0000] {processor.py:186} INFO - Started process (PID=755) to work on /opt/airflow/dags/extract_csv.py
[2024-12-21T11:24:38.732+0000] {processor.py:914} INFO - Processing file /opt/airflow/dags/extract_csv.py for tasks to queue
[2024-12-21T11:24:38.735+0000] {logging_mixin.py:190} INFO - [2024-12-21T11:24:38.734+0000] {dagbag.py:588} INFO - Filling up the DagBag from /opt/airflow/dags/extract_csv.py
[2024-12-21T11:24:38.758+0000] {processor.py:925} INFO - DAG(s) 'extract_csv_dag' retrieved from /opt/airflow/dags/extract_csv.py
[2024-12-21T11:24:38.779+0000] {logging_mixin.py:190} INFO - [2024-12-21T11:24:38.778+0000] {dag.py:3239} INFO - Sync 1 DAGs
[2024-12-21T11:24:38.805+0000] {logging_mixin.py:190} INFO - [2024-12-21T11:24:38.805+0000] {dag.py:4180} INFO - Setting next_dagrun for extract_csv_dag to 2024-12-20 00:00:00+00:00, run_after=2024-12-21 00:00:00+00:00
[2024-12-21T11:24:38.827+0000] {processor.py:208} INFO - Processing /opt/airflow/dags/extract_csv.py took 0.102 seconds
[2024-12-21T11:25:10.049+0000] {processor.py:186} INFO - Started process (PID=841) to work on /opt/airflow/dags/extract_csv.py
[2024-12-21T11:25:10.053+0000] {processor.py:914} INFO - Processing file /opt/airflow/dags/extract_csv.py for tasks to queue
[2024-12-21T11:25:10.059+0000] {logging_mixin.py:190} INFO - [2024-12-21T11:25:10.059+0000] {dagbag.py:588} INFO - Filling up the DagBag from /opt/airflow/dags/extract_csv.py
[2024-12-21T11:25:10.099+0000] {processor.py:925} INFO - DAG(s) 'extract_csv_dag' retrieved from /opt/airflow/dags/extract_csv.py
[2024-12-21T11:25:10.173+0000] {logging_mixin.py:190} INFO - [2024-12-21T11:25:10.172+0000] {dag.py:3239} INFO - Sync 1 DAGs
[2024-12-21T11:25:10.236+0000] {logging_mixin.py:190} INFO - [2024-12-21T11:25:10.235+0000] {dag.py:4180} INFO - Setting next_dagrun for extract_csv_dag to 2024-12-20 00:00:00+00:00, run_after=2024-12-21 00:00:00+00:00
[2024-12-21T11:25:10.304+0000] {processor.py:208} INFO - Processing /opt/airflow/dags/extract_csv.py took 0.266 seconds
[2024-12-21T11:25:40.896+0000] {processor.py:186} INFO - Started process (PID=922) to work on /opt/airflow/dags/extract_csv.py
[2024-12-21T11:25:40.897+0000] {processor.py:914} INFO - Processing file /opt/airflow/dags/extract_csv.py for tasks to queue
[2024-12-21T11:25:40.900+0000] {logging_mixin.py:190} INFO - [2024-12-21T11:25:40.900+0000] {dagbag.py:588} INFO - Filling up the DagBag from /opt/airflow/dags/extract_csv.py
[2024-12-21T11:25:40.925+0000] {processor.py:925} INFO - DAG(s) 'extract_csv_dag' retrieved from /opt/airflow/dags/extract_csv.py
[2024-12-21T11:25:40.949+0000] {logging_mixin.py:190} INFO - [2024-12-21T11:25:40.948+0000] {dag.py:3239} INFO - Sync 1 DAGs
[2024-12-21T11:25:40.977+0000] {logging_mixin.py:190} INFO - [2024-12-21T11:25:40.976+0000] {dag.py:4180} INFO - Setting next_dagrun for extract_csv_dag to 2024-12-20 00:00:00+00:00, run_after=2024-12-21 00:00:00+00:00
[2024-12-21T11:25:40.999+0000] {processor.py:208} INFO - Processing /opt/airflow/dags/extract_csv.py took 0.110 seconds
[2024-12-21T11:26:11.193+0000] {processor.py:186} INFO - Started process (PID=988) to work on /opt/airflow/dags/extract_csv.py
[2024-12-21T11:26:11.195+0000] {processor.py:914} INFO - Processing file /opt/airflow/dags/extract_csv.py for tasks to queue
[2024-12-21T11:26:11.197+0000] {logging_mixin.py:190} INFO - [2024-12-21T11:26:11.197+0000] {dagbag.py:588} INFO - Filling up the DagBag from /opt/airflow/dags/extract_csv.py
[2024-12-21T11:26:11.225+0000] {processor.py:925} INFO - DAG(s) 'extract_csv_dag' retrieved from /opt/airflow/dags/extract_csv.py
[2024-12-21T11:26:11.248+0000] {logging_mixin.py:190} INFO - [2024-12-21T11:26:11.247+0000] {dag.py:3239} INFO - Sync 1 DAGs
[2024-12-21T11:26:11.278+0000] {logging_mixin.py:190} INFO - [2024-12-21T11:26:11.278+0000] {dag.py:4180} INFO - Setting next_dagrun for extract_csv_dag to 2024-12-20 00:00:00+00:00, run_after=2024-12-21 00:00:00+00:00
[2024-12-21T11:26:11.304+0000] {processor.py:208} INFO - Processing /opt/airflow/dags/extract_csv.py took 0.117 seconds
[2024-12-21T11:26:41.473+0000] {processor.py:186} INFO - Started process (PID=1054) to work on /opt/airflow/dags/extract_csv.py
[2024-12-21T11:26:41.474+0000] {processor.py:914} INFO - Processing file /opt/airflow/dags/extract_csv.py for tasks to queue
[2024-12-21T11:26:41.477+0000] {logging_mixin.py:190} INFO - [2024-12-21T11:26:41.476+0000] {dagbag.py:588} INFO - Filling up the DagBag from /opt/airflow/dags/extract_csv.py
[2024-12-21T11:26:41.504+0000] {processor.py:925} INFO - DAG(s) 'extract_csv_dag' retrieved from /opt/airflow/dags/extract_csv.py
[2024-12-21T11:26:41.525+0000] {logging_mixin.py:190} INFO - [2024-12-21T11:26:41.524+0000] {dag.py:3239} INFO - Sync 1 DAGs
[2024-12-21T11:26:41.551+0000] {logging_mixin.py:190} INFO - [2024-12-21T11:26:41.551+0000] {dag.py:4180} INFO - Setting next_dagrun for extract_csv_dag to 2024-12-20 00:00:00+00:00, run_after=2024-12-21 00:00:00+00:00
[2024-12-21T11:26:41.575+0000] {processor.py:208} INFO - Processing /opt/airflow/dags/extract_csv.py took 0.108 seconds
[2024-12-21T11:27:11.886+0000] {processor.py:186} INFO - Started process (PID=1120) to work on /opt/airflow/dags/extract_csv.py
[2024-12-21T11:27:11.888+0000] {processor.py:914} INFO - Processing file /opt/airflow/dags/extract_csv.py for tasks to queue
[2024-12-21T11:27:11.890+0000] {logging_mixin.py:190} INFO - [2024-12-21T11:27:11.890+0000] {dagbag.py:588} INFO - Filling up the DagBag from /opt/airflow/dags/extract_csv.py
[2024-12-21T11:27:11.910+0000] {processor.py:925} INFO - DAG(s) 'extract_csv_dag' retrieved from /opt/airflow/dags/extract_csv.py
[2024-12-21T11:27:11.931+0000] {logging_mixin.py:190} INFO - [2024-12-21T11:27:11.930+0000] {dag.py:3239} INFO - Sync 1 DAGs
[2024-12-21T11:27:11.956+0000] {logging_mixin.py:190} INFO - [2024-12-21T11:27:11.956+0000] {dag.py:4180} INFO - Setting next_dagrun for extract_csv_dag to 2024-12-20 00:00:00+00:00, run_after=2024-12-21 00:00:00+00:00
[2024-12-21T11:27:11.980+0000] {processor.py:208} INFO - Processing /opt/airflow/dags/extract_csv.py took 0.100 seconds
[2024-12-21T11:27:42.342+0000] {processor.py:186} INFO - Started process (PID=1186) to work on /opt/airflow/dags/extract_csv.py
[2024-12-21T11:27:42.343+0000] {processor.py:914} INFO - Processing file /opt/airflow/dags/extract_csv.py for tasks to queue
[2024-12-21T11:27:42.346+0000] {logging_mixin.py:190} INFO - [2024-12-21T11:27:42.345+0000] {dagbag.py:588} INFO - Filling up the DagBag from /opt/airflow/dags/extract_csv.py
[2024-12-21T11:27:42.367+0000] {processor.py:925} INFO - DAG(s) 'extract_csv_dag' retrieved from /opt/airflow/dags/extract_csv.py
[2024-12-21T11:27:42.387+0000] {logging_mixin.py:190} INFO - [2024-12-21T11:27:42.386+0000] {dag.py:3239} INFO - Sync 1 DAGs
[2024-12-21T11:27:42.412+0000] {logging_mixin.py:190} INFO - [2024-12-21T11:27:42.412+0000] {dag.py:4180} INFO - Setting next_dagrun for extract_csv_dag to 2024-12-20 00:00:00+00:00, run_after=2024-12-21 00:00:00+00:00
[2024-12-21T11:27:42.435+0000] {processor.py:208} INFO - Processing /opt/airflow/dags/extract_csv.py took 0.099 seconds
[2024-12-21T11:28:12.751+0000] {processor.py:186} INFO - Started process (PID=1252) to work on /opt/airflow/dags/extract_csv.py
[2024-12-21T11:28:12.752+0000] {processor.py:914} INFO - Processing file /opt/airflow/dags/extract_csv.py for tasks to queue
[2024-12-21T11:28:12.755+0000] {logging_mixin.py:190} INFO - [2024-12-21T11:28:12.754+0000] {dagbag.py:588} INFO - Filling up the DagBag from /opt/airflow/dags/extract_csv.py
[2024-12-21T11:28:12.774+0000] {processor.py:925} INFO - DAG(s) 'extract_csv_dag' retrieved from /opt/airflow/dags/extract_csv.py
[2024-12-21T11:28:12.794+0000] {logging_mixin.py:190} INFO - [2024-12-21T11:28:12.794+0000] {dag.py:3239} INFO - Sync 1 DAGs
[2024-12-21T11:28:12.820+0000] {logging_mixin.py:190} INFO - [2024-12-21T11:28:12.820+0000] {dag.py:4180} INFO - Setting next_dagrun for extract_csv_dag to 2024-12-20 00:00:00+00:00, run_after=2024-12-21 00:00:00+00:00
[2024-12-21T11:28:12.844+0000] {processor.py:208} INFO - Processing /opt/airflow/dags/extract_csv.py took 0.099 seconds
[2024-12-21T11:28:43.291+0000] {processor.py:186} INFO - Started process (PID=1318) to work on /opt/airflow/dags/extract_csv.py
[2024-12-21T11:28:43.293+0000] {processor.py:914} INFO - Processing file /opt/airflow/dags/extract_csv.py for tasks to queue
[2024-12-21T11:28:43.295+0000] {logging_mixin.py:190} INFO - [2024-12-21T11:28:43.295+0000] {dagbag.py:588} INFO - Filling up the DagBag from /opt/airflow/dags/extract_csv.py
[2024-12-21T11:28:43.316+0000] {processor.py:925} INFO - DAG(s) 'extract_csv_dag' retrieved from /opt/airflow/dags/extract_csv.py
[2024-12-21T11:28:43.336+0000] {logging_mixin.py:190} INFO - [2024-12-21T11:28:43.336+0000] {dag.py:3239} INFO - Sync 1 DAGs
[2024-12-21T11:28:43.362+0000] {logging_mixin.py:190} INFO - [2024-12-21T11:28:43.362+0000] {dag.py:4180} INFO - Setting next_dagrun for extract_csv_dag to 2024-12-20 00:00:00+00:00, run_after=2024-12-21 00:00:00+00:00
[2024-12-21T11:28:43.384+0000] {processor.py:208} INFO - Processing /opt/airflow/dags/extract_csv.py took 0.099 seconds
[2024-12-21T11:29:13.834+0000] {processor.py:186} INFO - Started process (PID=1384) to work on /opt/airflow/dags/extract_csv.py
[2024-12-21T11:29:13.836+0000] {processor.py:914} INFO - Processing file /opt/airflow/dags/extract_csv.py for tasks to queue
[2024-12-21T11:29:13.838+0000] {logging_mixin.py:190} INFO - [2024-12-21T11:29:13.838+0000] {dagbag.py:588} INFO - Filling up the DagBag from /opt/airflow/dags/extract_csv.py
[2024-12-21T11:29:13.889+0000] {processor.py:925} INFO - DAG(s) 'extract_csv_dag' retrieved from /opt/airflow/dags/extract_csv.py
[2024-12-21T11:29:13.937+0000] {logging_mixin.py:190} INFO - [2024-12-21T11:29:13.936+0000] {dag.py:3239} INFO - Sync 1 DAGs
[2024-12-21T11:29:13.968+0000] {logging_mixin.py:190} INFO - [2024-12-21T11:29:13.968+0000] {dag.py:4180} INFO - Setting next_dagrun for extract_csv_dag to 2024-12-20 00:00:00+00:00, run_after=2024-12-21 00:00:00+00:00
[2024-12-21T11:29:13.989+0000] {processor.py:208} INFO - Processing /opt/airflow/dags/extract_csv.py took 0.161 seconds
[2024-12-21T11:29:44.078+0000] {processor.py:186} INFO - Started process (PID=1450) to work on /opt/airflow/dags/extract_csv.py
[2024-12-21T11:29:44.079+0000] {processor.py:914} INFO - Processing file /opt/airflow/dags/extract_csv.py for tasks to queue
[2024-12-21T11:29:44.082+0000] {logging_mixin.py:190} INFO - [2024-12-21T11:29:44.081+0000] {dagbag.py:588} INFO - Filling up the DagBag from /opt/airflow/dags/extract_csv.py
[2024-12-21T11:29:44.107+0000] {processor.py:925} INFO - DAG(s) 'extract_csv_dag' retrieved from /opt/airflow/dags/extract_csv.py
[2024-12-21T11:29:44.128+0000] {logging_mixin.py:190} INFO - [2024-12-21T11:29:44.128+0000] {dag.py:3239} INFO - Sync 1 DAGs
[2024-12-21T11:29:44.157+0000] {logging_mixin.py:190} INFO - [2024-12-21T11:29:44.156+0000] {dag.py:4180} INFO - Setting next_dagrun for extract_csv_dag to 2024-12-20 00:00:00+00:00, run_after=2024-12-21 00:00:00+00:00
[2024-12-21T11:29:44.181+0000] {processor.py:208} INFO - Processing /opt/airflow/dags/extract_csv.py took 0.109 seconds
[2024-12-21T11:30:14.510+0000] {processor.py:186} INFO - Started process (PID=1516) to work on /opt/airflow/dags/extract_csv.py
[2024-12-21T11:30:14.511+0000] {processor.py:914} INFO - Processing file /opt/airflow/dags/extract_csv.py for tasks to queue
[2024-12-21T11:30:14.514+0000] {logging_mixin.py:190} INFO - [2024-12-21T11:30:14.514+0000] {dagbag.py:588} INFO - Filling up the DagBag from /opt/airflow/dags/extract_csv.py
[2024-12-21T11:30:14.538+0000] {processor.py:925} INFO - DAG(s) 'extract_csv_dag' retrieved from /opt/airflow/dags/extract_csv.py
[2024-12-21T11:30:14.561+0000] {logging_mixin.py:190} INFO - [2024-12-21T11:30:14.561+0000] {dag.py:3239} INFO - Sync 1 DAGs
[2024-12-21T11:30:14.589+0000] {logging_mixin.py:190} INFO - [2024-12-21T11:30:14.589+0000] {dag.py:4180} INFO - Setting next_dagrun for extract_csv_dag to 2024-12-20 00:00:00+00:00, run_after=2024-12-21 00:00:00+00:00
[2024-12-21T11:30:14.612+0000] {processor.py:208} INFO - Processing /opt/airflow/dags/extract_csv.py took 0.110 seconds
[2024-12-21T11:30:45.125+0000] {processor.py:186} INFO - Started process (PID=1598) to work on /opt/airflow/dags/extract_csv.py
[2024-12-21T11:30:45.126+0000] {processor.py:914} INFO - Processing file /opt/airflow/dags/extract_csv.py for tasks to queue
[2024-12-21T11:30:45.129+0000] {logging_mixin.py:190} INFO - [2024-12-21T11:30:45.128+0000] {dagbag.py:588} INFO - Filling up the DagBag from /opt/airflow/dags/extract_csv.py
[2024-12-21T11:30:45.150+0000] {processor.py:925} INFO - DAG(s) 'extract_csv_dag' retrieved from /opt/airflow/dags/extract_csv.py
[2024-12-21T11:30:45.171+0000] {logging_mixin.py:190} INFO - [2024-12-21T11:30:45.171+0000] {dag.py:3239} INFO - Sync 1 DAGs
[2024-12-21T11:30:45.199+0000] {logging_mixin.py:190} INFO - [2024-12-21T11:30:45.198+0000] {dag.py:4180} INFO - Setting next_dagrun for extract_csv_dag to 2024-12-20 00:00:00+00:00, run_after=2024-12-21 00:00:00+00:00
[2024-12-21T11:30:45.223+0000] {processor.py:208} INFO - Processing /opt/airflow/dags/extract_csv.py took 0.105 seconds
[2024-12-21T11:31:15.482+0000] {processor.py:186} INFO - Started process (PID=1664) to work on /opt/airflow/dags/extract_csv.py
[2024-12-21T11:31:15.483+0000] {processor.py:914} INFO - Processing file /opt/airflow/dags/extract_csv.py for tasks to queue
[2024-12-21T11:31:15.486+0000] {logging_mixin.py:190} INFO - [2024-12-21T11:31:15.485+0000] {dagbag.py:588} INFO - Filling up the DagBag from /opt/airflow/dags/extract_csv.py
[2024-12-21T11:31:15.508+0000] {processor.py:925} INFO - DAG(s) 'extract_csv_dag' retrieved from /opt/airflow/dags/extract_csv.py
[2024-12-21T11:31:15.529+0000] {logging_mixin.py:190} INFO - [2024-12-21T11:31:15.529+0000] {dag.py:3239} INFO - Sync 1 DAGs
[2024-12-21T11:31:15.555+0000] {logging_mixin.py:190} INFO - [2024-12-21T11:31:15.555+0000] {dag.py:4180} INFO - Setting next_dagrun for extract_csv_dag to 2024-12-20 00:00:00+00:00, run_after=2024-12-21 00:00:00+00:00
[2024-12-21T11:31:15.577+0000] {processor.py:208} INFO - Processing /opt/airflow/dags/extract_csv.py took 0.102 seconds
[2024-12-21T11:31:45.799+0000] {processor.py:186} INFO - Started process (PID=1730) to work on /opt/airflow/dags/extract_csv.py
[2024-12-21T11:31:45.800+0000] {processor.py:914} INFO - Processing file /opt/airflow/dags/extract_csv.py for tasks to queue
[2024-12-21T11:31:45.803+0000] {logging_mixin.py:190} INFO - [2024-12-21T11:31:45.802+0000] {dagbag.py:588} INFO - Filling up the DagBag from /opt/airflow/dags/extract_csv.py
[2024-12-21T11:31:45.824+0000] {processor.py:925} INFO - DAG(s) 'extract_csv_dag' retrieved from /opt/airflow/dags/extract_csv.py
[2024-12-21T11:31:45.848+0000] {logging_mixin.py:190} INFO - [2024-12-21T11:31:45.848+0000] {dag.py:3239} INFO - Sync 1 DAGs
[2024-12-21T11:31:45.877+0000] {logging_mixin.py:190} INFO - [2024-12-21T11:31:45.877+0000] {dag.py:4180} INFO - Setting next_dagrun for extract_csv_dag to 2024-12-20 00:00:00+00:00, run_after=2024-12-21 00:00:00+00:00
[2024-12-21T11:31:45.901+0000] {processor.py:208} INFO - Processing /opt/airflow/dags/extract_csv.py took 0.109 seconds
[2024-12-21T11:32:16.212+0000] {processor.py:186} INFO - Started process (PID=1796) to work on /opt/airflow/dags/extract_csv.py
[2024-12-21T11:32:16.213+0000] {processor.py:914} INFO - Processing file /opt/airflow/dags/extract_csv.py for tasks to queue
[2024-12-21T11:32:16.216+0000] {logging_mixin.py:190} INFO - [2024-12-21T11:32:16.216+0000] {dagbag.py:588} INFO - Filling up the DagBag from /opt/airflow/dags/extract_csv.py
[2024-12-21T11:32:16.239+0000] {processor.py:925} INFO - DAG(s) 'extract_csv_dag' retrieved from /opt/airflow/dags/extract_csv.py
[2024-12-21T11:32:16.262+0000] {logging_mixin.py:190} INFO - [2024-12-21T11:32:16.261+0000] {dag.py:3239} INFO - Sync 1 DAGs
[2024-12-21T11:32:16.291+0000] {logging_mixin.py:190} INFO - [2024-12-21T11:32:16.291+0000] {dag.py:4180} INFO - Setting next_dagrun for extract_csv_dag to 2024-12-20 00:00:00+00:00, run_after=2024-12-21 00:00:00+00:00
[2024-12-21T11:32:16.314+0000] {processor.py:208} INFO - Processing /opt/airflow/dags/extract_csv.py took 0.109 seconds
[2024-12-21T11:32:46.530+0000] {processor.py:186} INFO - Started process (PID=1862) to work on /opt/airflow/dags/extract_csv.py
[2024-12-21T11:32:46.531+0000] {processor.py:914} INFO - Processing file /opt/airflow/dags/extract_csv.py for tasks to queue
[2024-12-21T11:32:46.534+0000] {logging_mixin.py:190} INFO - [2024-12-21T11:32:46.533+0000] {dagbag.py:588} INFO - Filling up the DagBag from /opt/airflow/dags/extract_csv.py
[2024-12-21T11:32:46.558+0000] {processor.py:925} INFO - DAG(s) 'extract_csv_dag' retrieved from /opt/airflow/dags/extract_csv.py
[2024-12-21T11:32:46.579+0000] {logging_mixin.py:190} INFO - [2024-12-21T11:32:46.578+0000] {dag.py:3239} INFO - Sync 1 DAGs
[2024-12-21T11:32:46.605+0000] {logging_mixin.py:190} INFO - [2024-12-21T11:32:46.605+0000] {dag.py:4180} INFO - Setting next_dagrun for extract_csv_dag to 2024-12-20 00:00:00+00:00, run_after=2024-12-21 00:00:00+00:00
[2024-12-21T11:32:46.631+0000] {processor.py:208} INFO - Processing /opt/airflow/dags/extract_csv.py took 0.107 seconds
[2024-12-21T11:33:17.621+0000] {processor.py:186} INFO - Started process (PID=1928) to work on /opt/airflow/dags/extract_csv.py
[2024-12-21T11:33:17.622+0000] {processor.py:914} INFO - Processing file /opt/airflow/dags/extract_csv.py for tasks to queue
[2024-12-21T11:33:17.625+0000] {logging_mixin.py:190} INFO - [2024-12-21T11:33:17.625+0000] {dagbag.py:588} INFO - Filling up the DagBag from /opt/airflow/dags/extract_csv.py
[2024-12-21T11:33:17.648+0000] {processor.py:925} INFO - DAG(s) 'extract_csv_dag' retrieved from /opt/airflow/dags/extract_csv.py
[2024-12-21T11:33:17.668+0000] {logging_mixin.py:190} INFO - [2024-12-21T11:33:17.668+0000] {dag.py:3239} INFO - Sync 1 DAGs
[2024-12-21T11:33:17.695+0000] {logging_mixin.py:190} INFO - [2024-12-21T11:33:17.694+0000] {dag.py:4180} INFO - Setting next_dagrun for extract_csv_dag to 2024-12-20 00:00:00+00:00, run_after=2024-12-21 00:00:00+00:00
[2024-12-21T11:33:17.715+0000] {processor.py:208} INFO - Processing /opt/airflow/dags/extract_csv.py took 0.101 seconds
[2024-12-21T11:33:47.963+0000] {processor.py:186} INFO - Started process (PID=1994) to work on /opt/airflow/dags/extract_csv.py
[2024-12-21T11:33:47.964+0000] {processor.py:914} INFO - Processing file /opt/airflow/dags/extract_csv.py for tasks to queue
[2024-12-21T11:33:47.967+0000] {logging_mixin.py:190} INFO - [2024-12-21T11:33:47.967+0000] {dagbag.py:588} INFO - Filling up the DagBag from /opt/airflow/dags/extract_csv.py
[2024-12-21T11:33:47.988+0000] {processor.py:925} INFO - DAG(s) 'extract_csv_dag' retrieved from /opt/airflow/dags/extract_csv.py
[2024-12-21T11:33:48.008+0000] {logging_mixin.py:190} INFO - [2024-12-21T11:33:48.008+0000] {dag.py:3239} INFO - Sync 1 DAGs
[2024-12-21T11:33:48.036+0000] {logging_mixin.py:190} INFO - [2024-12-21T11:33:48.035+0000] {dag.py:4180} INFO - Setting next_dagrun for extract_csv_dag to 2024-12-20 00:00:00+00:00, run_after=2024-12-21 00:00:00+00:00
[2024-12-21T11:33:48.058+0000] {processor.py:208} INFO - Processing /opt/airflow/dags/extract_csv.py took 0.101 seconds
[2024-12-21T11:34:18.949+0000] {processor.py:186} INFO - Started process (PID=2060) to work on /opt/airflow/dags/extract_csv.py
[2024-12-21T11:34:18.950+0000] {processor.py:914} INFO - Processing file /opt/airflow/dags/extract_csv.py for tasks to queue
[2024-12-21T11:34:18.953+0000] {logging_mixin.py:190} INFO - [2024-12-21T11:34:18.953+0000] {dagbag.py:588} INFO - Filling up the DagBag from /opt/airflow/dags/extract_csv.py
[2024-12-21T11:34:18.975+0000] {processor.py:925} INFO - DAG(s) 'extract_csv_dag' retrieved from /opt/airflow/dags/extract_csv.py
[2024-12-21T11:34:18.995+0000] {logging_mixin.py:190} INFO - [2024-12-21T11:34:18.995+0000] {dag.py:3239} INFO - Sync 1 DAGs
[2024-12-21T11:34:19.025+0000] {logging_mixin.py:190} INFO - [2024-12-21T11:34:19.025+0000] {dag.py:4180} INFO - Setting next_dagrun for extract_csv_dag to 2024-12-20 00:00:00+00:00, run_after=2024-12-21 00:00:00+00:00
[2024-12-21T11:34:19.049+0000] {processor.py:208} INFO - Processing /opt/airflow/dags/extract_csv.py took 0.107 seconds
[2024-12-21T11:34:49.313+0000] {processor.py:186} INFO - Started process (PID=2126) to work on /opt/airflow/dags/extract_csv.py
[2024-12-21T11:34:49.314+0000] {processor.py:914} INFO - Processing file /opt/airflow/dags/extract_csv.py for tasks to queue
[2024-12-21T11:34:49.317+0000] {logging_mixin.py:190} INFO - [2024-12-21T11:34:49.316+0000] {dagbag.py:588} INFO - Filling up the DagBag from /opt/airflow/dags/extract_csv.py
[2024-12-21T11:34:49.339+0000] {processor.py:925} INFO - DAG(s) 'extract_csv_dag' retrieved from /opt/airflow/dags/extract_csv.py
[2024-12-21T11:34:49.360+0000] {logging_mixin.py:190} INFO - [2024-12-21T11:34:49.359+0000] {dag.py:3239} INFO - Sync 1 DAGs
[2024-12-21T11:34:49.386+0000] {logging_mixin.py:190} INFO - [2024-12-21T11:34:49.386+0000] {dag.py:4180} INFO - Setting next_dagrun for extract_csv_dag to 2024-12-20 00:00:00+00:00, run_after=2024-12-21 00:00:00+00:00
[2024-12-21T11:34:49.407+0000] {processor.py:208} INFO - Processing /opt/airflow/dags/extract_csv.py took 0.100 seconds
[2024-12-21T11:35:19.550+0000] {processor.py:186} INFO - Started process (PID=2192) to work on /opt/airflow/dags/extract_csv.py
[2024-12-21T11:35:19.551+0000] {processor.py:914} INFO - Processing file /opt/airflow/dags/extract_csv.py for tasks to queue
[2024-12-21T11:35:19.554+0000] {logging_mixin.py:190} INFO - [2024-12-21T11:35:19.554+0000] {dagbag.py:588} INFO - Filling up the DagBag from /opt/airflow/dags/extract_csv.py
[2024-12-21T11:35:19.578+0000] {processor.py:925} INFO - DAG(s) 'extract_csv_dag' retrieved from /opt/airflow/dags/extract_csv.py
[2024-12-21T11:35:19.599+0000] {logging_mixin.py:190} INFO - [2024-12-21T11:35:19.598+0000] {dag.py:3239} INFO - Sync 1 DAGs
[2024-12-21T11:35:19.626+0000] {logging_mixin.py:190} INFO - [2024-12-21T11:35:19.626+0000] {dag.py:4180} INFO - Setting next_dagrun for extract_csv_dag to 2024-12-20 00:00:00+00:00, run_after=2024-12-21 00:00:00+00:00
[2024-12-21T11:35:19.648+0000] {processor.py:208} INFO - Processing /opt/airflow/dags/extract_csv.py took 0.104 seconds
[2024-12-21T11:35:50.419+0000] {processor.py:186} INFO - Started process (PID=2258) to work on /opt/airflow/dags/extract_csv.py
[2024-12-21T11:35:50.420+0000] {processor.py:914} INFO - Processing file /opt/airflow/dags/extract_csv.py for tasks to queue
[2024-12-21T11:35:50.424+0000] {logging_mixin.py:190} INFO - [2024-12-21T11:35:50.423+0000] {dagbag.py:588} INFO - Filling up the DagBag from /opt/airflow/dags/extract_csv.py
[2024-12-21T11:35:50.447+0000] {processor.py:925} INFO - DAG(s) 'extract_csv_dag' retrieved from /opt/airflow/dags/extract_csv.py
[2024-12-21T11:35:50.468+0000] {logging_mixin.py:190} INFO - [2024-12-21T11:35:50.468+0000] {dag.py:3239} INFO - Sync 1 DAGs
[2024-12-21T11:35:50.495+0000] {logging_mixin.py:190} INFO - [2024-12-21T11:35:50.494+0000] {dag.py:4180} INFO - Setting next_dagrun for extract_csv_dag to 2024-12-20 00:00:00+00:00, run_after=2024-12-21 00:00:00+00:00
[2024-12-21T11:35:50.520+0000] {processor.py:208} INFO - Processing /opt/airflow/dags/extract_csv.py took 0.108 seconds
[2024-12-21T11:36:21.330+0000] {processor.py:186} INFO - Started process (PID=2324) to work on /opt/airflow/dags/extract_csv.py
[2024-12-21T11:36:21.332+0000] {processor.py:914} INFO - Processing file /opt/airflow/dags/extract_csv.py for tasks to queue
[2024-12-21T11:36:21.335+0000] {logging_mixin.py:190} INFO - [2024-12-21T11:36:21.334+0000] {dagbag.py:588} INFO - Filling up the DagBag from /opt/airflow/dags/extract_csv.py
[2024-12-21T11:36:21.356+0000] {processor.py:925} INFO - DAG(s) 'extract_csv_dag' retrieved from /opt/airflow/dags/extract_csv.py
[2024-12-21T11:36:21.376+0000] {logging_mixin.py:190} INFO - [2024-12-21T11:36:21.376+0000] {dag.py:3239} INFO - Sync 1 DAGs
[2024-12-21T11:36:21.405+0000] {logging_mixin.py:190} INFO - [2024-12-21T11:36:21.405+0000] {dag.py:4180} INFO - Setting next_dagrun for extract_csv_dag to 2024-12-20 00:00:00+00:00, run_after=2024-12-21 00:00:00+00:00
[2024-12-21T11:36:21.428+0000] {processor.py:208} INFO - Processing /opt/airflow/dags/extract_csv.py took 0.104 seconds
[2024-12-21T11:36:51.644+0000] {processor.py:186} INFO - Started process (PID=2390) to work on /opt/airflow/dags/extract_csv.py
[2024-12-21T11:36:51.646+0000] {processor.py:914} INFO - Processing file /opt/airflow/dags/extract_csv.py for tasks to queue
[2024-12-21T11:36:51.648+0000] {logging_mixin.py:190} INFO - [2024-12-21T11:36:51.648+0000] {dagbag.py:588} INFO - Filling up the DagBag from /opt/airflow/dags/extract_csv.py
[2024-12-21T11:36:51.672+0000] {processor.py:925} INFO - DAG(s) 'extract_csv_dag' retrieved from /opt/airflow/dags/extract_csv.py
[2024-12-21T11:36:51.692+0000] {logging_mixin.py:190} INFO - [2024-12-21T11:36:51.692+0000] {dag.py:3239} INFO - Sync 1 DAGs
[2024-12-21T11:36:51.718+0000] {logging_mixin.py:190} INFO - [2024-12-21T11:36:51.718+0000] {dag.py:4180} INFO - Setting next_dagrun for extract_csv_dag to 2024-12-20 00:00:00+00:00, run_after=2024-12-21 00:00:00+00:00
[2024-12-21T11:36:51.740+0000] {processor.py:208} INFO - Processing /opt/airflow/dags/extract_csv.py took 0.102 seconds
[2024-12-21T11:37:22.332+0000] {processor.py:186} INFO - Started process (PID=2456) to work on /opt/airflow/dags/extract_csv.py
[2024-12-21T11:37:22.334+0000] {processor.py:914} INFO - Processing file /opt/airflow/dags/extract_csv.py for tasks to queue
[2024-12-21T11:37:22.336+0000] {logging_mixin.py:190} INFO - [2024-12-21T11:37:22.336+0000] {dagbag.py:588} INFO - Filling up the DagBag from /opt/airflow/dags/extract_csv.py
[2024-12-21T11:37:22.360+0000] {processor.py:925} INFO - DAG(s) 'extract_csv_dag' retrieved from /opt/airflow/dags/extract_csv.py
[2024-12-21T11:37:22.380+0000] {logging_mixin.py:190} INFO - [2024-12-21T11:37:22.380+0000] {dag.py:3239} INFO - Sync 1 DAGs
[2024-12-21T11:37:22.406+0000] {logging_mixin.py:190} INFO - [2024-12-21T11:37:22.406+0000] {dag.py:4180} INFO - Setting next_dagrun for extract_csv_dag to 2024-12-20 00:00:00+00:00, run_after=2024-12-21 00:00:00+00:00
[2024-12-21T11:37:22.428+0000] {processor.py:208} INFO - Processing /opt/airflow/dags/extract_csv.py took 0.102 seconds
[2024-12-21T11:37:52.836+0000] {processor.py:186} INFO - Started process (PID=2522) to work on /opt/airflow/dags/extract_csv.py
[2024-12-21T11:37:52.837+0000] {processor.py:914} INFO - Processing file /opt/airflow/dags/extract_csv.py for tasks to queue
[2024-12-21T11:37:52.840+0000] {logging_mixin.py:190} INFO - [2024-12-21T11:37:52.840+0000] {dagbag.py:588} INFO - Filling up the DagBag from /opt/airflow/dags/extract_csv.py
[2024-12-21T11:37:52.862+0000] {processor.py:925} INFO - DAG(s) 'extract_csv_dag' retrieved from /opt/airflow/dags/extract_csv.py
[2024-12-21T11:37:52.884+0000] {logging_mixin.py:190} INFO - [2024-12-21T11:37:52.884+0000] {dag.py:3239} INFO - Sync 1 DAGs
[2024-12-21T11:37:52.913+0000] {logging_mixin.py:190} INFO - [2024-12-21T11:37:52.912+0000] {dag.py:4180} INFO - Setting next_dagrun for extract_csv_dag to 2024-12-20 00:00:00+00:00, run_after=2024-12-21 00:00:00+00:00
[2024-12-21T11:37:52.938+0000] {processor.py:208} INFO - Processing /opt/airflow/dags/extract_csv.py took 0.110 seconds
[2024-12-21T11:38:23.768+0000] {processor.py:186} INFO - Started process (PID=2588) to work on /opt/airflow/dags/extract_csv.py
[2024-12-21T11:38:23.770+0000] {processor.py:914} INFO - Processing file /opt/airflow/dags/extract_csv.py for tasks to queue
[2024-12-21T11:38:23.773+0000] {logging_mixin.py:190} INFO - [2024-12-21T11:38:23.772+0000] {dagbag.py:588} INFO - Filling up the DagBag from /opt/airflow/dags/extract_csv.py
[2024-12-21T11:38:23.794+0000] {processor.py:925} INFO - DAG(s) 'extract_csv_dag' retrieved from /opt/airflow/dags/extract_csv.py
[2024-12-21T11:38:23.820+0000] {logging_mixin.py:190} INFO - [2024-12-21T11:38:23.819+0000] {dag.py:3239} INFO - Sync 1 DAGs
[2024-12-21T11:38:23.855+0000] {logging_mixin.py:190} INFO - [2024-12-21T11:38:23.854+0000] {dag.py:4180} INFO - Setting next_dagrun for extract_csv_dag to 2024-12-20 00:00:00+00:00, run_after=2024-12-21 00:00:00+00:00
[2024-12-21T11:38:23.890+0000] {processor.py:208} INFO - Processing /opt/airflow/dags/extract_csv.py took 0.132 seconds
[2024-12-21T11:38:54.930+0000] {processor.py:186} INFO - Started process (PID=2654) to work on /opt/airflow/dags/extract_csv.py
[2024-12-21T11:38:54.931+0000] {processor.py:914} INFO - Processing file /opt/airflow/dags/extract_csv.py for tasks to queue
[2024-12-21T11:38:54.934+0000] {logging_mixin.py:190} INFO - [2024-12-21T11:38:54.933+0000] {dagbag.py:588} INFO - Filling up the DagBag from /opt/airflow/dags/extract_csv.py
[2024-12-21T11:38:54.956+0000] {processor.py:925} INFO - DAG(s) 'extract_csv_dag' retrieved from /opt/airflow/dags/extract_csv.py
[2024-12-21T11:38:54.976+0000] {logging_mixin.py:190} INFO - [2024-12-21T11:38:54.976+0000] {dag.py:3239} INFO - Sync 1 DAGs
[2024-12-21T11:38:55.002+0000] {logging_mixin.py:190} INFO - [2024-12-21T11:38:55.002+0000] {dag.py:4180} INFO - Setting next_dagrun for extract_csv_dag to 2024-12-20 00:00:00+00:00, run_after=2024-12-21 00:00:00+00:00
[2024-12-21T11:38:55.023+0000] {processor.py:208} INFO - Processing /opt/airflow/dags/extract_csv.py took 0.100 seconds
[2024-12-21T11:39:25.508+0000] {processor.py:186} INFO - Started process (PID=2720) to work on /opt/airflow/dags/extract_csv.py
[2024-12-21T11:39:25.509+0000] {processor.py:914} INFO - Processing file /opt/airflow/dags/extract_csv.py for tasks to queue
[2024-12-21T11:39:25.512+0000] {logging_mixin.py:190} INFO - [2024-12-21T11:39:25.512+0000] {dagbag.py:588} INFO - Filling up the DagBag from /opt/airflow/dags/extract_csv.py
[2024-12-21T11:39:25.531+0000] {processor.py:925} INFO - DAG(s) 'extract_csv_dag' retrieved from /opt/airflow/dags/extract_csv.py
[2024-12-21T11:39:25.551+0000] {logging_mixin.py:190} INFO - [2024-12-21T11:39:25.551+0000] {dag.py:3239} INFO - Sync 1 DAGs
[2024-12-21T11:39:25.577+0000] {logging_mixin.py:190} INFO - [2024-12-21T11:39:25.577+0000] {dag.py:4180} INFO - Setting next_dagrun for extract_csv_dag to 2024-12-20 00:00:00+00:00, run_after=2024-12-21 00:00:00+00:00
[2024-12-21T11:39:25.597+0000] {processor.py:208} INFO - Processing /opt/airflow/dags/extract_csv.py took 0.095 seconds
[2024-12-21T11:39:55.805+0000] {processor.py:186} INFO - Started process (PID=2786) to work on /opt/airflow/dags/extract_csv.py
[2024-12-21T11:39:55.807+0000] {processor.py:914} INFO - Processing file /opt/airflow/dags/extract_csv.py for tasks to queue
[2024-12-21T11:39:55.809+0000] {logging_mixin.py:190} INFO - [2024-12-21T11:39:55.809+0000] {dagbag.py:588} INFO - Filling up the DagBag from /opt/airflow/dags/extract_csv.py
[2024-12-21T11:39:55.829+0000] {processor.py:925} INFO - DAG(s) 'extract_csv_dag' retrieved from /opt/airflow/dags/extract_csv.py
[2024-12-21T11:39:55.850+0000] {logging_mixin.py:190} INFO - [2024-12-21T11:39:55.850+0000] {dag.py:3239} INFO - Sync 1 DAGs
[2024-12-21T11:39:55.876+0000] {logging_mixin.py:190} INFO - [2024-12-21T11:39:55.876+0000] {dag.py:4180} INFO - Setting next_dagrun for extract_csv_dag to 2024-12-20 00:00:00+00:00, run_after=2024-12-21 00:00:00+00:00
[2024-12-21T11:39:55.899+0000] {processor.py:208} INFO - Processing /opt/airflow/dags/extract_csv.py took 0.100 seconds
