[2025-02-07T22:19:52.192+0000] {local_task_job_runner.py:123} INFO - ::group::Pre task execution logs
[2025-02-07T22:19:52.234+0000] {taskinstance.py:2612} INFO - Dependencies all met for dep_context=non-requeueable deps ti=<TaskInstance: crypto_price_etl.extract scheduled__2025-02-01T00:00:00+00:00 [queued]>
[2025-02-07T22:19:52.301+0000] {taskinstance.py:2612} INFO - Dependencies all met for dep_context=requeueable deps ti=<TaskInstance: crypto_price_etl.extract scheduled__2025-02-01T00:00:00+00:00 [queued]>
[2025-02-07T22:19:52.307+0000] {taskinstance.py:2865} INFO - Starting attempt 1 of 2
[2025-02-07T22:19:52.343+0000] {taskinstance.py:2888} INFO - Executing <Task(PythonOperator): extract> on 2025-02-01 00:00:00+00:00
[2025-02-07T22:19:52.353+0000] {warnings.py:112} WARNING - /home/***/.local/lib/python3.12/site-packages/***/task/task_runner/standard_task_runner.py:70: DeprecationWarning: This process (pid=929) is multi-threaded, use of fork() may lead to deadlocks in the child.
  pid = os.fork()

[2025-02-07T22:19:52.356+0000] {standard_task_runner.py:72} INFO - Started process 943 to run task
[2025-02-07T22:19:52.357+0000] {standard_task_runner.py:104} INFO - Running: ['***', 'tasks', 'run', 'crypto_price_etl', 'extract', 'scheduled__2025-02-01T00:00:00+00:00', '--job-id', '265', '--raw', '--subdir', 'DAGS_FOLDER/crypto_dag.py', '--cfg-path', '/tmp/tmpzzhglxy0']
[2025-02-07T22:19:52.359+0000] {standard_task_runner.py:105} INFO - Job 265: Subtask extract
[2025-02-07T22:19:52.446+0000] {task_command.py:467} INFO - Running <TaskInstance: crypto_price_etl.extract scheduled__2025-02-01T00:00:00+00:00 [running]> on host f4ec8002467d
[2025-02-07T22:19:52.627+0000] {taskinstance.py:3131} INFO - Exporting env vars: AIRFLOW_CTX_DAG_OWNER='***' AIRFLOW_CTX_DAG_ID='crypto_price_etl' AIRFLOW_CTX_TASK_ID='extract' AIRFLOW_CTX_EXECUTION_DATE='2025-02-01T00:00:00+00:00' AIRFLOW_CTX_TRY_NUMBER='1' AIRFLOW_CTX_DAG_RUN_ID='scheduled__2025-02-01T00:00:00+00:00'
[2025-02-07T22:19:52.630+0000] {logging_mixin.py:190} INFO - Task instance is in running state
[2025-02-07T22:19:52.635+0000] {logging_mixin.py:190} INFO -  Previous state of the Task instance: queued
[2025-02-07T22:19:52.638+0000] {logging_mixin.py:190} INFO - Current task name:extract state:running start_date:2025-02-07 22:19:52.242804+00:00
[2025-02-07T22:19:52.639+0000] {logging_mixin.py:190} INFO - Dag name:crypto_price_etl and current dag run status:running
[2025-02-07T22:19:52.644+0000] {taskinstance.py:731} INFO - ::endgroup::
[2025-02-07T22:19:52.802+0000] {python.py:240} INFO - Done. Returned value was: None
[2025-02-07T22:19:52.820+0000] {taskinstance.py:340} INFO - ::group::Post task execution logs
[2025-02-07T22:19:52.820+0000] {taskinstance.py:352} INFO - Marking task as SUCCESS. dag_id=crypto_price_etl, task_id=extract, run_id=scheduled__2025-02-01T00:00:00+00:00, execution_date=20250201T000000, start_date=20250207T221952, end_date=20250207T221952
[2025-02-07T22:19:52.835+0000] {logging_mixin.py:190} INFO - Task instance in success state
[2025-02-07T22:19:52.836+0000] {logging_mixin.py:190} INFO -  Previous state of the Task instance: running
[2025-02-07T22:19:52.837+0000] {logging_mixin.py:190} INFO - Dag name:crypto_price_etl queued_at:2025-02-07 22:19:48.245442+00:00
[2025-02-07T22:19:52.838+0000] {logging_mixin.py:190} INFO - Task hostname:f4ec8002467d operator:PythonOperator
[2025-02-07T22:19:52.894+0000] {local_task_job_runner.py:266} INFO - Task exited with return code 0
[2025-02-07T22:19:52.909+0000] {local_task_job_runner.py:245} INFO - ::endgroup::
