[2024-11-23T11:39:52.376+0000] {local_task_job_runner.py:123} INFO - ::group::Pre task execution logs
[2024-11-23T11:39:52.394+0000] {taskinstance.py:2612} INFO - Dependencies all met for dep_context=non-requeueable deps ti=<TaskInstance: crypto_price_etl.transform manual__2024-11-23T11:39:48.074061+00:00 [queued]>
[2024-11-23T11:39:52.404+0000] {taskinstance.py:2612} INFO - Dependencies all met for dep_context=requeueable deps ti=<TaskInstance: crypto_price_etl.transform manual__2024-11-23T11:39:48.074061+00:00 [queued]>
[2024-11-23T11:39:52.405+0000] {taskinstance.py:2865} INFO - Starting attempt 1 of 2
[2024-11-23T11:39:52.437+0000] {taskinstance.py:2888} INFO - Executing <Task(PythonOperator): transform> on 2024-11-23 11:39:48.074061+00:00
[2024-11-23T11:39:52.448+0000] {warnings.py:112} WARNING - /home/***/.local/lib/python3.12/site-packages/***/task/task_runner/standard_task_runner.py:70: DeprecationWarning: This process (pid=1962) is multi-threaded, use of fork() may lead to deadlocks in the child.
  pid = os.fork()

[2024-11-23T11:39:52.451+0000] {standard_task_runner.py:72} INFO - Started process 1964 to run task
[2024-11-23T11:39:52.454+0000] {standard_task_runner.py:104} INFO - Running: ['***', 'tasks', 'run', 'crypto_price_etl', 'transform', 'manual__2024-11-23T11:39:48.074061+00:00', '--job-id', '35', '--raw', '--subdir', 'DAGS_FOLDER/crypto_dag.py', '--cfg-path', '/tmp/tmpht8qb_s1']
[2024-11-23T11:39:52.456+0000] {standard_task_runner.py:105} INFO - Job 35: Subtask transform
[2024-11-23T11:39:52.517+0000] {task_command.py:467} INFO - Running <TaskInstance: crypto_price_etl.transform manual__2024-11-23T11:39:48.074061+00:00 [running]> on host f4ec8002467d
[2024-11-23T11:39:52.615+0000] {taskinstance.py:3131} INFO - Exporting env vars: AIRFLOW_CTX_DAG_OWNER='***' AIRFLOW_CTX_DAG_ID='crypto_price_etl' AIRFLOW_CTX_TASK_ID='transform' AIRFLOW_CTX_EXECUTION_DATE='2024-11-23T11:39:48.074061+00:00' AIRFLOW_CTX_TRY_NUMBER='1' AIRFLOW_CTX_DAG_RUN_ID='manual__2024-11-23T11:39:48.074061+00:00'
[2024-11-23T11:39:52.617+0000] {logging_mixin.py:190} INFO - Task instance is in running state
[2024-11-23T11:39:52.618+0000] {logging_mixin.py:190} INFO -  Previous state of the Task instance: queued
[2024-11-23T11:39:52.618+0000] {logging_mixin.py:190} INFO - Current task name:transform state:running start_date:2024-11-23 11:39:52.395369+00:00
[2024-11-23T11:39:52.619+0000] {logging_mixin.py:190} INFO - Dag name:crypto_price_etl and current dag run status:running
[2024-11-23T11:39:52.619+0000] {taskinstance.py:731} INFO - ::endgroup::
[2024-11-23T11:39:52.686+0000] {python.py:240} INFO - Done. Returned value was: None
[2024-11-23T11:39:52.709+0000] {taskinstance.py:340} INFO - ::group::Post task execution logs
[2024-11-23T11:39:52.710+0000] {taskinstance.py:352} INFO - Marking task as SUCCESS. dag_id=crypto_price_etl, task_id=transform, run_id=manual__2024-11-23T11:39:48.074061+00:00, execution_date=20241123T113948, start_date=20241123T113952, end_date=20241123T113952
[2024-11-23T11:39:52.723+0000] {logging_mixin.py:190} INFO - Task instance in success state
[2024-11-23T11:39:52.724+0000] {logging_mixin.py:190} INFO -  Previous state of the Task instance: running
[2024-11-23T11:39:52.725+0000] {logging_mixin.py:190} INFO - Dag name:crypto_price_etl queued_at:2024-11-23 11:39:48.085666+00:00
[2024-11-23T11:39:52.726+0000] {logging_mixin.py:190} INFO - Task hostname:f4ec8002467d operator:PythonOperator
[2024-11-23T11:39:52.750+0000] {local_task_job_runner.py:266} INFO - Task exited with return code 0
[2024-11-23T11:39:52.800+0000] {taskinstance.py:3900} INFO - 1 downstream tasks scheduled from follow-on schedule check
[2024-11-23T11:39:52.804+0000] {local_task_job_runner.py:245} INFO - ::endgroup::
