[2025-02-07T22:19:51.416+0000] {local_task_job_runner.py:123} INFO - ::group::Pre task execution logs
[2025-02-07T22:19:51.463+0000] {taskinstance.py:2612} INFO - Dependencies all met for dep_context=non-requeueable deps ti=<TaskInstance: crypto_price_etl.extract scheduled__2025-01-30T00:00:00+00:00 [queued]>
[2025-02-07T22:19:51.480+0000] {taskinstance.py:2612} INFO - Dependencies all met for dep_context=requeueable deps ti=<TaskInstance: crypto_price_etl.extract scheduled__2025-01-30T00:00:00+00:00 [queued]>
[2025-02-07T22:19:51.481+0000] {taskinstance.py:2865} INFO - Starting attempt 1 of 2
[2025-02-07T22:19:51.503+0000] {taskinstance.py:2888} INFO - Executing <Task(PythonOperator): extract> on 2025-01-30 00:00:00+00:00
[2025-02-07T22:19:51.516+0000] {warnings.py:112} WARNING - /home/***/.local/lib/python3.12/site-packages/***/task/task_runner/standard_task_runner.py:70: DeprecationWarning: This process (pid=919) is multi-threaded, use of fork() may lead to deadlocks in the child.
  pid = os.fork()

[2025-02-07T22:19:51.519+0000] {standard_task_runner.py:72} INFO - Started process 935 to run task
[2025-02-07T22:19:51.527+0000] {standard_task_runner.py:104} INFO - Running: ['***', 'tasks', 'run', 'crypto_price_etl', 'extract', 'scheduled__2025-01-30T00:00:00+00:00', '--job-id', '263', '--raw', '--subdir', 'DAGS_FOLDER/crypto_dag.py', '--cfg-path', '/tmp/tmpc39nk08l']
[2025-02-07T22:19:51.529+0000] {standard_task_runner.py:105} INFO - Job 263: Subtask extract
[2025-02-07T22:19:51.615+0000] {task_command.py:467} INFO - Running <TaskInstance: crypto_price_etl.extract scheduled__2025-01-30T00:00:00+00:00 [running]> on host f4ec8002467d
[2025-02-07T22:19:51.831+0000] {taskinstance.py:3131} INFO - Exporting env vars: AIRFLOW_CTX_DAG_OWNER='***' AIRFLOW_CTX_DAG_ID='crypto_price_etl' AIRFLOW_CTX_TASK_ID='extract' AIRFLOW_CTX_EXECUTION_DATE='2025-01-30T00:00:00+00:00' AIRFLOW_CTX_TRY_NUMBER='1' AIRFLOW_CTX_DAG_RUN_ID='scheduled__2025-01-30T00:00:00+00:00'
[2025-02-07T22:19:51.834+0000] {logging_mixin.py:190} INFO - Task instance is in running state
[2025-02-07T22:19:51.835+0000] {logging_mixin.py:190} INFO -  Previous state of the Task instance: queued
[2025-02-07T22:19:51.836+0000] {logging_mixin.py:190} INFO - Current task name:extract state:running start_date:2025-02-07 22:19:51.464091+00:00
[2025-02-07T22:19:51.837+0000] {logging_mixin.py:190} INFO - Dag name:crypto_price_etl and current dag run status:running
[2025-02-07T22:19:51.838+0000] {taskinstance.py:731} INFO - ::endgroup::
[2025-02-07T22:19:52.032+0000] {python.py:240} INFO - Done. Returned value was: None
[2025-02-07T22:19:52.059+0000] {taskinstance.py:340} INFO - ::group::Post task execution logs
[2025-02-07T22:19:52.060+0000] {taskinstance.py:352} INFO - Marking task as SUCCESS. dag_id=crypto_price_etl, task_id=extract, run_id=scheduled__2025-01-30T00:00:00+00:00, execution_date=20250130T000000, start_date=20250207T221951, end_date=20250207T221952
[2025-02-07T22:19:52.086+0000] {logging_mixin.py:190} INFO - Task instance in success state
[2025-02-07T22:19:52.087+0000] {logging_mixin.py:190} INFO -  Previous state of the Task instance: running
[2025-02-07T22:19:52.088+0000] {logging_mixin.py:190} INFO - Dag name:crypto_price_etl queued_at:2025-02-07 22:19:47.045568+00:00
[2025-02-07T22:19:52.089+0000] {logging_mixin.py:190} INFO - Task hostname:f4ec8002467d operator:PythonOperator
[2025-02-07T22:19:52.114+0000] {local_task_job_runner.py:266} INFO - Task exited with return code 0
[2025-02-07T22:19:52.181+0000] {taskinstance.py:3900} INFO - 1 downstream tasks scheduled from follow-on schedule check
[2025-02-07T22:19:52.197+0000] {local_task_job_runner.py:245} INFO - ::endgroup::
