[2025-02-07T22:14:11.058+0000] {local_task_job_runner.py:123} INFO - ::group::Pre task execution logs
[2025-02-07T22:14:11.146+0000] {taskinstance.py:2612} INFO - Dependencies all met for dep_context=non-requeueable deps ti=<TaskInstance: crypto_price_etl.extract scheduled__2025-01-09T00:00:00+00:00 [queued]>
[2025-02-07T22:14:11.213+0000] {taskinstance.py:2612} INFO - Dependencies all met for dep_context=requeueable deps ti=<TaskInstance: crypto_price_etl.extract scheduled__2025-01-09T00:00:00+00:00 [queued]>
[2025-02-07T22:14:11.214+0000] {taskinstance.py:2865} INFO - Starting attempt 1 of 2
[2025-02-07T22:14:11.283+0000] {taskinstance.py:2888} INFO - Executing <Task(PythonOperator): extract> on 2025-01-09 00:00:00+00:00
[2025-02-07T22:14:11.306+0000] {warnings.py:112} WARNING - /home/***/.local/lib/python3.12/site-packages/***/task/task_runner/standard_task_runner.py:70: DeprecationWarning: This process (pid=383) is multi-threaded, use of fork() may lead to deadlocks in the child.
  pid = os.fork()

[2025-02-07T22:14:11.325+0000] {standard_task_runner.py:72} INFO - Started process 442 to run task
[2025-02-07T22:14:11.360+0000] {standard_task_runner.py:104} INFO - Running: ['***', 'tasks', 'run', 'crypto_price_etl', 'extract', 'scheduled__2025-01-09T00:00:00+00:00', '--job-id', '192', '--raw', '--subdir', 'DAGS_FOLDER/crypto_dag.py', '--cfg-path', '/tmp/tmp7v0go5b2']
[2025-02-07T22:14:11.364+0000] {standard_task_runner.py:105} INFO - Job 192: Subtask extract
[2025-02-07T22:14:11.602+0000] {task_command.py:467} INFO - Running <TaskInstance: crypto_price_etl.extract scheduled__2025-01-09T00:00:00+00:00 [running]> on host f4ec8002467d
[2025-02-07T22:14:12.135+0000] {taskinstance.py:3131} INFO - Exporting env vars: AIRFLOW_CTX_DAG_OWNER='***' AIRFLOW_CTX_DAG_ID='crypto_price_etl' AIRFLOW_CTX_TASK_ID='extract' AIRFLOW_CTX_EXECUTION_DATE='2025-01-09T00:00:00+00:00' AIRFLOW_CTX_TRY_NUMBER='1' AIRFLOW_CTX_DAG_RUN_ID='scheduled__2025-01-09T00:00:00+00:00'
[2025-02-07T22:14:12.141+0000] {logging_mixin.py:190} INFO - Task instance is in running state
[2025-02-07T22:14:12.142+0000] {logging_mixin.py:190} INFO -  Previous state of the Task instance: queued
[2025-02-07T22:14:12.148+0000] {logging_mixin.py:190} INFO - Current task name:extract state:running start_date:2025-02-07 22:14:11.156220+00:00
[2025-02-07T22:14:12.151+0000] {logging_mixin.py:190} INFO - Dag name:crypto_price_etl and current dag run status:running
[2025-02-07T22:14:12.152+0000] {taskinstance.py:731} INFO - ::endgroup::
[2025-02-07T22:14:12.443+0000] {python.py:240} INFO - Done. Returned value was: None
[2025-02-07T22:14:12.498+0000] {taskinstance.py:340} INFO - ::group::Post task execution logs
[2025-02-07T22:14:12.500+0000] {taskinstance.py:352} INFO - Marking task as SUCCESS. dag_id=crypto_price_etl, task_id=extract, run_id=scheduled__2025-01-09T00:00:00+00:00, execution_date=20250109T000000, start_date=20250207T221411, end_date=20250207T221412
[2025-02-07T22:14:12.803+0000] {logging_mixin.py:190} INFO - Task instance in success state
[2025-02-07T22:14:12.820+0000] {logging_mixin.py:190} INFO -  Previous state of the Task instance: running
[2025-02-07T22:14:12.830+0000] {logging_mixin.py:190} INFO - Dag name:crypto_price_etl queued_at:2025-02-07 22:14:05.145998+00:00
[2025-02-07T22:14:12.838+0000] {logging_mixin.py:190} INFO - Task hostname:f4ec8002467d operator:PythonOperator
[2025-02-07T22:14:12.946+0000] {local_task_job_runner.py:266} INFO - Task exited with return code 0
[2025-02-07T22:14:13.093+0000] {taskinstance.py:3900} INFO - 1 downstream tasks scheduled from follow-on schedule check
[2025-02-07T22:14:13.133+0000] {local_task_job_runner.py:245} INFO - ::endgroup::
