[2025-02-07T22:14:19.858+0000] {local_task_job_runner.py:123} INFO - ::group::Pre task execution logs
[2025-02-07T22:14:19.943+0000] {taskinstance.py:2612} INFO - Dependencies all met for dep_context=non-requeueable deps ti=<TaskInstance: crypto_price_etl.transform scheduled__2025-01-10T00:00:00+00:00 [queued]>
[2025-02-07T22:14:19.970+0000] {taskinstance.py:2612} INFO - Dependencies all met for dep_context=requeueable deps ti=<TaskInstance: crypto_price_etl.transform scheduled__2025-01-10T00:00:00+00:00 [queued]>
[2025-02-07T22:14:19.973+0000] {taskinstance.py:2865} INFO - Starting attempt 1 of 2
[2025-02-07T22:14:20.045+0000] {taskinstance.py:2888} INFO - Executing <Task(PythonOperator): transform> on 2025-01-10 00:00:00+00:00
[2025-02-07T22:14:20.056+0000] {warnings.py:112} WARNING - /home/***/.local/lib/python3.12/site-packages/***/task/task_runner/standard_task_runner.py:70: DeprecationWarning: This process (pid=457) is multi-threaded, use of fork() may lead to deadlocks in the child.
  pid = os.fork()

[2025-02-07T22:14:20.063+0000] {standard_task_runner.py:72} INFO - Started process 510 to run task
[2025-02-07T22:14:20.078+0000] {standard_task_runner.py:104} INFO - Running: ['***', 'tasks', 'run', 'crypto_price_etl', 'transform', 'scheduled__2025-01-10T00:00:00+00:00', '--job-id', '206', '--raw', '--subdir', 'DAGS_FOLDER/crypto_dag.py', '--cfg-path', '/tmp/tmp_yakemwa']
[2025-02-07T22:14:20.093+0000] {standard_task_runner.py:105} INFO - Job 206: Subtask transform
[2025-02-07T22:14:20.248+0000] {task_command.py:467} INFO - Running <TaskInstance: crypto_price_etl.transform scheduled__2025-01-10T00:00:00+00:00 [running]> on host f4ec8002467d
[2025-02-07T22:14:20.529+0000] {taskinstance.py:3131} INFO - Exporting env vars: AIRFLOW_CTX_DAG_OWNER='***' AIRFLOW_CTX_DAG_ID='crypto_price_etl' AIRFLOW_CTX_TASK_ID='transform' AIRFLOW_CTX_EXECUTION_DATE='2025-01-10T00:00:00+00:00' AIRFLOW_CTX_TRY_NUMBER='1' AIRFLOW_CTX_DAG_RUN_ID='scheduled__2025-01-10T00:00:00+00:00'
[2025-02-07T22:14:20.539+0000] {logging_mixin.py:190} INFO - Task instance is in running state
[2025-02-07T22:14:20.551+0000] {logging_mixin.py:190} INFO -  Previous state of the Task instance: queued
[2025-02-07T22:14:20.554+0000] {logging_mixin.py:190} INFO - Current task name:transform state:running start_date:2025-02-07 22:14:19.944256+00:00
[2025-02-07T22:14:20.555+0000] {logging_mixin.py:190} INFO - Dag name:crypto_price_etl and current dag run status:running
[2025-02-07T22:14:20.556+0000] {taskinstance.py:731} INFO - ::endgroup::
[2025-02-07T22:14:20.843+0000] {python.py:240} INFO - Done. Returned value was: None
[2025-02-07T22:14:20.887+0000] {taskinstance.py:340} INFO - ::group::Post task execution logs
[2025-02-07T22:14:20.888+0000] {taskinstance.py:352} INFO - Marking task as SUCCESS. dag_id=crypto_price_etl, task_id=transform, run_id=scheduled__2025-01-10T00:00:00+00:00, execution_date=20250110T000000, start_date=20250207T221419, end_date=20250207T221420
[2025-02-07T22:14:20.927+0000] {logging_mixin.py:190} INFO - Task instance in success state
[2025-02-07T22:14:20.928+0000] {logging_mixin.py:190} INFO -  Previous state of the Task instance: running
[2025-02-07T22:14:20.929+0000] {logging_mixin.py:190} INFO - Dag name:crypto_price_etl queued_at:2025-02-07 22:14:05.440646+00:00
[2025-02-07T22:14:20.930+0000] {logging_mixin.py:190} INFO - Task hostname:f4ec8002467d operator:PythonOperator
[2025-02-07T22:14:20.979+0000] {local_task_job_runner.py:266} INFO - Task exited with return code 0
[2025-02-07T22:14:21.051+0000] {taskinstance.py:3900} INFO - 1 downstream tasks scheduled from follow-on schedule check
[2025-02-07T22:14:21.063+0000] {local_task_job_runner.py:245} INFO - ::endgroup::
