[2025-02-07T22:14:08.795+0000] {local_task_job_runner.py:123} INFO - ::group::Pre task execution logs
[2025-02-07T22:14:08.855+0000] {taskinstance.py:2612} INFO - Dependencies all met for dep_context=non-requeueable deps ti=<TaskInstance: crypto_price_etl.extract scheduled__2025-01-06T00:00:00+00:00 [queued]>
[2025-02-07T22:14:08.905+0000] {taskinstance.py:2612} INFO - Dependencies all met for dep_context=requeueable deps ti=<TaskInstance: crypto_price_etl.extract scheduled__2025-01-06T00:00:00+00:00 [queued]>
[2025-02-07T22:14:08.907+0000] {taskinstance.py:2865} INFO - Starting attempt 1 of 2
[2025-02-07T22:14:09.031+0000] {taskinstance.py:2888} INFO - Executing <Task(PythonOperator): extract> on 2025-01-06 00:00:00+00:00
[2025-02-07T22:14:09.088+0000] {warnings.py:112} WARNING - /home/***/.local/lib/python3.12/site-packages/***/task/task_runner/standard_task_runner.py:70: DeprecationWarning: This process (pid=377) is multi-threaded, use of fork() may lead to deadlocks in the child.
  pid = os.fork()

[2025-02-07T22:14:09.070+0000] {standard_task_runner.py:104} INFO - Running: ['***', 'tasks', 'run', 'crypto_price_etl', 'extract', 'scheduled__2025-01-06T00:00:00+00:00', '--job-id', '189', '--raw', '--subdir', 'DAGS_FOLDER/crypto_dag.py', '--cfg-path', '/tmp/tmpxrmc3fav']
[2025-02-07T22:14:09.093+0000] {standard_task_runner.py:105} INFO - Job 189: Subtask extract
[2025-02-07T22:14:09.091+0000] {standard_task_runner.py:72} INFO - Started process 405 to run task
[2025-02-07T22:14:09.345+0000] {task_command.py:467} INFO - Running <TaskInstance: crypto_price_etl.extract scheduled__2025-01-06T00:00:00+00:00 [running]> on host f4ec8002467d
[2025-02-07T22:14:09.726+0000] {taskinstance.py:3131} INFO - Exporting env vars: AIRFLOW_CTX_DAG_OWNER='***' AIRFLOW_CTX_DAG_ID='crypto_price_etl' AIRFLOW_CTX_TASK_ID='extract' AIRFLOW_CTX_EXECUTION_DATE='2025-01-06T00:00:00+00:00' AIRFLOW_CTX_TRY_NUMBER='1' AIRFLOW_CTX_DAG_RUN_ID='scheduled__2025-01-06T00:00:00+00:00'
[2025-02-07T22:14:09.734+0000] {logging_mixin.py:190} INFO - Task instance is in running state
[2025-02-07T22:14:09.743+0000] {logging_mixin.py:190} INFO -  Previous state of the Task instance: queued
[2025-02-07T22:14:09.745+0000] {logging_mixin.py:190} INFO - Current task name:extract state:running start_date:2025-02-07 22:14:08.872977+00:00
[2025-02-07T22:14:09.748+0000] {logging_mixin.py:190} INFO - Dag name:crypto_price_etl and current dag run status:running
[2025-02-07T22:14:09.749+0000] {taskinstance.py:731} INFO - ::endgroup::
[2025-02-07T22:14:10.034+0000] {python.py:240} INFO - Done. Returned value was: None
[2025-02-07T22:14:10.065+0000] {taskinstance.py:340} INFO - ::group::Post task execution logs
[2025-02-07T22:14:10.068+0000] {taskinstance.py:352} INFO - Marking task as SUCCESS. dag_id=crypto_price_etl, task_id=extract, run_id=scheduled__2025-01-06T00:00:00+00:00, execution_date=20250106T000000, start_date=20250207T221408, end_date=20250207T221410
[2025-02-07T22:14:10.094+0000] {logging_mixin.py:190} INFO - Task instance in success state
[2025-02-07T22:14:10.101+0000] {logging_mixin.py:190} INFO -  Previous state of the Task instance: running
[2025-02-07T22:14:10.116+0000] {logging_mixin.py:190} INFO - Dag name:crypto_price_etl queued_at:2025-02-07 22:14:04.370713+00:00
[2025-02-07T22:14:10.117+0000] {logging_mixin.py:190} INFO - Task hostname:f4ec8002467d operator:PythonOperator
[2025-02-07T22:14:10.189+0000] {local_task_job_runner.py:266} INFO - Task exited with return code 0
[2025-02-07T22:14:10.277+0000] {taskinstance.py:3900} INFO - 1 downstream tasks scheduled from follow-on schedule check
[2025-02-07T22:14:10.285+0000] {local_task_job_runner.py:245} INFO - ::endgroup::
