[2024-11-23T11:39:55.189+0000] {local_task_job_runner.py:123} INFO - ::group::Pre task execution logs
[2024-11-23T11:39:55.211+0000] {taskinstance.py:2612} INFO - Dependencies all met for dep_context=non-requeueable deps ti=<TaskInstance: crypto_price_etl.load manual__2024-11-23T11:39:48.074061+00:00 [queued]>
[2024-11-23T11:39:55.222+0000] {taskinstance.py:2612} INFO - Dependencies all met for dep_context=requeueable deps ti=<TaskInstance: crypto_price_etl.load manual__2024-11-23T11:39:48.074061+00:00 [queued]>
[2024-11-23T11:39:55.224+0000] {taskinstance.py:2865} INFO - Starting attempt 1 of 2
[2024-11-23T11:39:55.240+0000] {taskinstance.py:2888} INFO - Executing <Task(PythonOperator): load> on 2024-11-23 11:39:48.074061+00:00
[2024-11-23T11:39:55.247+0000] {warnings.py:112} WARNING - /home/***/.local/lib/python3.12/site-packages/***/task/task_runner/standard_task_runner.py:70: DeprecationWarning: This process (pid=1966) is multi-threaded, use of fork() may lead to deadlocks in the child.
  pid = os.fork()

[2024-11-23T11:39:55.250+0000] {standard_task_runner.py:72} INFO - Started process 1968 to run task
[2024-11-23T11:39:55.251+0000] {standard_task_runner.py:104} INFO - Running: ['***', 'tasks', 'run', 'crypto_price_etl', 'load', 'manual__2024-11-23T11:39:48.074061+00:00', '--job-id', '36', '--raw', '--subdir', 'DAGS_FOLDER/crypto_dag.py', '--cfg-path', '/tmp/tmp4fy2zlg4']
[2024-11-23T11:39:55.254+0000] {standard_task_runner.py:105} INFO - Job 36: Subtask load
[2024-11-23T11:39:55.307+0000] {task_command.py:467} INFO - Running <TaskInstance: crypto_price_etl.load manual__2024-11-23T11:39:48.074061+00:00 [running]> on host f4ec8002467d
[2024-11-23T11:39:55.436+0000] {taskinstance.py:3131} INFO - Exporting env vars: AIRFLOW_CTX_DAG_OWNER='***' AIRFLOW_CTX_DAG_ID='crypto_price_etl' AIRFLOW_CTX_TASK_ID='load' AIRFLOW_CTX_EXECUTION_DATE='2024-11-23T11:39:48.074061+00:00' AIRFLOW_CTX_TRY_NUMBER='1' AIRFLOW_CTX_DAG_RUN_ID='manual__2024-11-23T11:39:48.074061+00:00'
[2024-11-23T11:39:55.438+0000] {logging_mixin.py:190} INFO - Task instance is in running state
[2024-11-23T11:39:55.439+0000] {logging_mixin.py:190} INFO -  Previous state of the Task instance: queued
[2024-11-23T11:39:55.440+0000] {logging_mixin.py:190} INFO - Current task name:load state:running start_date:2024-11-23 11:39:55.212176+00:00
[2024-11-23T11:39:55.441+0000] {logging_mixin.py:190} INFO - Dag name:crypto_price_etl and current dag run status:running
[2024-11-23T11:39:55.441+0000] {taskinstance.py:731} INFO - ::endgroup::
[2024-11-23T11:39:55.517+0000] {base.py:84} INFO - Retrieving connection 'mysql_conn_id'
[2024-11-23T11:39:55.535+0000] {base.py:84} INFO - Retrieving connection 'mysql_conn_id'
[2024-11-23T11:39:55.662+0000] {python.py:240} INFO - Done. Returned value was: None
[2024-11-23T11:39:55.675+0000] {taskinstance.py:340} INFO - ::group::Post task execution logs
[2024-11-23T11:39:55.675+0000] {taskinstance.py:352} INFO - Marking task as SUCCESS. dag_id=crypto_price_etl, task_id=load, run_id=manual__2024-11-23T11:39:48.074061+00:00, execution_date=20241123T113948, start_date=20241123T113955, end_date=20241123T113955
[2024-11-23T11:39:55.688+0000] {logging_mixin.py:190} INFO - Task instance in success state
[2024-11-23T11:39:55.689+0000] {logging_mixin.py:190} INFO -  Previous state of the Task instance: running
[2024-11-23T11:39:55.691+0000] {logging_mixin.py:190} INFO - Dag name:crypto_price_etl queued_at:2024-11-23 11:39:48.085666+00:00
[2024-11-23T11:39:55.691+0000] {logging_mixin.py:190} INFO - Task hostname:f4ec8002467d operator:PythonOperator
[2024-11-23T11:39:55.709+0000] {local_task_job_runner.py:266} INFO - Task exited with return code 0
[2024-11-23T11:39:55.728+0000] {taskinstance.py:3900} INFO - 0 downstream tasks scheduled from follow-on schedule check
[2024-11-23T11:39:55.731+0000] {local_task_job_runner.py:245} INFO - ::endgroup::
