[2025-02-07T22:19:51.039+0000] {local_task_job_runner.py:123} INFO - ::group::Pre task execution logs
[2025-02-07T22:19:51.075+0000] {taskinstance.py:2612} INFO - Dependencies all met for dep_context=non-requeueable deps ti=<TaskInstance: crypto_price_etl.extract scheduled__2025-01-29T00:00:00+00:00 [queued]>
[2025-02-07T22:19:51.098+0000] {taskinstance.py:2612} INFO - Dependencies all met for dep_context=requeueable deps ti=<TaskInstance: crypto_price_etl.extract scheduled__2025-01-29T00:00:00+00:00 [queued]>
[2025-02-07T22:19:51.100+0000] {taskinstance.py:2865} INFO - Starting attempt 1 of 2
[2025-02-07T22:19:51.131+0000] {taskinstance.py:2888} INFO - Executing <Task(PythonOperator): extract> on 2025-01-29 00:00:00+00:00
[2025-02-07T22:19:51.149+0000] {warnings.py:112} WARNING - /home/***/.local/lib/python3.12/site-packages/***/task/task_runner/standard_task_runner.py:70: DeprecationWarning: This process (pid=913) is multi-threaded, use of fork() may lead to deadlocks in the child.
  pid = os.fork()

[2025-02-07T22:19:51.153+0000] {standard_task_runner.py:72} INFO - Started process 933 to run task
[2025-02-07T22:19:51.157+0000] {standard_task_runner.py:104} INFO - Running: ['***', 'tasks', 'run', 'crypto_price_etl', 'extract', 'scheduled__2025-01-29T00:00:00+00:00', '--job-id', '262', '--raw', '--subdir', 'DAGS_FOLDER/crypto_dag.py', '--cfg-path', '/tmp/tmp_i_ik4m3']
[2025-02-07T22:19:51.159+0000] {standard_task_runner.py:105} INFO - Job 262: Subtask extract
[2025-02-07T22:19:51.246+0000] {task_command.py:467} INFO - Running <TaskInstance: crypto_price_etl.extract scheduled__2025-01-29T00:00:00+00:00 [running]> on host f4ec8002467d
[2025-02-07T22:19:51.413+0000] {taskinstance.py:3131} INFO - Exporting env vars: AIRFLOW_CTX_DAG_OWNER='***' AIRFLOW_CTX_DAG_ID='crypto_price_etl' AIRFLOW_CTX_TASK_ID='extract' AIRFLOW_CTX_EXECUTION_DATE='2025-01-29T00:00:00+00:00' AIRFLOW_CTX_TRY_NUMBER='1' AIRFLOW_CTX_DAG_RUN_ID='scheduled__2025-01-29T00:00:00+00:00'
[2025-02-07T22:19:51.415+0000] {logging_mixin.py:190} INFO - Task instance is in running state
[2025-02-07T22:19:51.416+0000] {logging_mixin.py:190} INFO -  Previous state of the Task instance: queued
[2025-02-07T22:19:51.418+0000] {logging_mixin.py:190} INFO - Current task name:extract state:running start_date:2025-02-07 22:19:51.076917+00:00
[2025-02-07T22:19:51.418+0000] {logging_mixin.py:190} INFO - Dag name:crypto_price_etl and current dag run status:running
[2025-02-07T22:19:51.419+0000] {taskinstance.py:731} INFO - ::endgroup::
[2025-02-07T22:19:51.611+0000] {python.py:240} INFO - Done. Returned value was: None
[2025-02-07T22:19:51.631+0000] {taskinstance.py:340} INFO - ::group::Post task execution logs
[2025-02-07T22:19:51.632+0000] {taskinstance.py:352} INFO - Marking task as SUCCESS. dag_id=crypto_price_etl, task_id=extract, run_id=scheduled__2025-01-29T00:00:00+00:00, execution_date=20250129T000000, start_date=20250207T221951, end_date=20250207T221951
[2025-02-07T22:19:51.659+0000] {logging_mixin.py:190} INFO - Task instance in success state
[2025-02-07T22:19:51.660+0000] {logging_mixin.py:190} INFO -  Previous state of the Task instance: running
[2025-02-07T22:19:51.661+0000] {logging_mixin.py:190} INFO - Dag name:crypto_price_etl queued_at:2025-02-07 22:19:46.481299+00:00
[2025-02-07T22:19:51.662+0000] {logging_mixin.py:190} INFO - Task hostname:f4ec8002467d operator:PythonOperator
[2025-02-07T22:19:51.721+0000] {local_task_job_runner.py:266} INFO - Task exited with return code 0
[2025-02-07T22:19:51.749+0000] {local_task_job_runner.py:245} INFO - ::endgroup::
