[2025-02-07T22:08:43.456+0000] {local_task_job_runner.py:123} INFO - ::group::Pre task execution logs
[2025-02-07T22:08:43.567+0000] {taskinstance.py:2612} INFO - Dependencies all met for dep_context=non-requeueable deps ti=<TaskInstance: crypto_price_etl.extract scheduled__2024-12-30T00:00:00+00:00 [queued]>
[2025-02-07T22:08:43.635+0000] {taskinstance.py:2612} INFO - Dependencies all met for dep_context=requeueable deps ti=<TaskInstance: crypto_price_etl.extract scheduled__2024-12-30T00:00:00+00:00 [queued]>
[2025-02-07T22:08:43.638+0000] {taskinstance.py:2865} INFO - Starting attempt 1 of 2
[2025-02-07T22:08:43.807+0000] {taskinstance.py:2888} INFO - Executing <Task(PythonOperator): extract> on 2024-12-30 00:00:00+00:00
[2025-02-07T22:08:43.838+0000] {warnings.py:112} WARNING - /home/***/.local/lib/python3.12/site-packages/***/task/task_runner/standard_task_runner.py:70: DeprecationWarning: This process (pid=68) is multi-threaded, use of fork() may lead to deadlocks in the child.
  pid = os.fork()

[2025-02-07T22:08:43.924+0000] {standard_task_runner.py:72} INFO - Started process 99 to run task
[2025-02-07T22:08:43.863+0000] {standard_task_runner.py:104} INFO - Running: ['***', 'tasks', 'run', 'crypto_price_etl', 'extract', 'scheduled__2024-12-30T00:00:00+00:00', '--job-id', '140', '--raw', '--subdir', 'DAGS_FOLDER/crypto_dag.py', '--cfg-path', '/tmp/tmpubntz7s4']
[2025-02-07T22:08:43.969+0000] {standard_task_runner.py:105} INFO - Job 140: Subtask extract
[2025-02-07T22:08:44.475+0000] {task_command.py:467} INFO - Running <TaskInstance: crypto_price_etl.extract scheduled__2024-12-30T00:00:00+00:00 [running]> on host f4ec8002467d
[2025-02-07T22:08:44.992+0000] {taskinstance.py:3131} INFO - Exporting env vars: AIRFLOW_CTX_DAG_OWNER='***' AIRFLOW_CTX_DAG_ID='crypto_price_etl' AIRFLOW_CTX_TASK_ID='extract' AIRFLOW_CTX_EXECUTION_DATE='2024-12-30T00:00:00+00:00' AIRFLOW_CTX_TRY_NUMBER='1' AIRFLOW_CTX_DAG_RUN_ID='scheduled__2024-12-30T00:00:00+00:00'
[2025-02-07T22:08:45.015+0000] {logging_mixin.py:190} INFO - Task instance is in running state
[2025-02-07T22:08:45.025+0000] {logging_mixin.py:190} INFO -  Previous state of the Task instance: queued
[2025-02-07T22:08:45.028+0000] {logging_mixin.py:190} INFO - Current task name:extract state:running start_date:2025-02-07 22:08:43.576091+00:00
[2025-02-07T22:08:45.031+0000] {logging_mixin.py:190} INFO - Dag name:crypto_price_etl and current dag run status:running
[2025-02-07T22:08:45.035+0000] {taskinstance.py:731} INFO - ::endgroup::
[2025-02-07T22:08:45.474+0000] {python.py:240} INFO - Done. Returned value was: None
[2025-02-07T22:08:45.512+0000] {taskinstance.py:340} INFO - ::group::Post task execution logs
[2025-02-07T22:08:45.529+0000] {taskinstance.py:352} INFO - Marking task as SUCCESS. dag_id=crypto_price_etl, task_id=extract, run_id=scheduled__2024-12-30T00:00:00+00:00, execution_date=20241230T000000, start_date=20250207T220843, end_date=20250207T220845
[2025-02-07T22:08:45.590+0000] {logging_mixin.py:190} INFO - Task instance in success state
[2025-02-07T22:08:45.600+0000] {logging_mixin.py:190} INFO -  Previous state of the Task instance: running
[2025-02-07T22:08:45.601+0000] {logging_mixin.py:190} INFO - Dag name:crypto_price_etl queued_at:2025-02-07 22:08:32.631365+00:00
[2025-02-07T22:08:45.602+0000] {logging_mixin.py:190} INFO - Task hostname:f4ec8002467d operator:PythonOperator
[2025-02-07T22:08:45.673+0000] {local_task_job_runner.py:266} INFO - Task exited with return code 0
[2025-02-07T22:08:45.717+0000] {local_task_job_runner.py:245} INFO - ::endgroup::
