[2024-11-23T11:37:56.325+0000] {local_task_job_runner.py:123} INFO - ::group::Pre task execution logs
[2024-11-23T11:37:56.346+0000] {taskinstance.py:2612} INFO - Dependencies all met for dep_context=non-requeueable deps ti=<TaskInstance: crypto_price_etl.extract manual__2024-11-23T11:37:54.321808+00:00 [queued]>
[2024-11-23T11:37:56.361+0000] {taskinstance.py:2612} INFO - Dependencies all met for dep_context=requeueable deps ti=<TaskInstance: crypto_price_etl.extract manual__2024-11-23T11:37:54.321808+00:00 [queued]>
[2024-11-23T11:37:56.362+0000] {taskinstance.py:2865} INFO - Starting attempt 1 of 2
[2024-11-23T11:37:56.379+0000] {taskinstance.py:2888} INFO - Executing <Task(PythonOperator): extract> on 2024-11-23 11:37:54.321808+00:00
[2024-11-23T11:37:56.385+0000] {warnings.py:112} WARNING - /home/***/.local/lib/python3.12/site-packages/***/task/task_runner/standard_task_runner.py:70: DeprecationWarning: This process (pid=1929) is multi-threaded, use of fork() may lead to deadlocks in the child.
  pid = os.fork()

[2024-11-23T11:37:56.387+0000] {standard_task_runner.py:72} INFO - Started process 1931 to run task
[2024-11-23T11:37:56.388+0000] {standard_task_runner.py:104} INFO - Running: ['***', 'tasks', 'run', 'crypto_price_etl', 'extract', 'manual__2024-11-23T11:37:54.321808+00:00', '--job-id', '32', '--raw', '--subdir', 'DAGS_FOLDER/crypto_dag.py', '--cfg-path', '/tmp/tmp4mqclpf9']
[2024-11-23T11:37:56.389+0000] {standard_task_runner.py:105} INFO - Job 32: Subtask extract
[2024-11-23T11:37:56.442+0000] {task_command.py:467} INFO - Running <TaskInstance: crypto_price_etl.extract manual__2024-11-23T11:37:54.321808+00:00 [running]> on host f4ec8002467d
[2024-11-23T11:37:56.537+0000] {taskinstance.py:3131} INFO - Exporting env vars: AIRFLOW_CTX_DAG_OWNER='***' AIRFLOW_CTX_DAG_ID='crypto_price_etl' AIRFLOW_CTX_TASK_ID='extract' AIRFLOW_CTX_EXECUTION_DATE='2024-11-23T11:37:54.321808+00:00' AIRFLOW_CTX_TRY_NUMBER='1' AIRFLOW_CTX_DAG_RUN_ID='manual__2024-11-23T11:37:54.321808+00:00'
[2024-11-23T11:37:56.540+0000] {logging_mixin.py:190} INFO - Task instance is in running state
[2024-11-23T11:37:56.541+0000] {logging_mixin.py:190} INFO -  Previous state of the Task instance: queued
[2024-11-23T11:37:56.541+0000] {logging_mixin.py:190} INFO - Current task name:extract state:running start_date:2024-11-23 11:37:56.347657+00:00
[2024-11-23T11:37:56.542+0000] {logging_mixin.py:190} INFO - Dag name:crypto_price_etl and current dag run status:running
[2024-11-23T11:37:56.543+0000] {taskinstance.py:731} INFO - ::endgroup::
[2024-11-23T11:37:56.782+0000] {python.py:240} INFO - Done. Returned value was: None
[2024-11-23T11:37:56.794+0000] {taskinstance.py:340} INFO - ::group::Post task execution logs
[2024-11-23T11:37:56.795+0000] {taskinstance.py:352} INFO - Marking task as SUCCESS. dag_id=crypto_price_etl, task_id=extract, run_id=manual__2024-11-23T11:37:54.321808+00:00, execution_date=20241123T113754, start_date=20241123T113756, end_date=20241123T113756
[2024-11-23T11:37:56.809+0000] {logging_mixin.py:190} INFO - Task instance in success state
[2024-11-23T11:37:56.810+0000] {logging_mixin.py:190} INFO -  Previous state of the Task instance: running
[2024-11-23T11:37:56.811+0000] {logging_mixin.py:190} INFO - Dag name:crypto_price_etl queued_at:2024-11-23 11:37:54.345383+00:00
[2024-11-23T11:37:56.812+0000] {logging_mixin.py:190} INFO - Task hostname:f4ec8002467d operator:PythonOperator
[2024-11-23T11:37:56.844+0000] {local_task_job_runner.py:266} INFO - Task exited with return code 0
[2024-11-23T11:37:56.875+0000] {taskinstance.py:3900} INFO - 1 downstream tasks scheduled from follow-on schedule check
[2024-11-23T11:37:56.878+0000] {local_task_job_runner.py:245} INFO - ::endgroup::
