[2025-02-07T22:14:13.538+0000] {local_task_job_runner.py:123} INFO - ::group::Pre task execution logs
[2025-02-07T22:14:13.596+0000] {taskinstance.py:2612} INFO - Dependencies all met for dep_context=non-requeueable deps ti=<TaskInstance: crypto_price_etl.extract scheduled__2025-01-13T00:00:00+00:00 [queued]>
[2025-02-07T22:14:13.635+0000] {taskinstance.py:2612} INFO - Dependencies all met for dep_context=requeueable deps ti=<TaskInstance: crypto_price_etl.extract scheduled__2025-01-13T00:00:00+00:00 [queued]>
[2025-02-07T22:14:13.673+0000] {taskinstance.py:2865} INFO - Starting attempt 1 of 2
[2025-02-07T22:14:13.726+0000] {taskinstance.py:2888} INFO - Executing <Task(PythonOperator): extract> on 2025-01-13 00:00:00+00:00
[2025-02-07T22:14:13.770+0000] {warnings.py:112} WARNING - /home/***/.local/lib/python3.12/site-packages/***/task/task_runner/standard_task_runner.py:70: DeprecationWarning: This process (pid=391) is multi-threaded, use of fork() may lead to deadlocks in the child.
  pid = os.fork()

[2025-02-07T22:14:13.803+0000] {standard_task_runner.py:72} INFO - Started process 458 to run task
[2025-02-07T22:14:13.803+0000] {standard_task_runner.py:104} INFO - Running: ['***', 'tasks', 'run', 'crypto_price_etl', 'extract', 'scheduled__2025-01-13T00:00:00+00:00', '--job-id', '196', '--raw', '--subdir', 'DAGS_FOLDER/crypto_dag.py', '--cfg-path', '/tmp/tmp2uj5l63d']
[2025-02-07T22:14:13.815+0000] {standard_task_runner.py:105} INFO - Job 196: Subtask extract
[2025-02-07T22:14:14.159+0000] {task_command.py:467} INFO - Running <TaskInstance: crypto_price_etl.extract scheduled__2025-01-13T00:00:00+00:00 [running]> on host f4ec8002467d
[2025-02-07T22:14:14.651+0000] {taskinstance.py:3131} INFO - Exporting env vars: AIRFLOW_CTX_DAG_OWNER='***' AIRFLOW_CTX_DAG_ID='crypto_price_etl' AIRFLOW_CTX_TASK_ID='extract' AIRFLOW_CTX_EXECUTION_DATE='2025-01-13T00:00:00+00:00' AIRFLOW_CTX_TRY_NUMBER='1' AIRFLOW_CTX_DAG_RUN_ID='scheduled__2025-01-13T00:00:00+00:00'
[2025-02-07T22:14:14.656+0000] {logging_mixin.py:190} INFO - Task instance is in running state
[2025-02-07T22:14:14.665+0000] {logging_mixin.py:190} INFO -  Previous state of the Task instance: queued
[2025-02-07T22:14:14.671+0000] {logging_mixin.py:190} INFO - Current task name:extract state:running start_date:2025-02-07 22:14:13.602307+00:00
[2025-02-07T22:14:14.674+0000] {logging_mixin.py:190} INFO - Dag name:crypto_price_etl and current dag run status:running
[2025-02-07T22:14:14.675+0000] {taskinstance.py:731} INFO - ::endgroup::
[2025-02-07T22:14:14.957+0000] {python.py:240} INFO - Done. Returned value was: None
[2025-02-07T22:14:14.999+0000] {taskinstance.py:340} INFO - ::group::Post task execution logs
[2025-02-07T22:14:15.003+0000] {taskinstance.py:352} INFO - Marking task as SUCCESS. dag_id=crypto_price_etl, task_id=extract, run_id=scheduled__2025-01-13T00:00:00+00:00, execution_date=20250113T000000, start_date=20250207T221413, end_date=20250207T221415
[2025-02-07T22:14:15.061+0000] {logging_mixin.py:190} INFO - Task instance in success state
[2025-02-07T22:14:15.064+0000] {logging_mixin.py:190} INFO -  Previous state of the Task instance: running
[2025-02-07T22:14:15.074+0000] {logging_mixin.py:190} INFO - Dag name:crypto_price_etl queued_at:2025-02-07 22:14:06.498357+00:00
[2025-02-07T22:14:15.079+0000] {logging_mixin.py:190} INFO - Task hostname:f4ec8002467d operator:PythonOperator
[2025-02-07T22:14:15.133+0000] {local_task_job_runner.py:266} INFO - Task exited with return code 0
[2025-02-07T22:14:15.183+0000] {local_task_job_runner.py:245} INFO - ::endgroup::
