[2024-12-21T11:19:35.199+0000] {processor.py:186} INFO - Started process (PID=89) to work on /home/airflow/.local/lib/python3.12/site-packages/airflow/example_dags/example_branch_operator.py
[2024-12-21T11:19:35.201+0000] {processor.py:914} INFO - Processing file /home/airflow/.local/lib/python3.12/site-packages/airflow/example_dags/example_branch_operator.py for tasks to queue
[2024-12-21T11:19:35.204+0000] {logging_mixin.py:190} INFO - [2024-12-21T11:19:35.203+0000] {dagbag.py:588} INFO - Filling up the DagBag from /home/airflow/.local/lib/python3.12/site-packages/airflow/example_dags/example_branch_operator.py
[2024-12-21T11:19:35.234+0000] {processor.py:925} INFO - DAG(s) 'example_branch_operator' retrieved from /home/airflow/.local/lib/python3.12/site-packages/airflow/example_dags/example_branch_operator.py
[2024-12-21T11:19:35.434+0000] {logging_mixin.py:190} INFO - [2024-12-21T11:19:35.433+0000] {dag.py:3239} INFO - Sync 1 DAGs
[2024-12-21T11:19:35.484+0000] {logging_mixin.py:190} INFO - [2024-12-21T11:19:35.484+0000] {dag.py:4180} INFO - Setting next_dagrun for example_branch_operator to 2024-12-20 00:00:00+00:00, run_after=2024-12-21 00:00:00+00:00
[2024-12-21T11:19:35.536+0000] {processor.py:208} INFO - Processing /home/airflow/.local/lib/python3.12/site-packages/airflow/example_dags/example_branch_operator.py took 0.345 seconds
[2024-12-21T11:20:05.592+0000] {processor.py:186} INFO - Started process (PID=182) to work on /home/airflow/.local/lib/python3.12/site-packages/airflow/example_dags/example_branch_operator.py
[2024-12-21T11:20:05.594+0000] {processor.py:914} INFO - Processing file /home/airflow/.local/lib/python3.12/site-packages/airflow/example_dags/example_branch_operator.py for tasks to queue
[2024-12-21T11:20:05.596+0000] {logging_mixin.py:190} INFO - [2024-12-21T11:20:05.596+0000] {dagbag.py:588} INFO - Filling up the DagBag from /home/airflow/.local/lib/python3.12/site-packages/airflow/example_dags/example_branch_operator.py
[2024-12-21T11:20:05.618+0000] {processor.py:925} INFO - DAG(s) 'example_branch_operator' retrieved from /home/airflow/.local/lib/python3.12/site-packages/airflow/example_dags/example_branch_operator.py
[2024-12-21T11:20:05.663+0000] {logging_mixin.py:190} INFO - [2024-12-21T11:20:05.663+0000] {dag.py:3239} INFO - Sync 1 DAGs
[2024-12-21T11:20:05.693+0000] {logging_mixin.py:190} INFO - [2024-12-21T11:20:05.693+0000] {dag.py:4180} INFO - Setting next_dagrun for example_branch_operator to 2024-12-20 00:00:00+00:00, run_after=2024-12-21 00:00:00+00:00
[2024-12-21T11:20:05.717+0000] {processor.py:208} INFO - Processing /home/airflow/.local/lib/python3.12/site-packages/airflow/example_dags/example_branch_operator.py took 0.131 seconds
[2024-12-21T11:20:36.054+0000] {processor.py:186} INFO - Started process (PID=247) to work on /home/airflow/.local/lib/python3.12/site-packages/airflow/example_dags/example_branch_operator.py
[2024-12-21T11:20:36.056+0000] {processor.py:914} INFO - Processing file /home/airflow/.local/lib/python3.12/site-packages/airflow/example_dags/example_branch_operator.py for tasks to queue
[2024-12-21T11:20:36.058+0000] {logging_mixin.py:190} INFO - [2024-12-21T11:20:36.058+0000] {dagbag.py:588} INFO - Filling up the DagBag from /home/airflow/.local/lib/python3.12/site-packages/airflow/example_dags/example_branch_operator.py
[2024-12-21T11:20:36.080+0000] {processor.py:925} INFO - DAG(s) 'example_branch_operator' retrieved from /home/airflow/.local/lib/python3.12/site-packages/airflow/example_dags/example_branch_operator.py
[2024-12-21T11:20:36.123+0000] {logging_mixin.py:190} INFO - [2024-12-21T11:20:36.122+0000] {dag.py:3239} INFO - Sync 1 DAGs
[2024-12-21T11:20:36.156+0000] {logging_mixin.py:190} INFO - [2024-12-21T11:20:36.155+0000] {dag.py:4180} INFO - Setting next_dagrun for example_branch_operator to 2024-12-20 00:00:00+00:00, run_after=2024-12-21 00:00:00+00:00
[2024-12-21T11:20:36.177+0000] {processor.py:208} INFO - Processing /home/airflow/.local/lib/python3.12/site-packages/airflow/example_dags/example_branch_operator.py took 0.132 seconds
[2024-12-21T11:21:06.780+0000] {processor.py:186} INFO - Started process (PID=313) to work on /home/airflow/.local/lib/python3.12/site-packages/airflow/example_dags/example_branch_operator.py
[2024-12-21T11:21:06.782+0000] {processor.py:914} INFO - Processing file /home/airflow/.local/lib/python3.12/site-packages/airflow/example_dags/example_branch_operator.py for tasks to queue
[2024-12-21T11:21:06.784+0000] {logging_mixin.py:190} INFO - [2024-12-21T11:21:06.784+0000] {dagbag.py:588} INFO - Filling up the DagBag from /home/airflow/.local/lib/python3.12/site-packages/airflow/example_dags/example_branch_operator.py
[2024-12-21T11:21:06.804+0000] {processor.py:925} INFO - DAG(s) 'example_branch_operator' retrieved from /home/airflow/.local/lib/python3.12/site-packages/airflow/example_dags/example_branch_operator.py
[2024-12-21T11:21:06.839+0000] {logging_mixin.py:190} INFO - [2024-12-21T11:21:06.839+0000] {dag.py:3239} INFO - Sync 1 DAGs
[2024-12-21T11:21:06.869+0000] {logging_mixin.py:190} INFO - [2024-12-21T11:21:06.869+0000] {dag.py:4180} INFO - Setting next_dagrun for example_branch_operator to 2024-12-20 00:00:00+00:00, run_after=2024-12-21 00:00:00+00:00
[2024-12-21T11:21:06.890+0000] {processor.py:208} INFO - Processing /home/airflow/.local/lib/python3.12/site-packages/airflow/example_dags/example_branch_operator.py took 0.117 seconds
[2024-12-21T11:21:37.556+0000] {processor.py:186} INFO - Started process (PID=378) to work on /home/airflow/.local/lib/python3.12/site-packages/airflow/example_dags/example_branch_operator.py
[2024-12-21T11:21:37.557+0000] {processor.py:914} INFO - Processing file /home/airflow/.local/lib/python3.12/site-packages/airflow/example_dags/example_branch_operator.py for tasks to queue
[2024-12-21T11:21:37.560+0000] {logging_mixin.py:190} INFO - [2024-12-21T11:21:37.559+0000] {dagbag.py:588} INFO - Filling up the DagBag from /home/airflow/.local/lib/python3.12/site-packages/airflow/example_dags/example_branch_operator.py
[2024-12-21T11:21:37.587+0000] {processor.py:925} INFO - DAG(s) 'example_branch_operator' retrieved from /home/airflow/.local/lib/python3.12/site-packages/airflow/example_dags/example_branch_operator.py
[2024-12-21T11:21:37.620+0000] {logging_mixin.py:190} INFO - [2024-12-21T11:21:37.620+0000] {dag.py:3239} INFO - Sync 1 DAGs
[2024-12-21T11:21:37.647+0000] {logging_mixin.py:190} INFO - [2024-12-21T11:21:37.646+0000] {dag.py:4180} INFO - Setting next_dagrun for example_branch_operator to 2024-12-20 00:00:00+00:00, run_after=2024-12-21 00:00:00+00:00
[2024-12-21T11:21:37.667+0000] {processor.py:208} INFO - Processing /home/airflow/.local/lib/python3.12/site-packages/airflow/example_dags/example_branch_operator.py took 0.118 seconds
[2024-12-21T11:22:08.118+0000] {processor.py:186} INFO - Started process (PID=444) to work on /home/airflow/.local/lib/python3.12/site-packages/airflow/example_dags/example_branch_operator.py
[2024-12-21T11:22:08.119+0000] {processor.py:914} INFO - Processing file /home/airflow/.local/lib/python3.12/site-packages/airflow/example_dags/example_branch_operator.py for tasks to queue
[2024-12-21T11:22:08.122+0000] {logging_mixin.py:190} INFO - [2024-12-21T11:22:08.122+0000] {dagbag.py:588} INFO - Filling up the DagBag from /home/airflow/.local/lib/python3.12/site-packages/airflow/example_dags/example_branch_operator.py
[2024-12-21T11:22:08.152+0000] {processor.py:925} INFO - DAG(s) 'example_branch_operator' retrieved from /home/airflow/.local/lib/python3.12/site-packages/airflow/example_dags/example_branch_operator.py
[2024-12-21T11:22:08.191+0000] {logging_mixin.py:190} INFO - [2024-12-21T11:22:08.191+0000] {dag.py:3239} INFO - Sync 1 DAGs
[2024-12-21T11:22:08.222+0000] {logging_mixin.py:190} INFO - [2024-12-21T11:22:08.221+0000] {dag.py:4180} INFO - Setting next_dagrun for example_branch_operator to 2024-12-20 00:00:00+00:00, run_after=2024-12-21 00:00:00+00:00
[2024-12-21T11:22:08.241+0000] {processor.py:208} INFO - Processing /home/airflow/.local/lib/python3.12/site-packages/airflow/example_dags/example_branch_operator.py took 0.131 seconds
[2024-12-21T11:22:38.786+0000] {processor.py:186} INFO - Started process (PID=510) to work on /home/airflow/.local/lib/python3.12/site-packages/airflow/example_dags/example_branch_operator.py
[2024-12-21T11:22:38.787+0000] {processor.py:914} INFO - Processing file /home/airflow/.local/lib/python3.12/site-packages/airflow/example_dags/example_branch_operator.py for tasks to queue
[2024-12-21T11:22:38.790+0000] {logging_mixin.py:190} INFO - [2024-12-21T11:22:38.790+0000] {dagbag.py:588} INFO - Filling up the DagBag from /home/airflow/.local/lib/python3.12/site-packages/airflow/example_dags/example_branch_operator.py
[2024-12-21T11:22:38.815+0000] {processor.py:925} INFO - DAG(s) 'example_branch_operator' retrieved from /home/airflow/.local/lib/python3.12/site-packages/airflow/example_dags/example_branch_operator.py
[2024-12-21T11:22:38.852+0000] {logging_mixin.py:190} INFO - [2024-12-21T11:22:38.851+0000] {dag.py:3239} INFO - Sync 1 DAGs
[2024-12-21T11:22:38.883+0000] {logging_mixin.py:190} INFO - [2024-12-21T11:22:38.883+0000] {dag.py:4180} INFO - Setting next_dagrun for example_branch_operator to 2024-12-20 00:00:00+00:00, run_after=2024-12-21 00:00:00+00:00
[2024-12-21T11:22:38.905+0000] {processor.py:208} INFO - Processing /home/airflow/.local/lib/python3.12/site-packages/airflow/example_dags/example_branch_operator.py took 0.128 seconds
[2024-12-21T11:23:09.954+0000] {processor.py:186} INFO - Started process (PID=576) to work on /home/airflow/.local/lib/python3.12/site-packages/airflow/example_dags/example_branch_operator.py
[2024-12-21T11:23:09.955+0000] {processor.py:914} INFO - Processing file /home/airflow/.local/lib/python3.12/site-packages/airflow/example_dags/example_branch_operator.py for tasks to queue
[2024-12-21T11:23:09.958+0000] {logging_mixin.py:190} INFO - [2024-12-21T11:23:09.958+0000] {dagbag.py:588} INFO - Filling up the DagBag from /home/airflow/.local/lib/python3.12/site-packages/airflow/example_dags/example_branch_operator.py
[2024-12-21T11:23:09.981+0000] {processor.py:925} INFO - DAG(s) 'example_branch_operator' retrieved from /home/airflow/.local/lib/python3.12/site-packages/airflow/example_dags/example_branch_operator.py
[2024-12-21T11:23:10.024+0000] {logging_mixin.py:190} INFO - [2024-12-21T11:23:10.024+0000] {dag.py:3239} INFO - Sync 1 DAGs
[2024-12-21T11:23:10.054+0000] {logging_mixin.py:190} INFO - [2024-12-21T11:23:10.054+0000] {dag.py:4180} INFO - Setting next_dagrun for example_branch_operator to 2024-12-20 00:00:00+00:00, run_after=2024-12-21 00:00:00+00:00
[2024-12-21T11:23:10.083+0000] {processor.py:208} INFO - Processing /home/airflow/.local/lib/python3.12/site-packages/airflow/example_dags/example_branch_operator.py took 0.137 seconds
[2024-12-21T11:23:40.129+0000] {processor.py:186} INFO - Started process (PID=642) to work on /home/airflow/.local/lib/python3.12/site-packages/airflow/example_dags/example_branch_operator.py
[2024-12-21T11:23:40.131+0000] {processor.py:914} INFO - Processing file /home/airflow/.local/lib/python3.12/site-packages/airflow/example_dags/example_branch_operator.py for tasks to queue
[2024-12-21T11:23:40.133+0000] {logging_mixin.py:190} INFO - [2024-12-21T11:23:40.133+0000] {dagbag.py:588} INFO - Filling up the DagBag from /home/airflow/.local/lib/python3.12/site-packages/airflow/example_dags/example_branch_operator.py
[2024-12-21T11:23:40.157+0000] {processor.py:925} INFO - DAG(s) 'example_branch_operator' retrieved from /home/airflow/.local/lib/python3.12/site-packages/airflow/example_dags/example_branch_operator.py
[2024-12-21T11:23:40.192+0000] {logging_mixin.py:190} INFO - [2024-12-21T11:23:40.191+0000] {dag.py:3239} INFO - Sync 1 DAGs
[2024-12-21T11:23:40.225+0000] {logging_mixin.py:190} INFO - [2024-12-21T11:23:40.224+0000] {dag.py:4180} INFO - Setting next_dagrun for example_branch_operator to 2024-12-20 00:00:00+00:00, run_after=2024-12-21 00:00:00+00:00
[2024-12-21T11:23:40.251+0000] {processor.py:208} INFO - Processing /home/airflow/.local/lib/python3.12/site-packages/airflow/example_dags/example_branch_operator.py took 0.128 seconds
[2024-12-21T11:24:10.337+0000] {processor.py:186} INFO - Started process (PID=708) to work on /home/airflow/.local/lib/python3.12/site-packages/airflow/example_dags/example_branch_operator.py
[2024-12-21T11:24:10.338+0000] {processor.py:914} INFO - Processing file /home/airflow/.local/lib/python3.12/site-packages/airflow/example_dags/example_branch_operator.py for tasks to queue
[2024-12-21T11:24:10.341+0000] {logging_mixin.py:190} INFO - [2024-12-21T11:24:10.340+0000] {dagbag.py:588} INFO - Filling up the DagBag from /home/airflow/.local/lib/python3.12/site-packages/airflow/example_dags/example_branch_operator.py
[2024-12-21T11:24:10.370+0000] {processor.py:925} INFO - DAG(s) 'example_branch_operator' retrieved from /home/airflow/.local/lib/python3.12/site-packages/airflow/example_dags/example_branch_operator.py
[2024-12-21T11:24:10.415+0000] {logging_mixin.py:190} INFO - [2024-12-21T11:24:10.415+0000] {dag.py:3239} INFO - Sync 1 DAGs
[2024-12-21T11:24:10.447+0000] {logging_mixin.py:190} INFO - [2024-12-21T11:24:10.447+0000] {dag.py:4180} INFO - Setting next_dagrun for example_branch_operator to 2024-12-20 00:00:00+00:00, run_after=2024-12-21 00:00:00+00:00
[2024-12-21T11:24:10.472+0000] {processor.py:208} INFO - Processing /home/airflow/.local/lib/python3.12/site-packages/airflow/example_dags/example_branch_operator.py took 0.142 seconds
[2024-12-21T11:24:40.885+0000] {processor.py:186} INFO - Started process (PID=774) to work on /home/airflow/.local/lib/python3.12/site-packages/airflow/example_dags/example_branch_operator.py
[2024-12-21T11:24:40.886+0000] {processor.py:914} INFO - Processing file /home/airflow/.local/lib/python3.12/site-packages/airflow/example_dags/example_branch_operator.py for tasks to queue
[2024-12-21T11:24:40.889+0000] {logging_mixin.py:190} INFO - [2024-12-21T11:24:40.888+0000] {dagbag.py:588} INFO - Filling up the DagBag from /home/airflow/.local/lib/python3.12/site-packages/airflow/example_dags/example_branch_operator.py
[2024-12-21T11:24:40.908+0000] {processor.py:925} INFO - DAG(s) 'example_branch_operator' retrieved from /home/airflow/.local/lib/python3.12/site-packages/airflow/example_dags/example_branch_operator.py
[2024-12-21T11:24:40.942+0000] {logging_mixin.py:190} INFO - [2024-12-21T11:24:40.942+0000] {dag.py:3239} INFO - Sync 1 DAGs
[2024-12-21T11:24:40.970+0000] {logging_mixin.py:190} INFO - [2024-12-21T11:24:40.970+0000] {dag.py:4180} INFO - Setting next_dagrun for example_branch_operator to 2024-12-20 00:00:00+00:00, run_after=2024-12-21 00:00:00+00:00
[2024-12-21T11:24:40.991+0000] {processor.py:208} INFO - Processing /home/airflow/.local/lib/python3.12/site-packages/airflow/example_dags/example_branch_operator.py took 0.113 seconds
[2024-12-21T11:25:14.611+0000] {processor.py:186} INFO - Started process (PID=865) to work on /home/airflow/.local/lib/python3.12/site-packages/airflow/example_dags/example_branch_operator.py
[2024-12-21T11:25:14.617+0000] {processor.py:914} INFO - Processing file /home/airflow/.local/lib/python3.12/site-packages/airflow/example_dags/example_branch_operator.py for tasks to queue
[2024-12-21T11:25:14.622+0000] {logging_mixin.py:190} INFO - [2024-12-21T11:25:14.622+0000] {dagbag.py:588} INFO - Filling up the DagBag from /home/airflow/.local/lib/python3.12/site-packages/airflow/example_dags/example_branch_operator.py
[2024-12-21T11:25:14.678+0000] {processor.py:925} INFO - DAG(s) 'example_branch_operator' retrieved from /home/airflow/.local/lib/python3.12/site-packages/airflow/example_dags/example_branch_operator.py
[2024-12-21T11:25:14.789+0000] {logging_mixin.py:190} INFO - [2024-12-21T11:25:14.789+0000] {dag.py:3239} INFO - Sync 1 DAGs
[2024-12-21T11:25:14.864+0000] {logging_mixin.py:190} INFO - [2024-12-21T11:25:14.862+0000] {dag.py:4180} INFO - Setting next_dagrun for example_branch_operator to 2024-12-20 00:00:00+00:00, run_after=2024-12-21 00:00:00+00:00
[2024-12-21T11:25:14.941+0000] {processor.py:208} INFO - Processing /home/airflow/.local/lib/python3.12/site-packages/airflow/example_dags/example_branch_operator.py took 0.341 seconds
[2024-12-21T11:25:45.211+0000] {processor.py:186} INFO - Started process (PID=941) to work on /home/airflow/.local/lib/python3.12/site-packages/airflow/example_dags/example_branch_operator.py
[2024-12-21T11:25:45.213+0000] {processor.py:914} INFO - Processing file /home/airflow/.local/lib/python3.12/site-packages/airflow/example_dags/example_branch_operator.py for tasks to queue
[2024-12-21T11:25:45.215+0000] {logging_mixin.py:190} INFO - [2024-12-21T11:25:45.215+0000] {dagbag.py:588} INFO - Filling up the DagBag from /home/airflow/.local/lib/python3.12/site-packages/airflow/example_dags/example_branch_operator.py
[2024-12-21T11:25:45.235+0000] {processor.py:925} INFO - DAG(s) 'example_branch_operator' retrieved from /home/airflow/.local/lib/python3.12/site-packages/airflow/example_dags/example_branch_operator.py
[2024-12-21T11:25:45.271+0000] {logging_mixin.py:190} INFO - [2024-12-21T11:25:45.271+0000] {dag.py:3239} INFO - Sync 1 DAGs
[2024-12-21T11:25:45.312+0000] {logging_mixin.py:190} INFO - [2024-12-21T11:25:45.312+0000] {dag.py:4180} INFO - Setting next_dagrun for example_branch_operator to 2024-12-20 00:00:00+00:00, run_after=2024-12-21 00:00:00+00:00
[2024-12-21T11:25:45.335+0000] {processor.py:208} INFO - Processing /home/airflow/.local/lib/python3.12/site-packages/airflow/example_dags/example_branch_operator.py took 0.131 seconds
[2024-12-21T11:26:15.607+0000] {processor.py:186} INFO - Started process (PID=1007) to work on /home/airflow/.local/lib/python3.12/site-packages/airflow/example_dags/example_branch_operator.py
[2024-12-21T11:26:15.609+0000] {processor.py:914} INFO - Processing file /home/airflow/.local/lib/python3.12/site-packages/airflow/example_dags/example_branch_operator.py for tasks to queue
[2024-12-21T11:26:15.611+0000] {logging_mixin.py:190} INFO - [2024-12-21T11:26:15.611+0000] {dagbag.py:588} INFO - Filling up the DagBag from /home/airflow/.local/lib/python3.12/site-packages/airflow/example_dags/example_branch_operator.py
[2024-12-21T11:26:15.640+0000] {processor.py:925} INFO - DAG(s) 'example_branch_operator' retrieved from /home/airflow/.local/lib/python3.12/site-packages/airflow/example_dags/example_branch_operator.py
[2024-12-21T11:26:15.676+0000] {logging_mixin.py:190} INFO - [2024-12-21T11:26:15.676+0000] {dag.py:3239} INFO - Sync 1 DAGs
[2024-12-21T11:26:15.704+0000] {logging_mixin.py:190} INFO - [2024-12-21T11:26:15.704+0000] {dag.py:4180} INFO - Setting next_dagrun for example_branch_operator to 2024-12-20 00:00:00+00:00, run_after=2024-12-21 00:00:00+00:00
[2024-12-21T11:26:15.728+0000] {processor.py:208} INFO - Processing /home/airflow/.local/lib/python3.12/site-packages/airflow/example_dags/example_branch_operator.py took 0.128 seconds
[2024-12-21T11:26:45.943+0000] {processor.py:186} INFO - Started process (PID=1073) to work on /home/airflow/.local/lib/python3.12/site-packages/airflow/example_dags/example_branch_operator.py
[2024-12-21T11:26:45.944+0000] {processor.py:914} INFO - Processing file /home/airflow/.local/lib/python3.12/site-packages/airflow/example_dags/example_branch_operator.py for tasks to queue
[2024-12-21T11:26:45.947+0000] {logging_mixin.py:190} INFO - [2024-12-21T11:26:45.946+0000] {dagbag.py:588} INFO - Filling up the DagBag from /home/airflow/.local/lib/python3.12/site-packages/airflow/example_dags/example_branch_operator.py
[2024-12-21T11:26:45.966+0000] {processor.py:925} INFO - DAG(s) 'example_branch_operator' retrieved from /home/airflow/.local/lib/python3.12/site-packages/airflow/example_dags/example_branch_operator.py
[2024-12-21T11:26:46.001+0000] {logging_mixin.py:190} INFO - [2024-12-21T11:26:46.001+0000] {dag.py:3239} INFO - Sync 1 DAGs
[2024-12-21T11:26:46.033+0000] {logging_mixin.py:190} INFO - [2024-12-21T11:26:46.033+0000] {dag.py:4180} INFO - Setting next_dagrun for example_branch_operator to 2024-12-20 00:00:00+00:00, run_after=2024-12-21 00:00:00+00:00
[2024-12-21T11:26:46.055+0000] {processor.py:208} INFO - Processing /home/airflow/.local/lib/python3.12/site-packages/airflow/example_dags/example_branch_operator.py took 0.119 seconds
[2024-12-21T11:27:16.176+0000] {processor.py:186} INFO - Started process (PID=1139) to work on /home/airflow/.local/lib/python3.12/site-packages/airflow/example_dags/example_branch_operator.py
[2024-12-21T11:27:16.177+0000] {processor.py:914} INFO - Processing file /home/airflow/.local/lib/python3.12/site-packages/airflow/example_dags/example_branch_operator.py for tasks to queue
[2024-12-21T11:27:16.179+0000] {logging_mixin.py:190} INFO - [2024-12-21T11:27:16.179+0000] {dagbag.py:588} INFO - Filling up the DagBag from /home/airflow/.local/lib/python3.12/site-packages/airflow/example_dags/example_branch_operator.py
[2024-12-21T11:27:16.200+0000] {processor.py:925} INFO - DAG(s) 'example_branch_operator' retrieved from /home/airflow/.local/lib/python3.12/site-packages/airflow/example_dags/example_branch_operator.py
[2024-12-21T11:27:16.238+0000] {logging_mixin.py:190} INFO - [2024-12-21T11:27:16.238+0000] {dag.py:3239} INFO - Sync 1 DAGs
[2024-12-21T11:27:16.272+0000] {logging_mixin.py:190} INFO - [2024-12-21T11:27:16.271+0000] {dag.py:4180} INFO - Setting next_dagrun for example_branch_operator to 2024-12-20 00:00:00+00:00, run_after=2024-12-21 00:00:00+00:00
[2024-12-21T11:27:16.293+0000] {processor.py:208} INFO - Processing /home/airflow/.local/lib/python3.12/site-packages/airflow/example_dags/example_branch_operator.py took 0.124 seconds
[2024-12-21T11:27:46.609+0000] {processor.py:186} INFO - Started process (PID=1205) to work on /home/airflow/.local/lib/python3.12/site-packages/airflow/example_dags/example_branch_operator.py
[2024-12-21T11:27:46.610+0000] {processor.py:914} INFO - Processing file /home/airflow/.local/lib/python3.12/site-packages/airflow/example_dags/example_branch_operator.py for tasks to queue
[2024-12-21T11:27:46.613+0000] {logging_mixin.py:190} INFO - [2024-12-21T11:27:46.613+0000] {dagbag.py:588} INFO - Filling up the DagBag from /home/airflow/.local/lib/python3.12/site-packages/airflow/example_dags/example_branch_operator.py
[2024-12-21T11:27:46.632+0000] {processor.py:925} INFO - DAG(s) 'example_branch_operator' retrieved from /home/airflow/.local/lib/python3.12/site-packages/airflow/example_dags/example_branch_operator.py
[2024-12-21T11:27:46.665+0000] {logging_mixin.py:190} INFO - [2024-12-21T11:27:46.665+0000] {dag.py:3239} INFO - Sync 1 DAGs
[2024-12-21T11:27:46.692+0000] {logging_mixin.py:190} INFO - [2024-12-21T11:27:46.692+0000] {dag.py:4180} INFO - Setting next_dagrun for example_branch_operator to 2024-12-20 00:00:00+00:00, run_after=2024-12-21 00:00:00+00:00
[2024-12-21T11:27:46.713+0000] {processor.py:208} INFO - Processing /home/airflow/.local/lib/python3.12/site-packages/airflow/example_dags/example_branch_operator.py took 0.110 seconds
[2024-12-21T11:28:17.033+0000] {processor.py:186} INFO - Started process (PID=1271) to work on /home/airflow/.local/lib/python3.12/site-packages/airflow/example_dags/example_branch_operator.py
[2024-12-21T11:28:17.034+0000] {processor.py:914} INFO - Processing file /home/airflow/.local/lib/python3.12/site-packages/airflow/example_dags/example_branch_operator.py for tasks to queue
[2024-12-21T11:28:17.036+0000] {logging_mixin.py:190} INFO - [2024-12-21T11:28:17.036+0000] {dagbag.py:588} INFO - Filling up the DagBag from /home/airflow/.local/lib/python3.12/site-packages/airflow/example_dags/example_branch_operator.py
[2024-12-21T11:28:17.058+0000] {processor.py:925} INFO - DAG(s) 'example_branch_operator' retrieved from /home/airflow/.local/lib/python3.12/site-packages/airflow/example_dags/example_branch_operator.py
[2024-12-21T11:28:17.094+0000] {logging_mixin.py:190} INFO - [2024-12-21T11:28:17.094+0000] {dag.py:3239} INFO - Sync 1 DAGs
[2024-12-21T11:28:17.125+0000] {logging_mixin.py:190} INFO - [2024-12-21T11:28:17.125+0000] {dag.py:4180} INFO - Setting next_dagrun for example_branch_operator to 2024-12-20 00:00:00+00:00, run_after=2024-12-21 00:00:00+00:00
[2024-12-21T11:28:17.149+0000] {processor.py:208} INFO - Processing /home/airflow/.local/lib/python3.12/site-packages/airflow/example_dags/example_branch_operator.py took 0.123 seconds
[2024-12-21T11:28:47.658+0000] {processor.py:186} INFO - Started process (PID=1337) to work on /home/airflow/.local/lib/python3.12/site-packages/airflow/example_dags/example_branch_operator.py
[2024-12-21T11:28:47.659+0000] {processor.py:914} INFO - Processing file /home/airflow/.local/lib/python3.12/site-packages/airflow/example_dags/example_branch_operator.py for tasks to queue
[2024-12-21T11:28:47.662+0000] {logging_mixin.py:190} INFO - [2024-12-21T11:28:47.662+0000] {dagbag.py:588} INFO - Filling up the DagBag from /home/airflow/.local/lib/python3.12/site-packages/airflow/example_dags/example_branch_operator.py
[2024-12-21T11:28:47.681+0000] {processor.py:925} INFO - DAG(s) 'example_branch_operator' retrieved from /home/airflow/.local/lib/python3.12/site-packages/airflow/example_dags/example_branch_operator.py
[2024-12-21T11:28:47.714+0000] {logging_mixin.py:190} INFO - [2024-12-21T11:28:47.714+0000] {dag.py:3239} INFO - Sync 1 DAGs
[2024-12-21T11:28:47.742+0000] {logging_mixin.py:190} INFO - [2024-12-21T11:28:47.742+0000] {dag.py:4180} INFO - Setting next_dagrun for example_branch_operator to 2024-12-20 00:00:00+00:00, run_after=2024-12-21 00:00:00+00:00
[2024-12-21T11:28:47.765+0000] {processor.py:208} INFO - Processing /home/airflow/.local/lib/python3.12/site-packages/airflow/example_dags/example_branch_operator.py took 0.113 seconds
[2024-12-21T11:29:18.327+0000] {processor.py:186} INFO - Started process (PID=1403) to work on /home/airflow/.local/lib/python3.12/site-packages/airflow/example_dags/example_branch_operator.py
[2024-12-21T11:29:18.328+0000] {processor.py:914} INFO - Processing file /home/airflow/.local/lib/python3.12/site-packages/airflow/example_dags/example_branch_operator.py for tasks to queue
[2024-12-21T11:29:18.330+0000] {logging_mixin.py:190} INFO - [2024-12-21T11:29:18.330+0000] {dagbag.py:588} INFO - Filling up the DagBag from /home/airflow/.local/lib/python3.12/site-packages/airflow/example_dags/example_branch_operator.py
[2024-12-21T11:29:18.357+0000] {processor.py:925} INFO - DAG(s) 'example_branch_operator' retrieved from /home/airflow/.local/lib/python3.12/site-packages/airflow/example_dags/example_branch_operator.py
[2024-12-21T11:29:18.397+0000] {logging_mixin.py:190} INFO - [2024-12-21T11:29:18.396+0000] {dag.py:3239} INFO - Sync 1 DAGs
[2024-12-21T11:29:18.427+0000] {logging_mixin.py:190} INFO - [2024-12-21T11:29:18.426+0000] {dag.py:4180} INFO - Setting next_dagrun for example_branch_operator to 2024-12-20 00:00:00+00:00, run_after=2024-12-21 00:00:00+00:00
[2024-12-21T11:29:18.449+0000] {processor.py:208} INFO - Processing /home/airflow/.local/lib/python3.12/site-packages/airflow/example_dags/example_branch_operator.py took 0.129 seconds
[2024-12-21T11:29:48.531+0000] {processor.py:186} INFO - Started process (PID=1469) to work on /home/airflow/.local/lib/python3.12/site-packages/airflow/example_dags/example_branch_operator.py
[2024-12-21T11:29:48.533+0000] {processor.py:914} INFO - Processing file /home/airflow/.local/lib/python3.12/site-packages/airflow/example_dags/example_branch_operator.py for tasks to queue
[2024-12-21T11:29:48.536+0000] {logging_mixin.py:190} INFO - [2024-12-21T11:29:48.535+0000] {dagbag.py:588} INFO - Filling up the DagBag from /home/airflow/.local/lib/python3.12/site-packages/airflow/example_dags/example_branch_operator.py
[2024-12-21T11:29:48.558+0000] {processor.py:925} INFO - DAG(s) 'example_branch_operator' retrieved from /home/airflow/.local/lib/python3.12/site-packages/airflow/example_dags/example_branch_operator.py
[2024-12-21T11:29:48.595+0000] {logging_mixin.py:190} INFO - [2024-12-21T11:29:48.595+0000] {dag.py:3239} INFO - Sync 1 DAGs
[2024-12-21T11:29:48.625+0000] {logging_mixin.py:190} INFO - [2024-12-21T11:29:48.624+0000] {dag.py:4180} INFO - Setting next_dagrun for example_branch_operator to 2024-12-20 00:00:00+00:00, run_after=2024-12-21 00:00:00+00:00
[2024-12-21T11:29:48.647+0000] {processor.py:208} INFO - Processing /home/airflow/.local/lib/python3.12/site-packages/airflow/example_dags/example_branch_operator.py took 0.124 seconds
[2024-12-21T11:30:18.812+0000] {processor.py:186} INFO - Started process (PID=1535) to work on /home/airflow/.local/lib/python3.12/site-packages/airflow/example_dags/example_branch_operator.py
[2024-12-21T11:30:18.813+0000] {processor.py:914} INFO - Processing file /home/airflow/.local/lib/python3.12/site-packages/airflow/example_dags/example_branch_operator.py for tasks to queue
[2024-12-21T11:30:18.816+0000] {logging_mixin.py:190} INFO - [2024-12-21T11:30:18.816+0000] {dagbag.py:588} INFO - Filling up the DagBag from /home/airflow/.local/lib/python3.12/site-packages/airflow/example_dags/example_branch_operator.py
[2024-12-21T11:30:18.836+0000] {processor.py:925} INFO - DAG(s) 'example_branch_operator' retrieved from /home/airflow/.local/lib/python3.12/site-packages/airflow/example_dags/example_branch_operator.py
[2024-12-21T11:30:18.870+0000] {logging_mixin.py:190} INFO - [2024-12-21T11:30:18.870+0000] {dag.py:3239} INFO - Sync 1 DAGs
[2024-12-21T11:30:18.900+0000] {logging_mixin.py:190} INFO - [2024-12-21T11:30:18.899+0000] {dag.py:4180} INFO - Setting next_dagrun for example_branch_operator to 2024-12-20 00:00:00+00:00, run_after=2024-12-21 00:00:00+00:00
[2024-12-21T11:30:18.921+0000] {processor.py:208} INFO - Processing /home/airflow/.local/lib/python3.12/site-packages/airflow/example_dags/example_branch_operator.py took 0.115 seconds
[2024-12-21T11:30:49.577+0000] {processor.py:186} INFO - Started process (PID=1617) to work on /home/airflow/.local/lib/python3.12/site-packages/airflow/example_dags/example_branch_operator.py
[2024-12-21T11:30:49.578+0000] {processor.py:914} INFO - Processing file /home/airflow/.local/lib/python3.12/site-packages/airflow/example_dags/example_branch_operator.py for tasks to queue
[2024-12-21T11:30:49.581+0000] {logging_mixin.py:190} INFO - [2024-12-21T11:30:49.581+0000] {dagbag.py:588} INFO - Filling up the DagBag from /home/airflow/.local/lib/python3.12/site-packages/airflow/example_dags/example_branch_operator.py
[2024-12-21T11:30:49.601+0000] {processor.py:925} INFO - DAG(s) 'example_branch_operator' retrieved from /home/airflow/.local/lib/python3.12/site-packages/airflow/example_dags/example_branch_operator.py
[2024-12-21T11:30:49.635+0000] {logging_mixin.py:190} INFO - [2024-12-21T11:30:49.635+0000] {dag.py:3239} INFO - Sync 1 DAGs
[2024-12-21T11:30:49.665+0000] {logging_mixin.py:190} INFO - [2024-12-21T11:30:49.664+0000] {dag.py:4180} INFO - Setting next_dagrun for example_branch_operator to 2024-12-20 00:00:00+00:00, run_after=2024-12-21 00:00:00+00:00
[2024-12-21T11:30:49.687+0000] {processor.py:208} INFO - Processing /home/airflow/.local/lib/python3.12/site-packages/airflow/example_dags/example_branch_operator.py took 0.116 seconds
[2024-12-21T11:31:19.844+0000] {processor.py:186} INFO - Started process (PID=1683) to work on /home/airflow/.local/lib/python3.12/site-packages/airflow/example_dags/example_branch_operator.py
[2024-12-21T11:31:19.846+0000] {processor.py:914} INFO - Processing file /home/airflow/.local/lib/python3.12/site-packages/airflow/example_dags/example_branch_operator.py for tasks to queue
[2024-12-21T11:31:19.849+0000] {logging_mixin.py:190} INFO - [2024-12-21T11:31:19.848+0000] {dagbag.py:588} INFO - Filling up the DagBag from /home/airflow/.local/lib/python3.12/site-packages/airflow/example_dags/example_branch_operator.py
[2024-12-21T11:31:19.870+0000] {processor.py:925} INFO - DAG(s) 'example_branch_operator' retrieved from /home/airflow/.local/lib/python3.12/site-packages/airflow/example_dags/example_branch_operator.py
[2024-12-21T11:31:19.905+0000] {logging_mixin.py:190} INFO - [2024-12-21T11:31:19.904+0000] {dag.py:3239} INFO - Sync 1 DAGs
[2024-12-21T11:31:19.932+0000] {logging_mixin.py:190} INFO - [2024-12-21T11:31:19.932+0000] {dag.py:4180} INFO - Setting next_dagrun for example_branch_operator to 2024-12-20 00:00:00+00:00, run_after=2024-12-21 00:00:00+00:00
[2024-12-21T11:31:19.952+0000] {processor.py:208} INFO - Processing /home/airflow/.local/lib/python3.12/site-packages/airflow/example_dags/example_branch_operator.py took 0.115 seconds
[2024-12-21T11:31:50.209+0000] {processor.py:186} INFO - Started process (PID=1749) to work on /home/airflow/.local/lib/python3.12/site-packages/airflow/example_dags/example_branch_operator.py
[2024-12-21T11:31:50.210+0000] {processor.py:914} INFO - Processing file /home/airflow/.local/lib/python3.12/site-packages/airflow/example_dags/example_branch_operator.py for tasks to queue
[2024-12-21T11:31:50.213+0000] {logging_mixin.py:190} INFO - [2024-12-21T11:31:50.213+0000] {dagbag.py:588} INFO - Filling up the DagBag from /home/airflow/.local/lib/python3.12/site-packages/airflow/example_dags/example_branch_operator.py
[2024-12-21T11:31:50.232+0000] {processor.py:925} INFO - DAG(s) 'example_branch_operator' retrieved from /home/airflow/.local/lib/python3.12/site-packages/airflow/example_dags/example_branch_operator.py
[2024-12-21T11:31:50.268+0000] {logging_mixin.py:190} INFO - [2024-12-21T11:31:50.268+0000] {dag.py:3239} INFO - Sync 1 DAGs
[2024-12-21T11:31:50.295+0000] {logging_mixin.py:190} INFO - [2024-12-21T11:31:50.295+0000] {dag.py:4180} INFO - Setting next_dagrun for example_branch_operator to 2024-12-20 00:00:00+00:00, run_after=2024-12-21 00:00:00+00:00
[2024-12-21T11:31:50.317+0000] {processor.py:208} INFO - Processing /home/airflow/.local/lib/python3.12/site-packages/airflow/example_dags/example_branch_operator.py took 0.115 seconds
[2024-12-21T11:32:20.500+0000] {processor.py:186} INFO - Started process (PID=1815) to work on /home/airflow/.local/lib/python3.12/site-packages/airflow/example_dags/example_branch_operator.py
[2024-12-21T11:32:20.501+0000] {processor.py:914} INFO - Processing file /home/airflow/.local/lib/python3.12/site-packages/airflow/example_dags/example_branch_operator.py for tasks to queue
[2024-12-21T11:32:20.504+0000] {logging_mixin.py:190} INFO - [2024-12-21T11:32:20.504+0000] {dagbag.py:588} INFO - Filling up the DagBag from /home/airflow/.local/lib/python3.12/site-packages/airflow/example_dags/example_branch_operator.py
[2024-12-21T11:32:20.524+0000] {processor.py:925} INFO - DAG(s) 'example_branch_operator' retrieved from /home/airflow/.local/lib/python3.12/site-packages/airflow/example_dags/example_branch_operator.py
[2024-12-21T11:32:20.558+0000] {logging_mixin.py:190} INFO - [2024-12-21T11:32:20.557+0000] {dag.py:3239} INFO - Sync 1 DAGs
[2024-12-21T11:32:20.585+0000] {logging_mixin.py:190} INFO - [2024-12-21T11:32:20.585+0000] {dag.py:4180} INFO - Setting next_dagrun for example_branch_operator to 2024-12-20 00:00:00+00:00, run_after=2024-12-21 00:00:00+00:00
[2024-12-21T11:32:20.607+0000] {processor.py:208} INFO - Processing /home/airflow/.local/lib/python3.12/site-packages/airflow/example_dags/example_branch_operator.py took 0.113 seconds
[2024-12-21T11:32:50.846+0000] {processor.py:186} INFO - Started process (PID=1881) to work on /home/airflow/.local/lib/python3.12/site-packages/airflow/example_dags/example_branch_operator.py
[2024-12-21T11:32:50.848+0000] {processor.py:914} INFO - Processing file /home/airflow/.local/lib/python3.12/site-packages/airflow/example_dags/example_branch_operator.py for tasks to queue
[2024-12-21T11:32:50.851+0000] {logging_mixin.py:190} INFO - [2024-12-21T11:32:50.851+0000] {dagbag.py:588} INFO - Filling up the DagBag from /home/airflow/.local/lib/python3.12/site-packages/airflow/example_dags/example_branch_operator.py
[2024-12-21T11:32:50.882+0000] {processor.py:925} INFO - DAG(s) 'example_branch_operator' retrieved from /home/airflow/.local/lib/python3.12/site-packages/airflow/example_dags/example_branch_operator.py
[2024-12-21T11:32:50.924+0000] {logging_mixin.py:190} INFO - [2024-12-21T11:32:50.924+0000] {dag.py:3239} INFO - Sync 1 DAGs
[2024-12-21T11:32:50.961+0000] {logging_mixin.py:190} INFO - [2024-12-21T11:32:50.961+0000] {dag.py:4180} INFO - Setting next_dagrun for example_branch_operator to 2024-12-20 00:00:00+00:00, run_after=2024-12-21 00:00:00+00:00
[2024-12-21T11:32:50.989+0000] {processor.py:208} INFO - Processing /home/airflow/.local/lib/python3.12/site-packages/airflow/example_dags/example_branch_operator.py took 0.153 seconds
[2024-12-21T11:33:21.242+0000] {processor.py:186} INFO - Started process (PID=1947) to work on /home/airflow/.local/lib/python3.12/site-packages/airflow/example_dags/example_branch_operator.py
[2024-12-21T11:33:21.243+0000] {processor.py:914} INFO - Processing file /home/airflow/.local/lib/python3.12/site-packages/airflow/example_dags/example_branch_operator.py for tasks to queue
[2024-12-21T11:33:21.246+0000] {logging_mixin.py:190} INFO - [2024-12-21T11:33:21.245+0000] {dagbag.py:588} INFO - Filling up the DagBag from /home/airflow/.local/lib/python3.12/site-packages/airflow/example_dags/example_branch_operator.py
[2024-12-21T11:33:21.265+0000] {processor.py:925} INFO - DAG(s) 'example_branch_operator' retrieved from /home/airflow/.local/lib/python3.12/site-packages/airflow/example_dags/example_branch_operator.py
[2024-12-21T11:33:21.301+0000] {logging_mixin.py:190} INFO - [2024-12-21T11:33:21.301+0000] {dag.py:3239} INFO - Sync 1 DAGs
[2024-12-21T11:33:21.327+0000] {logging_mixin.py:190} INFO - [2024-12-21T11:33:21.327+0000] {dag.py:4180} INFO - Setting next_dagrun for example_branch_operator to 2024-12-20 00:00:00+00:00, run_after=2024-12-21 00:00:00+00:00
[2024-12-21T11:33:21.350+0000] {processor.py:208} INFO - Processing /home/airflow/.local/lib/python3.12/site-packages/airflow/example_dags/example_branch_operator.py took 0.115 seconds
[2024-12-21T11:33:51.575+0000] {processor.py:186} INFO - Started process (PID=2013) to work on /home/airflow/.local/lib/python3.12/site-packages/airflow/example_dags/example_branch_operator.py
[2024-12-21T11:33:51.576+0000] {processor.py:914} INFO - Processing file /home/airflow/.local/lib/python3.12/site-packages/airflow/example_dags/example_branch_operator.py for tasks to queue
[2024-12-21T11:33:51.579+0000] {logging_mixin.py:190} INFO - [2024-12-21T11:33:51.579+0000] {dagbag.py:588} INFO - Filling up the DagBag from /home/airflow/.local/lib/python3.12/site-packages/airflow/example_dags/example_branch_operator.py
[2024-12-21T11:33:51.599+0000] {processor.py:925} INFO - DAG(s) 'example_branch_operator' retrieved from /home/airflow/.local/lib/python3.12/site-packages/airflow/example_dags/example_branch_operator.py
[2024-12-21T11:33:51.635+0000] {logging_mixin.py:190} INFO - [2024-12-21T11:33:51.635+0000] {dag.py:3239} INFO - Sync 1 DAGs
[2024-12-21T11:33:51.664+0000] {logging_mixin.py:190} INFO - [2024-12-21T11:33:51.664+0000] {dag.py:4180} INFO - Setting next_dagrun for example_branch_operator to 2024-12-20 00:00:00+00:00, run_after=2024-12-21 00:00:00+00:00
[2024-12-21T11:33:51.689+0000] {processor.py:208} INFO - Processing /home/airflow/.local/lib/python3.12/site-packages/airflow/example_dags/example_branch_operator.py took 0.121 seconds
[2024-12-21T11:34:22.302+0000] {processor.py:186} INFO - Started process (PID=2079) to work on /home/airflow/.local/lib/python3.12/site-packages/airflow/example_dags/example_branch_operator.py
[2024-12-21T11:34:22.303+0000] {processor.py:914} INFO - Processing file /home/airflow/.local/lib/python3.12/site-packages/airflow/example_dags/example_branch_operator.py for tasks to queue
[2024-12-21T11:34:22.306+0000] {logging_mixin.py:190} INFO - [2024-12-21T11:34:22.306+0000] {dagbag.py:588} INFO - Filling up the DagBag from /home/airflow/.local/lib/python3.12/site-packages/airflow/example_dags/example_branch_operator.py
[2024-12-21T11:34:22.326+0000] {processor.py:925} INFO - DAG(s) 'example_branch_operator' retrieved from /home/airflow/.local/lib/python3.12/site-packages/airflow/example_dags/example_branch_operator.py
[2024-12-21T11:34:22.358+0000] {logging_mixin.py:190} INFO - [2024-12-21T11:34:22.358+0000] {dag.py:3239} INFO - Sync 1 DAGs
[2024-12-21T11:34:22.386+0000] {logging_mixin.py:190} INFO - [2024-12-21T11:34:22.385+0000] {dag.py:4180} INFO - Setting next_dagrun for example_branch_operator to 2024-12-20 00:00:00+00:00, run_after=2024-12-21 00:00:00+00:00
[2024-12-21T11:34:22.407+0000] {processor.py:208} INFO - Processing /home/airflow/.local/lib/python3.12/site-packages/airflow/example_dags/example_branch_operator.py took 0.111 seconds
[2024-12-21T11:34:52.681+0000] {processor.py:186} INFO - Started process (PID=2145) to work on /home/airflow/.local/lib/python3.12/site-packages/airflow/example_dags/example_branch_operator.py
[2024-12-21T11:34:52.682+0000] {processor.py:914} INFO - Processing file /home/airflow/.local/lib/python3.12/site-packages/airflow/example_dags/example_branch_operator.py for tasks to queue
[2024-12-21T11:34:52.685+0000] {logging_mixin.py:190} INFO - [2024-12-21T11:34:52.684+0000] {dagbag.py:588} INFO - Filling up the DagBag from /home/airflow/.local/lib/python3.12/site-packages/airflow/example_dags/example_branch_operator.py
[2024-12-21T11:34:52.704+0000] {processor.py:925} INFO - DAG(s) 'example_branch_operator' retrieved from /home/airflow/.local/lib/python3.12/site-packages/airflow/example_dags/example_branch_operator.py
[2024-12-21T11:34:52.737+0000] {logging_mixin.py:190} INFO - [2024-12-21T11:34:52.736+0000] {dag.py:3239} INFO - Sync 1 DAGs
[2024-12-21T11:34:52.768+0000] {logging_mixin.py:190} INFO - [2024-12-21T11:34:52.767+0000] {dag.py:4180} INFO - Setting next_dagrun for example_branch_operator to 2024-12-20 00:00:00+00:00, run_after=2024-12-21 00:00:00+00:00
[2024-12-21T11:34:52.788+0000] {processor.py:208} INFO - Processing /home/airflow/.local/lib/python3.12/site-packages/airflow/example_dags/example_branch_operator.py took 0.114 seconds
[2024-12-21T11:35:22.958+0000] {processor.py:186} INFO - Started process (PID=2211) to work on /home/airflow/.local/lib/python3.12/site-packages/airflow/example_dags/example_branch_operator.py
[2024-12-21T11:35:22.960+0000] {processor.py:914} INFO - Processing file /home/airflow/.local/lib/python3.12/site-packages/airflow/example_dags/example_branch_operator.py for tasks to queue
[2024-12-21T11:35:22.962+0000] {logging_mixin.py:190} INFO - [2024-12-21T11:35:22.962+0000] {dagbag.py:588} INFO - Filling up the DagBag from /home/airflow/.local/lib/python3.12/site-packages/airflow/example_dags/example_branch_operator.py
[2024-12-21T11:35:22.981+0000] {processor.py:925} INFO - DAG(s) 'example_branch_operator' retrieved from /home/airflow/.local/lib/python3.12/site-packages/airflow/example_dags/example_branch_operator.py
[2024-12-21T11:35:23.014+0000] {logging_mixin.py:190} INFO - [2024-12-21T11:35:23.013+0000] {dag.py:3239} INFO - Sync 1 DAGs
[2024-12-21T11:35:23.044+0000] {logging_mixin.py:190} INFO - [2024-12-21T11:35:23.044+0000] {dag.py:4180} INFO - Setting next_dagrun for example_branch_operator to 2024-12-20 00:00:00+00:00, run_after=2024-12-21 00:00:00+00:00
[2024-12-21T11:35:23.066+0000] {processor.py:208} INFO - Processing /home/airflow/.local/lib/python3.12/site-packages/airflow/example_dags/example_branch_operator.py took 0.114 seconds
[2024-12-21T11:35:53.762+0000] {processor.py:186} INFO - Started process (PID=2277) to work on /home/airflow/.local/lib/python3.12/site-packages/airflow/example_dags/example_branch_operator.py
[2024-12-21T11:35:53.764+0000] {processor.py:914} INFO - Processing file /home/airflow/.local/lib/python3.12/site-packages/airflow/example_dags/example_branch_operator.py for tasks to queue
[2024-12-21T11:35:53.766+0000] {logging_mixin.py:190} INFO - [2024-12-21T11:35:53.766+0000] {dagbag.py:588} INFO - Filling up the DagBag from /home/airflow/.local/lib/python3.12/site-packages/airflow/example_dags/example_branch_operator.py
[2024-12-21T11:35:53.787+0000] {processor.py:925} INFO - DAG(s) 'example_branch_operator' retrieved from /home/airflow/.local/lib/python3.12/site-packages/airflow/example_dags/example_branch_operator.py
[2024-12-21T11:35:53.823+0000] {logging_mixin.py:190} INFO - [2024-12-21T11:35:53.822+0000] {dag.py:3239} INFO - Sync 1 DAGs
[2024-12-21T11:35:53.851+0000] {logging_mixin.py:190} INFO - [2024-12-21T11:35:53.851+0000] {dag.py:4180} INFO - Setting next_dagrun for example_branch_operator to 2024-12-20 00:00:00+00:00, run_after=2024-12-21 00:00:00+00:00
[2024-12-21T11:35:53.872+0000] {processor.py:208} INFO - Processing /home/airflow/.local/lib/python3.12/site-packages/airflow/example_dags/example_branch_operator.py took 0.116 seconds
[2024-12-21T11:36:24.065+0000] {processor.py:186} INFO - Started process (PID=2343) to work on /home/airflow/.local/lib/python3.12/site-packages/airflow/example_dags/example_branch_operator.py
[2024-12-21T11:36:24.067+0000] {processor.py:914} INFO - Processing file /home/airflow/.local/lib/python3.12/site-packages/airflow/example_dags/example_branch_operator.py for tasks to queue
[2024-12-21T11:36:24.069+0000] {logging_mixin.py:190} INFO - [2024-12-21T11:36:24.069+0000] {dagbag.py:588} INFO - Filling up the DagBag from /home/airflow/.local/lib/python3.12/site-packages/airflow/example_dags/example_branch_operator.py
[2024-12-21T11:36:24.089+0000] {processor.py:925} INFO - DAG(s) 'example_branch_operator' retrieved from /home/airflow/.local/lib/python3.12/site-packages/airflow/example_dags/example_branch_operator.py
[2024-12-21T11:36:24.122+0000] {logging_mixin.py:190} INFO - [2024-12-21T11:36:24.121+0000] {dag.py:3239} INFO - Sync 1 DAGs
[2024-12-21T11:36:24.147+0000] {logging_mixin.py:190} INFO - [2024-12-21T11:36:24.147+0000] {dag.py:4180} INFO - Setting next_dagrun for example_branch_operator to 2024-12-20 00:00:00+00:00, run_after=2024-12-21 00:00:00+00:00
[2024-12-21T11:36:24.168+0000] {processor.py:208} INFO - Processing /home/airflow/.local/lib/python3.12/site-packages/airflow/example_dags/example_branch_operator.py took 0.109 seconds
[2024-12-21T11:36:54.216+0000] {processor.py:186} INFO - Started process (PID=2409) to work on /home/airflow/.local/lib/python3.12/site-packages/airflow/example_dags/example_branch_operator.py
[2024-12-21T11:36:54.218+0000] {processor.py:914} INFO - Processing file /home/airflow/.local/lib/python3.12/site-packages/airflow/example_dags/example_branch_operator.py for tasks to queue
[2024-12-21T11:36:54.220+0000] {logging_mixin.py:190} INFO - [2024-12-21T11:36:54.220+0000] {dagbag.py:588} INFO - Filling up the DagBag from /home/airflow/.local/lib/python3.12/site-packages/airflow/example_dags/example_branch_operator.py
[2024-12-21T11:36:54.239+0000] {processor.py:925} INFO - DAG(s) 'example_branch_operator' retrieved from /home/airflow/.local/lib/python3.12/site-packages/airflow/example_dags/example_branch_operator.py
[2024-12-21T11:36:54.271+0000] {logging_mixin.py:190} INFO - [2024-12-21T11:36:54.271+0000] {dag.py:3239} INFO - Sync 1 DAGs
[2024-12-21T11:36:54.298+0000] {logging_mixin.py:190} INFO - [2024-12-21T11:36:54.298+0000] {dag.py:4180} INFO - Setting next_dagrun for example_branch_operator to 2024-12-20 00:00:00+00:00, run_after=2024-12-21 00:00:00+00:00
[2024-12-21T11:36:54.320+0000] {processor.py:208} INFO - Processing /home/airflow/.local/lib/python3.12/site-packages/airflow/example_dags/example_branch_operator.py took 0.110 seconds
[2024-12-21T11:37:24.567+0000] {processor.py:186} INFO - Started process (PID=2475) to work on /home/airflow/.local/lib/python3.12/site-packages/airflow/example_dags/example_branch_operator.py
[2024-12-21T11:37:24.569+0000] {processor.py:914} INFO - Processing file /home/airflow/.local/lib/python3.12/site-packages/airflow/example_dags/example_branch_operator.py for tasks to queue
[2024-12-21T11:37:24.573+0000] {logging_mixin.py:190} INFO - [2024-12-21T11:37:24.572+0000] {dagbag.py:588} INFO - Filling up the DagBag from /home/airflow/.local/lib/python3.12/site-packages/airflow/example_dags/example_branch_operator.py
[2024-12-21T11:37:24.596+0000] {processor.py:925} INFO - DAG(s) 'example_branch_operator' retrieved from /home/airflow/.local/lib/python3.12/site-packages/airflow/example_dags/example_branch_operator.py
[2024-12-21T11:37:24.632+0000] {logging_mixin.py:190} INFO - [2024-12-21T11:37:24.631+0000] {dag.py:3239} INFO - Sync 1 DAGs
[2024-12-21T11:37:24.659+0000] {logging_mixin.py:190} INFO - [2024-12-21T11:37:24.659+0000] {dag.py:4180} INFO - Setting next_dagrun for example_branch_operator to 2024-12-20 00:00:00+00:00, run_after=2024-12-21 00:00:00+00:00
[2024-12-21T11:37:24.681+0000] {processor.py:208} INFO - Processing /home/airflow/.local/lib/python3.12/site-packages/airflow/example_dags/example_branch_operator.py took 0.122 seconds
[2024-12-21T11:37:55.477+0000] {processor.py:186} INFO - Started process (PID=2541) to work on /home/airflow/.local/lib/python3.12/site-packages/airflow/example_dags/example_branch_operator.py
[2024-12-21T11:37:55.479+0000] {processor.py:914} INFO - Processing file /home/airflow/.local/lib/python3.12/site-packages/airflow/example_dags/example_branch_operator.py for tasks to queue
[2024-12-21T11:37:55.482+0000] {logging_mixin.py:190} INFO - [2024-12-21T11:37:55.482+0000] {dagbag.py:588} INFO - Filling up the DagBag from /home/airflow/.local/lib/python3.12/site-packages/airflow/example_dags/example_branch_operator.py
[2024-12-21T11:37:55.502+0000] {processor.py:925} INFO - DAG(s) 'example_branch_operator' retrieved from /home/airflow/.local/lib/python3.12/site-packages/airflow/example_dags/example_branch_operator.py
[2024-12-21T11:37:55.536+0000] {logging_mixin.py:190} INFO - [2024-12-21T11:37:55.535+0000] {dag.py:3239} INFO - Sync 1 DAGs
[2024-12-21T11:37:55.568+0000] {logging_mixin.py:190} INFO - [2024-12-21T11:37:55.568+0000] {dag.py:4180} INFO - Setting next_dagrun for example_branch_operator to 2024-12-20 00:00:00+00:00, run_after=2024-12-21 00:00:00+00:00
[2024-12-21T11:37:55.593+0000] {processor.py:208} INFO - Processing /home/airflow/.local/lib/python3.12/site-packages/airflow/example_dags/example_branch_operator.py took 0.123 seconds
[2024-12-21T11:38:26.530+0000] {processor.py:186} INFO - Started process (PID=2607) to work on /home/airflow/.local/lib/python3.12/site-packages/airflow/example_dags/example_branch_operator.py
[2024-12-21T11:38:26.531+0000] {processor.py:914} INFO - Processing file /home/airflow/.local/lib/python3.12/site-packages/airflow/example_dags/example_branch_operator.py for tasks to queue
[2024-12-21T11:38:26.534+0000] {logging_mixin.py:190} INFO - [2024-12-21T11:38:26.534+0000] {dagbag.py:588} INFO - Filling up the DagBag from /home/airflow/.local/lib/python3.12/site-packages/airflow/example_dags/example_branch_operator.py
[2024-12-21T11:38:26.569+0000] {processor.py:925} INFO - DAG(s) 'example_branch_operator' retrieved from /home/airflow/.local/lib/python3.12/site-packages/airflow/example_dags/example_branch_operator.py
[2024-12-21T11:38:26.610+0000] {logging_mixin.py:190} INFO - [2024-12-21T11:38:26.610+0000] {dag.py:3239} INFO - Sync 1 DAGs
[2024-12-21T11:38:26.657+0000] {logging_mixin.py:190} INFO - [2024-12-21T11:38:26.657+0000] {dag.py:4180} INFO - Setting next_dagrun for example_branch_operator to 2024-12-20 00:00:00+00:00, run_after=2024-12-21 00:00:00+00:00
[2024-12-21T11:38:26.687+0000] {processor.py:208} INFO - Processing /home/airflow/.local/lib/python3.12/site-packages/airflow/example_dags/example_branch_operator.py took 0.165 seconds
[2024-12-21T11:38:57.200+0000] {processor.py:186} INFO - Started process (PID=2673) to work on /home/airflow/.local/lib/python3.12/site-packages/airflow/example_dags/example_branch_operator.py
[2024-12-21T11:38:57.201+0000] {processor.py:914} INFO - Processing file /home/airflow/.local/lib/python3.12/site-packages/airflow/example_dags/example_branch_operator.py for tasks to queue
[2024-12-21T11:38:57.204+0000] {logging_mixin.py:190} INFO - [2024-12-21T11:38:57.203+0000] {dagbag.py:588} INFO - Filling up the DagBag from /home/airflow/.local/lib/python3.12/site-packages/airflow/example_dags/example_branch_operator.py
[2024-12-21T11:38:57.223+0000] {processor.py:925} INFO - DAG(s) 'example_branch_operator' retrieved from /home/airflow/.local/lib/python3.12/site-packages/airflow/example_dags/example_branch_operator.py
[2024-12-21T11:38:57.256+0000] {logging_mixin.py:190} INFO - [2024-12-21T11:38:57.255+0000] {dag.py:3239} INFO - Sync 1 DAGs
[2024-12-21T11:38:57.283+0000] {logging_mixin.py:190} INFO - [2024-12-21T11:38:57.282+0000] {dag.py:4180} INFO - Setting next_dagrun for example_branch_operator to 2024-12-20 00:00:00+00:00, run_after=2024-12-21 00:00:00+00:00
[2024-12-21T11:38:57.304+0000] {processor.py:208} INFO - Processing /home/airflow/.local/lib/python3.12/site-packages/airflow/example_dags/example_branch_operator.py took 0.111 seconds
[2024-12-21T11:39:27.984+0000] {processor.py:186} INFO - Started process (PID=2739) to work on /home/airflow/.local/lib/python3.12/site-packages/airflow/example_dags/example_branch_operator.py
[2024-12-21T11:39:27.986+0000] {processor.py:914} INFO - Processing file /home/airflow/.local/lib/python3.12/site-packages/airflow/example_dags/example_branch_operator.py for tasks to queue
[2024-12-21T11:39:27.989+0000] {logging_mixin.py:190} INFO - [2024-12-21T11:39:27.989+0000] {dagbag.py:588} INFO - Filling up the DagBag from /home/airflow/.local/lib/python3.12/site-packages/airflow/example_dags/example_branch_operator.py
[2024-12-21T11:39:28.009+0000] {processor.py:925} INFO - DAG(s) 'example_branch_operator' retrieved from /home/airflow/.local/lib/python3.12/site-packages/airflow/example_dags/example_branch_operator.py
[2024-12-21T11:39:28.042+0000] {logging_mixin.py:190} INFO - [2024-12-21T11:39:28.042+0000] {dag.py:3239} INFO - Sync 1 DAGs
[2024-12-21T11:39:28.071+0000] {logging_mixin.py:190} INFO - [2024-12-21T11:39:28.070+0000] {dag.py:4180} INFO - Setting next_dagrun for example_branch_operator to 2024-12-20 00:00:00+00:00, run_after=2024-12-21 00:00:00+00:00
[2024-12-21T11:39:28.091+0000] {processor.py:208} INFO - Processing /home/airflow/.local/lib/python3.12/site-packages/airflow/example_dags/example_branch_operator.py took 0.115 seconds
[2024-12-21T11:39:58.271+0000] {processor.py:186} INFO - Started process (PID=2805) to work on /home/airflow/.local/lib/python3.12/site-packages/airflow/example_dags/example_branch_operator.py
[2024-12-21T11:39:58.273+0000] {processor.py:914} INFO - Processing file /home/airflow/.local/lib/python3.12/site-packages/airflow/example_dags/example_branch_operator.py for tasks to queue
[2024-12-21T11:39:58.275+0000] {logging_mixin.py:190} INFO - [2024-12-21T11:39:58.275+0000] {dagbag.py:588} INFO - Filling up the DagBag from /home/airflow/.local/lib/python3.12/site-packages/airflow/example_dags/example_branch_operator.py
[2024-12-21T11:39:58.294+0000] {processor.py:925} INFO - DAG(s) 'example_branch_operator' retrieved from /home/airflow/.local/lib/python3.12/site-packages/airflow/example_dags/example_branch_operator.py
[2024-12-21T11:39:58.329+0000] {logging_mixin.py:190} INFO - [2024-12-21T11:39:58.328+0000] {dag.py:3239} INFO - Sync 1 DAGs
[2024-12-21T11:39:58.355+0000] {logging_mixin.py:190} INFO - [2024-12-21T11:39:58.355+0000] {dag.py:4180} INFO - Setting next_dagrun for example_branch_operator to 2024-12-20 00:00:00+00:00, run_after=2024-12-21 00:00:00+00:00
[2024-12-21T11:39:58.377+0000] {processor.py:208} INFO - Processing /home/airflow/.local/lib/python3.12/site-packages/airflow/example_dags/example_branch_operator.py took 0.112 seconds
