[2024-12-21T11:19:42.762+0000] {processor.py:186} INFO - Started process (PID=120) to work on /home/airflow/.local/lib/python3.12/site-packages/airflow/example_dags/example_branch_labels.py
[2024-12-21T11:19:42.766+0000] {processor.py:914} INFO - Processing file /home/airflow/.local/lib/python3.12/site-packages/airflow/example_dags/example_branch_labels.py for tasks to queue
[2024-12-21T11:19:42.772+0000] {logging_mixin.py:190} INFO - [2024-12-21T11:19:42.772+0000] {dagbag.py:588} INFO - Filling up the DagBag from /home/airflow/.local/lib/python3.12/site-packages/airflow/example_dags/example_branch_labels.py
[2024-12-21T11:19:42.793+0000] {processor.py:925} INFO - DAG(s) 'example_branch_labels' retrieved from /home/airflow/.local/lib/python3.12/site-packages/airflow/example_dags/example_branch_labels.py
[2024-12-21T11:19:42.876+0000] {logging_mixin.py:190} INFO - [2024-12-21T11:19:42.875+0000] {dag.py:3239} INFO - Sync 1 DAGs
[2024-12-21T11:19:42.972+0000] {logging_mixin.py:190} INFO - [2024-12-21T11:19:42.972+0000] {dag.py:4180} INFO - Setting next_dagrun for example_branch_labels to 2024-12-20 00:00:00+00:00, run_after=2024-12-21 00:00:00+00:00
[2024-12-21T11:19:43.031+0000] {processor.py:208} INFO - Processing /home/airflow/.local/lib/python3.12/site-packages/airflow/example_dags/example_branch_labels.py took 0.281 seconds
[2024-12-21T11:20:13.593+0000] {processor.py:186} INFO - Started process (PID=212) to work on /home/airflow/.local/lib/python3.12/site-packages/airflow/example_dags/example_branch_labels.py
[2024-12-21T11:20:13.594+0000] {processor.py:914} INFO - Processing file /home/airflow/.local/lib/python3.12/site-packages/airflow/example_dags/example_branch_labels.py for tasks to queue
[2024-12-21T11:20:13.596+0000] {logging_mixin.py:190} INFO - [2024-12-21T11:20:13.596+0000] {dagbag.py:588} INFO - Filling up the DagBag from /home/airflow/.local/lib/python3.12/site-packages/airflow/example_dags/example_branch_labels.py
[2024-12-21T11:20:13.607+0000] {processor.py:925} INFO - DAG(s) 'example_branch_labels' retrieved from /home/airflow/.local/lib/python3.12/site-packages/airflow/example_dags/example_branch_labels.py
[2024-12-21T11:20:13.631+0000] {logging_mixin.py:190} INFO - [2024-12-21T11:20:13.631+0000] {dag.py:3239} INFO - Sync 1 DAGs
[2024-12-21T11:20:13.658+0000] {logging_mixin.py:190} INFO - [2024-12-21T11:20:13.657+0000] {dag.py:4180} INFO - Setting next_dagrun for example_branch_labels to 2024-12-20 00:00:00+00:00, run_after=2024-12-21 00:00:00+00:00
[2024-12-21T11:20:13.681+0000] {processor.py:208} INFO - Processing /home/airflow/.local/lib/python3.12/site-packages/airflow/example_dags/example_branch_labels.py took 0.095 seconds
[2024-12-21T11:20:44.538+0000] {processor.py:186} INFO - Started process (PID=278) to work on /home/airflow/.local/lib/python3.12/site-packages/airflow/example_dags/example_branch_labels.py
[2024-12-21T11:20:44.539+0000] {processor.py:914} INFO - Processing file /home/airflow/.local/lib/python3.12/site-packages/airflow/example_dags/example_branch_labels.py for tasks to queue
[2024-12-21T11:20:44.542+0000] {logging_mixin.py:190} INFO - [2024-12-21T11:20:44.541+0000] {dagbag.py:588} INFO - Filling up the DagBag from /home/airflow/.local/lib/python3.12/site-packages/airflow/example_dags/example_branch_labels.py
[2024-12-21T11:20:44.552+0000] {processor.py:925} INFO - DAG(s) 'example_branch_labels' retrieved from /home/airflow/.local/lib/python3.12/site-packages/airflow/example_dags/example_branch_labels.py
[2024-12-21T11:20:44.575+0000] {logging_mixin.py:190} INFO - [2024-12-21T11:20:44.574+0000] {dag.py:3239} INFO - Sync 1 DAGs
[2024-12-21T11:20:44.600+0000] {logging_mixin.py:190} INFO - [2024-12-21T11:20:44.600+0000] {dag.py:4180} INFO - Setting next_dagrun for example_branch_labels to 2024-12-20 00:00:00+00:00, run_after=2024-12-21 00:00:00+00:00
[2024-12-21T11:20:44.622+0000] {processor.py:208} INFO - Processing /home/airflow/.local/lib/python3.12/site-packages/airflow/example_dags/example_branch_labels.py took 0.092 seconds
[2024-12-21T11:21:15.375+0000] {processor.py:186} INFO - Started process (PID=344) to work on /home/airflow/.local/lib/python3.12/site-packages/airflow/example_dags/example_branch_labels.py
[2024-12-21T11:21:15.376+0000] {processor.py:914} INFO - Processing file /home/airflow/.local/lib/python3.12/site-packages/airflow/example_dags/example_branch_labels.py for tasks to queue
[2024-12-21T11:21:15.379+0000] {logging_mixin.py:190} INFO - [2024-12-21T11:21:15.379+0000] {dagbag.py:588} INFO - Filling up the DagBag from /home/airflow/.local/lib/python3.12/site-packages/airflow/example_dags/example_branch_labels.py
[2024-12-21T11:21:15.389+0000] {processor.py:925} INFO - DAG(s) 'example_branch_labels' retrieved from /home/airflow/.local/lib/python3.12/site-packages/airflow/example_dags/example_branch_labels.py
[2024-12-21T11:21:15.414+0000] {logging_mixin.py:190} INFO - [2024-12-21T11:21:15.413+0000] {dag.py:3239} INFO - Sync 1 DAGs
[2024-12-21T11:21:15.444+0000] {logging_mixin.py:190} INFO - [2024-12-21T11:21:15.443+0000] {dag.py:4180} INFO - Setting next_dagrun for example_branch_labels to 2024-12-20 00:00:00+00:00, run_after=2024-12-21 00:00:00+00:00
[2024-12-21T11:21:15.465+0000] {processor.py:208} INFO - Processing /home/airflow/.local/lib/python3.12/site-packages/airflow/example_dags/example_branch_labels.py took 0.096 seconds
[2024-12-21T11:21:45.994+0000] {processor.py:186} INFO - Started process (PID=409) to work on /home/airflow/.local/lib/python3.12/site-packages/airflow/example_dags/example_branch_labels.py
[2024-12-21T11:21:45.995+0000] {processor.py:914} INFO - Processing file /home/airflow/.local/lib/python3.12/site-packages/airflow/example_dags/example_branch_labels.py for tasks to queue
[2024-12-21T11:21:45.998+0000] {logging_mixin.py:190} INFO - [2024-12-21T11:21:45.997+0000] {dagbag.py:588} INFO - Filling up the DagBag from /home/airflow/.local/lib/python3.12/site-packages/airflow/example_dags/example_branch_labels.py
[2024-12-21T11:21:46.008+0000] {processor.py:925} INFO - DAG(s) 'example_branch_labels' retrieved from /home/airflow/.local/lib/python3.12/site-packages/airflow/example_dags/example_branch_labels.py
[2024-12-21T11:21:46.031+0000] {logging_mixin.py:190} INFO - [2024-12-21T11:21:46.030+0000] {dag.py:3239} INFO - Sync 1 DAGs
[2024-12-21T11:21:46.056+0000] {logging_mixin.py:190} INFO - [2024-12-21T11:21:46.055+0000] {dag.py:4180} INFO - Setting next_dagrun for example_branch_labels to 2024-12-20 00:00:00+00:00, run_after=2024-12-21 00:00:00+00:00
[2024-12-21T11:21:46.079+0000] {processor.py:208} INFO - Processing /home/airflow/.local/lib/python3.12/site-packages/airflow/example_dags/example_branch_labels.py took 0.091 seconds
[2024-12-21T11:22:16.584+0000] {processor.py:186} INFO - Started process (PID=475) to work on /home/airflow/.local/lib/python3.12/site-packages/airflow/example_dags/example_branch_labels.py
[2024-12-21T11:22:16.586+0000] {processor.py:914} INFO - Processing file /home/airflow/.local/lib/python3.12/site-packages/airflow/example_dags/example_branch_labels.py for tasks to queue
[2024-12-21T11:22:16.588+0000] {logging_mixin.py:190} INFO - [2024-12-21T11:22:16.588+0000] {dagbag.py:588} INFO - Filling up the DagBag from /home/airflow/.local/lib/python3.12/site-packages/airflow/example_dags/example_branch_labels.py
[2024-12-21T11:22:16.599+0000] {processor.py:925} INFO - DAG(s) 'example_branch_labels' retrieved from /home/airflow/.local/lib/python3.12/site-packages/airflow/example_dags/example_branch_labels.py
[2024-12-21T11:22:16.623+0000] {logging_mixin.py:190} INFO - [2024-12-21T11:22:16.622+0000] {dag.py:3239} INFO - Sync 1 DAGs
[2024-12-21T11:22:16.649+0000] {logging_mixin.py:190} INFO - [2024-12-21T11:22:16.649+0000] {dag.py:4180} INFO - Setting next_dagrun for example_branch_labels to 2024-12-20 00:00:00+00:00, run_after=2024-12-21 00:00:00+00:00
[2024-12-21T11:22:16.671+0000] {processor.py:208} INFO - Processing /home/airflow/.local/lib/python3.12/site-packages/airflow/example_dags/example_branch_labels.py took 0.093 seconds
[2024-12-21T11:22:47.390+0000] {processor.py:186} INFO - Started process (PID=541) to work on /home/airflow/.local/lib/python3.12/site-packages/airflow/example_dags/example_branch_labels.py
[2024-12-21T11:22:47.392+0000] {processor.py:914} INFO - Processing file /home/airflow/.local/lib/python3.12/site-packages/airflow/example_dags/example_branch_labels.py for tasks to queue
[2024-12-21T11:22:47.394+0000] {logging_mixin.py:190} INFO - [2024-12-21T11:22:47.394+0000] {dagbag.py:588} INFO - Filling up the DagBag from /home/airflow/.local/lib/python3.12/site-packages/airflow/example_dags/example_branch_labels.py
[2024-12-21T11:22:47.405+0000] {processor.py:925} INFO - DAG(s) 'example_branch_labels' retrieved from /home/airflow/.local/lib/python3.12/site-packages/airflow/example_dags/example_branch_labels.py
[2024-12-21T11:22:47.434+0000] {logging_mixin.py:190} INFO - [2024-12-21T11:22:47.434+0000] {dag.py:3239} INFO - Sync 1 DAGs
[2024-12-21T11:22:47.469+0000] {logging_mixin.py:190} INFO - [2024-12-21T11:22:47.469+0000] {dag.py:4180} INFO - Setting next_dagrun for example_branch_labels to 2024-12-20 00:00:00+00:00, run_after=2024-12-21 00:00:00+00:00
[2024-12-21T11:22:47.500+0000] {processor.py:208} INFO - Processing /home/airflow/.local/lib/python3.12/site-packages/airflow/example_dags/example_branch_labels.py took 0.116 seconds
[2024-12-21T11:23:18.112+0000] {processor.py:186} INFO - Started process (PID=607) to work on /home/airflow/.local/lib/python3.12/site-packages/airflow/example_dags/example_branch_labels.py
[2024-12-21T11:23:18.114+0000] {processor.py:914} INFO - Processing file /home/airflow/.local/lib/python3.12/site-packages/airflow/example_dags/example_branch_labels.py for tasks to queue
[2024-12-21T11:23:18.117+0000] {logging_mixin.py:190} INFO - [2024-12-21T11:23:18.117+0000] {dagbag.py:588} INFO - Filling up the DagBag from /home/airflow/.local/lib/python3.12/site-packages/airflow/example_dags/example_branch_labels.py
[2024-12-21T11:23:18.128+0000] {processor.py:925} INFO - DAG(s) 'example_branch_labels' retrieved from /home/airflow/.local/lib/python3.12/site-packages/airflow/example_dags/example_branch_labels.py
[2024-12-21T11:23:18.156+0000] {logging_mixin.py:190} INFO - [2024-12-21T11:23:18.155+0000] {dag.py:3239} INFO - Sync 1 DAGs
[2024-12-21T11:23:18.185+0000] {logging_mixin.py:190} INFO - [2024-12-21T11:23:18.185+0000] {dag.py:4180} INFO - Setting next_dagrun for example_branch_labels to 2024-12-20 00:00:00+00:00, run_after=2024-12-21 00:00:00+00:00
[2024-12-21T11:23:18.206+0000] {processor.py:208} INFO - Processing /home/airflow/.local/lib/python3.12/site-packages/airflow/example_dags/example_branch_labels.py took 0.102 seconds
[2024-12-21T11:23:49.299+0000] {processor.py:186} INFO - Started process (PID=673) to work on /home/airflow/.local/lib/python3.12/site-packages/airflow/example_dags/example_branch_labels.py
[2024-12-21T11:23:49.300+0000] {processor.py:914} INFO - Processing file /home/airflow/.local/lib/python3.12/site-packages/airflow/example_dags/example_branch_labels.py for tasks to queue
[2024-12-21T11:23:49.303+0000] {logging_mixin.py:190} INFO - [2024-12-21T11:23:49.303+0000] {dagbag.py:588} INFO - Filling up the DagBag from /home/airflow/.local/lib/python3.12/site-packages/airflow/example_dags/example_branch_labels.py
[2024-12-21T11:23:49.318+0000] {processor.py:925} INFO - DAG(s) 'example_branch_labels' retrieved from /home/airflow/.local/lib/python3.12/site-packages/airflow/example_dags/example_branch_labels.py
[2024-12-21T11:23:49.346+0000] {logging_mixin.py:190} INFO - [2024-12-21T11:23:49.346+0000] {dag.py:3239} INFO - Sync 1 DAGs
[2024-12-21T11:23:49.386+0000] {logging_mixin.py:190} INFO - [2024-12-21T11:23:49.386+0000] {dag.py:4180} INFO - Setting next_dagrun for example_branch_labels to 2024-12-20 00:00:00+00:00, run_after=2024-12-21 00:00:00+00:00
[2024-12-21T11:23:49.411+0000] {processor.py:208} INFO - Processing /home/airflow/.local/lib/python3.12/site-packages/airflow/example_dags/example_branch_labels.py took 0.123 seconds
[2024-12-21T11:24:19.514+0000] {processor.py:186} INFO - Started process (PID=739) to work on /home/airflow/.local/lib/python3.12/site-packages/airflow/example_dags/example_branch_labels.py
[2024-12-21T11:24:19.515+0000] {processor.py:914} INFO - Processing file /home/airflow/.local/lib/python3.12/site-packages/airflow/example_dags/example_branch_labels.py for tasks to queue
[2024-12-21T11:24:19.518+0000] {logging_mixin.py:190} INFO - [2024-12-21T11:24:19.518+0000] {dagbag.py:588} INFO - Filling up the DagBag from /home/airflow/.local/lib/python3.12/site-packages/airflow/example_dags/example_branch_labels.py
[2024-12-21T11:24:19.529+0000] {processor.py:925} INFO - DAG(s) 'example_branch_labels' retrieved from /home/airflow/.local/lib/python3.12/site-packages/airflow/example_dags/example_branch_labels.py
[2024-12-21T11:24:19.554+0000] {logging_mixin.py:190} INFO - [2024-12-21T11:24:19.554+0000] {dag.py:3239} INFO - Sync 1 DAGs
[2024-12-21T11:24:19.581+0000] {logging_mixin.py:190} INFO - [2024-12-21T11:24:19.581+0000] {dag.py:4180} INFO - Setting next_dagrun for example_branch_labels to 2024-12-20 00:00:00+00:00, run_after=2024-12-21 00:00:00+00:00
[2024-12-21T11:24:19.605+0000] {processor.py:208} INFO - Processing /home/airflow/.local/lib/python3.12/site-packages/airflow/example_dags/example_branch_labels.py took 0.100 seconds
[2024-12-21T11:24:49.788+0000] {processor.py:186} INFO - Started process (PID=805) to work on /home/airflow/.local/lib/python3.12/site-packages/airflow/example_dags/example_branch_labels.py
[2024-12-21T11:24:49.789+0000] {processor.py:914} INFO - Processing file /home/airflow/.local/lib/python3.12/site-packages/airflow/example_dags/example_branch_labels.py for tasks to queue
[2024-12-21T11:24:49.792+0000] {logging_mixin.py:190} INFO - [2024-12-21T11:24:49.792+0000] {dagbag.py:588} INFO - Filling up the DagBag from /home/airflow/.local/lib/python3.12/site-packages/airflow/example_dags/example_branch_labels.py
[2024-12-21T11:24:49.803+0000] {processor.py:925} INFO - DAG(s) 'example_branch_labels' retrieved from /home/airflow/.local/lib/python3.12/site-packages/airflow/example_dags/example_branch_labels.py
[2024-12-21T11:24:49.826+0000] {logging_mixin.py:190} INFO - [2024-12-21T11:24:49.826+0000] {dag.py:3239} INFO - Sync 1 DAGs
[2024-12-21T11:24:49.853+0000] {logging_mixin.py:190} INFO - [2024-12-21T11:24:49.853+0000] {dag.py:4180} INFO - Setting next_dagrun for example_branch_labels to 2024-12-20 00:00:00+00:00, run_after=2024-12-21 00:00:00+00:00
[2024-12-21T11:24:49.876+0000] {processor.py:208} INFO - Processing /home/airflow/.local/lib/python3.12/site-packages/airflow/example_dags/example_branch_labels.py took 0.093 seconds
[2024-12-21T11:25:21.619+0000] {processor.py:186} INFO - Started process (PID=906) to work on /home/airflow/.local/lib/python3.12/site-packages/airflow/example_dags/example_branch_labels.py
[2024-12-21T11:25:21.622+0000] {processor.py:914} INFO - Processing file /home/airflow/.local/lib/python3.12/site-packages/airflow/example_dags/example_branch_labels.py for tasks to queue
[2024-12-21T11:25:21.626+0000] {logging_mixin.py:190} INFO - [2024-12-21T11:25:21.626+0000] {dagbag.py:588} INFO - Filling up the DagBag from /home/airflow/.local/lib/python3.12/site-packages/airflow/example_dags/example_branch_labels.py
[2024-12-21T11:25:21.648+0000] {processor.py:925} INFO - DAG(s) 'example_branch_labels' retrieved from /home/airflow/.local/lib/python3.12/site-packages/airflow/example_dags/example_branch_labels.py
[2024-12-21T11:25:21.692+0000] {logging_mixin.py:190} INFO - [2024-12-21T11:25:21.691+0000] {dag.py:3239} INFO - Sync 1 DAGs
[2024-12-21T11:25:21.753+0000] {logging_mixin.py:190} INFO - [2024-12-21T11:25:21.753+0000] {dag.py:4180} INFO - Setting next_dagrun for example_branch_labels to 2024-12-20 00:00:00+00:00, run_after=2024-12-21 00:00:00+00:00
[2024-12-21T11:25:21.799+0000] {processor.py:208} INFO - Processing /home/airflow/.local/lib/python3.12/site-packages/airflow/example_dags/example_branch_labels.py took 0.193 seconds
[2024-12-21T11:25:52.077+0000] {processor.py:186} INFO - Started process (PID=972) to work on /home/airflow/.local/lib/python3.12/site-packages/airflow/example_dags/example_branch_labels.py
[2024-12-21T11:25:52.078+0000] {processor.py:914} INFO - Processing file /home/airflow/.local/lib/python3.12/site-packages/airflow/example_dags/example_branch_labels.py for tasks to queue
[2024-12-21T11:25:52.080+0000] {logging_mixin.py:190} INFO - [2024-12-21T11:25:52.080+0000] {dagbag.py:588} INFO - Filling up the DagBag from /home/airflow/.local/lib/python3.12/site-packages/airflow/example_dags/example_branch_labels.py
[2024-12-21T11:25:52.090+0000] {processor.py:925} INFO - DAG(s) 'example_branch_labels' retrieved from /home/airflow/.local/lib/python3.12/site-packages/airflow/example_dags/example_branch_labels.py
[2024-12-21T11:25:52.112+0000] {logging_mixin.py:190} INFO - [2024-12-21T11:25:52.112+0000] {dag.py:3239} INFO - Sync 1 DAGs
[2024-12-21T11:25:52.137+0000] {logging_mixin.py:190} INFO - [2024-12-21T11:25:52.137+0000] {dag.py:4180} INFO - Setting next_dagrun for example_branch_labels to 2024-12-20 00:00:00+00:00, run_after=2024-12-21 00:00:00+00:00
[2024-12-21T11:25:52.157+0000] {processor.py:208} INFO - Processing /home/airflow/.local/lib/python3.12/site-packages/airflow/example_dags/example_branch_labels.py took 0.086 seconds
[2024-12-21T11:26:22.462+0000] {processor.py:186} INFO - Started process (PID=1038) to work on /home/airflow/.local/lib/python3.12/site-packages/airflow/example_dags/example_branch_labels.py
[2024-12-21T11:26:22.463+0000] {processor.py:914} INFO - Processing file /home/airflow/.local/lib/python3.12/site-packages/airflow/example_dags/example_branch_labels.py for tasks to queue
[2024-12-21T11:26:22.466+0000] {logging_mixin.py:190} INFO - [2024-12-21T11:26:22.465+0000] {dagbag.py:588} INFO - Filling up the DagBag from /home/airflow/.local/lib/python3.12/site-packages/airflow/example_dags/example_branch_labels.py
[2024-12-21T11:26:22.476+0000] {processor.py:925} INFO - DAG(s) 'example_branch_labels' retrieved from /home/airflow/.local/lib/python3.12/site-packages/airflow/example_dags/example_branch_labels.py
[2024-12-21T11:26:22.498+0000] {logging_mixin.py:190} INFO - [2024-12-21T11:26:22.497+0000] {dag.py:3239} INFO - Sync 1 DAGs
[2024-12-21T11:26:22.522+0000] {logging_mixin.py:190} INFO - [2024-12-21T11:26:22.522+0000] {dag.py:4180} INFO - Setting next_dagrun for example_branch_labels to 2024-12-20 00:00:00+00:00, run_after=2024-12-21 00:00:00+00:00
[2024-12-21T11:26:22.543+0000] {processor.py:208} INFO - Processing /home/airflow/.local/lib/python3.12/site-packages/airflow/example_dags/example_branch_labels.py took 0.088 seconds
[2024-12-21T11:26:52.981+0000] {processor.py:186} INFO - Started process (PID=1104) to work on /home/airflow/.local/lib/python3.12/site-packages/airflow/example_dags/example_branch_labels.py
[2024-12-21T11:26:52.983+0000] {processor.py:914} INFO - Processing file /home/airflow/.local/lib/python3.12/site-packages/airflow/example_dags/example_branch_labels.py for tasks to queue
[2024-12-21T11:26:52.985+0000] {logging_mixin.py:190} INFO - [2024-12-21T11:26:52.985+0000] {dagbag.py:588} INFO - Filling up the DagBag from /home/airflow/.local/lib/python3.12/site-packages/airflow/example_dags/example_branch_labels.py
[2024-12-21T11:26:52.996+0000] {processor.py:925} INFO - DAG(s) 'example_branch_labels' retrieved from /home/airflow/.local/lib/python3.12/site-packages/airflow/example_dags/example_branch_labels.py
[2024-12-21T11:26:53.020+0000] {logging_mixin.py:190} INFO - [2024-12-21T11:26:53.020+0000] {dag.py:3239} INFO - Sync 1 DAGs
[2024-12-21T11:26:53.047+0000] {logging_mixin.py:190} INFO - [2024-12-21T11:26:53.047+0000] {dag.py:4180} INFO - Setting next_dagrun for example_branch_labels to 2024-12-20 00:00:00+00:00, run_after=2024-12-21 00:00:00+00:00
[2024-12-21T11:26:53.069+0000] {processor.py:208} INFO - Processing /home/airflow/.local/lib/python3.12/site-packages/airflow/example_dags/example_branch_labels.py took 0.094 seconds
[2024-12-21T11:27:23.290+0000] {processor.py:186} INFO - Started process (PID=1170) to work on /home/airflow/.local/lib/python3.12/site-packages/airflow/example_dags/example_branch_labels.py
[2024-12-21T11:27:23.291+0000] {processor.py:914} INFO - Processing file /home/airflow/.local/lib/python3.12/site-packages/airflow/example_dags/example_branch_labels.py for tasks to queue
[2024-12-21T11:27:23.294+0000] {logging_mixin.py:190} INFO - [2024-12-21T11:27:23.294+0000] {dagbag.py:588} INFO - Filling up the DagBag from /home/airflow/.local/lib/python3.12/site-packages/airflow/example_dags/example_branch_labels.py
[2024-12-21T11:27:23.304+0000] {processor.py:925} INFO - DAG(s) 'example_branch_labels' retrieved from /home/airflow/.local/lib/python3.12/site-packages/airflow/example_dags/example_branch_labels.py
[2024-12-21T11:27:23.328+0000] {logging_mixin.py:190} INFO - [2024-12-21T11:27:23.327+0000] {dag.py:3239} INFO - Sync 1 DAGs
[2024-12-21T11:27:23.355+0000] {logging_mixin.py:190} INFO - [2024-12-21T11:27:23.355+0000] {dag.py:4180} INFO - Setting next_dagrun for example_branch_labels to 2024-12-20 00:00:00+00:00, run_after=2024-12-21 00:00:00+00:00
[2024-12-21T11:27:23.378+0000] {processor.py:208} INFO - Processing /home/airflow/.local/lib/python3.12/site-packages/airflow/example_dags/example_branch_labels.py took 0.093 seconds
[2024-12-21T11:27:53.768+0000] {processor.py:186} INFO - Started process (PID=1236) to work on /home/airflow/.local/lib/python3.12/site-packages/airflow/example_dags/example_branch_labels.py
[2024-12-21T11:27:53.769+0000] {processor.py:914} INFO - Processing file /home/airflow/.local/lib/python3.12/site-packages/airflow/example_dags/example_branch_labels.py for tasks to queue
[2024-12-21T11:27:53.772+0000] {logging_mixin.py:190} INFO - [2024-12-21T11:27:53.772+0000] {dagbag.py:588} INFO - Filling up the DagBag from /home/airflow/.local/lib/python3.12/site-packages/airflow/example_dags/example_branch_labels.py
[2024-12-21T11:27:53.783+0000] {processor.py:925} INFO - DAG(s) 'example_branch_labels' retrieved from /home/airflow/.local/lib/python3.12/site-packages/airflow/example_dags/example_branch_labels.py
[2024-12-21T11:27:53.806+0000] {logging_mixin.py:190} INFO - [2024-12-21T11:27:53.806+0000] {dag.py:3239} INFO - Sync 1 DAGs
[2024-12-21T11:27:53.832+0000] {logging_mixin.py:190} INFO - [2024-12-21T11:27:53.832+0000] {dag.py:4180} INFO - Setting next_dagrun for example_branch_labels to 2024-12-20 00:00:00+00:00, run_after=2024-12-21 00:00:00+00:00
[2024-12-21T11:27:53.855+0000] {processor.py:208} INFO - Processing /home/airflow/.local/lib/python3.12/site-packages/airflow/example_dags/example_branch_labels.py took 0.092 seconds
[2024-12-21T11:28:24.160+0000] {processor.py:186} INFO - Started process (PID=1302) to work on /home/airflow/.local/lib/python3.12/site-packages/airflow/example_dags/example_branch_labels.py
[2024-12-21T11:28:24.161+0000] {processor.py:914} INFO - Processing file /home/airflow/.local/lib/python3.12/site-packages/airflow/example_dags/example_branch_labels.py for tasks to queue
[2024-12-21T11:28:24.164+0000] {logging_mixin.py:190} INFO - [2024-12-21T11:28:24.164+0000] {dagbag.py:588} INFO - Filling up the DagBag from /home/airflow/.local/lib/python3.12/site-packages/airflow/example_dags/example_branch_labels.py
[2024-12-21T11:28:24.176+0000] {processor.py:925} INFO - DAG(s) 'example_branch_labels' retrieved from /home/airflow/.local/lib/python3.12/site-packages/airflow/example_dags/example_branch_labels.py
[2024-12-21T11:28:24.201+0000] {logging_mixin.py:190} INFO - [2024-12-21T11:28:24.201+0000] {dag.py:3239} INFO - Sync 1 DAGs
[2024-12-21T11:28:24.232+0000] {logging_mixin.py:190} INFO - [2024-12-21T11:28:24.232+0000] {dag.py:4180} INFO - Setting next_dagrun for example_branch_labels to 2024-12-20 00:00:00+00:00, run_after=2024-12-21 00:00:00+00:00
[2024-12-21T11:28:24.260+0000] {processor.py:208} INFO - Processing /home/airflow/.local/lib/python3.12/site-packages/airflow/example_dags/example_branch_labels.py took 0.106 seconds
[2024-12-21T11:28:54.763+0000] {processor.py:186} INFO - Started process (PID=1368) to work on /home/airflow/.local/lib/python3.12/site-packages/airflow/example_dags/example_branch_labels.py
[2024-12-21T11:28:54.764+0000] {processor.py:914} INFO - Processing file /home/airflow/.local/lib/python3.12/site-packages/airflow/example_dags/example_branch_labels.py for tasks to queue
[2024-12-21T11:28:54.767+0000] {logging_mixin.py:190} INFO - [2024-12-21T11:28:54.767+0000] {dagbag.py:588} INFO - Filling up the DagBag from /home/airflow/.local/lib/python3.12/site-packages/airflow/example_dags/example_branch_labels.py
[2024-12-21T11:28:54.779+0000] {processor.py:925} INFO - DAG(s) 'example_branch_labels' retrieved from /home/airflow/.local/lib/python3.12/site-packages/airflow/example_dags/example_branch_labels.py
[2024-12-21T11:28:54.803+0000] {logging_mixin.py:190} INFO - [2024-12-21T11:28:54.803+0000] {dag.py:3239} INFO - Sync 1 DAGs
[2024-12-21T11:28:54.833+0000] {logging_mixin.py:190} INFO - [2024-12-21T11:28:54.833+0000] {dag.py:4180} INFO - Setting next_dagrun for example_branch_labels to 2024-12-20 00:00:00+00:00, run_after=2024-12-21 00:00:00+00:00
[2024-12-21T11:28:54.857+0000] {processor.py:208} INFO - Processing /home/airflow/.local/lib/python3.12/site-packages/airflow/example_dags/example_branch_labels.py took 0.101 seconds
[2024-12-21T11:29:25.118+0000] {processor.py:186} INFO - Started process (PID=1434) to work on /home/airflow/.local/lib/python3.12/site-packages/airflow/example_dags/example_branch_labels.py
[2024-12-21T11:29:25.120+0000] {processor.py:914} INFO - Processing file /home/airflow/.local/lib/python3.12/site-packages/airflow/example_dags/example_branch_labels.py for tasks to queue
[2024-12-21T11:29:25.122+0000] {logging_mixin.py:190} INFO - [2024-12-21T11:29:25.122+0000] {dagbag.py:588} INFO - Filling up the DagBag from /home/airflow/.local/lib/python3.12/site-packages/airflow/example_dags/example_branch_labels.py
[2024-12-21T11:29:25.133+0000] {processor.py:925} INFO - DAG(s) 'example_branch_labels' retrieved from /home/airflow/.local/lib/python3.12/site-packages/airflow/example_dags/example_branch_labels.py
[2024-12-21T11:29:25.155+0000] {logging_mixin.py:190} INFO - [2024-12-21T11:29:25.155+0000] {dag.py:3239} INFO - Sync 1 DAGs
[2024-12-21T11:29:25.181+0000] {logging_mixin.py:190} INFO - [2024-12-21T11:29:25.181+0000] {dag.py:4180} INFO - Setting next_dagrun for example_branch_labels to 2024-12-20 00:00:00+00:00, run_after=2024-12-21 00:00:00+00:00
[2024-12-21T11:29:25.201+0000] {processor.py:208} INFO - Processing /home/airflow/.local/lib/python3.12/site-packages/airflow/example_dags/example_branch_labels.py took 0.089 seconds
[2024-12-21T11:29:55.669+0000] {processor.py:186} INFO - Started process (PID=1500) to work on /home/airflow/.local/lib/python3.12/site-packages/airflow/example_dags/example_branch_labels.py
[2024-12-21T11:29:55.671+0000] {processor.py:914} INFO - Processing file /home/airflow/.local/lib/python3.12/site-packages/airflow/example_dags/example_branch_labels.py for tasks to queue
[2024-12-21T11:29:55.674+0000] {logging_mixin.py:190} INFO - [2024-12-21T11:29:55.673+0000] {dagbag.py:588} INFO - Filling up the DagBag from /home/airflow/.local/lib/python3.12/site-packages/airflow/example_dags/example_branch_labels.py
[2024-12-21T11:29:55.685+0000] {processor.py:925} INFO - DAG(s) 'example_branch_labels' retrieved from /home/airflow/.local/lib/python3.12/site-packages/airflow/example_dags/example_branch_labels.py
[2024-12-21T11:29:55.711+0000] {logging_mixin.py:190} INFO - [2024-12-21T11:29:55.711+0000] {dag.py:3239} INFO - Sync 1 DAGs
[2024-12-21T11:29:55.740+0000] {logging_mixin.py:190} INFO - [2024-12-21T11:29:55.740+0000] {dag.py:4180} INFO - Setting next_dagrun for example_branch_labels to 2024-12-20 00:00:00+00:00, run_after=2024-12-21 00:00:00+00:00
[2024-12-21T11:29:55.763+0000] {processor.py:208} INFO - Processing /home/airflow/.local/lib/python3.12/site-packages/airflow/example_dags/example_branch_labels.py took 0.100 seconds
[2024-12-21T11:30:26.307+0000] {processor.py:186} INFO - Started process (PID=1575) to work on /home/airflow/.local/lib/python3.12/site-packages/airflow/example_dags/example_branch_labels.py
[2024-12-21T11:30:26.308+0000] {processor.py:914} INFO - Processing file /home/airflow/.local/lib/python3.12/site-packages/airflow/example_dags/example_branch_labels.py for tasks to queue
[2024-12-21T11:30:26.311+0000] {logging_mixin.py:190} INFO - [2024-12-21T11:30:26.311+0000] {dagbag.py:588} INFO - Filling up the DagBag from /home/airflow/.local/lib/python3.12/site-packages/airflow/example_dags/example_branch_labels.py
[2024-12-21T11:30:26.322+0000] {processor.py:925} INFO - DAG(s) 'example_branch_labels' retrieved from /home/airflow/.local/lib/python3.12/site-packages/airflow/example_dags/example_branch_labels.py
[2024-12-21T11:30:26.345+0000] {logging_mixin.py:190} INFO - [2024-12-21T11:30:26.344+0000] {dag.py:3239} INFO - Sync 1 DAGs
[2024-12-21T11:30:26.370+0000] {logging_mixin.py:190} INFO - [2024-12-21T11:30:26.370+0000] {dag.py:4180} INFO - Setting next_dagrun for example_branch_labels to 2024-12-20 00:00:00+00:00, run_after=2024-12-21 00:00:00+00:00
[2024-12-21T11:30:26.392+0000] {processor.py:208} INFO - Processing /home/airflow/.local/lib/python3.12/site-packages/airflow/example_dags/example_branch_labels.py took 0.091 seconds
[2024-12-21T11:30:56.628+0000] {processor.py:186} INFO - Started process (PID=1648) to work on /home/airflow/.local/lib/python3.12/site-packages/airflow/example_dags/example_branch_labels.py
[2024-12-21T11:30:56.629+0000] {processor.py:914} INFO - Processing file /home/airflow/.local/lib/python3.12/site-packages/airflow/example_dags/example_branch_labels.py for tasks to queue
[2024-12-21T11:30:56.632+0000] {logging_mixin.py:190} INFO - [2024-12-21T11:30:56.632+0000] {dagbag.py:588} INFO - Filling up the DagBag from /home/airflow/.local/lib/python3.12/site-packages/airflow/example_dags/example_branch_labels.py
[2024-12-21T11:30:56.643+0000] {processor.py:925} INFO - DAG(s) 'example_branch_labels' retrieved from /home/airflow/.local/lib/python3.12/site-packages/airflow/example_dags/example_branch_labels.py
[2024-12-21T11:30:56.666+0000] {logging_mixin.py:190} INFO - [2024-12-21T11:30:56.666+0000] {dag.py:3239} INFO - Sync 1 DAGs
[2024-12-21T11:30:56.692+0000] {logging_mixin.py:190} INFO - [2024-12-21T11:30:56.692+0000] {dag.py:4180} INFO - Setting next_dagrun for example_branch_labels to 2024-12-20 00:00:00+00:00, run_after=2024-12-21 00:00:00+00:00
[2024-12-21T11:30:56.713+0000] {processor.py:208} INFO - Processing /home/airflow/.local/lib/python3.12/site-packages/airflow/example_dags/example_branch_labels.py took 0.092 seconds
[2024-12-21T11:31:26.865+0000] {processor.py:186} INFO - Started process (PID=1714) to work on /home/airflow/.local/lib/python3.12/site-packages/airflow/example_dags/example_branch_labels.py
[2024-12-21T11:31:26.866+0000] {processor.py:914} INFO - Processing file /home/airflow/.local/lib/python3.12/site-packages/airflow/example_dags/example_branch_labels.py for tasks to queue
[2024-12-21T11:31:26.869+0000] {logging_mixin.py:190} INFO - [2024-12-21T11:31:26.868+0000] {dagbag.py:588} INFO - Filling up the DagBag from /home/airflow/.local/lib/python3.12/site-packages/airflow/example_dags/example_branch_labels.py
[2024-12-21T11:31:26.879+0000] {processor.py:925} INFO - DAG(s) 'example_branch_labels' retrieved from /home/airflow/.local/lib/python3.12/site-packages/airflow/example_dags/example_branch_labels.py
[2024-12-21T11:31:26.902+0000] {logging_mixin.py:190} INFO - [2024-12-21T11:31:26.902+0000] {dag.py:3239} INFO - Sync 1 DAGs
[2024-12-21T11:31:26.928+0000] {logging_mixin.py:190} INFO - [2024-12-21T11:31:26.928+0000] {dag.py:4180} INFO - Setting next_dagrun for example_branch_labels to 2024-12-20 00:00:00+00:00, run_after=2024-12-21 00:00:00+00:00
[2024-12-21T11:31:26.950+0000] {processor.py:208} INFO - Processing /home/airflow/.local/lib/python3.12/site-packages/airflow/example_dags/example_branch_labels.py took 0.091 seconds
[2024-12-21T11:31:57.205+0000] {processor.py:186} INFO - Started process (PID=1780) to work on /home/airflow/.local/lib/python3.12/site-packages/airflow/example_dags/example_branch_labels.py
[2024-12-21T11:31:57.206+0000] {processor.py:914} INFO - Processing file /home/airflow/.local/lib/python3.12/site-packages/airflow/example_dags/example_branch_labels.py for tasks to queue
[2024-12-21T11:31:57.214+0000] {logging_mixin.py:190} INFO - [2024-12-21T11:31:57.213+0000] {dagbag.py:588} INFO - Filling up the DagBag from /home/airflow/.local/lib/python3.12/site-packages/airflow/example_dags/example_branch_labels.py
[2024-12-21T11:31:57.232+0000] {processor.py:925} INFO - DAG(s) 'example_branch_labels' retrieved from /home/airflow/.local/lib/python3.12/site-packages/airflow/example_dags/example_branch_labels.py
[2024-12-21T11:31:57.257+0000] {logging_mixin.py:190} INFO - [2024-12-21T11:31:57.257+0000] {dag.py:3239} INFO - Sync 1 DAGs
[2024-12-21T11:31:57.287+0000] {logging_mixin.py:190} INFO - [2024-12-21T11:31:57.287+0000] {dag.py:4180} INFO - Setting next_dagrun for example_branch_labels to 2024-12-20 00:00:00+00:00, run_after=2024-12-21 00:00:00+00:00
[2024-12-21T11:31:57.311+0000] {processor.py:208} INFO - Processing /home/airflow/.local/lib/python3.12/site-packages/airflow/example_dags/example_branch_labels.py took 0.115 seconds
[2024-12-21T11:32:27.408+0000] {processor.py:186} INFO - Started process (PID=1846) to work on /home/airflow/.local/lib/python3.12/site-packages/airflow/example_dags/example_branch_labels.py
[2024-12-21T11:32:27.410+0000] {processor.py:914} INFO - Processing file /home/airflow/.local/lib/python3.12/site-packages/airflow/example_dags/example_branch_labels.py for tasks to queue
[2024-12-21T11:32:27.412+0000] {logging_mixin.py:190} INFO - [2024-12-21T11:32:27.412+0000] {dagbag.py:588} INFO - Filling up the DagBag from /home/airflow/.local/lib/python3.12/site-packages/airflow/example_dags/example_branch_labels.py
[2024-12-21T11:32:27.423+0000] {processor.py:925} INFO - DAG(s) 'example_branch_labels' retrieved from /home/airflow/.local/lib/python3.12/site-packages/airflow/example_dags/example_branch_labels.py
[2024-12-21T11:32:27.447+0000] {logging_mixin.py:190} INFO - [2024-12-21T11:32:27.446+0000] {dag.py:3239} INFO - Sync 1 DAGs
[2024-12-21T11:32:27.473+0000] {logging_mixin.py:190} INFO - [2024-12-21T11:32:27.472+0000] {dag.py:4180} INFO - Setting next_dagrun for example_branch_labels to 2024-12-20 00:00:00+00:00, run_after=2024-12-21 00:00:00+00:00
[2024-12-21T11:32:27.496+0000] {processor.py:208} INFO - Processing /home/airflow/.local/lib/python3.12/site-packages/airflow/example_dags/example_branch_labels.py took 0.093 seconds
[2024-12-21T11:32:57.667+0000] {processor.py:186} INFO - Started process (PID=1912) to work on /home/airflow/.local/lib/python3.12/site-packages/airflow/example_dags/example_branch_labels.py
[2024-12-21T11:32:57.669+0000] {processor.py:914} INFO - Processing file /home/airflow/.local/lib/python3.12/site-packages/airflow/example_dags/example_branch_labels.py for tasks to queue
[2024-12-21T11:32:57.671+0000] {logging_mixin.py:190} INFO - [2024-12-21T11:32:57.671+0000] {dagbag.py:588} INFO - Filling up the DagBag from /home/airflow/.local/lib/python3.12/site-packages/airflow/example_dags/example_branch_labels.py
[2024-12-21T11:32:57.682+0000] {processor.py:925} INFO - DAG(s) 'example_branch_labels' retrieved from /home/airflow/.local/lib/python3.12/site-packages/airflow/example_dags/example_branch_labels.py
[2024-12-21T11:32:57.705+0000] {logging_mixin.py:190} INFO - [2024-12-21T11:32:57.705+0000] {dag.py:3239} INFO - Sync 1 DAGs
[2024-12-21T11:32:57.735+0000] {logging_mixin.py:190} INFO - [2024-12-21T11:32:57.734+0000] {dag.py:4180} INFO - Setting next_dagrun for example_branch_labels to 2024-12-20 00:00:00+00:00, run_after=2024-12-21 00:00:00+00:00
[2024-12-21T11:32:57.760+0000] {processor.py:208} INFO - Processing /home/airflow/.local/lib/python3.12/site-packages/airflow/example_dags/example_branch_labels.py took 0.099 seconds
[2024-12-21T11:33:28.086+0000] {processor.py:186} INFO - Started process (PID=1978) to work on /home/airflow/.local/lib/python3.12/site-packages/airflow/example_dags/example_branch_labels.py
[2024-12-21T11:33:28.088+0000] {processor.py:914} INFO - Processing file /home/airflow/.local/lib/python3.12/site-packages/airflow/example_dags/example_branch_labels.py for tasks to queue
[2024-12-21T11:33:28.091+0000] {logging_mixin.py:190} INFO - [2024-12-21T11:33:28.090+0000] {dagbag.py:588} INFO - Filling up the DagBag from /home/airflow/.local/lib/python3.12/site-packages/airflow/example_dags/example_branch_labels.py
[2024-12-21T11:33:28.102+0000] {processor.py:925} INFO - DAG(s) 'example_branch_labels' retrieved from /home/airflow/.local/lib/python3.12/site-packages/airflow/example_dags/example_branch_labels.py
[2024-12-21T11:33:28.125+0000] {logging_mixin.py:190} INFO - [2024-12-21T11:33:28.125+0000] {dag.py:3239} INFO - Sync 1 DAGs
[2024-12-21T11:33:28.151+0000] {logging_mixin.py:190} INFO - [2024-12-21T11:33:28.151+0000] {dag.py:4180} INFO - Setting next_dagrun for example_branch_labels to 2024-12-20 00:00:00+00:00, run_after=2024-12-21 00:00:00+00:00
[2024-12-21T11:33:28.171+0000] {processor.py:208} INFO - Processing /home/airflow/.local/lib/python3.12/site-packages/airflow/example_dags/example_branch_labels.py took 0.093 seconds
[2024-12-21T11:33:58.947+0000] {processor.py:186} INFO - Started process (PID=2044) to work on /home/airflow/.local/lib/python3.12/site-packages/airflow/example_dags/example_branch_labels.py
[2024-12-21T11:33:58.949+0000] {processor.py:914} INFO - Processing file /home/airflow/.local/lib/python3.12/site-packages/airflow/example_dags/example_branch_labels.py for tasks to queue
[2024-12-21T11:33:58.953+0000] {logging_mixin.py:190} INFO - [2024-12-21T11:33:58.952+0000] {dagbag.py:588} INFO - Filling up the DagBag from /home/airflow/.local/lib/python3.12/site-packages/airflow/example_dags/example_branch_labels.py
[2024-12-21T11:33:58.975+0000] {processor.py:925} INFO - DAG(s) 'example_branch_labels' retrieved from /home/airflow/.local/lib/python3.12/site-packages/airflow/example_dags/example_branch_labels.py
[2024-12-21T11:33:59.015+0000] {logging_mixin.py:190} INFO - [2024-12-21T11:33:59.015+0000] {dag.py:3239} INFO - Sync 1 DAGs
[2024-12-21T11:33:59.053+0000] {logging_mixin.py:190} INFO - [2024-12-21T11:33:59.052+0000] {dag.py:4180} INFO - Setting next_dagrun for example_branch_labels to 2024-12-20 00:00:00+00:00, run_after=2024-12-21 00:00:00+00:00
[2024-12-21T11:33:59.079+0000] {processor.py:208} INFO - Processing /home/airflow/.local/lib/python3.12/site-packages/airflow/example_dags/example_branch_labels.py took 0.142 seconds
[2024-12-21T11:34:29.230+0000] {processor.py:186} INFO - Started process (PID=2110) to work on /home/airflow/.local/lib/python3.12/site-packages/airflow/example_dags/example_branch_labels.py
[2024-12-21T11:34:29.232+0000] {processor.py:914} INFO - Processing file /home/airflow/.local/lib/python3.12/site-packages/airflow/example_dags/example_branch_labels.py for tasks to queue
[2024-12-21T11:34:29.234+0000] {logging_mixin.py:190} INFO - [2024-12-21T11:34:29.234+0000] {dagbag.py:588} INFO - Filling up the DagBag from /home/airflow/.local/lib/python3.12/site-packages/airflow/example_dags/example_branch_labels.py
[2024-12-21T11:34:29.245+0000] {processor.py:925} INFO - DAG(s) 'example_branch_labels' retrieved from /home/airflow/.local/lib/python3.12/site-packages/airflow/example_dags/example_branch_labels.py
[2024-12-21T11:34:29.268+0000] {logging_mixin.py:190} INFO - [2024-12-21T11:34:29.268+0000] {dag.py:3239} INFO - Sync 1 DAGs
[2024-12-21T11:34:29.293+0000] {logging_mixin.py:190} INFO - [2024-12-21T11:34:29.293+0000] {dag.py:4180} INFO - Setting next_dagrun for example_branch_labels to 2024-12-20 00:00:00+00:00, run_after=2024-12-21 00:00:00+00:00
[2024-12-21T11:34:29.316+0000] {processor.py:208} INFO - Processing /home/airflow/.local/lib/python3.12/site-packages/airflow/example_dags/example_branch_labels.py took 0.093 seconds
[2024-12-21T11:34:59.685+0000] {processor.py:186} INFO - Started process (PID=2176) to work on /home/airflow/.local/lib/python3.12/site-packages/airflow/example_dags/example_branch_labels.py
[2024-12-21T11:34:59.686+0000] {processor.py:914} INFO - Processing file /home/airflow/.local/lib/python3.12/site-packages/airflow/example_dags/example_branch_labels.py for tasks to queue
[2024-12-21T11:34:59.689+0000] {logging_mixin.py:190} INFO - [2024-12-21T11:34:59.689+0000] {dagbag.py:588} INFO - Filling up the DagBag from /home/airflow/.local/lib/python3.12/site-packages/airflow/example_dags/example_branch_labels.py
[2024-12-21T11:34:59.699+0000] {processor.py:925} INFO - DAG(s) 'example_branch_labels' retrieved from /home/airflow/.local/lib/python3.12/site-packages/airflow/example_dags/example_branch_labels.py
[2024-12-21T11:34:59.722+0000] {logging_mixin.py:190} INFO - [2024-12-21T11:34:59.722+0000] {dag.py:3239} INFO - Sync 1 DAGs
[2024-12-21T11:34:59.747+0000] {logging_mixin.py:190} INFO - [2024-12-21T11:34:59.747+0000] {dag.py:4180} INFO - Setting next_dagrun for example_branch_labels to 2024-12-20 00:00:00+00:00, run_after=2024-12-21 00:00:00+00:00
[2024-12-21T11:34:59.768+0000] {processor.py:208} INFO - Processing /home/airflow/.local/lib/python3.12/site-packages/airflow/example_dags/example_branch_labels.py took 0.089 seconds
[2024-12-21T11:35:30.385+0000] {processor.py:186} INFO - Started process (PID=2242) to work on /home/airflow/.local/lib/python3.12/site-packages/airflow/example_dags/example_branch_labels.py
[2024-12-21T11:35:30.386+0000] {processor.py:914} INFO - Processing file /home/airflow/.local/lib/python3.12/site-packages/airflow/example_dags/example_branch_labels.py for tasks to queue
[2024-12-21T11:35:30.389+0000] {logging_mixin.py:190} INFO - [2024-12-21T11:35:30.388+0000] {dagbag.py:588} INFO - Filling up the DagBag from /home/airflow/.local/lib/python3.12/site-packages/airflow/example_dags/example_branch_labels.py
[2024-12-21T11:35:30.399+0000] {processor.py:925} INFO - DAG(s) 'example_branch_labels' retrieved from /home/airflow/.local/lib/python3.12/site-packages/airflow/example_dags/example_branch_labels.py
[2024-12-21T11:35:30.422+0000] {logging_mixin.py:190} INFO - [2024-12-21T11:35:30.422+0000] {dag.py:3239} INFO - Sync 1 DAGs
[2024-12-21T11:35:30.448+0000] {logging_mixin.py:190} INFO - [2024-12-21T11:35:30.448+0000] {dag.py:4180} INFO - Setting next_dagrun for example_branch_labels to 2024-12-20 00:00:00+00:00, run_after=2024-12-21 00:00:00+00:00
[2024-12-21T11:35:30.469+0000] {processor.py:208} INFO - Processing /home/airflow/.local/lib/python3.12/site-packages/airflow/example_dags/example_branch_labels.py took 0.090 seconds
[2024-12-21T11:36:01.313+0000] {processor.py:186} INFO - Started process (PID=2308) to work on /home/airflow/.local/lib/python3.12/site-packages/airflow/example_dags/example_branch_labels.py
[2024-12-21T11:36:01.314+0000] {processor.py:914} INFO - Processing file /home/airflow/.local/lib/python3.12/site-packages/airflow/example_dags/example_branch_labels.py for tasks to queue
[2024-12-21T11:36:01.317+0000] {logging_mixin.py:190} INFO - [2024-12-21T11:36:01.317+0000] {dagbag.py:588} INFO - Filling up the DagBag from /home/airflow/.local/lib/python3.12/site-packages/airflow/example_dags/example_branch_labels.py
[2024-12-21T11:36:01.328+0000] {processor.py:925} INFO - DAG(s) 'example_branch_labels' retrieved from /home/airflow/.local/lib/python3.12/site-packages/airflow/example_dags/example_branch_labels.py
[2024-12-21T11:36:01.352+0000] {logging_mixin.py:190} INFO - [2024-12-21T11:36:01.351+0000] {dag.py:3239} INFO - Sync 1 DAGs
[2024-12-21T11:36:01.378+0000] {logging_mixin.py:190} INFO - [2024-12-21T11:36:01.378+0000] {dag.py:4180} INFO - Setting next_dagrun for example_branch_labels to 2024-12-20 00:00:00+00:00, run_after=2024-12-21 00:00:00+00:00
[2024-12-21T11:36:01.400+0000] {processor.py:208} INFO - Processing /home/airflow/.local/lib/python3.12/site-packages/airflow/example_dags/example_branch_labels.py took 0.096 seconds
[2024-12-21T11:36:31.722+0000] {processor.py:186} INFO - Started process (PID=2374) to work on /home/airflow/.local/lib/python3.12/site-packages/airflow/example_dags/example_branch_labels.py
[2024-12-21T11:36:31.724+0000] {processor.py:914} INFO - Processing file /home/airflow/.local/lib/python3.12/site-packages/airflow/example_dags/example_branch_labels.py for tasks to queue
[2024-12-21T11:36:31.726+0000] {logging_mixin.py:190} INFO - [2024-12-21T11:36:31.726+0000] {dagbag.py:588} INFO - Filling up the DagBag from /home/airflow/.local/lib/python3.12/site-packages/airflow/example_dags/example_branch_labels.py
[2024-12-21T11:36:31.737+0000] {processor.py:925} INFO - DAG(s) 'example_branch_labels' retrieved from /home/airflow/.local/lib/python3.12/site-packages/airflow/example_dags/example_branch_labels.py
[2024-12-21T11:36:31.762+0000] {logging_mixin.py:190} INFO - [2024-12-21T11:36:31.762+0000] {dag.py:3239} INFO - Sync 1 DAGs
[2024-12-21T11:36:31.793+0000] {logging_mixin.py:190} INFO - [2024-12-21T11:36:31.792+0000] {dag.py:4180} INFO - Setting next_dagrun for example_branch_labels to 2024-12-20 00:00:00+00:00, run_after=2024-12-21 00:00:00+00:00
[2024-12-21T11:36:31.813+0000] {processor.py:208} INFO - Processing /home/airflow/.local/lib/python3.12/site-packages/airflow/example_dags/example_branch_labels.py took 0.097 seconds
[2024-12-21T11:37:02.402+0000] {processor.py:186} INFO - Started process (PID=2440) to work on /home/airflow/.local/lib/python3.12/site-packages/airflow/example_dags/example_branch_labels.py
[2024-12-21T11:37:02.403+0000] {processor.py:914} INFO - Processing file /home/airflow/.local/lib/python3.12/site-packages/airflow/example_dags/example_branch_labels.py for tasks to queue
[2024-12-21T11:37:02.406+0000] {logging_mixin.py:190} INFO - [2024-12-21T11:37:02.405+0000] {dagbag.py:588} INFO - Filling up the DagBag from /home/airflow/.local/lib/python3.12/site-packages/airflow/example_dags/example_branch_labels.py
[2024-12-21T11:37:02.416+0000] {processor.py:925} INFO - DAG(s) 'example_branch_labels' retrieved from /home/airflow/.local/lib/python3.12/site-packages/airflow/example_dags/example_branch_labels.py
[2024-12-21T11:37:02.439+0000] {logging_mixin.py:190} INFO - [2024-12-21T11:37:02.439+0000] {dag.py:3239} INFO - Sync 1 DAGs
[2024-12-21T11:37:02.466+0000] {logging_mixin.py:190} INFO - [2024-12-21T11:37:02.466+0000] {dag.py:4180} INFO - Setting next_dagrun for example_branch_labels to 2024-12-20 00:00:00+00:00, run_after=2024-12-21 00:00:00+00:00
[2024-12-21T11:37:02.487+0000] {processor.py:208} INFO - Processing /home/airflow/.local/lib/python3.12/site-packages/airflow/example_dags/example_branch_labels.py took 0.091 seconds
[2024-12-21T11:37:32.904+0000] {processor.py:186} INFO - Started process (PID=2506) to work on /home/airflow/.local/lib/python3.12/site-packages/airflow/example_dags/example_branch_labels.py
[2024-12-21T11:37:32.905+0000] {processor.py:914} INFO - Processing file /home/airflow/.local/lib/python3.12/site-packages/airflow/example_dags/example_branch_labels.py for tasks to queue
[2024-12-21T11:37:32.908+0000] {logging_mixin.py:190} INFO - [2024-12-21T11:37:32.908+0000] {dagbag.py:588} INFO - Filling up the DagBag from /home/airflow/.local/lib/python3.12/site-packages/airflow/example_dags/example_branch_labels.py
[2024-12-21T11:37:32.920+0000] {processor.py:925} INFO - DAG(s) 'example_branch_labels' retrieved from /home/airflow/.local/lib/python3.12/site-packages/airflow/example_dags/example_branch_labels.py
[2024-12-21T11:37:32.946+0000] {logging_mixin.py:190} INFO - [2024-12-21T11:37:32.946+0000] {dag.py:3239} INFO - Sync 1 DAGs
[2024-12-21T11:37:32.976+0000] {logging_mixin.py:190} INFO - [2024-12-21T11:37:32.976+0000] {dag.py:4180} INFO - Setting next_dagrun for example_branch_labels to 2024-12-20 00:00:00+00:00, run_after=2024-12-21 00:00:00+00:00
[2024-12-21T11:37:33.000+0000] {processor.py:208} INFO - Processing /home/airflow/.local/lib/python3.12/site-packages/airflow/example_dags/example_branch_labels.py took 0.104 seconds
[2024-12-21T11:38:03.817+0000] {processor.py:186} INFO - Started process (PID=2578) to work on /home/airflow/.local/lib/python3.12/site-packages/airflow/example_dags/example_branch_labels.py
[2024-12-21T11:38:03.819+0000] {processor.py:914} INFO - Processing file /home/airflow/.local/lib/python3.12/site-packages/airflow/example_dags/example_branch_labels.py for tasks to queue
[2024-12-21T11:38:03.821+0000] {logging_mixin.py:190} INFO - [2024-12-21T11:38:03.821+0000] {dagbag.py:588} INFO - Filling up the DagBag from /home/airflow/.local/lib/python3.12/site-packages/airflow/example_dags/example_branch_labels.py
[2024-12-21T11:38:03.834+0000] {processor.py:925} INFO - DAG(s) 'example_branch_labels' retrieved from /home/airflow/.local/lib/python3.12/site-packages/airflow/example_dags/example_branch_labels.py
[2024-12-21T11:38:03.857+0000] {logging_mixin.py:190} INFO - [2024-12-21T11:38:03.856+0000] {dag.py:3239} INFO - Sync 1 DAGs
[2024-12-21T11:38:03.885+0000] {logging_mixin.py:190} INFO - [2024-12-21T11:38:03.885+0000] {dag.py:4180} INFO - Setting next_dagrun for example_branch_labels to 2024-12-20 00:00:00+00:00, run_after=2024-12-21 00:00:00+00:00
[2024-12-21T11:38:03.906+0000] {processor.py:208} INFO - Processing /home/airflow/.local/lib/python3.12/site-packages/airflow/example_dags/example_branch_labels.py took 0.096 seconds
[2024-12-21T11:38:34.938+0000] {processor.py:186} INFO - Started process (PID=2644) to work on /home/airflow/.local/lib/python3.12/site-packages/airflow/example_dags/example_branch_labels.py
[2024-12-21T11:38:34.939+0000] {processor.py:914} INFO - Processing file /home/airflow/.local/lib/python3.12/site-packages/airflow/example_dags/example_branch_labels.py for tasks to queue
[2024-12-21T11:38:34.942+0000] {logging_mixin.py:190} INFO - [2024-12-21T11:38:34.941+0000] {dagbag.py:588} INFO - Filling up the DagBag from /home/airflow/.local/lib/python3.12/site-packages/airflow/example_dags/example_branch_labels.py
[2024-12-21T11:38:34.953+0000] {processor.py:925} INFO - DAG(s) 'example_branch_labels' retrieved from /home/airflow/.local/lib/python3.12/site-packages/airflow/example_dags/example_branch_labels.py
[2024-12-21T11:38:34.977+0000] {logging_mixin.py:190} INFO - [2024-12-21T11:38:34.977+0000] {dag.py:3239} INFO - Sync 1 DAGs
[2024-12-21T11:38:35.010+0000] {logging_mixin.py:190} INFO - [2024-12-21T11:38:35.010+0000] {dag.py:4180} INFO - Setting next_dagrun for example_branch_labels to 2024-12-20 00:00:00+00:00, run_after=2024-12-21 00:00:00+00:00
[2024-12-21T11:38:35.034+0000] {processor.py:208} INFO - Processing /home/airflow/.local/lib/python3.12/site-packages/airflow/example_dags/example_branch_labels.py took 0.103 seconds
[2024-12-21T11:39:05.500+0000] {processor.py:186} INFO - Started process (PID=2710) to work on /home/airflow/.local/lib/python3.12/site-packages/airflow/example_dags/example_branch_labels.py
[2024-12-21T11:39:05.501+0000] {processor.py:914} INFO - Processing file /home/airflow/.local/lib/python3.12/site-packages/airflow/example_dags/example_branch_labels.py for tasks to queue
[2024-12-21T11:39:05.505+0000] {logging_mixin.py:190} INFO - [2024-12-21T11:39:05.504+0000] {dagbag.py:588} INFO - Filling up the DagBag from /home/airflow/.local/lib/python3.12/site-packages/airflow/example_dags/example_branch_labels.py
[2024-12-21T11:39:05.520+0000] {processor.py:925} INFO - DAG(s) 'example_branch_labels' retrieved from /home/airflow/.local/lib/python3.12/site-packages/airflow/example_dags/example_branch_labels.py
[2024-12-21T11:39:05.547+0000] {logging_mixin.py:190} INFO - [2024-12-21T11:39:05.546+0000] {dag.py:3239} INFO - Sync 1 DAGs
[2024-12-21T11:39:05.583+0000] {logging_mixin.py:190} INFO - [2024-12-21T11:39:05.583+0000] {dag.py:4180} INFO - Setting next_dagrun for example_branch_labels to 2024-12-20 00:00:00+00:00, run_after=2024-12-21 00:00:00+00:00
[2024-12-21T11:39:05.614+0000] {processor.py:208} INFO - Processing /home/airflow/.local/lib/python3.12/site-packages/airflow/example_dags/example_branch_labels.py took 0.125 seconds
[2024-12-21T11:39:36.835+0000] {processor.py:186} INFO - Started process (PID=2776) to work on /home/airflow/.local/lib/python3.12/site-packages/airflow/example_dags/example_branch_labels.py
[2024-12-21T11:39:36.837+0000] {processor.py:914} INFO - Processing file /home/airflow/.local/lib/python3.12/site-packages/airflow/example_dags/example_branch_labels.py for tasks to queue
[2024-12-21T11:39:36.839+0000] {logging_mixin.py:190} INFO - [2024-12-21T11:39:36.839+0000] {dagbag.py:588} INFO - Filling up the DagBag from /home/airflow/.local/lib/python3.12/site-packages/airflow/example_dags/example_branch_labels.py
[2024-12-21T11:39:36.851+0000] {processor.py:925} INFO - DAG(s) 'example_branch_labels' retrieved from /home/airflow/.local/lib/python3.12/site-packages/airflow/example_dags/example_branch_labels.py
[2024-12-21T11:39:36.874+0000] {logging_mixin.py:190} INFO - [2024-12-21T11:39:36.874+0000] {dag.py:3239} INFO - Sync 1 DAGs
[2024-12-21T11:39:36.902+0000] {logging_mixin.py:190} INFO - [2024-12-21T11:39:36.901+0000] {dag.py:4180} INFO - Setting next_dagrun for example_branch_labels to 2024-12-20 00:00:00+00:00, run_after=2024-12-21 00:00:00+00:00
[2024-12-21T11:39:36.923+0000] {processor.py:208} INFO - Processing /home/airflow/.local/lib/python3.12/site-packages/airflow/example_dags/example_branch_labels.py took 0.094 seconds
[2024-12-21T11:40:07.605+0000] {processor.py:186} INFO - Started process (PID=2842) to work on /home/airflow/.local/lib/python3.12/site-packages/airflow/example_dags/example_branch_labels.py
[2024-12-21T11:40:07.606+0000] {processor.py:914} INFO - Processing file /home/airflow/.local/lib/python3.12/site-packages/airflow/example_dags/example_branch_labels.py for tasks to queue
[2024-12-21T11:40:07.610+0000] {logging_mixin.py:190} INFO - [2024-12-21T11:40:07.610+0000] {dagbag.py:588} INFO - Filling up the DagBag from /home/airflow/.local/lib/python3.12/site-packages/airflow/example_dags/example_branch_labels.py
[2024-12-21T11:40:07.627+0000] {processor.py:925} INFO - DAG(s) 'example_branch_labels' retrieved from /home/airflow/.local/lib/python3.12/site-packages/airflow/example_dags/example_branch_labels.py
[2024-12-21T11:40:07.656+0000] {logging_mixin.py:190} INFO - [2024-12-21T11:40:07.656+0000] {dag.py:3239} INFO - Sync 1 DAGs
[2024-12-21T11:40:07.694+0000] {logging_mixin.py:190} INFO - [2024-12-21T11:40:07.694+0000] {dag.py:4180} INFO - Setting next_dagrun for example_branch_labels to 2024-12-20 00:00:00+00:00, run_after=2024-12-21 00:00:00+00:00
[2024-12-21T11:40:07.732+0000] {processor.py:208} INFO - Processing /home/airflow/.local/lib/python3.12/site-packages/airflow/example_dags/example_branch_labels.py took 0.136 seconds
