[2024-12-21T11:19:36.029+0000] {processor.py:186} INFO - Started process (PID=94) to work on /home/airflow/.local/lib/python3.12/site-packages/airflow/example_dags/example_dataset_alias.py
[2024-12-21T11:19:36.031+0000] {processor.py:914} INFO - Processing file /home/airflow/.local/lib/python3.12/site-packages/airflow/example_dags/example_dataset_alias.py for tasks to queue
[2024-12-21T11:19:36.040+0000] {logging_mixin.py:190} INFO - [2024-12-21T11:19:36.039+0000] {dagbag.py:588} INFO - Filling up the DagBag from /home/airflow/.local/lib/python3.12/site-packages/airflow/example_dags/example_dataset_alias.py
[2024-12-21T11:19:36.838+0000] {processor.py:925} INFO - DAG(s) 'dataset_s3_bucket_producer', 'dataset_s3_bucket_consumer', 'dataset_alias_example_alias_producer', 'dataset_alias_example_alias_consumer' retrieved from /home/airflow/.local/lib/python3.12/site-packages/airflow/example_dags/example_dataset_alias.py
[2024-12-21T11:19:36.895+0000] {logging_mixin.py:190} INFO - [2024-12-21T11:19:36.894+0000] {dag.py:3239} INFO - Sync 4 DAGs
[2024-12-21T11:19:36.954+0000] {logging_mixin.py:190} INFO - [2024-12-21T11:19:36.954+0000] {dag.py:4180} INFO - Setting next_dagrun for dataset_alias_example_alias_consumer to None, run_after=None
[2024-12-21T11:19:36.960+0000] {logging_mixin.py:190} INFO - [2024-12-21T11:19:36.960+0000] {dag.py:4180} INFO - Setting next_dagrun for dataset_alias_example_alias_producer to None, run_after=None
[2024-12-21T11:19:36.971+0000] {logging_mixin.py:190} INFO - [2024-12-21T11:19:36.971+0000] {dag.py:4180} INFO - Setting next_dagrun for dataset_s3_bucket_consumer to None, run_after=None
[2024-12-21T11:19:36.973+0000] {logging_mixin.py:190} INFO - [2024-12-21T11:19:36.973+0000] {dag.py:4180} INFO - Setting next_dagrun for dataset_s3_bucket_producer to None, run_after=None
[2024-12-21T11:19:37.019+0000] {processor.py:208} INFO - Processing /home/airflow/.local/lib/python3.12/site-packages/airflow/example_dags/example_dataset_alias.py took 1.011 seconds
[2024-12-21T11:20:07.137+0000] {processor.py:186} INFO - Started process (PID=187) to work on /home/airflow/.local/lib/python3.12/site-packages/airflow/example_dags/example_dataset_alias.py
[2024-12-21T11:20:07.139+0000] {processor.py:914} INFO - Processing file /home/airflow/.local/lib/python3.12/site-packages/airflow/example_dags/example_dataset_alias.py for tasks to queue
[2024-12-21T11:20:07.142+0000] {logging_mixin.py:190} INFO - [2024-12-21T11:20:07.141+0000] {dagbag.py:588} INFO - Filling up the DagBag from /home/airflow/.local/lib/python3.12/site-packages/airflow/example_dags/example_dataset_alias.py
[2024-12-21T11:20:07.345+0000] {processor.py:925} INFO - DAG(s) 'dataset_alias_example_alias_producer', 'dataset_alias_example_alias_consumer', 'dataset_s3_bucket_consumer', 'dataset_s3_bucket_producer' retrieved from /home/airflow/.local/lib/python3.12/site-packages/airflow/example_dags/example_dataset_alias.py
[2024-12-21T11:20:07.369+0000] {logging_mixin.py:190} INFO - [2024-12-21T11:20:07.369+0000] {dag.py:3239} INFO - Sync 4 DAGs
[2024-12-21T11:20:07.400+0000] {logging_mixin.py:190} INFO - [2024-12-21T11:20:07.400+0000] {dag.py:4180} INFO - Setting next_dagrun for dataset_alias_example_alias_consumer to None, run_after=None
[2024-12-21T11:20:07.403+0000] {logging_mixin.py:190} INFO - [2024-12-21T11:20:07.403+0000] {dag.py:4180} INFO - Setting next_dagrun for dataset_alias_example_alias_producer to None, run_after=None
[2024-12-21T11:20:07.405+0000] {logging_mixin.py:190} INFO - [2024-12-21T11:20:07.405+0000] {dag.py:4180} INFO - Setting next_dagrun for dataset_s3_bucket_consumer to None, run_after=None
[2024-12-21T11:20:07.407+0000] {logging_mixin.py:190} INFO - [2024-12-21T11:20:07.406+0000] {dag.py:4180} INFO - Setting next_dagrun for dataset_s3_bucket_producer to None, run_after=None
[2024-12-21T11:20:07.429+0000] {processor.py:208} INFO - Processing /home/airflow/.local/lib/python3.12/site-packages/airflow/example_dags/example_dataset_alias.py took 0.300 seconds
[2024-12-21T11:20:37.587+0000] {processor.py:186} INFO - Started process (PID=253) to work on /home/airflow/.local/lib/python3.12/site-packages/airflow/example_dags/example_dataset_alias.py
[2024-12-21T11:20:37.588+0000] {processor.py:914} INFO - Processing file /home/airflow/.local/lib/python3.12/site-packages/airflow/example_dags/example_dataset_alias.py for tasks to queue
[2024-12-21T11:20:37.591+0000] {logging_mixin.py:190} INFO - [2024-12-21T11:20:37.591+0000] {dagbag.py:588} INFO - Filling up the DagBag from /home/airflow/.local/lib/python3.12/site-packages/airflow/example_dags/example_dataset_alias.py
[2024-12-21T11:20:37.762+0000] {processor.py:925} INFO - DAG(s) 'dataset_s3_bucket_producer', 'dataset_alias_example_alias_consumer', 'dataset_s3_bucket_consumer', 'dataset_alias_example_alias_producer' retrieved from /home/airflow/.local/lib/python3.12/site-packages/airflow/example_dags/example_dataset_alias.py
[2024-12-21T11:20:37.785+0000] {logging_mixin.py:190} INFO - [2024-12-21T11:20:37.785+0000] {dag.py:3239} INFO - Sync 4 DAGs
[2024-12-21T11:20:37.811+0000] {logging_mixin.py:190} INFO - [2024-12-21T11:20:37.810+0000] {dag.py:4180} INFO - Setting next_dagrun for dataset_alias_example_alias_consumer to None, run_after=None
[2024-12-21T11:20:37.814+0000] {logging_mixin.py:190} INFO - [2024-12-21T11:20:37.814+0000] {dag.py:4180} INFO - Setting next_dagrun for dataset_alias_example_alias_producer to None, run_after=None
[2024-12-21T11:20:37.816+0000] {logging_mixin.py:190} INFO - [2024-12-21T11:20:37.816+0000] {dag.py:4180} INFO - Setting next_dagrun for dataset_s3_bucket_consumer to None, run_after=None
[2024-12-21T11:20:37.818+0000] {logging_mixin.py:190} INFO - [2024-12-21T11:20:37.818+0000] {dag.py:4180} INFO - Setting next_dagrun for dataset_s3_bucket_producer to None, run_after=None
[2024-12-21T11:20:37.844+0000] {processor.py:208} INFO - Processing /home/airflow/.local/lib/python3.12/site-packages/airflow/example_dags/example_dataset_alias.py took 0.263 seconds
[2024-12-21T11:21:08.144+0000] {processor.py:186} INFO - Started process (PID=318) to work on /home/airflow/.local/lib/python3.12/site-packages/airflow/example_dags/example_dataset_alias.py
[2024-12-21T11:21:08.146+0000] {processor.py:914} INFO - Processing file /home/airflow/.local/lib/python3.12/site-packages/airflow/example_dags/example_dataset_alias.py for tasks to queue
[2024-12-21T11:21:08.148+0000] {logging_mixin.py:190} INFO - [2024-12-21T11:21:08.148+0000] {dagbag.py:588} INFO - Filling up the DagBag from /home/airflow/.local/lib/python3.12/site-packages/airflow/example_dags/example_dataset_alias.py
[2024-12-21T11:21:08.323+0000] {processor.py:925} INFO - DAG(s) 'dataset_alias_example_alias_consumer', 'dataset_s3_bucket_producer', 'dataset_s3_bucket_consumer', 'dataset_alias_example_alias_producer' retrieved from /home/airflow/.local/lib/python3.12/site-packages/airflow/example_dags/example_dataset_alias.py
[2024-12-21T11:21:08.348+0000] {logging_mixin.py:190} INFO - [2024-12-21T11:21:08.348+0000] {dag.py:3239} INFO - Sync 4 DAGs
[2024-12-21T11:21:08.371+0000] {logging_mixin.py:190} INFO - [2024-12-21T11:21:08.371+0000] {dag.py:4180} INFO - Setting next_dagrun for dataset_alias_example_alias_consumer to None, run_after=None
[2024-12-21T11:21:08.374+0000] {logging_mixin.py:190} INFO - [2024-12-21T11:21:08.374+0000] {dag.py:4180} INFO - Setting next_dagrun for dataset_alias_example_alias_producer to None, run_after=None
[2024-12-21T11:21:08.376+0000] {logging_mixin.py:190} INFO - [2024-12-21T11:21:08.376+0000] {dag.py:4180} INFO - Setting next_dagrun for dataset_s3_bucket_consumer to None, run_after=None
[2024-12-21T11:21:08.378+0000] {logging_mixin.py:190} INFO - [2024-12-21T11:21:08.378+0000] {dag.py:4180} INFO - Setting next_dagrun for dataset_s3_bucket_producer to None, run_after=None
[2024-12-21T11:21:08.403+0000] {processor.py:208} INFO - Processing /home/airflow/.local/lib/python3.12/site-packages/airflow/example_dags/example_dataset_alias.py took 0.265 seconds
[2024-12-21T11:21:38.869+0000] {processor.py:186} INFO - Started process (PID=383) to work on /home/airflow/.local/lib/python3.12/site-packages/airflow/example_dags/example_dataset_alias.py
[2024-12-21T11:21:38.870+0000] {processor.py:914} INFO - Processing file /home/airflow/.local/lib/python3.12/site-packages/airflow/example_dags/example_dataset_alias.py for tasks to queue
[2024-12-21T11:21:38.873+0000] {logging_mixin.py:190} INFO - [2024-12-21T11:21:38.872+0000] {dagbag.py:588} INFO - Filling up the DagBag from /home/airflow/.local/lib/python3.12/site-packages/airflow/example_dags/example_dataset_alias.py
[2024-12-21T11:21:39.039+0000] {processor.py:925} INFO - DAG(s) 'dataset_s3_bucket_producer', 'dataset_s3_bucket_consumer', 'dataset_alias_example_alias_producer', 'dataset_alias_example_alias_consumer' retrieved from /home/airflow/.local/lib/python3.12/site-packages/airflow/example_dags/example_dataset_alias.py
[2024-12-21T11:21:39.062+0000] {logging_mixin.py:190} INFO - [2024-12-21T11:21:39.062+0000] {dag.py:3239} INFO - Sync 4 DAGs
[2024-12-21T11:21:39.088+0000] {logging_mixin.py:190} INFO - [2024-12-21T11:21:39.088+0000] {dag.py:4180} INFO - Setting next_dagrun for dataset_alias_example_alias_consumer to None, run_after=None
[2024-12-21T11:21:39.091+0000] {logging_mixin.py:190} INFO - [2024-12-21T11:21:39.091+0000] {dag.py:4180} INFO - Setting next_dagrun for dataset_alias_example_alias_producer to None, run_after=None
[2024-12-21T11:21:39.093+0000] {logging_mixin.py:190} INFO - [2024-12-21T11:21:39.093+0000] {dag.py:4180} INFO - Setting next_dagrun for dataset_s3_bucket_consumer to None, run_after=None
[2024-12-21T11:21:39.095+0000] {logging_mixin.py:190} INFO - [2024-12-21T11:21:39.094+0000] {dag.py:4180} INFO - Setting next_dagrun for dataset_s3_bucket_producer to None, run_after=None
[2024-12-21T11:21:39.118+0000] {processor.py:208} INFO - Processing /home/airflow/.local/lib/python3.12/site-packages/airflow/example_dags/example_dataset_alias.py took 0.256 seconds
[2024-12-21T11:22:09.437+0000] {processor.py:186} INFO - Started process (PID=449) to work on /home/airflow/.local/lib/python3.12/site-packages/airflow/example_dags/example_dataset_alias.py
[2024-12-21T11:22:09.439+0000] {processor.py:914} INFO - Processing file /home/airflow/.local/lib/python3.12/site-packages/airflow/example_dags/example_dataset_alias.py for tasks to queue
[2024-12-21T11:22:09.442+0000] {logging_mixin.py:190} INFO - [2024-12-21T11:22:09.442+0000] {dagbag.py:588} INFO - Filling up the DagBag from /home/airflow/.local/lib/python3.12/site-packages/airflow/example_dags/example_dataset_alias.py
[2024-12-21T11:22:09.616+0000] {processor.py:925} INFO - DAG(s) 'dataset_alias_example_alias_producer', 'dataset_alias_example_alias_consumer', 'dataset_s3_bucket_producer', 'dataset_s3_bucket_consumer' retrieved from /home/airflow/.local/lib/python3.12/site-packages/airflow/example_dags/example_dataset_alias.py
[2024-12-21T11:22:09.640+0000] {logging_mixin.py:190} INFO - [2024-12-21T11:22:09.640+0000] {dag.py:3239} INFO - Sync 4 DAGs
[2024-12-21T11:22:09.663+0000] {logging_mixin.py:190} INFO - [2024-12-21T11:22:09.663+0000] {dag.py:4180} INFO - Setting next_dagrun for dataset_alias_example_alias_consumer to None, run_after=None
[2024-12-21T11:22:09.668+0000] {logging_mixin.py:190} INFO - [2024-12-21T11:22:09.668+0000] {dag.py:4180} INFO - Setting next_dagrun for dataset_alias_example_alias_producer to None, run_after=None
[2024-12-21T11:22:09.670+0000] {logging_mixin.py:190} INFO - [2024-12-21T11:22:09.669+0000] {dag.py:4180} INFO - Setting next_dagrun for dataset_s3_bucket_consumer to None, run_after=None
[2024-12-21T11:22:09.671+0000] {logging_mixin.py:190} INFO - [2024-12-21T11:22:09.671+0000] {dag.py:4180} INFO - Setting next_dagrun for dataset_s3_bucket_producer to None, run_after=None
[2024-12-21T11:22:09.694+0000] {processor.py:208} INFO - Processing /home/airflow/.local/lib/python3.12/site-packages/airflow/example_dags/example_dataset_alias.py took 0.262 seconds
[2024-12-21T11:22:40.106+0000] {processor.py:186} INFO - Started process (PID=515) to work on /home/airflow/.local/lib/python3.12/site-packages/airflow/example_dags/example_dataset_alias.py
[2024-12-21T11:22:40.107+0000] {processor.py:914} INFO - Processing file /home/airflow/.local/lib/python3.12/site-packages/airflow/example_dags/example_dataset_alias.py for tasks to queue
[2024-12-21T11:22:40.110+0000] {logging_mixin.py:190} INFO - [2024-12-21T11:22:40.110+0000] {dagbag.py:588} INFO - Filling up the DagBag from /home/airflow/.local/lib/python3.12/site-packages/airflow/example_dags/example_dataset_alias.py
[2024-12-21T11:22:40.295+0000] {processor.py:925} INFO - DAG(s) 'dataset_s3_bucket_consumer', 'dataset_s3_bucket_producer', 'dataset_alias_example_alias_consumer', 'dataset_alias_example_alias_producer' retrieved from /home/airflow/.local/lib/python3.12/site-packages/airflow/example_dags/example_dataset_alias.py
[2024-12-21T11:22:40.322+0000] {logging_mixin.py:190} INFO - [2024-12-21T11:22:40.321+0000] {dag.py:3239} INFO - Sync 4 DAGs
[2024-12-21T11:22:40.348+0000] {logging_mixin.py:190} INFO - [2024-12-21T11:22:40.347+0000] {dag.py:4180} INFO - Setting next_dagrun for dataset_alias_example_alias_consumer to None, run_after=None
[2024-12-21T11:22:40.351+0000] {logging_mixin.py:190} INFO - [2024-12-21T11:22:40.351+0000] {dag.py:4180} INFO - Setting next_dagrun for dataset_alias_example_alias_producer to None, run_after=None
[2024-12-21T11:22:40.353+0000] {logging_mixin.py:190} INFO - [2024-12-21T11:22:40.353+0000] {dag.py:4180} INFO - Setting next_dagrun for dataset_s3_bucket_consumer to None, run_after=None
[2024-12-21T11:22:40.355+0000] {logging_mixin.py:190} INFO - [2024-12-21T11:22:40.355+0000] {dag.py:4180} INFO - Setting next_dagrun for dataset_s3_bucket_producer to None, run_after=None
[2024-12-21T11:22:40.380+0000] {processor.py:208} INFO - Processing /home/airflow/.local/lib/python3.12/site-packages/airflow/example_dags/example_dataset_alias.py took 0.280 seconds
[2024-12-21T11:23:10.567+0000] {processor.py:186} INFO - Started process (PID=582) to work on /home/airflow/.local/lib/python3.12/site-packages/airflow/example_dags/example_dataset_alias.py
[2024-12-21T11:23:10.569+0000] {processor.py:914} INFO - Processing file /home/airflow/.local/lib/python3.12/site-packages/airflow/example_dags/example_dataset_alias.py for tasks to queue
[2024-12-21T11:23:10.572+0000] {logging_mixin.py:190} INFO - [2024-12-21T11:23:10.572+0000] {dagbag.py:588} INFO - Filling up the DagBag from /home/airflow/.local/lib/python3.12/site-packages/airflow/example_dags/example_dataset_alias.py
[2024-12-21T11:23:10.738+0000] {processor.py:925} INFO - DAG(s) 'dataset_s3_bucket_consumer', 'dataset_s3_bucket_producer', 'dataset_alias_example_alias_producer', 'dataset_alias_example_alias_consumer' retrieved from /home/airflow/.local/lib/python3.12/site-packages/airflow/example_dags/example_dataset_alias.py
[2024-12-21T11:23:10.762+0000] {logging_mixin.py:190} INFO - [2024-12-21T11:23:10.762+0000] {dag.py:3239} INFO - Sync 4 DAGs
[2024-12-21T11:23:10.789+0000] {logging_mixin.py:190} INFO - [2024-12-21T11:23:10.789+0000] {dag.py:4180} INFO - Setting next_dagrun for dataset_alias_example_alias_consumer to None, run_after=None
[2024-12-21T11:23:10.793+0000] {logging_mixin.py:190} INFO - [2024-12-21T11:23:10.792+0000] {dag.py:4180} INFO - Setting next_dagrun for dataset_alias_example_alias_producer to None, run_after=None
[2024-12-21T11:23:10.795+0000] {logging_mixin.py:190} INFO - [2024-12-21T11:23:10.794+0000] {dag.py:4180} INFO - Setting next_dagrun for dataset_s3_bucket_consumer to None, run_after=None
[2024-12-21T11:23:10.797+0000] {logging_mixin.py:190} INFO - [2024-12-21T11:23:10.796+0000] {dag.py:4180} INFO - Setting next_dagrun for dataset_s3_bucket_producer to None, run_after=None
[2024-12-21T11:23:10.824+0000] {processor.py:208} INFO - Processing /home/airflow/.local/lib/python3.12/site-packages/airflow/example_dags/example_dataset_alias.py took 0.264 seconds
[2024-12-21T11:23:41.629+0000] {processor.py:186} INFO - Started process (PID=648) to work on /home/airflow/.local/lib/python3.12/site-packages/airflow/example_dags/example_dataset_alias.py
[2024-12-21T11:23:41.631+0000] {processor.py:914} INFO - Processing file /home/airflow/.local/lib/python3.12/site-packages/airflow/example_dags/example_dataset_alias.py for tasks to queue
[2024-12-21T11:23:41.635+0000] {logging_mixin.py:190} INFO - [2024-12-21T11:23:41.635+0000] {dagbag.py:588} INFO - Filling up the DagBag from /home/airflow/.local/lib/python3.12/site-packages/airflow/example_dags/example_dataset_alias.py
[2024-12-21T11:23:41.905+0000] {processor.py:925} INFO - DAG(s) 'dataset_alias_example_alias_producer', 'dataset_s3_bucket_consumer', 'dataset_s3_bucket_producer', 'dataset_alias_example_alias_consumer' retrieved from /home/airflow/.local/lib/python3.12/site-packages/airflow/example_dags/example_dataset_alias.py
[2024-12-21T11:23:41.929+0000] {logging_mixin.py:190} INFO - [2024-12-21T11:23:41.929+0000] {dag.py:3239} INFO - Sync 4 DAGs
[2024-12-21T11:23:41.954+0000] {logging_mixin.py:190} INFO - [2024-12-21T11:23:41.954+0000] {dag.py:4180} INFO - Setting next_dagrun for dataset_alias_example_alias_consumer to None, run_after=None
[2024-12-21T11:23:41.958+0000] {logging_mixin.py:190} INFO - [2024-12-21T11:23:41.957+0000] {dag.py:4180} INFO - Setting next_dagrun for dataset_alias_example_alias_producer to None, run_after=None
[2024-12-21T11:23:41.959+0000] {logging_mixin.py:190} INFO - [2024-12-21T11:23:41.959+0000] {dag.py:4180} INFO - Setting next_dagrun for dataset_s3_bucket_consumer to None, run_after=None
[2024-12-21T11:23:41.961+0000] {logging_mixin.py:190} INFO - [2024-12-21T11:23:41.961+0000] {dag.py:4180} INFO - Setting next_dagrun for dataset_s3_bucket_producer to None, run_after=None
[2024-12-21T11:23:41.999+0000] {processor.py:208} INFO - Processing /home/airflow/.local/lib/python3.12/site-packages/airflow/example_dags/example_dataset_alias.py took 0.377 seconds
[2024-12-21T11:24:12.105+0000] {processor.py:186} INFO - Started process (PID=715) to work on /home/airflow/.local/lib/python3.12/site-packages/airflow/example_dags/example_dataset_alias.py
[2024-12-21T11:24:12.106+0000] {processor.py:914} INFO - Processing file /home/airflow/.local/lib/python3.12/site-packages/airflow/example_dags/example_dataset_alias.py for tasks to queue
[2024-12-21T11:24:12.109+0000] {logging_mixin.py:190} INFO - [2024-12-21T11:24:12.108+0000] {dagbag.py:588} INFO - Filling up the DagBag from /home/airflow/.local/lib/python3.12/site-packages/airflow/example_dags/example_dataset_alias.py
[2024-12-21T11:24:12.270+0000] {processor.py:925} INFO - DAG(s) 'dataset_s3_bucket_consumer', 'dataset_alias_example_alias_consumer', 'dataset_s3_bucket_producer', 'dataset_alias_example_alias_producer' retrieved from /home/airflow/.local/lib/python3.12/site-packages/airflow/example_dags/example_dataset_alias.py
[2024-12-21T11:24:12.294+0000] {logging_mixin.py:190} INFO - [2024-12-21T11:24:12.294+0000] {dag.py:3239} INFO - Sync 4 DAGs
[2024-12-21T11:24:12.317+0000] {logging_mixin.py:190} INFO - [2024-12-21T11:24:12.317+0000] {dag.py:4180} INFO - Setting next_dagrun for dataset_alias_example_alias_consumer to None, run_after=None
[2024-12-21T11:24:12.321+0000] {logging_mixin.py:190} INFO - [2024-12-21T11:24:12.320+0000] {dag.py:4180} INFO - Setting next_dagrun for dataset_alias_example_alias_producer to None, run_after=None
[2024-12-21T11:24:12.322+0000] {logging_mixin.py:190} INFO - [2024-12-21T11:24:12.322+0000] {dag.py:4180} INFO - Setting next_dagrun for dataset_s3_bucket_consumer to None, run_after=None
[2024-12-21T11:24:12.324+0000] {logging_mixin.py:190} INFO - [2024-12-21T11:24:12.324+0000] {dag.py:4180} INFO - Setting next_dagrun for dataset_s3_bucket_producer to None, run_after=None
[2024-12-21T11:24:12.349+0000] {processor.py:208} INFO - Processing /home/airflow/.local/lib/python3.12/site-packages/airflow/example_dags/example_dataset_alias.py took 0.251 seconds
[2024-12-21T11:24:42.438+0000] {processor.py:186} INFO - Started process (PID=781) to work on /home/airflow/.local/lib/python3.12/site-packages/airflow/example_dags/example_dataset_alias.py
[2024-12-21T11:24:42.439+0000] {processor.py:914} INFO - Processing file /home/airflow/.local/lib/python3.12/site-packages/airflow/example_dags/example_dataset_alias.py for tasks to queue
[2024-12-21T11:24:42.442+0000] {logging_mixin.py:190} INFO - [2024-12-21T11:24:42.442+0000] {dagbag.py:588} INFO - Filling up the DagBag from /home/airflow/.local/lib/python3.12/site-packages/airflow/example_dags/example_dataset_alias.py
[2024-12-21T11:24:42.609+0000] {processor.py:925} INFO - DAG(s) 'dataset_s3_bucket_producer', 'dataset_s3_bucket_consumer', 'dataset_alias_example_alias_producer', 'dataset_alias_example_alias_consumer' retrieved from /home/airflow/.local/lib/python3.12/site-packages/airflow/example_dags/example_dataset_alias.py
[2024-12-21T11:24:42.634+0000] {logging_mixin.py:190} INFO - [2024-12-21T11:24:42.634+0000] {dag.py:3239} INFO - Sync 4 DAGs
[2024-12-21T11:24:42.657+0000] {logging_mixin.py:190} INFO - [2024-12-21T11:24:42.657+0000] {dag.py:4180} INFO - Setting next_dagrun for dataset_alias_example_alias_consumer to None, run_after=None
[2024-12-21T11:24:42.660+0000] {logging_mixin.py:190} INFO - [2024-12-21T11:24:42.660+0000] {dag.py:4180} INFO - Setting next_dagrun for dataset_alias_example_alias_producer to None, run_after=None
[2024-12-21T11:24:42.662+0000] {logging_mixin.py:190} INFO - [2024-12-21T11:24:42.662+0000] {dag.py:4180} INFO - Setting next_dagrun for dataset_s3_bucket_consumer to None, run_after=None
[2024-12-21T11:24:42.663+0000] {logging_mixin.py:190} INFO - [2024-12-21T11:24:42.663+0000] {dag.py:4180} INFO - Setting next_dagrun for dataset_s3_bucket_producer to None, run_after=None
[2024-12-21T11:24:42.694+0000] {processor.py:208} INFO - Processing /home/airflow/.local/lib/python3.12/site-packages/airflow/example_dags/example_dataset_alias.py took 0.264 seconds
[2024-12-21T11:25:15.654+0000] {processor.py:186} INFO - Started process (PID=871) to work on /home/airflow/.local/lib/python3.12/site-packages/airflow/example_dags/example_dataset_alias.py
[2024-12-21T11:25:15.667+0000] {processor.py:914} INFO - Processing file /home/airflow/.local/lib/python3.12/site-packages/airflow/example_dags/example_dataset_alias.py for tasks to queue
[2024-12-21T11:25:15.673+0000] {logging_mixin.py:190} INFO - [2024-12-21T11:25:15.672+0000] {dagbag.py:588} INFO - Filling up the DagBag from /home/airflow/.local/lib/python3.12/site-packages/airflow/example_dags/example_dataset_alias.py
[2024-12-21T11:25:16.131+0000] {processor.py:925} INFO - DAG(s) 'dataset_s3_bucket_producer', 'dataset_alias_example_alias_consumer', 'dataset_alias_example_alias_producer', 'dataset_s3_bucket_consumer' retrieved from /home/airflow/.local/lib/python3.12/site-packages/airflow/example_dags/example_dataset_alias.py
[2024-12-21T11:25:16.195+0000] {logging_mixin.py:190} INFO - [2024-12-21T11:25:16.194+0000] {dag.py:3239} INFO - Sync 4 DAGs
[2024-12-21T11:25:16.267+0000] {logging_mixin.py:190} INFO - [2024-12-21T11:25:16.266+0000] {dag.py:4180} INFO - Setting next_dagrun for dataset_alias_example_alias_consumer to None, run_after=None
[2024-12-21T11:25:16.281+0000] {logging_mixin.py:190} INFO - [2024-12-21T11:25:16.281+0000] {dag.py:4180} INFO - Setting next_dagrun for dataset_alias_example_alias_producer to None, run_after=None
[2024-12-21T11:25:16.288+0000] {logging_mixin.py:190} INFO - [2024-12-21T11:25:16.288+0000] {dag.py:4180} INFO - Setting next_dagrun for dataset_s3_bucket_consumer to None, run_after=None
[2024-12-21T11:25:16.298+0000] {logging_mixin.py:190} INFO - [2024-12-21T11:25:16.297+0000] {dag.py:4180} INFO - Setting next_dagrun for dataset_s3_bucket_producer to None, run_after=None
[2024-12-21T11:25:16.424+0000] {processor.py:208} INFO - Processing /home/airflow/.local/lib/python3.12/site-packages/airflow/example_dags/example_dataset_alias.py took 0.785 seconds
[2024-12-21T11:25:46.570+0000] {processor.py:186} INFO - Started process (PID=946) to work on /home/airflow/.local/lib/python3.12/site-packages/airflow/example_dags/example_dataset_alias.py
[2024-12-21T11:25:46.572+0000] {processor.py:914} INFO - Processing file /home/airflow/.local/lib/python3.12/site-packages/airflow/example_dags/example_dataset_alias.py for tasks to queue
[2024-12-21T11:25:46.574+0000] {logging_mixin.py:190} INFO - [2024-12-21T11:25:46.574+0000] {dagbag.py:588} INFO - Filling up the DagBag from /home/airflow/.local/lib/python3.12/site-packages/airflow/example_dags/example_dataset_alias.py
[2024-12-21T11:25:46.766+0000] {processor.py:925} INFO - DAG(s) 'dataset_s3_bucket_producer', 'dataset_alias_example_alias_consumer', 'dataset_s3_bucket_consumer', 'dataset_alias_example_alias_producer' retrieved from /home/airflow/.local/lib/python3.12/site-packages/airflow/example_dags/example_dataset_alias.py
[2024-12-21T11:25:46.792+0000] {logging_mixin.py:190} INFO - [2024-12-21T11:25:46.792+0000] {dag.py:3239} INFO - Sync 4 DAGs
[2024-12-21T11:25:46.820+0000] {logging_mixin.py:190} INFO - [2024-12-21T11:25:46.819+0000] {dag.py:4180} INFO - Setting next_dagrun for dataset_alias_example_alias_consumer to None, run_after=None
[2024-12-21T11:25:46.823+0000] {logging_mixin.py:190} INFO - [2024-12-21T11:25:46.823+0000] {dag.py:4180} INFO - Setting next_dagrun for dataset_alias_example_alias_producer to None, run_after=None
[2024-12-21T11:25:46.825+0000] {logging_mixin.py:190} INFO - [2024-12-21T11:25:46.825+0000] {dag.py:4180} INFO - Setting next_dagrun for dataset_s3_bucket_consumer to None, run_after=None
[2024-12-21T11:25:46.827+0000] {logging_mixin.py:190} INFO - [2024-12-21T11:25:46.827+0000] {dag.py:4180} INFO - Setting next_dagrun for dataset_s3_bucket_producer to None, run_after=None
[2024-12-21T11:25:46.857+0000] {processor.py:208} INFO - Processing /home/airflow/.local/lib/python3.12/site-packages/airflow/example_dags/example_dataset_alias.py took 0.292 seconds
[2024-12-21T11:26:16.927+0000] {processor.py:186} INFO - Started process (PID=1012) to work on /home/airflow/.local/lib/python3.12/site-packages/airflow/example_dags/example_dataset_alias.py
[2024-12-21T11:26:16.928+0000] {processor.py:914} INFO - Processing file /home/airflow/.local/lib/python3.12/site-packages/airflow/example_dags/example_dataset_alias.py for tasks to queue
[2024-12-21T11:26:16.931+0000] {logging_mixin.py:190} INFO - [2024-12-21T11:26:16.930+0000] {dagbag.py:588} INFO - Filling up the DagBag from /home/airflow/.local/lib/python3.12/site-packages/airflow/example_dags/example_dataset_alias.py
[2024-12-21T11:26:17.116+0000] {processor.py:925} INFO - DAG(s) 'dataset_alias_example_alias_producer', 'dataset_alias_example_alias_consumer', 'dataset_s3_bucket_producer', 'dataset_s3_bucket_consumer' retrieved from /home/airflow/.local/lib/python3.12/site-packages/airflow/example_dags/example_dataset_alias.py
[2024-12-21T11:26:17.143+0000] {logging_mixin.py:190} INFO - [2024-12-21T11:26:17.142+0000] {dag.py:3239} INFO - Sync 4 DAGs
[2024-12-21T11:26:17.168+0000] {logging_mixin.py:190} INFO - [2024-12-21T11:26:17.168+0000] {dag.py:4180} INFO - Setting next_dagrun for dataset_alias_example_alias_consumer to None, run_after=None
[2024-12-21T11:26:17.173+0000] {logging_mixin.py:190} INFO - [2024-12-21T11:26:17.173+0000] {dag.py:4180} INFO - Setting next_dagrun for dataset_alias_example_alias_producer to None, run_after=None
[2024-12-21T11:26:17.175+0000] {logging_mixin.py:190} INFO - [2024-12-21T11:26:17.175+0000] {dag.py:4180} INFO - Setting next_dagrun for dataset_s3_bucket_consumer to None, run_after=None
[2024-12-21T11:26:17.177+0000] {logging_mixin.py:190} INFO - [2024-12-21T11:26:17.177+0000] {dag.py:4180} INFO - Setting next_dagrun for dataset_s3_bucket_producer to None, run_after=None
[2024-12-21T11:26:17.205+0000] {processor.py:208} INFO - Processing /home/airflow/.local/lib/python3.12/site-packages/airflow/example_dags/example_dataset_alias.py took 0.284 seconds
[2024-12-21T11:26:47.274+0000] {processor.py:186} INFO - Started process (PID=1078) to work on /home/airflow/.local/lib/python3.12/site-packages/airflow/example_dags/example_dataset_alias.py
[2024-12-21T11:26:47.276+0000] {processor.py:914} INFO - Processing file /home/airflow/.local/lib/python3.12/site-packages/airflow/example_dags/example_dataset_alias.py for tasks to queue
[2024-12-21T11:26:47.278+0000] {logging_mixin.py:190} INFO - [2024-12-21T11:26:47.278+0000] {dagbag.py:588} INFO - Filling up the DagBag from /home/airflow/.local/lib/python3.12/site-packages/airflow/example_dags/example_dataset_alias.py
[2024-12-21T11:26:47.447+0000] {processor.py:925} INFO - DAG(s) 'dataset_s3_bucket_consumer', 'dataset_s3_bucket_producer', 'dataset_alias_example_alias_consumer', 'dataset_alias_example_alias_producer' retrieved from /home/airflow/.local/lib/python3.12/site-packages/airflow/example_dags/example_dataset_alias.py
[2024-12-21T11:26:47.471+0000] {logging_mixin.py:190} INFO - [2024-12-21T11:26:47.471+0000] {dag.py:3239} INFO - Sync 4 DAGs
[2024-12-21T11:26:47.496+0000] {logging_mixin.py:190} INFO - [2024-12-21T11:26:47.496+0000] {dag.py:4180} INFO - Setting next_dagrun for dataset_alias_example_alias_consumer to None, run_after=None
[2024-12-21T11:26:47.499+0000] {logging_mixin.py:190} INFO - [2024-12-21T11:26:47.499+0000] {dag.py:4180} INFO - Setting next_dagrun for dataset_alias_example_alias_producer to None, run_after=None
[2024-12-21T11:26:47.501+0000] {logging_mixin.py:190} INFO - [2024-12-21T11:26:47.501+0000] {dag.py:4180} INFO - Setting next_dagrun for dataset_s3_bucket_consumer to None, run_after=None
[2024-12-21T11:26:47.503+0000] {logging_mixin.py:190} INFO - [2024-12-21T11:26:47.503+0000] {dag.py:4180} INFO - Setting next_dagrun for dataset_s3_bucket_producer to None, run_after=None
[2024-12-21T11:26:47.531+0000] {processor.py:208} INFO - Processing /home/airflow/.local/lib/python3.12/site-packages/airflow/example_dags/example_dataset_alias.py took 0.262 seconds
[2024-12-21T11:27:17.633+0000] {processor.py:186} INFO - Started process (PID=1145) to work on /home/airflow/.local/lib/python3.12/site-packages/airflow/example_dags/example_dataset_alias.py
[2024-12-21T11:27:17.635+0000] {processor.py:914} INFO - Processing file /home/airflow/.local/lib/python3.12/site-packages/airflow/example_dags/example_dataset_alias.py for tasks to queue
[2024-12-21T11:27:17.638+0000] {logging_mixin.py:190} INFO - [2024-12-21T11:27:17.638+0000] {dagbag.py:588} INFO - Filling up the DagBag from /home/airflow/.local/lib/python3.12/site-packages/airflow/example_dags/example_dataset_alias.py
[2024-12-21T11:27:17.825+0000] {processor.py:925} INFO - DAG(s) 'dataset_s3_bucket_consumer', 'dataset_alias_example_alias_producer', 'dataset_s3_bucket_producer', 'dataset_alias_example_alias_consumer' retrieved from /home/airflow/.local/lib/python3.12/site-packages/airflow/example_dags/example_dataset_alias.py
[2024-12-21T11:27:17.851+0000] {logging_mixin.py:190} INFO - [2024-12-21T11:27:17.851+0000] {dag.py:3239} INFO - Sync 4 DAGs
[2024-12-21T11:27:17.877+0000] {logging_mixin.py:190} INFO - [2024-12-21T11:27:17.877+0000] {dag.py:4180} INFO - Setting next_dagrun for dataset_alias_example_alias_consumer to None, run_after=None
[2024-12-21T11:27:17.881+0000] {logging_mixin.py:190} INFO - [2024-12-21T11:27:17.880+0000] {dag.py:4180} INFO - Setting next_dagrun for dataset_alias_example_alias_producer to None, run_after=None
[2024-12-21T11:27:17.882+0000] {logging_mixin.py:190} INFO - [2024-12-21T11:27:17.882+0000] {dag.py:4180} INFO - Setting next_dagrun for dataset_s3_bucket_consumer to None, run_after=None
[2024-12-21T11:27:17.884+0000] {logging_mixin.py:190} INFO - [2024-12-21T11:27:17.884+0000] {dag.py:4180} INFO - Setting next_dagrun for dataset_s3_bucket_producer to None, run_after=None
[2024-12-21T11:27:17.911+0000] {processor.py:208} INFO - Processing /home/airflow/.local/lib/python3.12/site-packages/airflow/example_dags/example_dataset_alias.py took 0.284 seconds
[2024-12-21T11:27:48.059+0000] {processor.py:186} INFO - Started process (PID=1212) to work on /home/airflow/.local/lib/python3.12/site-packages/airflow/example_dags/example_dataset_alias.py
[2024-12-21T11:27:48.060+0000] {processor.py:914} INFO - Processing file /home/airflow/.local/lib/python3.12/site-packages/airflow/example_dags/example_dataset_alias.py for tasks to queue
[2024-12-21T11:27:48.063+0000] {logging_mixin.py:190} INFO - [2024-12-21T11:27:48.062+0000] {dagbag.py:588} INFO - Filling up the DagBag from /home/airflow/.local/lib/python3.12/site-packages/airflow/example_dags/example_dataset_alias.py
[2024-12-21T11:27:48.239+0000] {processor.py:925} INFO - DAG(s) 'dataset_alias_example_alias_consumer', 'dataset_alias_example_alias_producer', 'dataset_s3_bucket_consumer', 'dataset_s3_bucket_producer' retrieved from /home/airflow/.local/lib/python3.12/site-packages/airflow/example_dags/example_dataset_alias.py
[2024-12-21T11:27:48.263+0000] {logging_mixin.py:190} INFO - [2024-12-21T11:27:48.263+0000] {dag.py:3239} INFO - Sync 4 DAGs
[2024-12-21T11:27:48.288+0000] {logging_mixin.py:190} INFO - [2024-12-21T11:27:48.288+0000] {dag.py:4180} INFO - Setting next_dagrun for dataset_alias_example_alias_consumer to None, run_after=None
[2024-12-21T11:27:48.291+0000] {logging_mixin.py:190} INFO - [2024-12-21T11:27:48.291+0000] {dag.py:4180} INFO - Setting next_dagrun for dataset_alias_example_alias_producer to None, run_after=None
[2024-12-21T11:27:48.293+0000] {logging_mixin.py:190} INFO - [2024-12-21T11:27:48.293+0000] {dag.py:4180} INFO - Setting next_dagrun for dataset_s3_bucket_consumer to None, run_after=None
[2024-12-21T11:27:48.295+0000] {logging_mixin.py:190} INFO - [2024-12-21T11:27:48.295+0000] {dag.py:4180} INFO - Setting next_dagrun for dataset_s3_bucket_producer to None, run_after=None
[2024-12-21T11:27:48.320+0000] {processor.py:208} INFO - Processing /home/airflow/.local/lib/python3.12/site-packages/airflow/example_dags/example_dataset_alias.py took 0.268 seconds
[2024-12-21T11:28:18.538+0000] {processor.py:186} INFO - Started process (PID=1278) to work on /home/airflow/.local/lib/python3.12/site-packages/airflow/example_dags/example_dataset_alias.py
[2024-12-21T11:28:18.539+0000] {processor.py:914} INFO - Processing file /home/airflow/.local/lib/python3.12/site-packages/airflow/example_dags/example_dataset_alias.py for tasks to queue
[2024-12-21T11:28:18.542+0000] {logging_mixin.py:190} INFO - [2024-12-21T11:28:18.541+0000] {dagbag.py:588} INFO - Filling up the DagBag from /home/airflow/.local/lib/python3.12/site-packages/airflow/example_dags/example_dataset_alias.py
[2024-12-21T11:28:18.736+0000] {processor.py:925} INFO - DAG(s) 'dataset_alias_example_alias_consumer', 'dataset_alias_example_alias_producer', 'dataset_s3_bucket_producer', 'dataset_s3_bucket_consumer' retrieved from /home/airflow/.local/lib/python3.12/site-packages/airflow/example_dags/example_dataset_alias.py
[2024-12-21T11:28:18.762+0000] {logging_mixin.py:190} INFO - [2024-12-21T11:28:18.762+0000] {dag.py:3239} INFO - Sync 4 DAGs
[2024-12-21T11:28:18.787+0000] {logging_mixin.py:190} INFO - [2024-12-21T11:28:18.787+0000] {dag.py:4180} INFO - Setting next_dagrun for dataset_alias_example_alias_consumer to None, run_after=None
[2024-12-21T11:28:18.790+0000] {logging_mixin.py:190} INFO - [2024-12-21T11:28:18.790+0000] {dag.py:4180} INFO - Setting next_dagrun for dataset_alias_example_alias_producer to None, run_after=None
[2024-12-21T11:28:18.792+0000] {logging_mixin.py:190} INFO - [2024-12-21T11:28:18.792+0000] {dag.py:4180} INFO - Setting next_dagrun for dataset_s3_bucket_consumer to None, run_after=None
[2024-12-21T11:28:18.794+0000] {logging_mixin.py:190} INFO - [2024-12-21T11:28:18.793+0000] {dag.py:4180} INFO - Setting next_dagrun for dataset_s3_bucket_producer to None, run_after=None
[2024-12-21T11:28:18.819+0000] {processor.py:208} INFO - Processing /home/airflow/.local/lib/python3.12/site-packages/airflow/example_dags/example_dataset_alias.py took 0.288 seconds
[2024-12-21T11:28:48.947+0000] {processor.py:186} INFO - Started process (PID=1342) to work on /home/airflow/.local/lib/python3.12/site-packages/airflow/example_dags/example_dataset_alias.py
[2024-12-21T11:28:48.948+0000] {processor.py:914} INFO - Processing file /home/airflow/.local/lib/python3.12/site-packages/airflow/example_dags/example_dataset_alias.py for tasks to queue
[2024-12-21T11:28:48.951+0000] {logging_mixin.py:190} INFO - [2024-12-21T11:28:48.950+0000] {dagbag.py:588} INFO - Filling up the DagBag from /home/airflow/.local/lib/python3.12/site-packages/airflow/example_dags/example_dataset_alias.py
[2024-12-21T11:28:49.129+0000] {processor.py:925} INFO - DAG(s) 'dataset_s3_bucket_consumer', 'dataset_s3_bucket_producer', 'dataset_alias_example_alias_producer', 'dataset_alias_example_alias_consumer' retrieved from /home/airflow/.local/lib/python3.12/site-packages/airflow/example_dags/example_dataset_alias.py
[2024-12-21T11:28:49.154+0000] {logging_mixin.py:190} INFO - [2024-12-21T11:28:49.154+0000] {dag.py:3239} INFO - Sync 4 DAGs
[2024-12-21T11:28:49.180+0000] {logging_mixin.py:190} INFO - [2024-12-21T11:28:49.180+0000] {dag.py:4180} INFO - Setting next_dagrun for dataset_alias_example_alias_consumer to None, run_after=None
[2024-12-21T11:28:49.184+0000] {logging_mixin.py:190} INFO - [2024-12-21T11:28:49.183+0000] {dag.py:4180} INFO - Setting next_dagrun for dataset_alias_example_alias_producer to None, run_after=None
[2024-12-21T11:28:49.185+0000] {logging_mixin.py:190} INFO - [2024-12-21T11:28:49.185+0000] {dag.py:4180} INFO - Setting next_dagrun for dataset_s3_bucket_consumer to None, run_after=None
[2024-12-21T11:28:49.187+0000] {logging_mixin.py:190} INFO - [2024-12-21T11:28:49.187+0000] {dag.py:4180} INFO - Setting next_dagrun for dataset_s3_bucket_producer to None, run_after=None
[2024-12-21T11:28:49.218+0000] {processor.py:208} INFO - Processing /home/airflow/.local/lib/python3.12/site-packages/airflow/example_dags/example_dataset_alias.py took 0.278 seconds
[2024-12-21T11:29:19.652+0000] {processor.py:186} INFO - Started process (PID=1408) to work on /home/airflow/.local/lib/python3.12/site-packages/airflow/example_dags/example_dataset_alias.py
[2024-12-21T11:29:19.653+0000] {processor.py:914} INFO - Processing file /home/airflow/.local/lib/python3.12/site-packages/airflow/example_dags/example_dataset_alias.py for tasks to queue
[2024-12-21T11:29:19.656+0000] {logging_mixin.py:190} INFO - [2024-12-21T11:29:19.656+0000] {dagbag.py:588} INFO - Filling up the DagBag from /home/airflow/.local/lib/python3.12/site-packages/airflow/example_dags/example_dataset_alias.py
[2024-12-21T11:29:19.825+0000] {processor.py:925} INFO - DAG(s) 'dataset_alias_example_alias_producer', 'dataset_s3_bucket_producer', 'dataset_alias_example_alias_consumer', 'dataset_s3_bucket_consumer' retrieved from /home/airflow/.local/lib/python3.12/site-packages/airflow/example_dags/example_dataset_alias.py
[2024-12-21T11:29:19.848+0000] {logging_mixin.py:190} INFO - [2024-12-21T11:29:19.848+0000] {dag.py:3239} INFO - Sync 4 DAGs
[2024-12-21T11:29:19.873+0000] {logging_mixin.py:190} INFO - [2024-12-21T11:29:19.873+0000] {dag.py:4180} INFO - Setting next_dagrun for dataset_alias_example_alias_consumer to None, run_after=None
[2024-12-21T11:29:19.877+0000] {logging_mixin.py:190} INFO - [2024-12-21T11:29:19.877+0000] {dag.py:4180} INFO - Setting next_dagrun for dataset_alias_example_alias_producer to None, run_after=None
[2024-12-21T11:29:19.879+0000] {logging_mixin.py:190} INFO - [2024-12-21T11:29:19.879+0000] {dag.py:4180} INFO - Setting next_dagrun for dataset_s3_bucket_consumer to None, run_after=None
[2024-12-21T11:29:19.881+0000] {logging_mixin.py:190} INFO - [2024-12-21T11:29:19.881+0000] {dag.py:4180} INFO - Setting next_dagrun for dataset_s3_bucket_producer to None, run_after=None
[2024-12-21T11:29:19.908+0000] {processor.py:208} INFO - Processing /home/airflow/.local/lib/python3.12/site-packages/airflow/example_dags/example_dataset_alias.py took 0.262 seconds
[2024-12-21T11:29:49.982+0000] {processor.py:186} INFO - Started process (PID=1474) to work on /home/airflow/.local/lib/python3.12/site-packages/airflow/example_dags/example_dataset_alias.py
[2024-12-21T11:29:49.983+0000] {processor.py:914} INFO - Processing file /home/airflow/.local/lib/python3.12/site-packages/airflow/example_dags/example_dataset_alias.py for tasks to queue
[2024-12-21T11:29:49.986+0000] {logging_mixin.py:190} INFO - [2024-12-21T11:29:49.986+0000] {dagbag.py:588} INFO - Filling up the DagBag from /home/airflow/.local/lib/python3.12/site-packages/airflow/example_dags/example_dataset_alias.py
[2024-12-21T11:29:50.167+0000] {processor.py:925} INFO - DAG(s) 'dataset_s3_bucket_consumer', 'dataset_s3_bucket_producer', 'dataset_alias_example_alias_producer', 'dataset_alias_example_alias_consumer' retrieved from /home/airflow/.local/lib/python3.12/site-packages/airflow/example_dags/example_dataset_alias.py
[2024-12-21T11:29:50.197+0000] {logging_mixin.py:190} INFO - [2024-12-21T11:29:50.196+0000] {dag.py:3239} INFO - Sync 4 DAGs
[2024-12-21T11:29:50.225+0000] {logging_mixin.py:190} INFO - [2024-12-21T11:29:50.225+0000] {dag.py:4180} INFO - Setting next_dagrun for dataset_alias_example_alias_consumer to None, run_after=None
[2024-12-21T11:29:50.229+0000] {logging_mixin.py:190} INFO - [2024-12-21T11:29:50.229+0000] {dag.py:4180} INFO - Setting next_dagrun for dataset_alias_example_alias_producer to None, run_after=None
[2024-12-21T11:29:50.232+0000] {logging_mixin.py:190} INFO - [2024-12-21T11:29:50.232+0000] {dag.py:4180} INFO - Setting next_dagrun for dataset_s3_bucket_consumer to None, run_after=None
[2024-12-21T11:29:50.235+0000] {logging_mixin.py:190} INFO - [2024-12-21T11:29:50.235+0000] {dag.py:4180} INFO - Setting next_dagrun for dataset_s3_bucket_producer to None, run_after=None
[2024-12-21T11:29:50.264+0000] {processor.py:208} INFO - Processing /home/airflow/.local/lib/python3.12/site-packages/airflow/example_dags/example_dataset_alias.py took 0.289 seconds
[2024-12-21T11:30:20.411+0000] {processor.py:186} INFO - Started process (PID=1547) to work on /home/airflow/.local/lib/python3.12/site-packages/airflow/example_dags/example_dataset_alias.py
[2024-12-21T11:30:20.412+0000] {processor.py:914} INFO - Processing file /home/airflow/.local/lib/python3.12/site-packages/airflow/example_dags/example_dataset_alias.py for tasks to queue
[2024-12-21T11:30:20.417+0000] {logging_mixin.py:190} INFO - [2024-12-21T11:30:20.416+0000] {dagbag.py:588} INFO - Filling up the DagBag from /home/airflow/.local/lib/python3.12/site-packages/airflow/example_dags/example_dataset_alias.py
[2024-12-21T11:30:20.690+0000] {processor.py:925} INFO - DAG(s) 'dataset_alias_example_alias_consumer', 'dataset_alias_example_alias_producer', 'dataset_s3_bucket_consumer', 'dataset_s3_bucket_producer' retrieved from /home/airflow/.local/lib/python3.12/site-packages/airflow/example_dags/example_dataset_alias.py
[2024-12-21T11:30:20.728+0000] {logging_mixin.py:190} INFO - [2024-12-21T11:30:20.727+0000] {dag.py:3239} INFO - Sync 4 DAGs
[2024-12-21T11:30:20.768+0000] {logging_mixin.py:190} INFO - [2024-12-21T11:30:20.767+0000] {dag.py:4180} INFO - Setting next_dagrun for dataset_alias_example_alias_consumer to None, run_after=None
[2024-12-21T11:30:20.773+0000] {logging_mixin.py:190} INFO - [2024-12-21T11:30:20.772+0000] {dag.py:4180} INFO - Setting next_dagrun for dataset_alias_example_alias_producer to None, run_after=None
[2024-12-21T11:30:20.775+0000] {logging_mixin.py:190} INFO - [2024-12-21T11:30:20.775+0000] {dag.py:4180} INFO - Setting next_dagrun for dataset_s3_bucket_consumer to None, run_after=None
[2024-12-21T11:30:20.778+0000] {logging_mixin.py:190} INFO - [2024-12-21T11:30:20.777+0000] {dag.py:4180} INFO - Setting next_dagrun for dataset_s3_bucket_producer to None, run_after=None
[2024-12-21T11:30:20.814+0000] {processor.py:208} INFO - Processing /home/airflow/.local/lib/python3.12/site-packages/airflow/example_dags/example_dataset_alias.py took 0.415 seconds
[2024-12-21T11:30:50.886+0000] {processor.py:186} INFO - Started process (PID=1622) to work on /home/airflow/.local/lib/python3.12/site-packages/airflow/example_dags/example_dataset_alias.py
[2024-12-21T11:30:50.888+0000] {processor.py:914} INFO - Processing file /home/airflow/.local/lib/python3.12/site-packages/airflow/example_dags/example_dataset_alias.py for tasks to queue
[2024-12-21T11:30:50.890+0000] {logging_mixin.py:190} INFO - [2024-12-21T11:30:50.890+0000] {dagbag.py:588} INFO - Filling up the DagBag from /home/airflow/.local/lib/python3.12/site-packages/airflow/example_dags/example_dataset_alias.py
[2024-12-21T11:30:51.064+0000] {processor.py:925} INFO - DAG(s) 'dataset_alias_example_alias_producer', 'dataset_s3_bucket_consumer', 'dataset_alias_example_alias_consumer', 'dataset_s3_bucket_producer' retrieved from /home/airflow/.local/lib/python3.12/site-packages/airflow/example_dags/example_dataset_alias.py
[2024-12-21T11:30:51.093+0000] {logging_mixin.py:190} INFO - [2024-12-21T11:30:51.092+0000] {dag.py:3239} INFO - Sync 4 DAGs
[2024-12-21T11:30:51.117+0000] {logging_mixin.py:190} INFO - [2024-12-21T11:30:51.117+0000] {dag.py:4180} INFO - Setting next_dagrun for dataset_alias_example_alias_consumer to None, run_after=None
[2024-12-21T11:30:51.121+0000] {logging_mixin.py:190} INFO - [2024-12-21T11:30:51.121+0000] {dag.py:4180} INFO - Setting next_dagrun for dataset_alias_example_alias_producer to None, run_after=None
[2024-12-21T11:30:51.123+0000] {logging_mixin.py:190} INFO - [2024-12-21T11:30:51.123+0000] {dag.py:4180} INFO - Setting next_dagrun for dataset_s3_bucket_consumer to None, run_after=None
[2024-12-21T11:30:51.125+0000] {logging_mixin.py:190} INFO - [2024-12-21T11:30:51.125+0000] {dag.py:4180} INFO - Setting next_dagrun for dataset_s3_bucket_producer to None, run_after=None
[2024-12-21T11:30:51.152+0000] {processor.py:208} INFO - Processing /home/airflow/.local/lib/python3.12/site-packages/airflow/example_dags/example_dataset_alias.py took 0.272 seconds
[2024-12-21T11:31:21.270+0000] {processor.py:186} INFO - Started process (PID=1689) to work on /home/airflow/.local/lib/python3.12/site-packages/airflow/example_dags/example_dataset_alias.py
[2024-12-21T11:31:21.271+0000] {processor.py:914} INFO - Processing file /home/airflow/.local/lib/python3.12/site-packages/airflow/example_dags/example_dataset_alias.py for tasks to queue
[2024-12-21T11:31:21.274+0000] {logging_mixin.py:190} INFO - [2024-12-21T11:31:21.274+0000] {dagbag.py:588} INFO - Filling up the DagBag from /home/airflow/.local/lib/python3.12/site-packages/airflow/example_dags/example_dataset_alias.py
[2024-12-21T11:31:21.444+0000] {processor.py:925} INFO - DAG(s) 'dataset_alias_example_alias_producer', 'dataset_alias_example_alias_consumer', 'dataset_s3_bucket_consumer', 'dataset_s3_bucket_producer' retrieved from /home/airflow/.local/lib/python3.12/site-packages/airflow/example_dags/example_dataset_alias.py
[2024-12-21T11:31:21.469+0000] {logging_mixin.py:190} INFO - [2024-12-21T11:31:21.469+0000] {dag.py:3239} INFO - Sync 4 DAGs
[2024-12-21T11:31:21.492+0000] {logging_mixin.py:190} INFO - [2024-12-21T11:31:21.492+0000] {dag.py:4180} INFO - Setting next_dagrun for dataset_alias_example_alias_consumer to None, run_after=None
[2024-12-21T11:31:21.496+0000] {logging_mixin.py:190} INFO - [2024-12-21T11:31:21.495+0000] {dag.py:4180} INFO - Setting next_dagrun for dataset_alias_example_alias_producer to None, run_after=None
[2024-12-21T11:31:21.498+0000] {logging_mixin.py:190} INFO - [2024-12-21T11:31:21.497+0000] {dag.py:4180} INFO - Setting next_dagrun for dataset_s3_bucket_consumer to None, run_after=None
[2024-12-21T11:31:21.499+0000] {logging_mixin.py:190} INFO - [2024-12-21T11:31:21.499+0000] {dag.py:4180} INFO - Setting next_dagrun for dataset_s3_bucket_producer to None, run_after=None
[2024-12-21T11:31:21.532+0000] {processor.py:208} INFO - Processing /home/airflow/.local/lib/python3.12/site-packages/airflow/example_dags/example_dataset_alias.py took 0.269 seconds
[2024-12-21T11:31:51.666+0000] {processor.py:186} INFO - Started process (PID=1756) to work on /home/airflow/.local/lib/python3.12/site-packages/airflow/example_dags/example_dataset_alias.py
[2024-12-21T11:31:51.668+0000] {processor.py:914} INFO - Processing file /home/airflow/.local/lib/python3.12/site-packages/airflow/example_dags/example_dataset_alias.py for tasks to queue
[2024-12-21T11:31:51.670+0000] {logging_mixin.py:190} INFO - [2024-12-21T11:31:51.670+0000] {dagbag.py:588} INFO - Filling up the DagBag from /home/airflow/.local/lib/python3.12/site-packages/airflow/example_dags/example_dataset_alias.py
[2024-12-21T11:31:51.835+0000] {processor.py:925} INFO - DAG(s) 'dataset_alias_example_alias_producer', 'dataset_s3_bucket_producer', 'dataset_s3_bucket_consumer', 'dataset_alias_example_alias_consumer' retrieved from /home/airflow/.local/lib/python3.12/site-packages/airflow/example_dags/example_dataset_alias.py
[2024-12-21T11:31:51.859+0000] {logging_mixin.py:190} INFO - [2024-12-21T11:31:51.858+0000] {dag.py:3239} INFO - Sync 4 DAGs
[2024-12-21T11:31:51.885+0000] {logging_mixin.py:190} INFO - [2024-12-21T11:31:51.885+0000] {dag.py:4180} INFO - Setting next_dagrun for dataset_alias_example_alias_consumer to None, run_after=None
[2024-12-21T11:31:51.888+0000] {logging_mixin.py:190} INFO - [2024-12-21T11:31:51.888+0000] {dag.py:4180} INFO - Setting next_dagrun for dataset_alias_example_alias_producer to None, run_after=None
[2024-12-21T11:31:51.890+0000] {logging_mixin.py:190} INFO - [2024-12-21T11:31:51.890+0000] {dag.py:4180} INFO - Setting next_dagrun for dataset_s3_bucket_consumer to None, run_after=None
[2024-12-21T11:31:51.892+0000] {logging_mixin.py:190} INFO - [2024-12-21T11:31:51.892+0000] {dag.py:4180} INFO - Setting next_dagrun for dataset_s3_bucket_producer to None, run_after=None
[2024-12-21T11:31:51.917+0000] {processor.py:208} INFO - Processing /home/airflow/.local/lib/python3.12/site-packages/airflow/example_dags/example_dataset_alias.py took 0.257 seconds
[2024-12-21T11:32:21.988+0000] {processor.py:186} INFO - Started process (PID=1822) to work on /home/airflow/.local/lib/python3.12/site-packages/airflow/example_dags/example_dataset_alias.py
[2024-12-21T11:32:21.989+0000] {processor.py:914} INFO - Processing file /home/airflow/.local/lib/python3.12/site-packages/airflow/example_dags/example_dataset_alias.py for tasks to queue
[2024-12-21T11:32:21.992+0000] {logging_mixin.py:190} INFO - [2024-12-21T11:32:21.991+0000] {dagbag.py:588} INFO - Filling up the DagBag from /home/airflow/.local/lib/python3.12/site-packages/airflow/example_dags/example_dataset_alias.py
[2024-12-21T11:32:22.155+0000] {processor.py:925} INFO - DAG(s) 'dataset_alias_example_alias_producer', 'dataset_s3_bucket_producer', 'dataset_s3_bucket_consumer', 'dataset_alias_example_alias_consumer' retrieved from /home/airflow/.local/lib/python3.12/site-packages/airflow/example_dags/example_dataset_alias.py
[2024-12-21T11:32:22.178+0000] {logging_mixin.py:190} INFO - [2024-12-21T11:32:22.178+0000] {dag.py:3239} INFO - Sync 4 DAGs
[2024-12-21T11:32:22.204+0000] {logging_mixin.py:190} INFO - [2024-12-21T11:32:22.204+0000] {dag.py:4180} INFO - Setting next_dagrun for dataset_alias_example_alias_consumer to None, run_after=None
[2024-12-21T11:32:22.207+0000] {logging_mixin.py:190} INFO - [2024-12-21T11:32:22.207+0000] {dag.py:4180} INFO - Setting next_dagrun for dataset_alias_example_alias_producer to None, run_after=None
[2024-12-21T11:32:22.210+0000] {logging_mixin.py:190} INFO - [2024-12-21T11:32:22.209+0000] {dag.py:4180} INFO - Setting next_dagrun for dataset_s3_bucket_consumer to None, run_after=None
[2024-12-21T11:32:22.211+0000] {logging_mixin.py:190} INFO - [2024-12-21T11:32:22.211+0000] {dag.py:4180} INFO - Setting next_dagrun for dataset_s3_bucket_producer to None, run_after=None
[2024-12-21T11:32:22.235+0000] {processor.py:208} INFO - Processing /home/airflow/.local/lib/python3.12/site-packages/airflow/example_dags/example_dataset_alias.py took 0.253 seconds
[2024-12-21T11:32:52.373+0000] {processor.py:186} INFO - Started process (PID=1888) to work on /home/airflow/.local/lib/python3.12/site-packages/airflow/example_dags/example_dataset_alias.py
[2024-12-21T11:32:52.374+0000] {processor.py:914} INFO - Processing file /home/airflow/.local/lib/python3.12/site-packages/airflow/example_dags/example_dataset_alias.py for tasks to queue
[2024-12-21T11:32:52.377+0000] {logging_mixin.py:190} INFO - [2024-12-21T11:32:52.376+0000] {dagbag.py:588} INFO - Filling up the DagBag from /home/airflow/.local/lib/python3.12/site-packages/airflow/example_dags/example_dataset_alias.py
[2024-12-21T11:32:52.582+0000] {processor.py:925} INFO - DAG(s) 'dataset_alias_example_alias_consumer', 'dataset_s3_bucket_consumer', 'dataset_alias_example_alias_producer', 'dataset_s3_bucket_producer' retrieved from /home/airflow/.local/lib/python3.12/site-packages/airflow/example_dags/example_dataset_alias.py
[2024-12-21T11:32:52.610+0000] {logging_mixin.py:190} INFO - [2024-12-21T11:32:52.610+0000] {dag.py:3239} INFO - Sync 4 DAGs
[2024-12-21T11:32:52.638+0000] {logging_mixin.py:190} INFO - [2024-12-21T11:32:52.638+0000] {dag.py:4180} INFO - Setting next_dagrun for dataset_alias_example_alias_consumer to None, run_after=None
[2024-12-21T11:32:52.642+0000] {logging_mixin.py:190} INFO - [2024-12-21T11:32:52.642+0000] {dag.py:4180} INFO - Setting next_dagrun for dataset_alias_example_alias_producer to None, run_after=None
[2024-12-21T11:32:52.644+0000] {logging_mixin.py:190} INFO - [2024-12-21T11:32:52.644+0000] {dag.py:4180} INFO - Setting next_dagrun for dataset_s3_bucket_consumer to None, run_after=None
[2024-12-21T11:32:52.646+0000] {logging_mixin.py:190} INFO - [2024-12-21T11:32:52.646+0000] {dag.py:4180} INFO - Setting next_dagrun for dataset_s3_bucket_producer to None, run_after=None
[2024-12-21T11:32:52.679+0000] {processor.py:208} INFO - Processing /home/airflow/.local/lib/python3.12/site-packages/airflow/example_dags/example_dataset_alias.py took 0.314 seconds
[2024-12-21T11:33:23.591+0000] {processor.py:186} INFO - Started process (PID=1954) to work on /home/airflow/.local/lib/python3.12/site-packages/airflow/example_dags/example_dataset_alias.py
[2024-12-21T11:33:23.592+0000] {processor.py:914} INFO - Processing file /home/airflow/.local/lib/python3.12/site-packages/airflow/example_dags/example_dataset_alias.py for tasks to queue
[2024-12-21T11:33:23.595+0000] {logging_mixin.py:190} INFO - [2024-12-21T11:33:23.594+0000] {dagbag.py:588} INFO - Filling up the DagBag from /home/airflow/.local/lib/python3.12/site-packages/airflow/example_dags/example_dataset_alias.py
[2024-12-21T11:33:23.790+0000] {processor.py:925} INFO - DAG(s) 'dataset_alias_example_alias_consumer', 'dataset_s3_bucket_consumer', 'dataset_alias_example_alias_producer', 'dataset_s3_bucket_producer' retrieved from /home/airflow/.local/lib/python3.12/site-packages/airflow/example_dags/example_dataset_alias.py
[2024-12-21T11:33:23.818+0000] {logging_mixin.py:190} INFO - [2024-12-21T11:33:23.818+0000] {dag.py:3239} INFO - Sync 4 DAGs
[2024-12-21T11:33:23.845+0000] {logging_mixin.py:190} INFO - [2024-12-21T11:33:23.844+0000] {dag.py:4180} INFO - Setting next_dagrun for dataset_alias_example_alias_consumer to None, run_after=None
[2024-12-21T11:33:23.848+0000] {logging_mixin.py:190} INFO - [2024-12-21T11:33:23.848+0000] {dag.py:4180} INFO - Setting next_dagrun for dataset_alias_example_alias_producer to None, run_after=None
[2024-12-21T11:33:23.850+0000] {logging_mixin.py:190} INFO - [2024-12-21T11:33:23.850+0000] {dag.py:4180} INFO - Setting next_dagrun for dataset_s3_bucket_consumer to None, run_after=None
[2024-12-21T11:33:23.852+0000] {logging_mixin.py:190} INFO - [2024-12-21T11:33:23.852+0000] {dag.py:4180} INFO - Setting next_dagrun for dataset_s3_bucket_producer to None, run_after=None
[2024-12-21T11:33:23.879+0000] {processor.py:208} INFO - Processing /home/airflow/.local/lib/python3.12/site-packages/airflow/example_dags/example_dataset_alias.py took 0.294 seconds
[2024-12-21T11:33:54.099+0000] {processor.py:186} INFO - Started process (PID=2020) to work on /home/airflow/.local/lib/python3.12/site-packages/airflow/example_dags/example_dataset_alias.py
[2024-12-21T11:33:54.101+0000] {processor.py:914} INFO - Processing file /home/airflow/.local/lib/python3.12/site-packages/airflow/example_dags/example_dataset_alias.py for tasks to queue
[2024-12-21T11:33:54.103+0000] {logging_mixin.py:190} INFO - [2024-12-21T11:33:54.103+0000] {dagbag.py:588} INFO - Filling up the DagBag from /home/airflow/.local/lib/python3.12/site-packages/airflow/example_dags/example_dataset_alias.py
[2024-12-21T11:33:54.272+0000] {processor.py:925} INFO - DAG(s) 'dataset_s3_bucket_consumer', 'dataset_alias_example_alias_producer', 'dataset_s3_bucket_producer', 'dataset_alias_example_alias_consumer' retrieved from /home/airflow/.local/lib/python3.12/site-packages/airflow/example_dags/example_dataset_alias.py
[2024-12-21T11:33:54.296+0000] {logging_mixin.py:190} INFO - [2024-12-21T11:33:54.296+0000] {dag.py:3239} INFO - Sync 4 DAGs
[2024-12-21T11:33:54.322+0000] {logging_mixin.py:190} INFO - [2024-12-21T11:33:54.322+0000] {dag.py:4180} INFO - Setting next_dagrun for dataset_alias_example_alias_consumer to None, run_after=None
[2024-12-21T11:33:54.326+0000] {logging_mixin.py:190} INFO - [2024-12-21T11:33:54.325+0000] {dag.py:4180} INFO - Setting next_dagrun for dataset_alias_example_alias_producer to None, run_after=None
[2024-12-21T11:33:54.327+0000] {logging_mixin.py:190} INFO - [2024-12-21T11:33:54.327+0000] {dag.py:4180} INFO - Setting next_dagrun for dataset_s3_bucket_consumer to None, run_after=None
[2024-12-21T11:33:54.329+0000] {logging_mixin.py:190} INFO - [2024-12-21T11:33:54.329+0000] {dag.py:4180} INFO - Setting next_dagrun for dataset_s3_bucket_producer to None, run_after=None
[2024-12-21T11:33:54.353+0000] {processor.py:208} INFO - Processing /home/airflow/.local/lib/python3.12/site-packages/airflow/example_dags/example_dataset_alias.py took 0.260 seconds
[2024-12-21T11:34:24.763+0000] {processor.py:186} INFO - Started process (PID=2086) to work on /home/airflow/.local/lib/python3.12/site-packages/airflow/example_dags/example_dataset_alias.py
[2024-12-21T11:34:24.764+0000] {processor.py:914} INFO - Processing file /home/airflow/.local/lib/python3.12/site-packages/airflow/example_dags/example_dataset_alias.py for tasks to queue
[2024-12-21T11:34:24.767+0000] {logging_mixin.py:190} INFO - [2024-12-21T11:34:24.767+0000] {dagbag.py:588} INFO - Filling up the DagBag from /home/airflow/.local/lib/python3.12/site-packages/airflow/example_dags/example_dataset_alias.py
[2024-12-21T11:34:24.934+0000] {processor.py:925} INFO - DAG(s) 'dataset_s3_bucket_consumer', 'dataset_alias_example_alias_consumer', 'dataset_s3_bucket_producer', 'dataset_alias_example_alias_producer' retrieved from /home/airflow/.local/lib/python3.12/site-packages/airflow/example_dags/example_dataset_alias.py
[2024-12-21T11:34:24.956+0000] {logging_mixin.py:190} INFO - [2024-12-21T11:34:24.956+0000] {dag.py:3239} INFO - Sync 4 DAGs
[2024-12-21T11:34:24.983+0000] {logging_mixin.py:190} INFO - [2024-12-21T11:34:24.982+0000] {dag.py:4180} INFO - Setting next_dagrun for dataset_alias_example_alias_consumer to None, run_after=None
[2024-12-21T11:34:24.986+0000] {logging_mixin.py:190} INFO - [2024-12-21T11:34:24.986+0000] {dag.py:4180} INFO - Setting next_dagrun for dataset_alias_example_alias_producer to None, run_after=None
[2024-12-21T11:34:24.988+0000] {logging_mixin.py:190} INFO - [2024-12-21T11:34:24.988+0000] {dag.py:4180} INFO - Setting next_dagrun for dataset_s3_bucket_consumer to None, run_after=None
[2024-12-21T11:34:24.989+0000] {logging_mixin.py:190} INFO - [2024-12-21T11:34:24.989+0000] {dag.py:4180} INFO - Setting next_dagrun for dataset_s3_bucket_producer to None, run_after=None
[2024-12-21T11:34:25.014+0000] {processor.py:208} INFO - Processing /home/airflow/.local/lib/python3.12/site-packages/airflow/example_dags/example_dataset_alias.py took 0.258 seconds
[2024-12-21T11:34:55.223+0000] {processor.py:186} INFO - Started process (PID=2152) to work on /home/airflow/.local/lib/python3.12/site-packages/airflow/example_dags/example_dataset_alias.py
[2024-12-21T11:34:55.224+0000] {processor.py:914} INFO - Processing file /home/airflow/.local/lib/python3.12/site-packages/airflow/example_dags/example_dataset_alias.py for tasks to queue
[2024-12-21T11:34:55.227+0000] {logging_mixin.py:190} INFO - [2024-12-21T11:34:55.227+0000] {dagbag.py:588} INFO - Filling up the DagBag from /home/airflow/.local/lib/python3.12/site-packages/airflow/example_dags/example_dataset_alias.py
[2024-12-21T11:34:55.388+0000] {processor.py:925} INFO - DAG(s) 'dataset_alias_example_alias_producer', 'dataset_s3_bucket_producer', 'dataset_s3_bucket_consumer', 'dataset_alias_example_alias_consumer' retrieved from /home/airflow/.local/lib/python3.12/site-packages/airflow/example_dags/example_dataset_alias.py
[2024-12-21T11:34:55.412+0000] {logging_mixin.py:190} INFO - [2024-12-21T11:34:55.411+0000] {dag.py:3239} INFO - Sync 4 DAGs
[2024-12-21T11:34:55.438+0000] {logging_mixin.py:190} INFO - [2024-12-21T11:34:55.438+0000] {dag.py:4180} INFO - Setting next_dagrun for dataset_alias_example_alias_consumer to None, run_after=None
[2024-12-21T11:34:55.441+0000] {logging_mixin.py:190} INFO - [2024-12-21T11:34:55.441+0000] {dag.py:4180} INFO - Setting next_dagrun for dataset_alias_example_alias_producer to None, run_after=None
[2024-12-21T11:34:55.443+0000] {logging_mixin.py:190} INFO - [2024-12-21T11:34:55.443+0000] {dag.py:4180} INFO - Setting next_dagrun for dataset_s3_bucket_consumer to None, run_after=None
[2024-12-21T11:34:55.445+0000] {logging_mixin.py:190} INFO - [2024-12-21T11:34:55.444+0000] {dag.py:4180} INFO - Setting next_dagrun for dataset_s3_bucket_producer to None, run_after=None
[2024-12-21T11:34:55.470+0000] {processor.py:208} INFO - Processing /home/airflow/.local/lib/python3.12/site-packages/airflow/example_dags/example_dataset_alias.py took 0.254 seconds
[2024-12-21T11:35:26.001+0000] {processor.py:186} INFO - Started process (PID=2219) to work on /home/airflow/.local/lib/python3.12/site-packages/airflow/example_dags/example_dataset_alias.py
[2024-12-21T11:35:26.002+0000] {processor.py:914} INFO - Processing file /home/airflow/.local/lib/python3.12/site-packages/airflow/example_dags/example_dataset_alias.py for tasks to queue
[2024-12-21T11:35:26.004+0000] {logging_mixin.py:190} INFO - [2024-12-21T11:35:26.004+0000] {dagbag.py:588} INFO - Filling up the DagBag from /home/airflow/.local/lib/python3.12/site-packages/airflow/example_dags/example_dataset_alias.py
[2024-12-21T11:35:26.179+0000] {processor.py:925} INFO - DAG(s) 'dataset_s3_bucket_producer', 'dataset_s3_bucket_consumer', 'dataset_alias_example_alias_producer', 'dataset_alias_example_alias_consumer' retrieved from /home/airflow/.local/lib/python3.12/site-packages/airflow/example_dags/example_dataset_alias.py
[2024-12-21T11:35:26.204+0000] {logging_mixin.py:190} INFO - [2024-12-21T11:35:26.204+0000] {dag.py:3239} INFO - Sync 4 DAGs
[2024-12-21T11:35:26.399+0000] {logging_mixin.py:190} INFO - [2024-12-21T11:35:26.399+0000] {dag.py:4180} INFO - Setting next_dagrun for dataset_alias_example_alias_consumer to None, run_after=None
[2024-12-21T11:35:26.403+0000] {logging_mixin.py:190} INFO - [2024-12-21T11:35:26.403+0000] {dag.py:4180} INFO - Setting next_dagrun for dataset_alias_example_alias_producer to None, run_after=None
[2024-12-21T11:35:26.405+0000] {logging_mixin.py:190} INFO - [2024-12-21T11:35:26.405+0000] {dag.py:4180} INFO - Setting next_dagrun for dataset_s3_bucket_consumer to None, run_after=None
[2024-12-21T11:35:26.407+0000] {logging_mixin.py:190} INFO - [2024-12-21T11:35:26.407+0000] {dag.py:4180} INFO - Setting next_dagrun for dataset_s3_bucket_producer to None, run_after=None
[2024-12-21T11:35:26.432+0000] {processor.py:208} INFO - Processing /home/airflow/.local/lib/python3.12/site-packages/airflow/example_dags/example_dataset_alias.py took 0.438 seconds
[2024-12-21T11:35:56.510+0000] {processor.py:186} INFO - Started process (PID=2287) to work on /home/airflow/.local/lib/python3.12/site-packages/airflow/example_dags/example_dataset_alias.py
[2024-12-21T11:35:56.511+0000] {processor.py:914} INFO - Processing file /home/airflow/.local/lib/python3.12/site-packages/airflow/example_dags/example_dataset_alias.py for tasks to queue
[2024-12-21T11:35:56.513+0000] {logging_mixin.py:190} INFO - [2024-12-21T11:35:56.513+0000] {dagbag.py:588} INFO - Filling up the DagBag from /home/airflow/.local/lib/python3.12/site-packages/airflow/example_dags/example_dataset_alias.py
[2024-12-21T11:35:56.697+0000] {processor.py:925} INFO - DAG(s) 'dataset_alias_example_alias_producer', 'dataset_s3_bucket_producer', 'dataset_s3_bucket_consumer', 'dataset_alias_example_alias_consumer' retrieved from /home/airflow/.local/lib/python3.12/site-packages/airflow/example_dags/example_dataset_alias.py
[2024-12-21T11:35:56.725+0000] {logging_mixin.py:190} INFO - [2024-12-21T11:35:56.725+0000] {dag.py:3239} INFO - Sync 4 DAGs
[2024-12-21T11:35:56.754+0000] {logging_mixin.py:190} INFO - [2024-12-21T11:35:56.754+0000] {dag.py:4180} INFO - Setting next_dagrun for dataset_alias_example_alias_consumer to None, run_after=None
[2024-12-21T11:35:56.926+0000] {logging_mixin.py:190} INFO - [2024-12-21T11:35:56.925+0000] {dag.py:4180} INFO - Setting next_dagrun for dataset_alias_example_alias_producer to None, run_after=None
[2024-12-21T11:35:56.928+0000] {logging_mixin.py:190} INFO - [2024-12-21T11:35:56.928+0000] {dag.py:4180} INFO - Setting next_dagrun for dataset_s3_bucket_consumer to None, run_after=None
[2024-12-21T11:35:56.930+0000] {logging_mixin.py:190} INFO - [2024-12-21T11:35:56.930+0000] {dag.py:4180} INFO - Setting next_dagrun for dataset_s3_bucket_producer to None, run_after=None
[2024-12-21T11:35:56.959+0000] {processor.py:208} INFO - Processing /home/airflow/.local/lib/python3.12/site-packages/airflow/example_dags/example_dataset_alias.py took 0.456 seconds
[2024-12-21T11:36:27.684+0000] {processor.py:186} INFO - Started process (PID=2352) to work on /home/airflow/.local/lib/python3.12/site-packages/airflow/example_dags/example_dataset_alias.py
[2024-12-21T11:36:27.685+0000] {processor.py:914} INFO - Processing file /home/airflow/.local/lib/python3.12/site-packages/airflow/example_dags/example_dataset_alias.py for tasks to queue
[2024-12-21T11:36:27.688+0000] {logging_mixin.py:190} INFO - [2024-12-21T11:36:27.688+0000] {dagbag.py:588} INFO - Filling up the DagBag from /home/airflow/.local/lib/python3.12/site-packages/airflow/example_dags/example_dataset_alias.py
[2024-12-21T11:36:27.850+0000] {processor.py:925} INFO - DAG(s) 'dataset_s3_bucket_consumer', 'dataset_alias_example_alias_consumer', 'dataset_s3_bucket_producer', 'dataset_alias_example_alias_producer' retrieved from /home/airflow/.local/lib/python3.12/site-packages/airflow/example_dags/example_dataset_alias.py
[2024-12-21T11:36:27.875+0000] {logging_mixin.py:190} INFO - [2024-12-21T11:36:27.874+0000] {dag.py:3239} INFO - Sync 4 DAGs
[2024-12-21T11:36:27.899+0000] {logging_mixin.py:190} INFO - [2024-12-21T11:36:27.899+0000] {dag.py:4180} INFO - Setting next_dagrun for dataset_alias_example_alias_consumer to None, run_after=None
[2024-12-21T11:36:27.904+0000] {logging_mixin.py:190} INFO - [2024-12-21T11:36:27.904+0000] {dag.py:4180} INFO - Setting next_dagrun for dataset_alias_example_alias_producer to None, run_after=None
[2024-12-21T11:36:27.906+0000] {logging_mixin.py:190} INFO - [2024-12-21T11:36:27.906+0000] {dag.py:4180} INFO - Setting next_dagrun for dataset_s3_bucket_consumer to None, run_after=None
[2024-12-21T11:36:27.909+0000] {logging_mixin.py:190} INFO - [2024-12-21T11:36:27.908+0000] {dag.py:4180} INFO - Setting next_dagrun for dataset_s3_bucket_producer to None, run_after=None
[2024-12-21T11:36:28.099+0000] {processor.py:208} INFO - Processing /home/airflow/.local/lib/python3.12/site-packages/airflow/example_dags/example_dataset_alias.py took 0.421 seconds
[2024-12-21T11:36:58.882+0000] {processor.py:186} INFO - Started process (PID=2418) to work on /home/airflow/.local/lib/python3.12/site-packages/airflow/example_dags/example_dataset_alias.py
[2024-12-21T11:36:58.884+0000] {processor.py:914} INFO - Processing file /home/airflow/.local/lib/python3.12/site-packages/airflow/example_dags/example_dataset_alias.py for tasks to queue
[2024-12-21T11:36:58.887+0000] {logging_mixin.py:190} INFO - [2024-12-21T11:36:58.886+0000] {dagbag.py:588} INFO - Filling up the DagBag from /home/airflow/.local/lib/python3.12/site-packages/airflow/example_dags/example_dataset_alias.py
[2024-12-21T11:36:59.052+0000] {processor.py:925} INFO - DAG(s) 'dataset_alias_example_alias_producer', 'dataset_alias_example_alias_consumer', 'dataset_s3_bucket_producer', 'dataset_s3_bucket_consumer' retrieved from /home/airflow/.local/lib/python3.12/site-packages/airflow/example_dags/example_dataset_alias.py
[2024-12-21T11:36:59.077+0000] {logging_mixin.py:190} INFO - [2024-12-21T11:36:59.076+0000] {dag.py:3239} INFO - Sync 4 DAGs
[2024-12-21T11:36:59.104+0000] {logging_mixin.py:190} INFO - [2024-12-21T11:36:59.103+0000] {dag.py:4180} INFO - Setting next_dagrun for dataset_alias_example_alias_consumer to None, run_after=None
[2024-12-21T11:36:59.107+0000] {logging_mixin.py:190} INFO - [2024-12-21T11:36:59.107+0000] {dag.py:4180} INFO - Setting next_dagrun for dataset_alias_example_alias_producer to None, run_after=None
[2024-12-21T11:36:59.109+0000] {logging_mixin.py:190} INFO - [2024-12-21T11:36:59.109+0000] {dag.py:4180} INFO - Setting next_dagrun for dataset_s3_bucket_consumer to None, run_after=None
[2024-12-21T11:36:59.111+0000] {logging_mixin.py:190} INFO - [2024-12-21T11:36:59.111+0000] {dag.py:4180} INFO - Setting next_dagrun for dataset_s3_bucket_producer to None, run_after=None
[2024-12-21T11:36:59.139+0000] {processor.py:208} INFO - Processing /home/airflow/.local/lib/python3.12/site-packages/airflow/example_dags/example_dataset_alias.py took 0.263 seconds
[2024-12-21T11:37:29.253+0000] {processor.py:186} INFO - Started process (PID=2484) to work on /home/airflow/.local/lib/python3.12/site-packages/airflow/example_dags/example_dataset_alias.py
[2024-12-21T11:37:29.254+0000] {processor.py:914} INFO - Processing file /home/airflow/.local/lib/python3.12/site-packages/airflow/example_dags/example_dataset_alias.py for tasks to queue
[2024-12-21T11:37:29.257+0000] {logging_mixin.py:190} INFO - [2024-12-21T11:37:29.257+0000] {dagbag.py:588} INFO - Filling up the DagBag from /home/airflow/.local/lib/python3.12/site-packages/airflow/example_dags/example_dataset_alias.py
[2024-12-21T11:37:29.594+0000] {processor.py:925} INFO - DAG(s) 'dataset_alias_example_alias_producer', 'dataset_s3_bucket_producer', 'dataset_alias_example_alias_consumer', 'dataset_s3_bucket_consumer' retrieved from /home/airflow/.local/lib/python3.12/site-packages/airflow/example_dags/example_dataset_alias.py
[2024-12-21T11:37:29.617+0000] {logging_mixin.py:190} INFO - [2024-12-21T11:37:29.617+0000] {dag.py:3239} INFO - Sync 4 DAGs
[2024-12-21T11:37:29.639+0000] {logging_mixin.py:190} INFO - [2024-12-21T11:37:29.638+0000] {dag.py:4180} INFO - Setting next_dagrun for dataset_alias_example_alias_consumer to None, run_after=None
[2024-12-21T11:37:29.642+0000] {logging_mixin.py:190} INFO - [2024-12-21T11:37:29.642+0000] {dag.py:4180} INFO - Setting next_dagrun for dataset_alias_example_alias_producer to None, run_after=None
[2024-12-21T11:37:29.644+0000] {logging_mixin.py:190} INFO - [2024-12-21T11:37:29.644+0000] {dag.py:4180} INFO - Setting next_dagrun for dataset_s3_bucket_consumer to None, run_after=None
[2024-12-21T11:37:29.646+0000] {logging_mixin.py:190} INFO - [2024-12-21T11:37:29.645+0000] {dag.py:4180} INFO - Setting next_dagrun for dataset_s3_bucket_producer to None, run_after=None
[2024-12-21T11:37:29.673+0000] {processor.py:208} INFO - Processing /home/airflow/.local/lib/python3.12/site-packages/airflow/example_dags/example_dataset_alias.py took 0.426 seconds
[2024-12-21T11:38:00.155+0000] {processor.py:186} INFO - Started process (PID=2550) to work on /home/airflow/.local/lib/python3.12/site-packages/airflow/example_dags/example_dataset_alias.py
[2024-12-21T11:38:00.156+0000] {processor.py:914} INFO - Processing file /home/airflow/.local/lib/python3.12/site-packages/airflow/example_dags/example_dataset_alias.py for tasks to queue
[2024-12-21T11:38:00.159+0000] {logging_mixin.py:190} INFO - [2024-12-21T11:38:00.159+0000] {dagbag.py:588} INFO - Filling up the DagBag from /home/airflow/.local/lib/python3.12/site-packages/airflow/example_dags/example_dataset_alias.py
[2024-12-21T11:38:00.520+0000] {processor.py:925} INFO - DAG(s) 'dataset_alias_example_alias_producer', 'dataset_s3_bucket_consumer', 'dataset_alias_example_alias_consumer', 'dataset_s3_bucket_producer' retrieved from /home/airflow/.local/lib/python3.12/site-packages/airflow/example_dags/example_dataset_alias.py
[2024-12-21T11:38:00.545+0000] {logging_mixin.py:190} INFO - [2024-12-21T11:38:00.545+0000] {dag.py:3239} INFO - Sync 4 DAGs
[2024-12-21T11:38:00.567+0000] {logging_mixin.py:190} INFO - [2024-12-21T11:38:00.567+0000] {dag.py:4180} INFO - Setting next_dagrun for dataset_alias_example_alias_consumer to None, run_after=None
[2024-12-21T11:38:00.571+0000] {logging_mixin.py:190} INFO - [2024-12-21T11:38:00.570+0000] {dag.py:4180} INFO - Setting next_dagrun for dataset_alias_example_alias_producer to None, run_after=None
[2024-12-21T11:38:00.572+0000] {logging_mixin.py:190} INFO - [2024-12-21T11:38:00.572+0000] {dag.py:4180} INFO - Setting next_dagrun for dataset_s3_bucket_consumer to None, run_after=None
[2024-12-21T11:38:00.574+0000] {logging_mixin.py:190} INFO - [2024-12-21T11:38:00.574+0000] {dag.py:4180} INFO - Setting next_dagrun for dataset_s3_bucket_producer to None, run_after=None
[2024-12-21T11:38:00.599+0000] {processor.py:208} INFO - Processing /home/airflow/.local/lib/python3.12/site-packages/airflow/example_dags/example_dataset_alias.py took 0.449 seconds
[2024-12-21T11:38:31.413+0000] {processor.py:186} INFO - Started process (PID=2616) to work on /home/airflow/.local/lib/python3.12/site-packages/airflow/example_dags/example_dataset_alias.py
[2024-12-21T11:38:31.414+0000] {processor.py:914} INFO - Processing file /home/airflow/.local/lib/python3.12/site-packages/airflow/example_dags/example_dataset_alias.py for tasks to queue
[2024-12-21T11:38:31.417+0000] {logging_mixin.py:190} INFO - [2024-12-21T11:38:31.417+0000] {dagbag.py:588} INFO - Filling up the DagBag from /home/airflow/.local/lib/python3.12/site-packages/airflow/example_dags/example_dataset_alias.py
[2024-12-21T11:38:31.787+0000] {processor.py:925} INFO - DAG(s) 'dataset_alias_example_alias_consumer', 'dataset_s3_bucket_consumer', 'dataset_alias_example_alias_producer', 'dataset_s3_bucket_producer' retrieved from /home/airflow/.local/lib/python3.12/site-packages/airflow/example_dags/example_dataset_alias.py
[2024-12-21T11:38:31.813+0000] {logging_mixin.py:190} INFO - [2024-12-21T11:38:31.812+0000] {dag.py:3239} INFO - Sync 4 DAGs
[2024-12-21T11:38:31.843+0000] {logging_mixin.py:190} INFO - [2024-12-21T11:38:31.842+0000] {dag.py:4180} INFO - Setting next_dagrun for dataset_alias_example_alias_consumer to None, run_after=None
[2024-12-21T11:38:31.846+0000] {logging_mixin.py:190} INFO - [2024-12-21T11:38:31.846+0000] {dag.py:4180} INFO - Setting next_dagrun for dataset_alias_example_alias_producer to None, run_after=None
[2024-12-21T11:38:31.849+0000] {logging_mixin.py:190} INFO - [2024-12-21T11:38:31.849+0000] {dag.py:4180} INFO - Setting next_dagrun for dataset_s3_bucket_consumer to None, run_after=None
[2024-12-21T11:38:31.852+0000] {logging_mixin.py:190} INFO - [2024-12-21T11:38:31.851+0000] {dag.py:4180} INFO - Setting next_dagrun for dataset_s3_bucket_producer to None, run_after=None
[2024-12-21T11:38:31.885+0000] {processor.py:208} INFO - Processing /home/airflow/.local/lib/python3.12/site-packages/airflow/example_dags/example_dataset_alias.py took 0.482 seconds
[2024-12-21T11:39:01.939+0000] {processor.py:186} INFO - Started process (PID=2682) to work on /home/airflow/.local/lib/python3.12/site-packages/airflow/example_dags/example_dataset_alias.py
[2024-12-21T11:39:01.941+0000] {processor.py:914} INFO - Processing file /home/airflow/.local/lib/python3.12/site-packages/airflow/example_dags/example_dataset_alias.py for tasks to queue
[2024-12-21T11:39:01.944+0000] {logging_mixin.py:190} INFO - [2024-12-21T11:39:01.944+0000] {dagbag.py:588} INFO - Filling up the DagBag from /home/airflow/.local/lib/python3.12/site-packages/airflow/example_dags/example_dataset_alias.py
[2024-12-21T11:39:02.135+0000] {processor.py:925} INFO - DAG(s) 'dataset_s3_bucket_producer', 'dataset_alias_example_alias_consumer', 'dataset_s3_bucket_consumer', 'dataset_alias_example_alias_producer' retrieved from /home/airflow/.local/lib/python3.12/site-packages/airflow/example_dags/example_dataset_alias.py
[2024-12-21T11:39:02.379+0000] {logging_mixin.py:190} INFO - [2024-12-21T11:39:02.379+0000] {dag.py:3239} INFO - Sync 4 DAGs
[2024-12-21T11:39:02.404+0000] {logging_mixin.py:190} INFO - [2024-12-21T11:39:02.404+0000] {dag.py:4180} INFO - Setting next_dagrun for dataset_alias_example_alias_consumer to None, run_after=None
[2024-12-21T11:39:02.407+0000] {logging_mixin.py:190} INFO - [2024-12-21T11:39:02.407+0000] {dag.py:4180} INFO - Setting next_dagrun for dataset_alias_example_alias_producer to None, run_after=None
[2024-12-21T11:39:02.409+0000] {logging_mixin.py:190} INFO - [2024-12-21T11:39:02.409+0000] {dag.py:4180} INFO - Setting next_dagrun for dataset_s3_bucket_consumer to None, run_after=None
[2024-12-21T11:39:02.411+0000] {logging_mixin.py:190} INFO - [2024-12-21T11:39:02.411+0000] {dag.py:4180} INFO - Setting next_dagrun for dataset_s3_bucket_producer to None, run_after=None
[2024-12-21T11:39:02.437+0000] {processor.py:208} INFO - Processing /home/airflow/.local/lib/python3.12/site-packages/airflow/example_dags/example_dataset_alias.py took 0.505 seconds
[2024-12-21T11:39:32.604+0000] {processor.py:186} INFO - Started process (PID=2748) to work on /home/airflow/.local/lib/python3.12/site-packages/airflow/example_dags/example_dataset_alias.py
[2024-12-21T11:39:32.605+0000] {processor.py:914} INFO - Processing file /home/airflow/.local/lib/python3.12/site-packages/airflow/example_dags/example_dataset_alias.py for tasks to queue
[2024-12-21T11:39:32.608+0000] {logging_mixin.py:190} INFO - [2024-12-21T11:39:32.608+0000] {dagbag.py:588} INFO - Filling up the DagBag from /home/airflow/.local/lib/python3.12/site-packages/airflow/example_dags/example_dataset_alias.py
[2024-12-21T11:39:32.794+0000] {processor.py:925} INFO - DAG(s) 'dataset_s3_bucket_consumer', 'dataset_s3_bucket_producer', 'dataset_alias_example_alias_producer', 'dataset_alias_example_alias_consumer' retrieved from /home/airflow/.local/lib/python3.12/site-packages/airflow/example_dags/example_dataset_alias.py
[2024-12-21T11:39:33.045+0000] {logging_mixin.py:190} INFO - [2024-12-21T11:39:33.045+0000] {dag.py:3239} INFO - Sync 4 DAGs
[2024-12-21T11:39:33.068+0000] {logging_mixin.py:190} INFO - [2024-12-21T11:39:33.068+0000] {dag.py:4180} INFO - Setting next_dagrun for dataset_alias_example_alias_consumer to None, run_after=None
[2024-12-21T11:39:33.072+0000] {logging_mixin.py:190} INFO - [2024-12-21T11:39:33.072+0000] {dag.py:4180} INFO - Setting next_dagrun for dataset_alias_example_alias_producer to None, run_after=None
[2024-12-21T11:39:33.074+0000] {logging_mixin.py:190} INFO - [2024-12-21T11:39:33.074+0000] {dag.py:4180} INFO - Setting next_dagrun for dataset_s3_bucket_consumer to None, run_after=None
[2024-12-21T11:39:33.076+0000] {logging_mixin.py:190} INFO - [2024-12-21T11:39:33.076+0000] {dag.py:4180} INFO - Setting next_dagrun for dataset_s3_bucket_producer to None, run_after=None
[2024-12-21T11:39:33.102+0000] {processor.py:208} INFO - Processing /home/airflow/.local/lib/python3.12/site-packages/airflow/example_dags/example_dataset_alias.py took 0.505 seconds
[2024-12-21T11:40:03.894+0000] {processor.py:186} INFO - Started process (PID=2820) to work on /home/airflow/.local/lib/python3.12/site-packages/airflow/example_dags/example_dataset_alias.py
[2024-12-21T11:40:03.897+0000] {processor.py:914} INFO - Processing file /home/airflow/.local/lib/python3.12/site-packages/airflow/example_dags/example_dataset_alias.py for tasks to queue
[2024-12-21T11:40:03.901+0000] {logging_mixin.py:190} INFO - [2024-12-21T11:40:03.901+0000] {dagbag.py:588} INFO - Filling up the DagBag from /home/airflow/.local/lib/python3.12/site-packages/airflow/example_dags/example_dataset_alias.py
[2024-12-21T11:40:04.585+0000] {processor.py:925} INFO - DAG(s) 'dataset_s3_bucket_producer', 'dataset_alias_example_alias_consumer', 'dataset_s3_bucket_consumer', 'dataset_alias_example_alias_producer' retrieved from /home/airflow/.local/lib/python3.12/site-packages/airflow/example_dags/example_dataset_alias.py
[2024-12-21T11:40:04.637+0000] {logging_mixin.py:190} INFO - [2024-12-21T11:40:04.636+0000] {dag.py:3239} INFO - Sync 4 DAGs
[2024-12-21T11:40:04.679+0000] {logging_mixin.py:190} INFO - [2024-12-21T11:40:04.678+0000] {dag.py:4180} INFO - Setting next_dagrun for dataset_alias_example_alias_consumer to None, run_after=None
[2024-12-21T11:40:04.685+0000] {logging_mixin.py:190} INFO - [2024-12-21T11:40:04.685+0000] {dag.py:4180} INFO - Setting next_dagrun for dataset_alias_example_alias_producer to None, run_after=None
[2024-12-21T11:40:04.688+0000] {logging_mixin.py:190} INFO - [2024-12-21T11:40:04.688+0000] {dag.py:4180} INFO - Setting next_dagrun for dataset_s3_bucket_consumer to None, run_after=None
[2024-12-21T11:40:04.691+0000] {logging_mixin.py:190} INFO - [2024-12-21T11:40:04.691+0000] {dag.py:4180} INFO - Setting next_dagrun for dataset_s3_bucket_producer to None, run_after=None
[2024-12-21T11:40:04.743+0000] {processor.py:208} INFO - Processing /home/airflow/.local/lib/python3.12/site-packages/airflow/example_dags/example_dataset_alias.py took 0.862 seconds
