[2024-12-21T11:19:34.919+0000] {processor.py:186} INFO - Started process (PID=86) to work on /home/airflow/.local/lib/python3.12/site-packages/airflow/example_dags/example_branch_datetime_operator.py
[2024-12-21T11:19:34.920+0000] {processor.py:914} INFO - Processing file /home/airflow/.local/lib/python3.12/site-packages/airflow/example_dags/example_branch_datetime_operator.py for tasks to queue
[2024-12-21T11:19:34.924+0000] {logging_mixin.py:190} INFO - [2024-12-21T11:19:34.924+0000] {dagbag.py:588} INFO - Filling up the DagBag from /home/airflow/.local/lib/python3.12/site-packages/airflow/example_dags/example_branch_datetime_operator.py
[2024-12-21T11:19:34.945+0000] {processor.py:925} INFO - DAG(s) 'example_branch_datetime_operator_2', 'example_branch_datetime_operator', 'example_branch_datetime_operator_3' retrieved from /home/airflow/.local/lib/python3.12/site-packages/airflow/example_dags/example_branch_datetime_operator.py
[2024-12-21T11:19:34.988+0000] {logging_mixin.py:190} INFO - [2024-12-21T11:19:34.987+0000] {dag.py:3239} INFO - Sync 3 DAGs
[2024-12-21T11:19:35.024+0000] {logging_mixin.py:190} INFO - [2024-12-21T11:19:35.024+0000] {dag.py:4180} INFO - Setting next_dagrun for example_branch_datetime_operator to 2024-12-20 00:00:00+00:00, run_after=2024-12-21 00:00:00+00:00
[2024-12-21T11:19:35.032+0000] {logging_mixin.py:190} INFO - [2024-12-21T11:19:35.032+0000] {dag.py:4180} INFO - Setting next_dagrun for example_branch_datetime_operator_2 to 2024-12-20 00:00:00+00:00, run_after=2024-12-21 00:00:00+00:00
[2024-12-21T11:19:35.036+0000] {logging_mixin.py:190} INFO - [2024-12-21T11:19:35.036+0000] {dag.py:4180} INFO - Setting next_dagrun for example_branch_datetime_operator_3 to 2024-12-20 00:00:00+00:00, run_after=2024-12-21 00:00:00+00:00
[2024-12-21T11:19:35.059+0000] {processor.py:208} INFO - Processing /home/airflow/.local/lib/python3.12/site-packages/airflow/example_dags/example_branch_datetime_operator.py took 0.148 seconds
[2024-12-21T11:20:05.148+0000] {processor.py:186} INFO - Started process (PID=178) to work on /home/airflow/.local/lib/python3.12/site-packages/airflow/example_dags/example_branch_datetime_operator.py
[2024-12-21T11:20:05.149+0000] {processor.py:914} INFO - Processing file /home/airflow/.local/lib/python3.12/site-packages/airflow/example_dags/example_branch_datetime_operator.py for tasks to queue
[2024-12-21T11:20:05.152+0000] {logging_mixin.py:190} INFO - [2024-12-21T11:20:05.151+0000] {dagbag.py:588} INFO - Filling up the DagBag from /home/airflow/.local/lib/python3.12/site-packages/airflow/example_dags/example_branch_datetime_operator.py
[2024-12-21T11:20:05.170+0000] {processor.py:925} INFO - DAG(s) 'example_branch_datetime_operator_2', 'example_branch_datetime_operator', 'example_branch_datetime_operator_3' retrieved from /home/airflow/.local/lib/python3.12/site-packages/airflow/example_dags/example_branch_datetime_operator.py
[2024-12-21T11:20:05.205+0000] {logging_mixin.py:190} INFO - [2024-12-21T11:20:05.204+0000] {dag.py:3239} INFO - Sync 3 DAGs
[2024-12-21T11:20:05.241+0000] {logging_mixin.py:190} INFO - [2024-12-21T11:20:05.240+0000] {dag.py:4180} INFO - Setting next_dagrun for example_branch_datetime_operator to 2024-12-20 00:00:00+00:00, run_after=2024-12-21 00:00:00+00:00
[2024-12-21T11:20:05.248+0000] {logging_mixin.py:190} INFO - [2024-12-21T11:20:05.248+0000] {dag.py:4180} INFO - Setting next_dagrun for example_branch_datetime_operator_2 to 2024-12-20 00:00:00+00:00, run_after=2024-12-21 00:00:00+00:00
[2024-12-21T11:20:05.252+0000] {logging_mixin.py:190} INFO - [2024-12-21T11:20:05.251+0000] {dag.py:4180} INFO - Setting next_dagrun for example_branch_datetime_operator_3 to 2024-12-20 00:00:00+00:00, run_after=2024-12-21 00:00:00+00:00
[2024-12-21T11:20:05.275+0000] {processor.py:208} INFO - Processing /home/airflow/.local/lib/python3.12/site-packages/airflow/example_dags/example_branch_datetime_operator.py took 0.134 seconds
[2024-12-21T11:20:35.845+0000] {processor.py:186} INFO - Started process (PID=244) to work on /home/airflow/.local/lib/python3.12/site-packages/airflow/example_dags/example_branch_datetime_operator.py
[2024-12-21T11:20:35.846+0000] {processor.py:914} INFO - Processing file /home/airflow/.local/lib/python3.12/site-packages/airflow/example_dags/example_branch_datetime_operator.py for tasks to queue
[2024-12-21T11:20:35.851+0000] {logging_mixin.py:190} INFO - [2024-12-21T11:20:35.850+0000] {dagbag.py:588} INFO - Filling up the DagBag from /home/airflow/.local/lib/python3.12/site-packages/airflow/example_dags/example_branch_datetime_operator.py
[2024-12-21T11:20:35.870+0000] {processor.py:925} INFO - DAG(s) 'example_branch_datetime_operator', 'example_branch_datetime_operator_2', 'example_branch_datetime_operator_3' retrieved from /home/airflow/.local/lib/python3.12/site-packages/airflow/example_dags/example_branch_datetime_operator.py
[2024-12-21T11:20:35.909+0000] {logging_mixin.py:190} INFO - [2024-12-21T11:20:35.908+0000] {dag.py:3239} INFO - Sync 3 DAGs
[2024-12-21T11:20:35.944+0000] {logging_mixin.py:190} INFO - [2024-12-21T11:20:35.943+0000] {dag.py:4180} INFO - Setting next_dagrun for example_branch_datetime_operator to 2024-12-20 00:00:00+00:00, run_after=2024-12-21 00:00:00+00:00
[2024-12-21T11:20:35.950+0000] {logging_mixin.py:190} INFO - [2024-12-21T11:20:35.950+0000] {dag.py:4180} INFO - Setting next_dagrun for example_branch_datetime_operator_2 to 2024-12-20 00:00:00+00:00, run_after=2024-12-21 00:00:00+00:00
[2024-12-21T11:20:35.955+0000] {logging_mixin.py:190} INFO - [2024-12-21T11:20:35.954+0000] {dag.py:4180} INFO - Setting next_dagrun for example_branch_datetime_operator_3 to 2024-12-20 00:00:00+00:00, run_after=2024-12-21 00:00:00+00:00
[2024-12-21T11:20:35.977+0000] {processor.py:208} INFO - Processing /home/airflow/.local/lib/python3.12/site-packages/airflow/example_dags/example_branch_datetime_operator.py took 0.143 seconds
[2024-12-21T11:21:06.575+0000] {processor.py:186} INFO - Started process (PID=310) to work on /home/airflow/.local/lib/python3.12/site-packages/airflow/example_dags/example_branch_datetime_operator.py
[2024-12-21T11:21:06.576+0000] {processor.py:914} INFO - Processing file /home/airflow/.local/lib/python3.12/site-packages/airflow/example_dags/example_branch_datetime_operator.py for tasks to queue
[2024-12-21T11:21:06.579+0000] {logging_mixin.py:190} INFO - [2024-12-21T11:21:06.578+0000] {dagbag.py:588} INFO - Filling up the DagBag from /home/airflow/.local/lib/python3.12/site-packages/airflow/example_dags/example_branch_datetime_operator.py
[2024-12-21T11:21:06.593+0000] {processor.py:925} INFO - DAG(s) 'example_branch_datetime_operator_2', 'example_branch_datetime_operator_3', 'example_branch_datetime_operator' retrieved from /home/airflow/.local/lib/python3.12/site-packages/airflow/example_dags/example_branch_datetime_operator.py
[2024-12-21T11:21:06.631+0000] {logging_mixin.py:190} INFO - [2024-12-21T11:21:06.631+0000] {dag.py:3239} INFO - Sync 3 DAGs
[2024-12-21T11:21:06.661+0000] {logging_mixin.py:190} INFO - [2024-12-21T11:21:06.661+0000] {dag.py:4180} INFO - Setting next_dagrun for example_branch_datetime_operator to 2024-12-20 00:00:00+00:00, run_after=2024-12-21 00:00:00+00:00
[2024-12-21T11:21:06.667+0000] {logging_mixin.py:190} INFO - [2024-12-21T11:21:06.667+0000] {dag.py:4180} INFO - Setting next_dagrun for example_branch_datetime_operator_2 to 2024-12-20 00:00:00+00:00, run_after=2024-12-21 00:00:00+00:00
[2024-12-21T11:21:06.670+0000] {logging_mixin.py:190} INFO - [2024-12-21T11:21:06.670+0000] {dag.py:4180} INFO - Setting next_dagrun for example_branch_datetime_operator_3 to 2024-12-20 00:00:00+00:00, run_after=2024-12-21 00:00:00+00:00
[2024-12-21T11:21:06.690+0000] {processor.py:208} INFO - Processing /home/airflow/.local/lib/python3.12/site-packages/airflow/example_dags/example_branch_datetime_operator.py took 0.122 seconds
[2024-12-21T11:21:37.334+0000] {processor.py:186} INFO - Started process (PID=375) to work on /home/airflow/.local/lib/python3.12/site-packages/airflow/example_dags/example_branch_datetime_operator.py
[2024-12-21T11:21:37.335+0000] {processor.py:914} INFO - Processing file /home/airflow/.local/lib/python3.12/site-packages/airflow/example_dags/example_branch_datetime_operator.py for tasks to queue
[2024-12-21T11:21:37.338+0000] {logging_mixin.py:190} INFO - [2024-12-21T11:21:37.338+0000] {dagbag.py:588} INFO - Filling up the DagBag from /home/airflow/.local/lib/python3.12/site-packages/airflow/example_dags/example_branch_datetime_operator.py
[2024-12-21T11:21:37.351+0000] {processor.py:925} INFO - DAG(s) 'example_branch_datetime_operator_3', 'example_branch_datetime_operator', 'example_branch_datetime_operator_2' retrieved from /home/airflow/.local/lib/python3.12/site-packages/airflow/example_dags/example_branch_datetime_operator.py
[2024-12-21T11:21:37.381+0000] {logging_mixin.py:190} INFO - [2024-12-21T11:21:37.380+0000] {dag.py:3239} INFO - Sync 3 DAGs
[2024-12-21T11:21:37.413+0000] {logging_mixin.py:190} INFO - [2024-12-21T11:21:37.412+0000] {dag.py:4180} INFO - Setting next_dagrun for example_branch_datetime_operator to 2024-12-20 00:00:00+00:00, run_after=2024-12-21 00:00:00+00:00
[2024-12-21T11:21:37.418+0000] {logging_mixin.py:190} INFO - [2024-12-21T11:21:37.418+0000] {dag.py:4180} INFO - Setting next_dagrun for example_branch_datetime_operator_2 to 2024-12-20 00:00:00+00:00, run_after=2024-12-21 00:00:00+00:00
[2024-12-21T11:21:37.422+0000] {logging_mixin.py:190} INFO - [2024-12-21T11:21:37.422+0000] {dag.py:4180} INFO - Setting next_dagrun for example_branch_datetime_operator_3 to 2024-12-20 00:00:00+00:00, run_after=2024-12-21 00:00:00+00:00
[2024-12-21T11:21:37.442+0000] {processor.py:208} INFO - Processing /home/airflow/.local/lib/python3.12/site-packages/airflow/example_dags/example_branch_datetime_operator.py took 0.115 seconds
[2024-12-21T11:22:07.894+0000] {processor.py:186} INFO - Started process (PID=441) to work on /home/airflow/.local/lib/python3.12/site-packages/airflow/example_dags/example_branch_datetime_operator.py
[2024-12-21T11:22:07.895+0000] {processor.py:914} INFO - Processing file /home/airflow/.local/lib/python3.12/site-packages/airflow/example_dags/example_branch_datetime_operator.py for tasks to queue
[2024-12-21T11:22:07.898+0000] {logging_mixin.py:190} INFO - [2024-12-21T11:22:07.898+0000] {dagbag.py:588} INFO - Filling up the DagBag from /home/airflow/.local/lib/python3.12/site-packages/airflow/example_dags/example_branch_datetime_operator.py
[2024-12-21T11:22:07.912+0000] {processor.py:925} INFO - DAG(s) 'example_branch_datetime_operator_3', 'example_branch_datetime_operator', 'example_branch_datetime_operator_2' retrieved from /home/airflow/.local/lib/python3.12/site-packages/airflow/example_dags/example_branch_datetime_operator.py
[2024-12-21T11:22:07.944+0000] {logging_mixin.py:190} INFO - [2024-12-21T11:22:07.944+0000] {dag.py:3239} INFO - Sync 3 DAGs
[2024-12-21T11:22:07.980+0000] {logging_mixin.py:190} INFO - [2024-12-21T11:22:07.980+0000] {dag.py:4180} INFO - Setting next_dagrun for example_branch_datetime_operator to 2024-12-20 00:00:00+00:00, run_after=2024-12-21 00:00:00+00:00
[2024-12-21T11:22:07.987+0000] {logging_mixin.py:190} INFO - [2024-12-21T11:22:07.987+0000] {dag.py:4180} INFO - Setting next_dagrun for example_branch_datetime_operator_2 to 2024-12-20 00:00:00+00:00, run_after=2024-12-21 00:00:00+00:00
[2024-12-21T11:22:07.991+0000] {logging_mixin.py:190} INFO - [2024-12-21T11:22:07.990+0000] {dag.py:4180} INFO - Setting next_dagrun for example_branch_datetime_operator_3 to 2024-12-20 00:00:00+00:00, run_after=2024-12-21 00:00:00+00:00
[2024-12-21T11:22:08.011+0000] {processor.py:208} INFO - Processing /home/airflow/.local/lib/python3.12/site-packages/airflow/example_dags/example_branch_datetime_operator.py took 0.124 seconds
[2024-12-21T11:22:38.562+0000] {processor.py:186} INFO - Started process (PID=507) to work on /home/airflow/.local/lib/python3.12/site-packages/airflow/example_dags/example_branch_datetime_operator.py
[2024-12-21T11:22:38.564+0000] {processor.py:914} INFO - Processing file /home/airflow/.local/lib/python3.12/site-packages/airflow/example_dags/example_branch_datetime_operator.py for tasks to queue
[2024-12-21T11:22:38.568+0000] {logging_mixin.py:190} INFO - [2024-12-21T11:22:38.567+0000] {dagbag.py:588} INFO - Filling up the DagBag from /home/airflow/.local/lib/python3.12/site-packages/airflow/example_dags/example_branch_datetime_operator.py
[2024-12-21T11:22:38.586+0000] {processor.py:925} INFO - DAG(s) 'example_branch_datetime_operator_2', 'example_branch_datetime_operator_3', 'example_branch_datetime_operator' retrieved from /home/airflow/.local/lib/python3.12/site-packages/airflow/example_dags/example_branch_datetime_operator.py
[2024-12-21T11:22:38.623+0000] {logging_mixin.py:190} INFO - [2024-12-21T11:22:38.622+0000] {dag.py:3239} INFO - Sync 3 DAGs
[2024-12-21T11:22:38.657+0000] {logging_mixin.py:190} INFO - [2024-12-21T11:22:38.656+0000] {dag.py:4180} INFO - Setting next_dagrun for example_branch_datetime_operator to 2024-12-20 00:00:00+00:00, run_after=2024-12-21 00:00:00+00:00
[2024-12-21T11:22:38.663+0000] {logging_mixin.py:190} INFO - [2024-12-21T11:22:38.662+0000] {dag.py:4180} INFO - Setting next_dagrun for example_branch_datetime_operator_2 to 2024-12-20 00:00:00+00:00, run_after=2024-12-21 00:00:00+00:00
[2024-12-21T11:22:38.666+0000] {logging_mixin.py:190} INFO - [2024-12-21T11:22:38.666+0000] {dag.py:4180} INFO - Setting next_dagrun for example_branch_datetime_operator_3 to 2024-12-20 00:00:00+00:00, run_after=2024-12-21 00:00:00+00:00
[2024-12-21T11:22:38.686+0000] {processor.py:208} INFO - Processing /home/airflow/.local/lib/python3.12/site-packages/airflow/example_dags/example_branch_datetime_operator.py took 0.134 seconds
[2024-12-21T11:23:09.660+0000] {processor.py:186} INFO - Started process (PID=573) to work on /home/airflow/.local/lib/python3.12/site-packages/airflow/example_dags/example_branch_datetime_operator.py
[2024-12-21T11:23:09.661+0000] {processor.py:914} INFO - Processing file /home/airflow/.local/lib/python3.12/site-packages/airflow/example_dags/example_branch_datetime_operator.py for tasks to queue
[2024-12-21T11:23:09.664+0000] {logging_mixin.py:190} INFO - [2024-12-21T11:23:09.664+0000] {dagbag.py:588} INFO - Filling up the DagBag from /home/airflow/.local/lib/python3.12/site-packages/airflow/example_dags/example_branch_datetime_operator.py
[2024-12-21T11:23:09.678+0000] {processor.py:925} INFO - DAG(s) 'example_branch_datetime_operator_3', 'example_branch_datetime_operator_2', 'example_branch_datetime_operator' retrieved from /home/airflow/.local/lib/python3.12/site-packages/airflow/example_dags/example_branch_datetime_operator.py
[2024-12-21T11:23:09.708+0000] {logging_mixin.py:190} INFO - [2024-12-21T11:23:09.708+0000] {dag.py:3239} INFO - Sync 3 DAGs
[2024-12-21T11:23:09.736+0000] {logging_mixin.py:190} INFO - [2024-12-21T11:23:09.736+0000] {dag.py:4180} INFO - Setting next_dagrun for example_branch_datetime_operator to 2024-12-20 00:00:00+00:00, run_after=2024-12-21 00:00:00+00:00
[2024-12-21T11:23:09.742+0000] {logging_mixin.py:190} INFO - [2024-12-21T11:23:09.742+0000] {dag.py:4180} INFO - Setting next_dagrun for example_branch_datetime_operator_2 to 2024-12-20 00:00:00+00:00, run_after=2024-12-21 00:00:00+00:00
[2024-12-21T11:23:09.745+0000] {logging_mixin.py:190} INFO - [2024-12-21T11:23:09.745+0000] {dag.py:4180} INFO - Setting next_dagrun for example_branch_datetime_operator_3 to 2024-12-20 00:00:00+00:00, run_after=2024-12-21 00:00:00+00:00
[2024-12-21T11:23:09.767+0000] {processor.py:208} INFO - Processing /home/airflow/.local/lib/python3.12/site-packages/airflow/example_dags/example_branch_datetime_operator.py took 0.114 seconds
[2024-12-21T11:23:39.915+0000] {processor.py:186} INFO - Started process (PID=639) to work on /home/airflow/.local/lib/python3.12/site-packages/airflow/example_dags/example_branch_datetime_operator.py
[2024-12-21T11:23:39.916+0000] {processor.py:914} INFO - Processing file /home/airflow/.local/lib/python3.12/site-packages/airflow/example_dags/example_branch_datetime_operator.py for tasks to queue
[2024-12-21T11:23:39.919+0000] {logging_mixin.py:190} INFO - [2024-12-21T11:23:39.919+0000] {dagbag.py:588} INFO - Filling up the DagBag from /home/airflow/.local/lib/python3.12/site-packages/airflow/example_dags/example_branch_datetime_operator.py
[2024-12-21T11:23:39.932+0000] {processor.py:925} INFO - DAG(s) 'example_branch_datetime_operator_2', 'example_branch_datetime_operator', 'example_branch_datetime_operator_3' retrieved from /home/airflow/.local/lib/python3.12/site-packages/airflow/example_dags/example_branch_datetime_operator.py
[2024-12-21T11:23:39.961+0000] {logging_mixin.py:190} INFO - [2024-12-21T11:23:39.961+0000] {dag.py:3239} INFO - Sync 3 DAGs
[2024-12-21T11:23:39.992+0000] {logging_mixin.py:190} INFO - [2024-12-21T11:23:39.992+0000] {dag.py:4180} INFO - Setting next_dagrun for example_branch_datetime_operator to 2024-12-20 00:00:00+00:00, run_after=2024-12-21 00:00:00+00:00
[2024-12-21T11:23:39.998+0000] {logging_mixin.py:190} INFO - [2024-12-21T11:23:39.998+0000] {dag.py:4180} INFO - Setting next_dagrun for example_branch_datetime_operator_2 to 2024-12-20 00:00:00+00:00, run_after=2024-12-21 00:00:00+00:00
[2024-12-21T11:23:40.002+0000] {logging_mixin.py:190} INFO - [2024-12-21T11:23:40.001+0000] {dag.py:4180} INFO - Setting next_dagrun for example_branch_datetime_operator_3 to 2024-12-20 00:00:00+00:00, run_after=2024-12-21 00:00:00+00:00
[2024-12-21T11:23:40.022+0000] {processor.py:208} INFO - Processing /home/airflow/.local/lib/python3.12/site-packages/airflow/example_dags/example_branch_datetime_operator.py took 0.113 seconds
[2024-12-21T11:24:10.149+0000] {processor.py:186} INFO - Started process (PID=705) to work on /home/airflow/.local/lib/python3.12/site-packages/airflow/example_dags/example_branch_datetime_operator.py
[2024-12-21T11:24:10.150+0000] {processor.py:914} INFO - Processing file /home/airflow/.local/lib/python3.12/site-packages/airflow/example_dags/example_branch_datetime_operator.py for tasks to queue
[2024-12-21T11:24:10.153+0000] {logging_mixin.py:190} INFO - [2024-12-21T11:24:10.153+0000] {dagbag.py:588} INFO - Filling up the DagBag from /home/airflow/.local/lib/python3.12/site-packages/airflow/example_dags/example_branch_datetime_operator.py
[2024-12-21T11:24:10.167+0000] {processor.py:925} INFO - DAG(s) 'example_branch_datetime_operator_2', 'example_branch_datetime_operator', 'example_branch_datetime_operator_3' retrieved from /home/airflow/.local/lib/python3.12/site-packages/airflow/example_dags/example_branch_datetime_operator.py
[2024-12-21T11:24:10.198+0000] {logging_mixin.py:190} INFO - [2024-12-21T11:24:10.198+0000] {dag.py:3239} INFO - Sync 3 DAGs
[2024-12-21T11:24:10.228+0000] {logging_mixin.py:190} INFO - [2024-12-21T11:24:10.227+0000] {dag.py:4180} INFO - Setting next_dagrun for example_branch_datetime_operator to 2024-12-20 00:00:00+00:00, run_after=2024-12-21 00:00:00+00:00
[2024-12-21T11:24:10.234+0000] {logging_mixin.py:190} INFO - [2024-12-21T11:24:10.234+0000] {dag.py:4180} INFO - Setting next_dagrun for example_branch_datetime_operator_2 to 2024-12-20 00:00:00+00:00, run_after=2024-12-21 00:00:00+00:00
[2024-12-21T11:24:10.237+0000] {logging_mixin.py:190} INFO - [2024-12-21T11:24:10.237+0000] {dag.py:4180} INFO - Setting next_dagrun for example_branch_datetime_operator_3 to 2024-12-20 00:00:00+00:00, run_after=2024-12-21 00:00:00+00:00
[2024-12-21T11:24:10.258+0000] {processor.py:208} INFO - Processing /home/airflow/.local/lib/python3.12/site-packages/airflow/example_dags/example_branch_datetime_operator.py took 0.115 seconds
[2024-12-21T11:24:40.698+0000] {processor.py:186} INFO - Started process (PID=771) to work on /home/airflow/.local/lib/python3.12/site-packages/airflow/example_dags/example_branch_datetime_operator.py
[2024-12-21T11:24:40.699+0000] {processor.py:914} INFO - Processing file /home/airflow/.local/lib/python3.12/site-packages/airflow/example_dags/example_branch_datetime_operator.py for tasks to queue
[2024-12-21T11:24:40.702+0000] {logging_mixin.py:190} INFO - [2024-12-21T11:24:40.701+0000] {dagbag.py:588} INFO - Filling up the DagBag from /home/airflow/.local/lib/python3.12/site-packages/airflow/example_dags/example_branch_datetime_operator.py
[2024-12-21T11:24:40.714+0000] {processor.py:925} INFO - DAG(s) 'example_branch_datetime_operator', 'example_branch_datetime_operator_2', 'example_branch_datetime_operator_3' retrieved from /home/airflow/.local/lib/python3.12/site-packages/airflow/example_dags/example_branch_datetime_operator.py
[2024-12-21T11:24:40.744+0000] {logging_mixin.py:190} INFO - [2024-12-21T11:24:40.744+0000] {dag.py:3239} INFO - Sync 3 DAGs
[2024-12-21T11:24:40.773+0000] {logging_mixin.py:190} INFO - [2024-12-21T11:24:40.772+0000] {dag.py:4180} INFO - Setting next_dagrun for example_branch_datetime_operator to 2024-12-20 00:00:00+00:00, run_after=2024-12-21 00:00:00+00:00
[2024-12-21T11:24:40.779+0000] {logging_mixin.py:190} INFO - [2024-12-21T11:24:40.779+0000] {dag.py:4180} INFO - Setting next_dagrun for example_branch_datetime_operator_2 to 2024-12-20 00:00:00+00:00, run_after=2024-12-21 00:00:00+00:00
[2024-12-21T11:24:40.782+0000] {logging_mixin.py:190} INFO - [2024-12-21T11:24:40.782+0000] {dag.py:4180} INFO - Setting next_dagrun for example_branch_datetime_operator_3 to 2024-12-20 00:00:00+00:00, run_after=2024-12-21 00:00:00+00:00
[2024-12-21T11:24:40.799+0000] {processor.py:208} INFO - Processing /home/airflow/.local/lib/python3.12/site-packages/airflow/example_dags/example_branch_datetime_operator.py took 0.107 seconds
[2024-12-21T11:25:13.782+0000] {processor.py:186} INFO - Started process (PID=862) to work on /home/airflow/.local/lib/python3.12/site-packages/airflow/example_dags/example_branch_datetime_operator.py
[2024-12-21T11:25:13.787+0000] {processor.py:914} INFO - Processing file /home/airflow/.local/lib/python3.12/site-packages/airflow/example_dags/example_branch_datetime_operator.py for tasks to queue
[2024-12-21T11:25:13.792+0000] {logging_mixin.py:190} INFO - [2024-12-21T11:25:13.791+0000] {dagbag.py:588} INFO - Filling up the DagBag from /home/airflow/.local/lib/python3.12/site-packages/airflow/example_dags/example_branch_datetime_operator.py
[2024-12-21T11:25:13.819+0000] {processor.py:925} INFO - DAG(s) 'example_branch_datetime_operator', 'example_branch_datetime_operator_2', 'example_branch_datetime_operator_3' retrieved from /home/airflow/.local/lib/python3.12/site-packages/airflow/example_dags/example_branch_datetime_operator.py
[2024-12-21T11:25:14.004+0000] {logging_mixin.py:190} INFO - [2024-12-21T11:25:14.003+0000] {dag.py:3239} INFO - Sync 3 DAGs
[2024-12-21T11:25:14.102+0000] {logging_mixin.py:190} INFO - [2024-12-21T11:25:14.101+0000] {dag.py:4180} INFO - Setting next_dagrun for example_branch_datetime_operator to 2024-12-20 00:00:00+00:00, run_after=2024-12-21 00:00:00+00:00
[2024-12-21T11:25:14.112+0000] {logging_mixin.py:190} INFO - [2024-12-21T11:25:14.112+0000] {dag.py:4180} INFO - Setting next_dagrun for example_branch_datetime_operator_2 to 2024-12-20 00:00:00+00:00, run_after=2024-12-21 00:00:00+00:00
[2024-12-21T11:25:14.120+0000] {logging_mixin.py:190} INFO - [2024-12-21T11:25:14.119+0000] {dag.py:4180} INFO - Setting next_dagrun for example_branch_datetime_operator_3 to 2024-12-20 00:00:00+00:00, run_after=2024-12-21 00:00:00+00:00
[2024-12-21T11:25:14.172+0000] {processor.py:208} INFO - Processing /home/airflow/.local/lib/python3.12/site-packages/airflow/example_dags/example_branch_datetime_operator.py took 0.406 seconds
[2024-12-21T11:25:45.047+0000] {processor.py:186} INFO - Started process (PID=938) to work on /home/airflow/.local/lib/python3.12/site-packages/airflow/example_dags/example_branch_datetime_operator.py
[2024-12-21T11:25:45.048+0000] {processor.py:914} INFO - Processing file /home/airflow/.local/lib/python3.12/site-packages/airflow/example_dags/example_branch_datetime_operator.py for tasks to queue
[2024-12-21T11:25:45.052+0000] {logging_mixin.py:190} INFO - [2024-12-21T11:25:45.051+0000] {dagbag.py:588} INFO - Filling up the DagBag from /home/airflow/.local/lib/python3.12/site-packages/airflow/example_dags/example_branch_datetime_operator.py
[2024-12-21T11:25:45.066+0000] {processor.py:925} INFO - DAG(s) 'example_branch_datetime_operator_2', 'example_branch_datetime_operator_3', 'example_branch_datetime_operator' retrieved from /home/airflow/.local/lib/python3.12/site-packages/airflow/example_dags/example_branch_datetime_operator.py
[2024-12-21T11:25:45.102+0000] {logging_mixin.py:190} INFO - [2024-12-21T11:25:45.102+0000] {dag.py:3239} INFO - Sync 3 DAGs
[2024-12-21T11:25:45.139+0000] {logging_mixin.py:190} INFO - [2024-12-21T11:25:45.139+0000] {dag.py:4180} INFO - Setting next_dagrun for example_branch_datetime_operator to 2024-12-20 00:00:00+00:00, run_after=2024-12-21 00:00:00+00:00
[2024-12-21T11:25:45.145+0000] {logging_mixin.py:190} INFO - [2024-12-21T11:25:45.145+0000] {dag.py:4180} INFO - Setting next_dagrun for example_branch_datetime_operator_2 to 2024-12-20 00:00:00+00:00, run_after=2024-12-21 00:00:00+00:00
[2024-12-21T11:25:45.149+0000] {logging_mixin.py:190} INFO - [2024-12-21T11:25:45.149+0000] {dag.py:4180} INFO - Setting next_dagrun for example_branch_datetime_operator_3 to 2024-12-20 00:00:00+00:00, run_after=2024-12-21 00:00:00+00:00
[2024-12-21T11:25:45.173+0000] {processor.py:208} INFO - Processing /home/airflow/.local/lib/python3.12/site-packages/airflow/example_dags/example_branch_datetime_operator.py took 0.132 seconds
[2024-12-21T11:26:15.452+0000] {processor.py:186} INFO - Started process (PID=1004) to work on /home/airflow/.local/lib/python3.12/site-packages/airflow/example_dags/example_branch_datetime_operator.py
[2024-12-21T11:26:15.454+0000] {processor.py:914} INFO - Processing file /home/airflow/.local/lib/python3.12/site-packages/airflow/example_dags/example_branch_datetime_operator.py for tasks to queue
[2024-12-21T11:26:15.457+0000] {logging_mixin.py:190} INFO - [2024-12-21T11:26:15.456+0000] {dagbag.py:588} INFO - Filling up the DagBag from /home/airflow/.local/lib/python3.12/site-packages/airflow/example_dags/example_branch_datetime_operator.py
[2024-12-21T11:26:15.472+0000] {processor.py:925} INFO - DAG(s) 'example_branch_datetime_operator_2', 'example_branch_datetime_operator_3', 'example_branch_datetime_operator' retrieved from /home/airflow/.local/lib/python3.12/site-packages/airflow/example_dags/example_branch_datetime_operator.py
[2024-12-21T11:26:15.505+0000] {logging_mixin.py:190} INFO - [2024-12-21T11:26:15.505+0000] {dag.py:3239} INFO - Sync 3 DAGs
[2024-12-21T11:26:15.535+0000] {logging_mixin.py:190} INFO - [2024-12-21T11:26:15.535+0000] {dag.py:4180} INFO - Setting next_dagrun for example_branch_datetime_operator to 2024-12-20 00:00:00+00:00, run_after=2024-12-21 00:00:00+00:00
[2024-12-21T11:26:15.541+0000] {logging_mixin.py:190} INFO - [2024-12-21T11:26:15.541+0000] {dag.py:4180} INFO - Setting next_dagrun for example_branch_datetime_operator_2 to 2024-12-20 00:00:00+00:00, run_after=2024-12-21 00:00:00+00:00
[2024-12-21T11:26:15.545+0000] {logging_mixin.py:190} INFO - [2024-12-21T11:26:15.544+0000] {dag.py:4180} INFO - Setting next_dagrun for example_branch_datetime_operator_3 to 2024-12-20 00:00:00+00:00, run_after=2024-12-21 00:00:00+00:00
[2024-12-21T11:26:15.567+0000] {processor.py:208} INFO - Processing /home/airflow/.local/lib/python3.12/site-packages/airflow/example_dags/example_branch_datetime_operator.py took 0.121 seconds
[2024-12-21T11:26:45.789+0000] {processor.py:186} INFO - Started process (PID=1070) to work on /home/airflow/.local/lib/python3.12/site-packages/airflow/example_dags/example_branch_datetime_operator.py
[2024-12-21T11:26:45.791+0000] {processor.py:914} INFO - Processing file /home/airflow/.local/lib/python3.12/site-packages/airflow/example_dags/example_branch_datetime_operator.py for tasks to queue
[2024-12-21T11:26:45.793+0000] {logging_mixin.py:190} INFO - [2024-12-21T11:26:45.793+0000] {dagbag.py:588} INFO - Filling up the DagBag from /home/airflow/.local/lib/python3.12/site-packages/airflow/example_dags/example_branch_datetime_operator.py
[2024-12-21T11:26:45.808+0000] {processor.py:925} INFO - DAG(s) 'example_branch_datetime_operator_2', 'example_branch_datetime_operator_3', 'example_branch_datetime_operator' retrieved from /home/airflow/.local/lib/python3.12/site-packages/airflow/example_dags/example_branch_datetime_operator.py
[2024-12-21T11:26:45.839+0000] {logging_mixin.py:190} INFO - [2024-12-21T11:26:45.839+0000] {dag.py:3239} INFO - Sync 3 DAGs
[2024-12-21T11:26:45.869+0000] {logging_mixin.py:190} INFO - [2024-12-21T11:26:45.869+0000] {dag.py:4180} INFO - Setting next_dagrun for example_branch_datetime_operator to 2024-12-20 00:00:00+00:00, run_after=2024-12-21 00:00:00+00:00
[2024-12-21T11:26:45.875+0000] {logging_mixin.py:190} INFO - [2024-12-21T11:26:45.874+0000] {dag.py:4180} INFO - Setting next_dagrun for example_branch_datetime_operator_2 to 2024-12-20 00:00:00+00:00, run_after=2024-12-21 00:00:00+00:00
[2024-12-21T11:26:45.878+0000] {logging_mixin.py:190} INFO - [2024-12-21T11:26:45.878+0000] {dag.py:4180} INFO - Setting next_dagrun for example_branch_datetime_operator_3 to 2024-12-20 00:00:00+00:00, run_after=2024-12-21 00:00:00+00:00
[2024-12-21T11:26:45.901+0000] {processor.py:208} INFO - Processing /home/airflow/.local/lib/python3.12/site-packages/airflow/example_dags/example_branch_datetime_operator.py took 0.120 seconds
[2024-12-21T11:27:16.021+0000] {processor.py:186} INFO - Started process (PID=1136) to work on /home/airflow/.local/lib/python3.12/site-packages/airflow/example_dags/example_branch_datetime_operator.py
[2024-12-21T11:27:16.022+0000] {processor.py:914} INFO - Processing file /home/airflow/.local/lib/python3.12/site-packages/airflow/example_dags/example_branch_datetime_operator.py for tasks to queue
[2024-12-21T11:27:16.025+0000] {logging_mixin.py:190} INFO - [2024-12-21T11:27:16.024+0000] {dagbag.py:588} INFO - Filling up the DagBag from /home/airflow/.local/lib/python3.12/site-packages/airflow/example_dags/example_branch_datetime_operator.py
[2024-12-21T11:27:16.039+0000] {processor.py:925} INFO - DAG(s) 'example_branch_datetime_operator_3', 'example_branch_datetime_operator_2', 'example_branch_datetime_operator' retrieved from /home/airflow/.local/lib/python3.12/site-packages/airflow/example_dags/example_branch_datetime_operator.py
[2024-12-21T11:27:16.071+0000] {logging_mixin.py:190} INFO - [2024-12-21T11:27:16.070+0000] {dag.py:3239} INFO - Sync 3 DAGs
[2024-12-21T11:27:16.104+0000] {logging_mixin.py:190} INFO - [2024-12-21T11:27:16.104+0000] {dag.py:4180} INFO - Setting next_dagrun for example_branch_datetime_operator to 2024-12-20 00:00:00+00:00, run_after=2024-12-21 00:00:00+00:00
[2024-12-21T11:27:16.110+0000] {logging_mixin.py:190} INFO - [2024-12-21T11:27:16.110+0000] {dag.py:4180} INFO - Setting next_dagrun for example_branch_datetime_operator_2 to 2024-12-20 00:00:00+00:00, run_after=2024-12-21 00:00:00+00:00
[2024-12-21T11:27:16.113+0000] {logging_mixin.py:190} INFO - [2024-12-21T11:27:16.113+0000] {dag.py:4180} INFO - Setting next_dagrun for example_branch_datetime_operator_3 to 2024-12-20 00:00:00+00:00, run_after=2024-12-21 00:00:00+00:00
[2024-12-21T11:27:16.134+0000] {processor.py:208} INFO - Processing /home/airflow/.local/lib/python3.12/site-packages/airflow/example_dags/example_branch_datetime_operator.py took 0.120 seconds
[2024-12-21T11:27:46.461+0000] {processor.py:186} INFO - Started process (PID=1202) to work on /home/airflow/.local/lib/python3.12/site-packages/airflow/example_dags/example_branch_datetime_operator.py
[2024-12-21T11:27:46.462+0000] {processor.py:914} INFO - Processing file /home/airflow/.local/lib/python3.12/site-packages/airflow/example_dags/example_branch_datetime_operator.py for tasks to queue
[2024-12-21T11:27:46.465+0000] {logging_mixin.py:190} INFO - [2024-12-21T11:27:46.465+0000] {dagbag.py:588} INFO - Filling up the DagBag from /home/airflow/.local/lib/python3.12/site-packages/airflow/example_dags/example_branch_datetime_operator.py
[2024-12-21T11:27:46.479+0000] {processor.py:925} INFO - DAG(s) 'example_branch_datetime_operator_2', 'example_branch_datetime_operator', 'example_branch_datetime_operator_3' retrieved from /home/airflow/.local/lib/python3.12/site-packages/airflow/example_dags/example_branch_datetime_operator.py
[2024-12-21T11:27:46.513+0000] {logging_mixin.py:190} INFO - [2024-12-21T11:27:46.512+0000] {dag.py:3239} INFO - Sync 3 DAGs
[2024-12-21T11:27:46.541+0000] {logging_mixin.py:190} INFO - [2024-12-21T11:27:46.541+0000] {dag.py:4180} INFO - Setting next_dagrun for example_branch_datetime_operator to 2024-12-20 00:00:00+00:00, run_after=2024-12-21 00:00:00+00:00
[2024-12-21T11:27:46.547+0000] {logging_mixin.py:190} INFO - [2024-12-21T11:27:46.546+0000] {dag.py:4180} INFO - Setting next_dagrun for example_branch_datetime_operator_2 to 2024-12-20 00:00:00+00:00, run_after=2024-12-21 00:00:00+00:00
[2024-12-21T11:27:46.550+0000] {logging_mixin.py:190} INFO - [2024-12-21T11:27:46.550+0000] {dag.py:4180} INFO - Setting next_dagrun for example_branch_datetime_operator_3 to 2024-12-20 00:00:00+00:00, run_after=2024-12-21 00:00:00+00:00
[2024-12-21T11:27:46.572+0000] {processor.py:208} INFO - Processing /home/airflow/.local/lib/python3.12/site-packages/airflow/example_dags/example_branch_datetime_operator.py took 0.117 seconds
[2024-12-21T11:28:16.886+0000] {processor.py:186} INFO - Started process (PID=1268) to work on /home/airflow/.local/lib/python3.12/site-packages/airflow/example_dags/example_branch_datetime_operator.py
[2024-12-21T11:28:16.887+0000] {processor.py:914} INFO - Processing file /home/airflow/.local/lib/python3.12/site-packages/airflow/example_dags/example_branch_datetime_operator.py for tasks to queue
[2024-12-21T11:28:16.890+0000] {logging_mixin.py:190} INFO - [2024-12-21T11:28:16.889+0000] {dagbag.py:588} INFO - Filling up the DagBag from /home/airflow/.local/lib/python3.12/site-packages/airflow/example_dags/example_branch_datetime_operator.py
[2024-12-21T11:28:16.905+0000] {processor.py:925} INFO - DAG(s) 'example_branch_datetime_operator', 'example_branch_datetime_operator_3', 'example_branch_datetime_operator_2' retrieved from /home/airflow/.local/lib/python3.12/site-packages/airflow/example_dags/example_branch_datetime_operator.py
[2024-12-21T11:28:16.937+0000] {logging_mixin.py:190} INFO - [2024-12-21T11:28:16.937+0000] {dag.py:3239} INFO - Sync 3 DAGs
[2024-12-21T11:28:16.965+0000] {logging_mixin.py:190} INFO - [2024-12-21T11:28:16.964+0000] {dag.py:4180} INFO - Setting next_dagrun for example_branch_datetime_operator to 2024-12-20 00:00:00+00:00, run_after=2024-12-21 00:00:00+00:00
[2024-12-21T11:28:16.970+0000] {logging_mixin.py:190} INFO - [2024-12-21T11:28:16.970+0000] {dag.py:4180} INFO - Setting next_dagrun for example_branch_datetime_operator_2 to 2024-12-20 00:00:00+00:00, run_after=2024-12-21 00:00:00+00:00
[2024-12-21T11:28:16.974+0000] {logging_mixin.py:190} INFO - [2024-12-21T11:28:16.974+0000] {dag.py:4180} INFO - Setting next_dagrun for example_branch_datetime_operator_3 to 2024-12-20 00:00:00+00:00, run_after=2024-12-21 00:00:00+00:00
[2024-12-21T11:28:16.995+0000] {processor.py:208} INFO - Processing /home/airflow/.local/lib/python3.12/site-packages/airflow/example_dags/example_branch_datetime_operator.py took 0.119 seconds
[2024-12-21T11:28:47.516+0000] {processor.py:186} INFO - Started process (PID=1334) to work on /home/airflow/.local/lib/python3.12/site-packages/airflow/example_dags/example_branch_datetime_operator.py
[2024-12-21T11:28:47.517+0000] {processor.py:914} INFO - Processing file /home/airflow/.local/lib/python3.12/site-packages/airflow/example_dags/example_branch_datetime_operator.py for tasks to queue
[2024-12-21T11:28:47.520+0000] {logging_mixin.py:190} INFO - [2024-12-21T11:28:47.519+0000] {dagbag.py:588} INFO - Filling up the DagBag from /home/airflow/.local/lib/python3.12/site-packages/airflow/example_dags/example_branch_datetime_operator.py
[2024-12-21T11:28:47.533+0000] {processor.py:925} INFO - DAG(s) 'example_branch_datetime_operator', 'example_branch_datetime_operator_3', 'example_branch_datetime_operator_2' retrieved from /home/airflow/.local/lib/python3.12/site-packages/airflow/example_dags/example_branch_datetime_operator.py
[2024-12-21T11:28:47.563+0000] {logging_mixin.py:190} INFO - [2024-12-21T11:28:47.562+0000] {dag.py:3239} INFO - Sync 3 DAGs
[2024-12-21T11:28:47.589+0000] {logging_mixin.py:190} INFO - [2024-12-21T11:28:47.589+0000] {dag.py:4180} INFO - Setting next_dagrun for example_branch_datetime_operator to 2024-12-20 00:00:00+00:00, run_after=2024-12-21 00:00:00+00:00
[2024-12-21T11:28:47.595+0000] {logging_mixin.py:190} INFO - [2024-12-21T11:28:47.595+0000] {dag.py:4180} INFO - Setting next_dagrun for example_branch_datetime_operator_2 to 2024-12-20 00:00:00+00:00, run_after=2024-12-21 00:00:00+00:00
[2024-12-21T11:28:47.598+0000] {logging_mixin.py:190} INFO - [2024-12-21T11:28:47.598+0000] {dag.py:4180} INFO - Setting next_dagrun for example_branch_datetime_operator_3 to 2024-12-20 00:00:00+00:00, run_after=2024-12-21 00:00:00+00:00
[2024-12-21T11:28:47.619+0000] {processor.py:208} INFO - Processing /home/airflow/.local/lib/python3.12/site-packages/airflow/example_dags/example_branch_datetime_operator.py took 0.109 seconds
[2024-12-21T11:29:18.178+0000] {processor.py:186} INFO - Started process (PID=1400) to work on /home/airflow/.local/lib/python3.12/site-packages/airflow/example_dags/example_branch_datetime_operator.py
[2024-12-21T11:29:18.179+0000] {processor.py:914} INFO - Processing file /home/airflow/.local/lib/python3.12/site-packages/airflow/example_dags/example_branch_datetime_operator.py for tasks to queue
[2024-12-21T11:29:18.182+0000] {logging_mixin.py:190} INFO - [2024-12-21T11:29:18.181+0000] {dagbag.py:588} INFO - Filling up the DagBag from /home/airflow/.local/lib/python3.12/site-packages/airflow/example_dags/example_branch_datetime_operator.py
[2024-12-21T11:29:18.194+0000] {processor.py:925} INFO - DAG(s) 'example_branch_datetime_operator', 'example_branch_datetime_operator_2', 'example_branch_datetime_operator_3' retrieved from /home/airflow/.local/lib/python3.12/site-packages/airflow/example_dags/example_branch_datetime_operator.py
[2024-12-21T11:29:18.227+0000] {logging_mixin.py:190} INFO - [2024-12-21T11:29:18.226+0000] {dag.py:3239} INFO - Sync 3 DAGs
[2024-12-21T11:29:18.256+0000] {logging_mixin.py:190} INFO - [2024-12-21T11:29:18.256+0000] {dag.py:4180} INFO - Setting next_dagrun for example_branch_datetime_operator to 2024-12-20 00:00:00+00:00, run_after=2024-12-21 00:00:00+00:00
[2024-12-21T11:29:18.262+0000] {logging_mixin.py:190} INFO - [2024-12-21T11:29:18.262+0000] {dag.py:4180} INFO - Setting next_dagrun for example_branch_datetime_operator_2 to 2024-12-20 00:00:00+00:00, run_after=2024-12-21 00:00:00+00:00
[2024-12-21T11:29:18.266+0000] {logging_mixin.py:190} INFO - [2024-12-21T11:29:18.266+0000] {dag.py:4180} INFO - Setting next_dagrun for example_branch_datetime_operator_3 to 2024-12-20 00:00:00+00:00, run_after=2024-12-21 00:00:00+00:00
[2024-12-21T11:29:18.288+0000] {processor.py:208} INFO - Processing /home/airflow/.local/lib/python3.12/site-packages/airflow/example_dags/example_branch_datetime_operator.py took 0.116 seconds
[2024-12-21T11:29:48.379+0000] {processor.py:186} INFO - Started process (PID=1466) to work on /home/airflow/.local/lib/python3.12/site-packages/airflow/example_dags/example_branch_datetime_operator.py
[2024-12-21T11:29:48.380+0000] {processor.py:914} INFO - Processing file /home/airflow/.local/lib/python3.12/site-packages/airflow/example_dags/example_branch_datetime_operator.py for tasks to queue
[2024-12-21T11:29:48.383+0000] {logging_mixin.py:190} INFO - [2024-12-21T11:29:48.382+0000] {dagbag.py:588} INFO - Filling up the DagBag from /home/airflow/.local/lib/python3.12/site-packages/airflow/example_dags/example_branch_datetime_operator.py
[2024-12-21T11:29:48.397+0000] {processor.py:925} INFO - DAG(s) 'example_branch_datetime_operator_3', 'example_branch_datetime_operator_2', 'example_branch_datetime_operator' retrieved from /home/airflow/.local/lib/python3.12/site-packages/airflow/example_dags/example_branch_datetime_operator.py
[2024-12-21T11:29:48.427+0000] {logging_mixin.py:190} INFO - [2024-12-21T11:29:48.427+0000] {dag.py:3239} INFO - Sync 3 DAGs
[2024-12-21T11:29:48.457+0000] {logging_mixin.py:190} INFO - [2024-12-21T11:29:48.457+0000] {dag.py:4180} INFO - Setting next_dagrun for example_branch_datetime_operator to 2024-12-20 00:00:00+00:00, run_after=2024-12-21 00:00:00+00:00
[2024-12-21T11:29:48.463+0000] {logging_mixin.py:190} INFO - [2024-12-21T11:29:48.463+0000] {dag.py:4180} INFO - Setting next_dagrun for example_branch_datetime_operator_2 to 2024-12-20 00:00:00+00:00, run_after=2024-12-21 00:00:00+00:00
[2024-12-21T11:29:48.467+0000] {logging_mixin.py:190} INFO - [2024-12-21T11:29:48.467+0000] {dag.py:4180} INFO - Setting next_dagrun for example_branch_datetime_operator_3 to 2024-12-20 00:00:00+00:00, run_after=2024-12-21 00:00:00+00:00
[2024-12-21T11:29:48.488+0000] {processor.py:208} INFO - Processing /home/airflow/.local/lib/python3.12/site-packages/airflow/example_dags/example_branch_datetime_operator.py took 0.116 seconds
[2024-12-21T11:30:18.665+0000] {processor.py:186} INFO - Started process (PID=1532) to work on /home/airflow/.local/lib/python3.12/site-packages/airflow/example_dags/example_branch_datetime_operator.py
[2024-12-21T11:30:18.667+0000] {processor.py:914} INFO - Processing file /home/airflow/.local/lib/python3.12/site-packages/airflow/example_dags/example_branch_datetime_operator.py for tasks to queue
[2024-12-21T11:30:18.669+0000] {logging_mixin.py:190} INFO - [2024-12-21T11:30:18.669+0000] {dagbag.py:588} INFO - Filling up the DagBag from /home/airflow/.local/lib/python3.12/site-packages/airflow/example_dags/example_branch_datetime_operator.py
[2024-12-21T11:30:18.682+0000] {processor.py:925} INFO - DAG(s) 'example_branch_datetime_operator_3', 'example_branch_datetime_operator', 'example_branch_datetime_operator_2' retrieved from /home/airflow/.local/lib/python3.12/site-packages/airflow/example_dags/example_branch_datetime_operator.py
[2024-12-21T11:30:18.713+0000] {logging_mixin.py:190} INFO - [2024-12-21T11:30:18.713+0000] {dag.py:3239} INFO - Sync 3 DAGs
[2024-12-21T11:30:18.740+0000] {logging_mixin.py:190} INFO - [2024-12-21T11:30:18.739+0000] {dag.py:4180} INFO - Setting next_dagrun for example_branch_datetime_operator to 2024-12-20 00:00:00+00:00, run_after=2024-12-21 00:00:00+00:00
[2024-12-21T11:30:18.745+0000] {logging_mixin.py:190} INFO - [2024-12-21T11:30:18.745+0000] {dag.py:4180} INFO - Setting next_dagrun for example_branch_datetime_operator_2 to 2024-12-20 00:00:00+00:00, run_after=2024-12-21 00:00:00+00:00
[2024-12-21T11:30:18.748+0000] {logging_mixin.py:190} INFO - [2024-12-21T11:30:18.748+0000] {dag.py:4180} INFO - Setting next_dagrun for example_branch_datetime_operator_3 to 2024-12-20 00:00:00+00:00, run_after=2024-12-21 00:00:00+00:00
[2024-12-21T11:30:18.768+0000] {processor.py:208} INFO - Processing /home/airflow/.local/lib/python3.12/site-packages/airflow/example_dags/example_branch_datetime_operator.py took 0.109 seconds
[2024-12-21T11:30:49.415+0000] {processor.py:186} INFO - Started process (PID=1614) to work on /home/airflow/.local/lib/python3.12/site-packages/airflow/example_dags/example_branch_datetime_operator.py
[2024-12-21T11:30:49.416+0000] {processor.py:914} INFO - Processing file /home/airflow/.local/lib/python3.12/site-packages/airflow/example_dags/example_branch_datetime_operator.py for tasks to queue
[2024-12-21T11:30:49.419+0000] {logging_mixin.py:190} INFO - [2024-12-21T11:30:49.419+0000] {dagbag.py:588} INFO - Filling up the DagBag from /home/airflow/.local/lib/python3.12/site-packages/airflow/example_dags/example_branch_datetime_operator.py
[2024-12-21T11:30:49.433+0000] {processor.py:925} INFO - DAG(s) 'example_branch_datetime_operator', 'example_branch_datetime_operator_2', 'example_branch_datetime_operator_3' retrieved from /home/airflow/.local/lib/python3.12/site-packages/airflow/example_dags/example_branch_datetime_operator.py
[2024-12-21T11:30:49.467+0000] {logging_mixin.py:190} INFO - [2024-12-21T11:30:49.467+0000] {dag.py:3239} INFO - Sync 3 DAGs
[2024-12-21T11:30:49.498+0000] {logging_mixin.py:190} INFO - [2024-12-21T11:30:49.498+0000] {dag.py:4180} INFO - Setting next_dagrun for example_branch_datetime_operator to 2024-12-20 00:00:00+00:00, run_after=2024-12-21 00:00:00+00:00
[2024-12-21T11:30:49.505+0000] {logging_mixin.py:190} INFO - [2024-12-21T11:30:49.504+0000] {dag.py:4180} INFO - Setting next_dagrun for example_branch_datetime_operator_2 to 2024-12-20 00:00:00+00:00, run_after=2024-12-21 00:00:00+00:00
[2024-12-21T11:30:49.509+0000] {logging_mixin.py:190} INFO - [2024-12-21T11:30:49.508+0000] {dag.py:4180} INFO - Setting next_dagrun for example_branch_datetime_operator_3 to 2024-12-20 00:00:00+00:00, run_after=2024-12-21 00:00:00+00:00
[2024-12-21T11:30:49.531+0000] {processor.py:208} INFO - Processing /home/airflow/.local/lib/python3.12/site-packages/airflow/example_dags/example_branch_datetime_operator.py took 0.123 seconds
[2024-12-21T11:31:19.697+0000] {processor.py:186} INFO - Started process (PID=1680) to work on /home/airflow/.local/lib/python3.12/site-packages/airflow/example_dags/example_branch_datetime_operator.py
[2024-12-21T11:31:19.698+0000] {processor.py:914} INFO - Processing file /home/airflow/.local/lib/python3.12/site-packages/airflow/example_dags/example_branch_datetime_operator.py for tasks to queue
[2024-12-21T11:31:19.701+0000] {logging_mixin.py:190} INFO - [2024-12-21T11:31:19.700+0000] {dagbag.py:588} INFO - Filling up the DagBag from /home/airflow/.local/lib/python3.12/site-packages/airflow/example_dags/example_branch_datetime_operator.py
[2024-12-21T11:31:19.714+0000] {processor.py:925} INFO - DAG(s) 'example_branch_datetime_operator_2', 'example_branch_datetime_operator_3', 'example_branch_datetime_operator' retrieved from /home/airflow/.local/lib/python3.12/site-packages/airflow/example_dags/example_branch_datetime_operator.py
[2024-12-21T11:31:19.744+0000] {logging_mixin.py:190} INFO - [2024-12-21T11:31:19.744+0000] {dag.py:3239} INFO - Sync 3 DAGs
[2024-12-21T11:31:19.771+0000] {logging_mixin.py:190} INFO - [2024-12-21T11:31:19.771+0000] {dag.py:4180} INFO - Setting next_dagrun for example_branch_datetime_operator to 2024-12-20 00:00:00+00:00, run_after=2024-12-21 00:00:00+00:00
[2024-12-21T11:31:19.777+0000] {logging_mixin.py:190} INFO - [2024-12-21T11:31:19.776+0000] {dag.py:4180} INFO - Setting next_dagrun for example_branch_datetime_operator_2 to 2024-12-20 00:00:00+00:00, run_after=2024-12-21 00:00:00+00:00
[2024-12-21T11:31:19.780+0000] {logging_mixin.py:190} INFO - [2024-12-21T11:31:19.780+0000] {dag.py:4180} INFO - Setting next_dagrun for example_branch_datetime_operator_3 to 2024-12-20 00:00:00+00:00, run_after=2024-12-21 00:00:00+00:00
[2024-12-21T11:31:19.801+0000] {processor.py:208} INFO - Processing /home/airflow/.local/lib/python3.12/site-packages/airflow/example_dags/example_branch_datetime_operator.py took 0.111 seconds
[2024-12-21T11:31:50.062+0000] {processor.py:186} INFO - Started process (PID=1746) to work on /home/airflow/.local/lib/python3.12/site-packages/airflow/example_dags/example_branch_datetime_operator.py
[2024-12-21T11:31:50.063+0000] {processor.py:914} INFO - Processing file /home/airflow/.local/lib/python3.12/site-packages/airflow/example_dags/example_branch_datetime_operator.py for tasks to queue
[2024-12-21T11:31:50.066+0000] {logging_mixin.py:190} INFO - [2024-12-21T11:31:50.065+0000] {dagbag.py:588} INFO - Filling up the DagBag from /home/airflow/.local/lib/python3.12/site-packages/airflow/example_dags/example_branch_datetime_operator.py
[2024-12-21T11:31:50.079+0000] {processor.py:925} INFO - DAG(s) 'example_branch_datetime_operator_2', 'example_branch_datetime_operator_3', 'example_branch_datetime_operator' retrieved from /home/airflow/.local/lib/python3.12/site-packages/airflow/example_dags/example_branch_datetime_operator.py
[2024-12-21T11:31:50.108+0000] {logging_mixin.py:190} INFO - [2024-12-21T11:31:50.108+0000] {dag.py:3239} INFO - Sync 3 DAGs
[2024-12-21T11:31:50.135+0000] {logging_mixin.py:190} INFO - [2024-12-21T11:31:50.135+0000] {dag.py:4180} INFO - Setting next_dagrun for example_branch_datetime_operator to 2024-12-20 00:00:00+00:00, run_after=2024-12-21 00:00:00+00:00
[2024-12-21T11:31:50.142+0000] {logging_mixin.py:190} INFO - [2024-12-21T11:31:50.141+0000] {dag.py:4180} INFO - Setting next_dagrun for example_branch_datetime_operator_2 to 2024-12-20 00:00:00+00:00, run_after=2024-12-21 00:00:00+00:00
[2024-12-21T11:31:50.145+0000] {logging_mixin.py:190} INFO - [2024-12-21T11:31:50.145+0000] {dag.py:4180} INFO - Setting next_dagrun for example_branch_datetime_operator_3 to 2024-12-20 00:00:00+00:00, run_after=2024-12-21 00:00:00+00:00
[2024-12-21T11:31:50.167+0000] {processor.py:208} INFO - Processing /home/airflow/.local/lib/python3.12/site-packages/airflow/example_dags/example_branch_datetime_operator.py took 0.111 seconds
[2024-12-21T11:32:20.349+0000] {processor.py:186} INFO - Started process (PID=1812) to work on /home/airflow/.local/lib/python3.12/site-packages/airflow/example_dags/example_branch_datetime_operator.py
[2024-12-21T11:32:20.350+0000] {processor.py:914} INFO - Processing file /home/airflow/.local/lib/python3.12/site-packages/airflow/example_dags/example_branch_datetime_operator.py for tasks to queue
[2024-12-21T11:32:20.353+0000] {logging_mixin.py:190} INFO - [2024-12-21T11:32:20.352+0000] {dagbag.py:588} INFO - Filling up the DagBag from /home/airflow/.local/lib/python3.12/site-packages/airflow/example_dags/example_branch_datetime_operator.py
[2024-12-21T11:32:20.366+0000] {processor.py:925} INFO - DAG(s) 'example_branch_datetime_operator_2', 'example_branch_datetime_operator', 'example_branch_datetime_operator_3' retrieved from /home/airflow/.local/lib/python3.12/site-packages/airflow/example_dags/example_branch_datetime_operator.py
[2024-12-21T11:32:20.396+0000] {logging_mixin.py:190} INFO - [2024-12-21T11:32:20.396+0000] {dag.py:3239} INFO - Sync 3 DAGs
[2024-12-21T11:32:20.424+0000] {logging_mixin.py:190} INFO - [2024-12-21T11:32:20.424+0000] {dag.py:4180} INFO - Setting next_dagrun for example_branch_datetime_operator to 2024-12-20 00:00:00+00:00, run_after=2024-12-21 00:00:00+00:00
[2024-12-21T11:32:20.430+0000] {logging_mixin.py:190} INFO - [2024-12-21T11:32:20.429+0000] {dag.py:4180} INFO - Setting next_dagrun for example_branch_datetime_operator_2 to 2024-12-20 00:00:00+00:00, run_after=2024-12-21 00:00:00+00:00
[2024-12-21T11:32:20.433+0000] {logging_mixin.py:190} INFO - [2024-12-21T11:32:20.433+0000] {dag.py:4180} INFO - Setting next_dagrun for example_branch_datetime_operator_3 to 2024-12-20 00:00:00+00:00, run_after=2024-12-21 00:00:00+00:00
[2024-12-21T11:32:20.455+0000] {processor.py:208} INFO - Processing /home/airflow/.local/lib/python3.12/site-packages/airflow/example_dags/example_branch_datetime_operator.py took 0.112 seconds
[2024-12-21T11:32:50.665+0000] {processor.py:186} INFO - Started process (PID=1878) to work on /home/airflow/.local/lib/python3.12/site-packages/airflow/example_dags/example_branch_datetime_operator.py
[2024-12-21T11:32:50.666+0000] {processor.py:914} INFO - Processing file /home/airflow/.local/lib/python3.12/site-packages/airflow/example_dags/example_branch_datetime_operator.py for tasks to queue
[2024-12-21T11:32:50.668+0000] {logging_mixin.py:190} INFO - [2024-12-21T11:32:50.668+0000] {dagbag.py:588} INFO - Filling up the DagBag from /home/airflow/.local/lib/python3.12/site-packages/airflow/example_dags/example_branch_datetime_operator.py
[2024-12-21T11:32:50.685+0000] {processor.py:925} INFO - DAG(s) 'example_branch_datetime_operator_2', 'example_branch_datetime_operator', 'example_branch_datetime_operator_3' retrieved from /home/airflow/.local/lib/python3.12/site-packages/airflow/example_dags/example_branch_datetime_operator.py
[2024-12-21T11:32:50.721+0000] {logging_mixin.py:190} INFO - [2024-12-21T11:32:50.720+0000] {dag.py:3239} INFO - Sync 3 DAGs
[2024-12-21T11:32:50.757+0000] {logging_mixin.py:190} INFO - [2024-12-21T11:32:50.757+0000] {dag.py:4180} INFO - Setting next_dagrun for example_branch_datetime_operator to 2024-12-20 00:00:00+00:00, run_after=2024-12-21 00:00:00+00:00
[2024-12-21T11:32:50.765+0000] {logging_mixin.py:190} INFO - [2024-12-21T11:32:50.765+0000] {dag.py:4180} INFO - Setting next_dagrun for example_branch_datetime_operator_2 to 2024-12-20 00:00:00+00:00, run_after=2024-12-21 00:00:00+00:00
[2024-12-21T11:32:50.770+0000] {logging_mixin.py:190} INFO - [2024-12-21T11:32:50.769+0000] {dag.py:4180} INFO - Setting next_dagrun for example_branch_datetime_operator_3 to 2024-12-20 00:00:00+00:00, run_after=2024-12-21 00:00:00+00:00
[2024-12-21T11:32:50.794+0000] {processor.py:208} INFO - Processing /home/airflow/.local/lib/python3.12/site-packages/airflow/example_dags/example_branch_datetime_operator.py took 0.136 seconds
[2024-12-21T11:33:20.973+0000] {processor.py:186} INFO - Started process (PID=1944) to work on /home/airflow/.local/lib/python3.12/site-packages/airflow/example_dags/example_branch_datetime_operator.py
[2024-12-21T11:33:20.974+0000] {processor.py:914} INFO - Processing file /home/airflow/.local/lib/python3.12/site-packages/airflow/example_dags/example_branch_datetime_operator.py for tasks to queue
[2024-12-21T11:33:20.977+0000] {logging_mixin.py:190} INFO - [2024-12-21T11:33:20.977+0000] {dagbag.py:588} INFO - Filling up the DagBag from /home/airflow/.local/lib/python3.12/site-packages/airflow/example_dags/example_branch_datetime_operator.py
[2024-12-21T11:33:20.991+0000] {processor.py:925} INFO - DAG(s) 'example_branch_datetime_operator_3', 'example_branch_datetime_operator_2', 'example_branch_datetime_operator' retrieved from /home/airflow/.local/lib/python3.12/site-packages/airflow/example_dags/example_branch_datetime_operator.py
[2024-12-21T11:33:21.022+0000] {logging_mixin.py:190} INFO - [2024-12-21T11:33:21.022+0000] {dag.py:3239} INFO - Sync 3 DAGs
[2024-12-21T11:33:21.049+0000] {logging_mixin.py:190} INFO - [2024-12-21T11:33:21.049+0000] {dag.py:4180} INFO - Setting next_dagrun for example_branch_datetime_operator to 2024-12-20 00:00:00+00:00, run_after=2024-12-21 00:00:00+00:00
[2024-12-21T11:33:21.055+0000] {logging_mixin.py:190} INFO - [2024-12-21T11:33:21.055+0000] {dag.py:4180} INFO - Setting next_dagrun for example_branch_datetime_operator_2 to 2024-12-20 00:00:00+00:00, run_after=2024-12-21 00:00:00+00:00
[2024-12-21T11:33:21.058+0000] {logging_mixin.py:190} INFO - [2024-12-21T11:33:21.058+0000] {dag.py:4180} INFO - Setting next_dagrun for example_branch_datetime_operator_3 to 2024-12-20 00:00:00+00:00, run_after=2024-12-21 00:00:00+00:00
[2024-12-21T11:33:21.077+0000] {processor.py:208} INFO - Processing /home/airflow/.local/lib/python3.12/site-packages/airflow/example_dags/example_branch_datetime_operator.py took 0.111 seconds
[2024-12-21T11:33:51.400+0000] {processor.py:186} INFO - Started process (PID=2010) to work on /home/airflow/.local/lib/python3.12/site-packages/airflow/example_dags/example_branch_datetime_operator.py
[2024-12-21T11:33:51.402+0000] {processor.py:914} INFO - Processing file /home/airflow/.local/lib/python3.12/site-packages/airflow/example_dags/example_branch_datetime_operator.py for tasks to queue
[2024-12-21T11:33:51.405+0000] {logging_mixin.py:190} INFO - [2024-12-21T11:33:51.404+0000] {dagbag.py:588} INFO - Filling up the DagBag from /home/airflow/.local/lib/python3.12/site-packages/airflow/example_dags/example_branch_datetime_operator.py
[2024-12-21T11:33:51.424+0000] {processor.py:925} INFO - DAG(s) 'example_branch_datetime_operator', 'example_branch_datetime_operator_3', 'example_branch_datetime_operator_2' retrieved from /home/airflow/.local/lib/python3.12/site-packages/airflow/example_dags/example_branch_datetime_operator.py
[2024-12-21T11:33:51.464+0000] {logging_mixin.py:190} INFO - [2024-12-21T11:33:51.463+0000] {dag.py:3239} INFO - Sync 3 DAGs
[2024-12-21T11:33:51.506+0000] {logging_mixin.py:190} INFO - [2024-12-21T11:33:51.506+0000] {dag.py:4180} INFO - Setting next_dagrun for example_branch_datetime_operator to 2024-12-20 00:00:00+00:00, run_after=2024-12-21 00:00:00+00:00
[2024-12-21T11:33:51.513+0000] {logging_mixin.py:190} INFO - [2024-12-21T11:33:51.512+0000] {dag.py:4180} INFO - Setting next_dagrun for example_branch_datetime_operator_2 to 2024-12-20 00:00:00+00:00, run_after=2024-12-21 00:00:00+00:00
[2024-12-21T11:33:51.517+0000] {logging_mixin.py:190} INFO - [2024-12-21T11:33:51.516+0000] {dag.py:4180} INFO - Setting next_dagrun for example_branch_datetime_operator_3 to 2024-12-20 00:00:00+00:00, run_after=2024-12-21 00:00:00+00:00
[2024-12-21T11:33:51.537+0000] {processor.py:208} INFO - Processing /home/airflow/.local/lib/python3.12/site-packages/airflow/example_dags/example_branch_datetime_operator.py took 0.144 seconds
[2024-12-21T11:34:22.156+0000] {processor.py:186} INFO - Started process (PID=2076) to work on /home/airflow/.local/lib/python3.12/site-packages/airflow/example_dags/example_branch_datetime_operator.py
[2024-12-21T11:34:22.158+0000] {processor.py:914} INFO - Processing file /home/airflow/.local/lib/python3.12/site-packages/airflow/example_dags/example_branch_datetime_operator.py for tasks to queue
[2024-12-21T11:34:22.161+0000] {logging_mixin.py:190} INFO - [2024-12-21T11:34:22.161+0000] {dagbag.py:588} INFO - Filling up the DagBag from /home/airflow/.local/lib/python3.12/site-packages/airflow/example_dags/example_branch_datetime_operator.py
[2024-12-21T11:34:22.174+0000] {processor.py:925} INFO - DAG(s) 'example_branch_datetime_operator', 'example_branch_datetime_operator_2', 'example_branch_datetime_operator_3' retrieved from /home/airflow/.local/lib/python3.12/site-packages/airflow/example_dags/example_branch_datetime_operator.py
[2024-12-21T11:34:22.204+0000] {logging_mixin.py:190} INFO - [2024-12-21T11:34:22.204+0000] {dag.py:3239} INFO - Sync 3 DAGs
[2024-12-21T11:34:22.233+0000] {logging_mixin.py:190} INFO - [2024-12-21T11:34:22.233+0000] {dag.py:4180} INFO - Setting next_dagrun for example_branch_datetime_operator to 2024-12-20 00:00:00+00:00, run_after=2024-12-21 00:00:00+00:00
[2024-12-21T11:34:22.239+0000] {logging_mixin.py:190} INFO - [2024-12-21T11:34:22.239+0000] {dag.py:4180} INFO - Setting next_dagrun for example_branch_datetime_operator_2 to 2024-12-20 00:00:00+00:00, run_after=2024-12-21 00:00:00+00:00
[2024-12-21T11:34:22.243+0000] {logging_mixin.py:190} INFO - [2024-12-21T11:34:22.243+0000] {dag.py:4180} INFO - Setting next_dagrun for example_branch_datetime_operator_3 to 2024-12-20 00:00:00+00:00, run_after=2024-12-21 00:00:00+00:00
[2024-12-21T11:34:22.263+0000] {processor.py:208} INFO - Processing /home/airflow/.local/lib/python3.12/site-packages/airflow/example_dags/example_branch_datetime_operator.py took 0.113 seconds
[2024-12-21T11:34:52.537+0000] {processor.py:186} INFO - Started process (PID=2142) to work on /home/airflow/.local/lib/python3.12/site-packages/airflow/example_dags/example_branch_datetime_operator.py
[2024-12-21T11:34:52.538+0000] {processor.py:914} INFO - Processing file /home/airflow/.local/lib/python3.12/site-packages/airflow/example_dags/example_branch_datetime_operator.py for tasks to queue
[2024-12-21T11:34:52.541+0000] {logging_mixin.py:190} INFO - [2024-12-21T11:34:52.540+0000] {dagbag.py:588} INFO - Filling up the DagBag from /home/airflow/.local/lib/python3.12/site-packages/airflow/example_dags/example_branch_datetime_operator.py
[2024-12-21T11:34:52.555+0000] {processor.py:925} INFO - DAG(s) 'example_branch_datetime_operator', 'example_branch_datetime_operator_3', 'example_branch_datetime_operator_2' retrieved from /home/airflow/.local/lib/python3.12/site-packages/airflow/example_dags/example_branch_datetime_operator.py
[2024-12-21T11:34:52.588+0000] {logging_mixin.py:190} INFO - [2024-12-21T11:34:52.588+0000] {dag.py:3239} INFO - Sync 3 DAGs
[2024-12-21T11:34:52.615+0000] {logging_mixin.py:190} INFO - [2024-12-21T11:34:52.615+0000] {dag.py:4180} INFO - Setting next_dagrun for example_branch_datetime_operator to 2024-12-20 00:00:00+00:00, run_after=2024-12-21 00:00:00+00:00
[2024-12-21T11:34:52.621+0000] {logging_mixin.py:190} INFO - [2024-12-21T11:34:52.621+0000] {dag.py:4180} INFO - Setting next_dagrun for example_branch_datetime_operator_2 to 2024-12-20 00:00:00+00:00, run_after=2024-12-21 00:00:00+00:00
[2024-12-21T11:34:52.624+0000] {logging_mixin.py:190} INFO - [2024-12-21T11:34:52.624+0000] {dag.py:4180} INFO - Setting next_dagrun for example_branch_datetime_operator_3 to 2024-12-20 00:00:00+00:00, run_after=2024-12-21 00:00:00+00:00
[2024-12-21T11:34:52.645+0000] {processor.py:208} INFO - Processing /home/airflow/.local/lib/python3.12/site-packages/airflow/example_dags/example_branch_datetime_operator.py took 0.115 seconds
[2024-12-21T11:35:22.812+0000] {processor.py:186} INFO - Started process (PID=2208) to work on /home/airflow/.local/lib/python3.12/site-packages/airflow/example_dags/example_branch_datetime_operator.py
[2024-12-21T11:35:22.813+0000] {processor.py:914} INFO - Processing file /home/airflow/.local/lib/python3.12/site-packages/airflow/example_dags/example_branch_datetime_operator.py for tasks to queue
[2024-12-21T11:35:22.816+0000] {logging_mixin.py:190} INFO - [2024-12-21T11:35:22.815+0000] {dagbag.py:588} INFO - Filling up the DagBag from /home/airflow/.local/lib/python3.12/site-packages/airflow/example_dags/example_branch_datetime_operator.py
[2024-12-21T11:35:22.829+0000] {processor.py:925} INFO - DAG(s) 'example_branch_datetime_operator_2', 'example_branch_datetime_operator_3', 'example_branch_datetime_operator' retrieved from /home/airflow/.local/lib/python3.12/site-packages/airflow/example_dags/example_branch_datetime_operator.py
[2024-12-21T11:35:22.859+0000] {logging_mixin.py:190} INFO - [2024-12-21T11:35:22.859+0000] {dag.py:3239} INFO - Sync 3 DAGs
[2024-12-21T11:35:22.887+0000] {logging_mixin.py:190} INFO - [2024-12-21T11:35:22.886+0000] {dag.py:4180} INFO - Setting next_dagrun for example_branch_datetime_operator to 2024-12-20 00:00:00+00:00, run_after=2024-12-21 00:00:00+00:00
[2024-12-21T11:35:22.892+0000] {logging_mixin.py:190} INFO - [2024-12-21T11:35:22.892+0000] {dag.py:4180} INFO - Setting next_dagrun for example_branch_datetime_operator_2 to 2024-12-20 00:00:00+00:00, run_after=2024-12-21 00:00:00+00:00
[2024-12-21T11:35:22.895+0000] {logging_mixin.py:190} INFO - [2024-12-21T11:35:22.895+0000] {dag.py:4180} INFO - Setting next_dagrun for example_branch_datetime_operator_3 to 2024-12-20 00:00:00+00:00, run_after=2024-12-21 00:00:00+00:00
[2024-12-21T11:35:22.915+0000] {processor.py:208} INFO - Processing /home/airflow/.local/lib/python3.12/site-packages/airflow/example_dags/example_branch_datetime_operator.py took 0.110 seconds
[2024-12-21T11:35:53.613+0000] {processor.py:186} INFO - Started process (PID=2274) to work on /home/airflow/.local/lib/python3.12/site-packages/airflow/example_dags/example_branch_datetime_operator.py
[2024-12-21T11:35:53.614+0000] {processor.py:914} INFO - Processing file /home/airflow/.local/lib/python3.12/site-packages/airflow/example_dags/example_branch_datetime_operator.py for tasks to queue
[2024-12-21T11:35:53.617+0000] {logging_mixin.py:190} INFO - [2024-12-21T11:35:53.617+0000] {dagbag.py:588} INFO - Filling up the DagBag from /home/airflow/.local/lib/python3.12/site-packages/airflow/example_dags/example_branch_datetime_operator.py
[2024-12-21T11:35:53.630+0000] {processor.py:925} INFO - DAG(s) 'example_branch_datetime_operator_2', 'example_branch_datetime_operator_3', 'example_branch_datetime_operator' retrieved from /home/airflow/.local/lib/python3.12/site-packages/airflow/example_dags/example_branch_datetime_operator.py
[2024-12-21T11:35:53.662+0000] {logging_mixin.py:190} INFO - [2024-12-21T11:35:53.662+0000] {dag.py:3239} INFO - Sync 3 DAGs
[2024-12-21T11:35:53.690+0000] {logging_mixin.py:190} INFO - [2024-12-21T11:35:53.690+0000] {dag.py:4180} INFO - Setting next_dagrun for example_branch_datetime_operator to 2024-12-20 00:00:00+00:00, run_after=2024-12-21 00:00:00+00:00
[2024-12-21T11:35:53.696+0000] {logging_mixin.py:190} INFO - [2024-12-21T11:35:53.696+0000] {dag.py:4180} INFO - Setting next_dagrun for example_branch_datetime_operator_2 to 2024-12-20 00:00:00+00:00, run_after=2024-12-21 00:00:00+00:00
[2024-12-21T11:35:53.699+0000] {logging_mixin.py:190} INFO - [2024-12-21T11:35:53.699+0000] {dag.py:4180} INFO - Setting next_dagrun for example_branch_datetime_operator_3 to 2024-12-20 00:00:00+00:00, run_after=2024-12-21 00:00:00+00:00
[2024-12-21T11:35:53.722+0000] {processor.py:208} INFO - Processing /home/airflow/.local/lib/python3.12/site-packages/airflow/example_dags/example_branch_datetime_operator.py took 0.115 seconds
[2024-12-21T11:36:23.813+0000] {processor.py:186} INFO - Started process (PID=2340) to work on /home/airflow/.local/lib/python3.12/site-packages/airflow/example_dags/example_branch_datetime_operator.py
[2024-12-21T11:36:23.814+0000] {processor.py:914} INFO - Processing file /home/airflow/.local/lib/python3.12/site-packages/airflow/example_dags/example_branch_datetime_operator.py for tasks to queue
[2024-12-21T11:36:23.817+0000] {logging_mixin.py:190} INFO - [2024-12-21T11:36:23.817+0000] {dagbag.py:588} INFO - Filling up the DagBag from /home/airflow/.local/lib/python3.12/site-packages/airflow/example_dags/example_branch_datetime_operator.py
[2024-12-21T11:36:23.830+0000] {processor.py:925} INFO - DAG(s) 'example_branch_datetime_operator', 'example_branch_datetime_operator_3', 'example_branch_datetime_operator_2' retrieved from /home/airflow/.local/lib/python3.12/site-packages/airflow/example_dags/example_branch_datetime_operator.py
[2024-12-21T11:36:23.859+0000] {logging_mixin.py:190} INFO - [2024-12-21T11:36:23.859+0000] {dag.py:3239} INFO - Sync 3 DAGs
[2024-12-21T11:36:23.886+0000] {logging_mixin.py:190} INFO - [2024-12-21T11:36:23.886+0000] {dag.py:4180} INFO - Setting next_dagrun for example_branch_datetime_operator to 2024-12-20 00:00:00+00:00, run_after=2024-12-21 00:00:00+00:00
[2024-12-21T11:36:23.892+0000] {logging_mixin.py:190} INFO - [2024-12-21T11:36:23.892+0000] {dag.py:4180} INFO - Setting next_dagrun for example_branch_datetime_operator_2 to 2024-12-20 00:00:00+00:00, run_after=2024-12-21 00:00:00+00:00
[2024-12-21T11:36:23.895+0000] {logging_mixin.py:190} INFO - [2024-12-21T11:36:23.895+0000] {dag.py:4180} INFO - Setting next_dagrun for example_branch_datetime_operator_3 to 2024-12-20 00:00:00+00:00, run_after=2024-12-21 00:00:00+00:00
[2024-12-21T11:36:23.917+0000] {processor.py:208} INFO - Processing /home/airflow/.local/lib/python3.12/site-packages/airflow/example_dags/example_branch_datetime_operator.py took 0.110 seconds
[2024-12-21T11:36:53.974+0000] {processor.py:186} INFO - Started process (PID=2406) to work on /home/airflow/.local/lib/python3.12/site-packages/airflow/example_dags/example_branch_datetime_operator.py
[2024-12-21T11:36:53.975+0000] {processor.py:914} INFO - Processing file /home/airflow/.local/lib/python3.12/site-packages/airflow/example_dags/example_branch_datetime_operator.py for tasks to queue
[2024-12-21T11:36:53.978+0000] {logging_mixin.py:190} INFO - [2024-12-21T11:36:53.978+0000] {dagbag.py:588} INFO - Filling up the DagBag from /home/airflow/.local/lib/python3.12/site-packages/airflow/example_dags/example_branch_datetime_operator.py
[2024-12-21T11:36:53.992+0000] {processor.py:925} INFO - DAG(s) 'example_branch_datetime_operator_3', 'example_branch_datetime_operator', 'example_branch_datetime_operator_2' retrieved from /home/airflow/.local/lib/python3.12/site-packages/airflow/example_dags/example_branch_datetime_operator.py
[2024-12-21T11:36:54.022+0000] {logging_mixin.py:190} INFO - [2024-12-21T11:36:54.021+0000] {dag.py:3239} INFO - Sync 3 DAGs
[2024-12-21T11:36:54.049+0000] {logging_mixin.py:190} INFO - [2024-12-21T11:36:54.048+0000] {dag.py:4180} INFO - Setting next_dagrun for example_branch_datetime_operator to 2024-12-20 00:00:00+00:00, run_after=2024-12-21 00:00:00+00:00
[2024-12-21T11:36:54.055+0000] {logging_mixin.py:190} INFO - [2024-12-21T11:36:54.055+0000] {dag.py:4180} INFO - Setting next_dagrun for example_branch_datetime_operator_2 to 2024-12-20 00:00:00+00:00, run_after=2024-12-21 00:00:00+00:00
[2024-12-21T11:36:54.059+0000] {logging_mixin.py:190} INFO - [2024-12-21T11:36:54.058+0000] {dag.py:4180} INFO - Setting next_dagrun for example_branch_datetime_operator_3 to 2024-12-20 00:00:00+00:00, run_after=2024-12-21 00:00:00+00:00
[2024-12-21T11:36:54.079+0000] {processor.py:208} INFO - Processing /home/airflow/.local/lib/python3.12/site-packages/airflow/example_dags/example_branch_datetime_operator.py took 0.112 seconds
[2024-12-21T11:37:24.422+0000] {processor.py:186} INFO - Started process (PID=2472) to work on /home/airflow/.local/lib/python3.12/site-packages/airflow/example_dags/example_branch_datetime_operator.py
[2024-12-21T11:37:24.423+0000] {processor.py:914} INFO - Processing file /home/airflow/.local/lib/python3.12/site-packages/airflow/example_dags/example_branch_datetime_operator.py for tasks to queue
[2024-12-21T11:37:24.425+0000] {logging_mixin.py:190} INFO - [2024-12-21T11:37:24.425+0000] {dagbag.py:588} INFO - Filling up the DagBag from /home/airflow/.local/lib/python3.12/site-packages/airflow/example_dags/example_branch_datetime_operator.py
[2024-12-21T11:37:24.438+0000] {processor.py:925} INFO - DAG(s) 'example_branch_datetime_operator_2', 'example_branch_datetime_operator', 'example_branch_datetime_operator_3' retrieved from /home/airflow/.local/lib/python3.12/site-packages/airflow/example_dags/example_branch_datetime_operator.py
[2024-12-21T11:37:24.469+0000] {logging_mixin.py:190} INFO - [2024-12-21T11:37:24.468+0000] {dag.py:3239} INFO - Sync 3 DAGs
[2024-12-21T11:37:24.495+0000] {logging_mixin.py:190} INFO - [2024-12-21T11:37:24.495+0000] {dag.py:4180} INFO - Setting next_dagrun for example_branch_datetime_operator to 2024-12-20 00:00:00+00:00, run_after=2024-12-21 00:00:00+00:00
[2024-12-21T11:37:24.501+0000] {logging_mixin.py:190} INFO - [2024-12-21T11:37:24.501+0000] {dag.py:4180} INFO - Setting next_dagrun for example_branch_datetime_operator_2 to 2024-12-20 00:00:00+00:00, run_after=2024-12-21 00:00:00+00:00
[2024-12-21T11:37:24.504+0000] {logging_mixin.py:190} INFO - [2024-12-21T11:37:24.504+0000] {dag.py:4180} INFO - Setting next_dagrun for example_branch_datetime_operator_3 to 2024-12-20 00:00:00+00:00, run_after=2024-12-21 00:00:00+00:00
[2024-12-21T11:37:24.526+0000] {processor.py:208} INFO - Processing /home/airflow/.local/lib/python3.12/site-packages/airflow/example_dags/example_branch_datetime_operator.py took 0.111 seconds
[2024-12-21T11:37:55.326+0000] {processor.py:186} INFO - Started process (PID=2538) to work on /home/airflow/.local/lib/python3.12/site-packages/airflow/example_dags/example_branch_datetime_operator.py
[2024-12-21T11:37:55.327+0000] {processor.py:914} INFO - Processing file /home/airflow/.local/lib/python3.12/site-packages/airflow/example_dags/example_branch_datetime_operator.py for tasks to queue
[2024-12-21T11:37:55.329+0000] {logging_mixin.py:190} INFO - [2024-12-21T11:37:55.329+0000] {dagbag.py:588} INFO - Filling up the DagBag from /home/airflow/.local/lib/python3.12/site-packages/airflow/example_dags/example_branch_datetime_operator.py
[2024-12-21T11:37:55.342+0000] {processor.py:925} INFO - DAG(s) 'example_branch_datetime_operator_2', 'example_branch_datetime_operator', 'example_branch_datetime_operator_3' retrieved from /home/airflow/.local/lib/python3.12/site-packages/airflow/example_dags/example_branch_datetime_operator.py
[2024-12-21T11:37:55.373+0000] {logging_mixin.py:190} INFO - [2024-12-21T11:37:55.372+0000] {dag.py:3239} INFO - Sync 3 DAGs
[2024-12-21T11:37:55.403+0000] {logging_mixin.py:190} INFO - [2024-12-21T11:37:55.403+0000] {dag.py:4180} INFO - Setting next_dagrun for example_branch_datetime_operator to 2024-12-20 00:00:00+00:00, run_after=2024-12-21 00:00:00+00:00
[2024-12-21T11:37:55.409+0000] {logging_mixin.py:190} INFO - [2024-12-21T11:37:55.409+0000] {dag.py:4180} INFO - Setting next_dagrun for example_branch_datetime_operator_2 to 2024-12-20 00:00:00+00:00, run_after=2024-12-21 00:00:00+00:00
[2024-12-21T11:37:55.413+0000] {logging_mixin.py:190} INFO - [2024-12-21T11:37:55.412+0000] {dag.py:4180} INFO - Setting next_dagrun for example_branch_datetime_operator_3 to 2024-12-20 00:00:00+00:00, run_after=2024-12-21 00:00:00+00:00
[2024-12-21T11:37:55.434+0000] {processor.py:208} INFO - Processing /home/airflow/.local/lib/python3.12/site-packages/airflow/example_dags/example_branch_datetime_operator.py took 0.115 seconds
[2024-12-21T11:38:26.331+0000] {processor.py:186} INFO - Started process (PID=2604) to work on /home/airflow/.local/lib/python3.12/site-packages/airflow/example_dags/example_branch_datetime_operator.py
[2024-12-21T11:38:26.332+0000] {processor.py:914} INFO - Processing file /home/airflow/.local/lib/python3.12/site-packages/airflow/example_dags/example_branch_datetime_operator.py for tasks to queue
[2024-12-21T11:38:26.338+0000] {logging_mixin.py:190} INFO - [2024-12-21T11:38:26.337+0000] {dagbag.py:588} INFO - Filling up the DagBag from /home/airflow/.local/lib/python3.12/site-packages/airflow/example_dags/example_branch_datetime_operator.py
[2024-12-21T11:38:26.359+0000] {processor.py:925} INFO - DAG(s) 'example_branch_datetime_operator_3', 'example_branch_datetime_operator_2', 'example_branch_datetime_operator' retrieved from /home/airflow/.local/lib/python3.12/site-packages/airflow/example_dags/example_branch_datetime_operator.py
[2024-12-21T11:38:26.405+0000] {logging_mixin.py:190} INFO - [2024-12-21T11:38:26.405+0000] {dag.py:3239} INFO - Sync 3 DAGs
[2024-12-21T11:38:26.446+0000] {logging_mixin.py:190} INFO - [2024-12-21T11:38:26.445+0000] {dag.py:4180} INFO - Setting next_dagrun for example_branch_datetime_operator to 2024-12-20 00:00:00+00:00, run_after=2024-12-21 00:00:00+00:00
[2024-12-21T11:38:26.452+0000] {logging_mixin.py:190} INFO - [2024-12-21T11:38:26.452+0000] {dag.py:4180} INFO - Setting next_dagrun for example_branch_datetime_operator_2 to 2024-12-20 00:00:00+00:00, run_after=2024-12-21 00:00:00+00:00
[2024-12-21T11:38:26.456+0000] {logging_mixin.py:190} INFO - [2024-12-21T11:38:26.456+0000] {dag.py:4180} INFO - Setting next_dagrun for example_branch_datetime_operator_3 to 2024-12-20 00:00:00+00:00, run_after=2024-12-21 00:00:00+00:00
[2024-12-21T11:38:26.479+0000] {processor.py:208} INFO - Processing /home/airflow/.local/lib/python3.12/site-packages/airflow/example_dags/example_branch_datetime_operator.py took 0.158 seconds
[2024-12-21T11:38:57.055+0000] {processor.py:186} INFO - Started process (PID=2670) to work on /home/airflow/.local/lib/python3.12/site-packages/airflow/example_dags/example_branch_datetime_operator.py
[2024-12-21T11:38:57.056+0000] {processor.py:914} INFO - Processing file /home/airflow/.local/lib/python3.12/site-packages/airflow/example_dags/example_branch_datetime_operator.py for tasks to queue
[2024-12-21T11:38:57.059+0000] {logging_mixin.py:190} INFO - [2024-12-21T11:38:57.059+0000] {dagbag.py:588} INFO - Filling up the DagBag from /home/airflow/.local/lib/python3.12/site-packages/airflow/example_dags/example_branch_datetime_operator.py
[2024-12-21T11:38:57.073+0000] {processor.py:925} INFO - DAG(s) 'example_branch_datetime_operator_3', 'example_branch_datetime_operator_2', 'example_branch_datetime_operator' retrieved from /home/airflow/.local/lib/python3.12/site-packages/airflow/example_dags/example_branch_datetime_operator.py
[2024-12-21T11:38:57.103+0000] {logging_mixin.py:190} INFO - [2024-12-21T11:38:57.103+0000] {dag.py:3239} INFO - Sync 3 DAGs
[2024-12-21T11:38:57.130+0000] {logging_mixin.py:190} INFO - [2024-12-21T11:38:57.129+0000] {dag.py:4180} INFO - Setting next_dagrun for example_branch_datetime_operator to 2024-12-20 00:00:00+00:00, run_after=2024-12-21 00:00:00+00:00
[2024-12-21T11:38:57.135+0000] {logging_mixin.py:190} INFO - [2024-12-21T11:38:57.135+0000] {dag.py:4180} INFO - Setting next_dagrun for example_branch_datetime_operator_2 to 2024-12-20 00:00:00+00:00, run_after=2024-12-21 00:00:00+00:00
[2024-12-21T11:38:57.139+0000] {logging_mixin.py:190} INFO - [2024-12-21T11:38:57.138+0000] {dag.py:4180} INFO - Setting next_dagrun for example_branch_datetime_operator_3 to 2024-12-20 00:00:00+00:00, run_after=2024-12-21 00:00:00+00:00
[2024-12-21T11:38:57.160+0000] {processor.py:208} INFO - Processing /home/airflow/.local/lib/python3.12/site-packages/airflow/example_dags/example_branch_datetime_operator.py took 0.111 seconds
[2024-12-21T11:39:27.840+0000] {processor.py:186} INFO - Started process (PID=2736) to work on /home/airflow/.local/lib/python3.12/site-packages/airflow/example_dags/example_branch_datetime_operator.py
[2024-12-21T11:39:27.841+0000] {processor.py:914} INFO - Processing file /home/airflow/.local/lib/python3.12/site-packages/airflow/example_dags/example_branch_datetime_operator.py for tasks to queue
[2024-12-21T11:39:27.844+0000] {logging_mixin.py:190} INFO - [2024-12-21T11:39:27.844+0000] {dagbag.py:588} INFO - Filling up the DagBag from /home/airflow/.local/lib/python3.12/site-packages/airflow/example_dags/example_branch_datetime_operator.py
[2024-12-21T11:39:27.857+0000] {processor.py:925} INFO - DAG(s) 'example_branch_datetime_operator_2', 'example_branch_datetime_operator', 'example_branch_datetime_operator_3' retrieved from /home/airflow/.local/lib/python3.12/site-packages/airflow/example_dags/example_branch_datetime_operator.py
[2024-12-21T11:39:27.886+0000] {logging_mixin.py:190} INFO - [2024-12-21T11:39:27.886+0000] {dag.py:3239} INFO - Sync 3 DAGs
[2024-12-21T11:39:27.913+0000] {logging_mixin.py:190} INFO - [2024-12-21T11:39:27.913+0000] {dag.py:4180} INFO - Setting next_dagrun for example_branch_datetime_operator to 2024-12-20 00:00:00+00:00, run_after=2024-12-21 00:00:00+00:00
[2024-12-21T11:39:27.919+0000] {logging_mixin.py:190} INFO - [2024-12-21T11:39:27.918+0000] {dag.py:4180} INFO - Setting next_dagrun for example_branch_datetime_operator_2 to 2024-12-20 00:00:00+00:00, run_after=2024-12-21 00:00:00+00:00
[2024-12-21T11:39:27.922+0000] {logging_mixin.py:190} INFO - [2024-12-21T11:39:27.922+0000] {dag.py:4180} INFO - Setting next_dagrun for example_branch_datetime_operator_3 to 2024-12-20 00:00:00+00:00, run_after=2024-12-21 00:00:00+00:00
[2024-12-21T11:39:27.942+0000] {processor.py:208} INFO - Processing /home/airflow/.local/lib/python3.12/site-packages/airflow/example_dags/example_branch_datetime_operator.py took 0.108 seconds
[2024-12-21T11:39:58.126+0000] {processor.py:186} INFO - Started process (PID=2802) to work on /home/airflow/.local/lib/python3.12/site-packages/airflow/example_dags/example_branch_datetime_operator.py
[2024-12-21T11:39:58.127+0000] {processor.py:914} INFO - Processing file /home/airflow/.local/lib/python3.12/site-packages/airflow/example_dags/example_branch_datetime_operator.py for tasks to queue
[2024-12-21T11:39:58.129+0000] {logging_mixin.py:190} INFO - [2024-12-21T11:39:58.129+0000] {dagbag.py:588} INFO - Filling up the DagBag from /home/airflow/.local/lib/python3.12/site-packages/airflow/example_dags/example_branch_datetime_operator.py
[2024-12-21T11:39:58.142+0000] {processor.py:925} INFO - DAG(s) 'example_branch_datetime_operator_3', 'example_branch_datetime_operator_2', 'example_branch_datetime_operator' retrieved from /home/airflow/.local/lib/python3.12/site-packages/airflow/example_dags/example_branch_datetime_operator.py
[2024-12-21T11:39:58.171+0000] {logging_mixin.py:190} INFO - [2024-12-21T11:39:58.171+0000] {dag.py:3239} INFO - Sync 3 DAGs
[2024-12-21T11:39:58.200+0000] {logging_mixin.py:190} INFO - [2024-12-21T11:39:58.200+0000] {dag.py:4180} INFO - Setting next_dagrun for example_branch_datetime_operator to 2024-12-20 00:00:00+00:00, run_after=2024-12-21 00:00:00+00:00
[2024-12-21T11:39:58.206+0000] {logging_mixin.py:190} INFO - [2024-12-21T11:39:58.206+0000] {dag.py:4180} INFO - Setting next_dagrun for example_branch_datetime_operator_2 to 2024-12-20 00:00:00+00:00, run_after=2024-12-21 00:00:00+00:00
[2024-12-21T11:39:58.209+0000] {logging_mixin.py:190} INFO - [2024-12-21T11:39:58.209+0000] {dag.py:4180} INFO - Setting next_dagrun for example_branch_datetime_operator_3 to 2024-12-20 00:00:00+00:00, run_after=2024-12-21 00:00:00+00:00
[2024-12-21T11:39:58.229+0000] {processor.py:208} INFO - Processing /home/airflow/.local/lib/python3.12/site-packages/airflow/example_dags/example_branch_datetime_operator.py took 0.110 seconds
