[2024-12-21T11:19:35.244+0000] {processor.py:186} INFO - Started process (PID=90) to work on /home/airflow/.local/lib/python3.12/site-packages/airflow/example_dags/example_branch_python_dop_operator_3.py
[2024-12-21T11:19:35.245+0000] {processor.py:914} INFO - Processing file /home/airflow/.local/lib/python3.12/site-packages/airflow/example_dags/example_branch_python_dop_operator_3.py for tasks to queue
[2024-12-21T11:19:35.249+0000] {logging_mixin.py:190} INFO - [2024-12-21T11:19:35.248+0000] {dagbag.py:588} INFO - Filling up the DagBag from /home/airflow/.local/lib/python3.12/site-packages/airflow/example_dags/example_branch_python_dop_operator_3.py
[2024-12-21T11:19:35.261+0000] {processor.py:925} INFO - DAG(s) 'example_branch_dop_operator_v3' retrieved from /home/airflow/.local/lib/python3.12/site-packages/airflow/example_dags/example_branch_python_dop_operator_3.py
[2024-12-21T11:19:35.286+0000] {logging_mixin.py:190} INFO - [2024-12-21T11:19:35.286+0000] {dag.py:3239} INFO - Sync 1 DAGs
[2024-12-21T11:19:35.328+0000] {logging_mixin.py:190} INFO - [2024-12-21T11:19:35.328+0000] {dag.py:4180} INFO - Setting next_dagrun for example_branch_dop_operator_v3 to 2024-12-21 11:18:00+00:00, run_after=2024-12-21 11:19:00+00:00
[2024-12-21T11:19:35.354+0000] {processor.py:208} INFO - Processing /home/airflow/.local/lib/python3.12/site-packages/airflow/example_dags/example_branch_python_dop_operator_3.py took 0.118 seconds
[2024-12-21T11:20:05.442+0000] {processor.py:186} INFO - Started process (PID=181) to work on /home/airflow/.local/lib/python3.12/site-packages/airflow/example_dags/example_branch_python_dop_operator_3.py
[2024-12-21T11:20:05.443+0000] {processor.py:914} INFO - Processing file /home/airflow/.local/lib/python3.12/site-packages/airflow/example_dags/example_branch_python_dop_operator_3.py for tasks to queue
[2024-12-21T11:20:05.446+0000] {logging_mixin.py:190} INFO - [2024-12-21T11:20:05.446+0000] {dagbag.py:588} INFO - Filling up the DagBag from /home/airflow/.local/lib/python3.12/site-packages/airflow/example_dags/example_branch_python_dop_operator_3.py
[2024-12-21T11:20:05.466+0000] {processor.py:925} INFO - DAG(s) 'example_branch_dop_operator_v3' retrieved from /home/airflow/.local/lib/python3.12/site-packages/airflow/example_dags/example_branch_python_dop_operator_3.py
[2024-12-21T11:20:05.489+0000] {logging_mixin.py:190} INFO - [2024-12-21T11:20:05.489+0000] {dag.py:3239} INFO - Sync 1 DAGs
[2024-12-21T11:20:05.520+0000] {logging_mixin.py:190} INFO - [2024-12-21T11:20:05.520+0000] {dag.py:4180} INFO - Setting next_dagrun for example_branch_dop_operator_v3 to 2024-12-21 11:19:00+00:00, run_after=2024-12-21 11:20:00+00:00
[2024-12-21T11:20:05.544+0000] {processor.py:208} INFO - Processing /home/airflow/.local/lib/python3.12/site-packages/airflow/example_dags/example_branch_python_dop_operator_3.py took 0.108 seconds
[2024-12-21T11:20:36.146+0000] {processor.py:186} INFO - Started process (PID=248) to work on /home/airflow/.local/lib/python3.12/site-packages/airflow/example_dags/example_branch_python_dop_operator_3.py
[2024-12-21T11:20:36.147+0000] {processor.py:914} INFO - Processing file /home/airflow/.local/lib/python3.12/site-packages/airflow/example_dags/example_branch_python_dop_operator_3.py for tasks to queue
[2024-12-21T11:20:36.149+0000] {logging_mixin.py:190} INFO - [2024-12-21T11:20:36.149+0000] {dagbag.py:588} INFO - Filling up the DagBag from /home/airflow/.local/lib/python3.12/site-packages/airflow/example_dags/example_branch_python_dop_operator_3.py
[2024-12-21T11:20:36.161+0000] {processor.py:925} INFO - DAG(s) 'example_branch_dop_operator_v3' retrieved from /home/airflow/.local/lib/python3.12/site-packages/airflow/example_dags/example_branch_python_dop_operator_3.py
[2024-12-21T11:20:36.182+0000] {logging_mixin.py:190} INFO - [2024-12-21T11:20:36.182+0000] {dag.py:3239} INFO - Sync 1 DAGs
[2024-12-21T11:20:36.215+0000] {logging_mixin.py:190} INFO - [2024-12-21T11:20:36.214+0000] {dag.py:4180} INFO - Setting next_dagrun for example_branch_dop_operator_v3 to 2024-12-21 11:19:00+00:00, run_after=2024-12-21 11:20:00+00:00
[2024-12-21T11:20:36.236+0000] {processor.py:208} INFO - Processing /home/airflow/.local/lib/python3.12/site-packages/airflow/example_dags/example_branch_python_dop_operator_3.py took 0.098 seconds
[2024-12-21T11:21:06.833+0000] {processor.py:186} INFO - Started process (PID=314) to work on /home/airflow/.local/lib/python3.12/site-packages/airflow/example_dags/example_branch_python_dop_operator_3.py
[2024-12-21T11:21:06.834+0000] {processor.py:914} INFO - Processing file /home/airflow/.local/lib/python3.12/site-packages/airflow/example_dags/example_branch_python_dop_operator_3.py for tasks to queue
[2024-12-21T11:21:06.837+0000] {logging_mixin.py:190} INFO - [2024-12-21T11:21:06.836+0000] {dagbag.py:588} INFO - Filling up the DagBag from /home/airflow/.local/lib/python3.12/site-packages/airflow/example_dags/example_branch_python_dop_operator_3.py
[2024-12-21T11:21:06.847+0000] {processor.py:925} INFO - DAG(s) 'example_branch_dop_operator_v3' retrieved from /home/airflow/.local/lib/python3.12/site-packages/airflow/example_dags/example_branch_python_dop_operator_3.py
[2024-12-21T11:21:06.873+0000] {logging_mixin.py:190} INFO - [2024-12-21T11:21:06.872+0000] {dag.py:3239} INFO - Sync 1 DAGs
[2024-12-21T11:21:06.902+0000] {logging_mixin.py:190} INFO - [2024-12-21T11:21:06.902+0000] {dag.py:4180} INFO - Setting next_dagrun for example_branch_dop_operator_v3 to 2024-12-21 11:20:00+00:00, run_after=2024-12-21 11:21:00+00:00
[2024-12-21T11:21:06.924+0000] {processor.py:208} INFO - Processing /home/airflow/.local/lib/python3.12/site-packages/airflow/example_dags/example_branch_python_dop_operator_3.py took 0.098 seconds
[2024-12-21T11:21:37.595+0000] {processor.py:186} INFO - Started process (PID=379) to work on /home/airflow/.local/lib/python3.12/site-packages/airflow/example_dags/example_branch_python_dop_operator_3.py
[2024-12-21T11:21:37.596+0000] {processor.py:914} INFO - Processing file /home/airflow/.local/lib/python3.12/site-packages/airflow/example_dags/example_branch_python_dop_operator_3.py for tasks to queue
[2024-12-21T11:21:37.599+0000] {logging_mixin.py:190} INFO - [2024-12-21T11:21:37.598+0000] {dagbag.py:588} INFO - Filling up the DagBag from /home/airflow/.local/lib/python3.12/site-packages/airflow/example_dags/example_branch_python_dop_operator_3.py
[2024-12-21T11:21:37.610+0000] {processor.py:925} INFO - DAG(s) 'example_branch_dop_operator_v3' retrieved from /home/airflow/.local/lib/python3.12/site-packages/airflow/example_dags/example_branch_python_dop_operator_3.py
[2024-12-21T11:21:37.630+0000] {logging_mixin.py:190} INFO - [2024-12-21T11:21:37.630+0000] {dag.py:3239} INFO - Sync 1 DAGs
[2024-12-21T11:21:37.659+0000] {logging_mixin.py:190} INFO - [2024-12-21T11:21:37.659+0000] {dag.py:4180} INFO - Setting next_dagrun for example_branch_dop_operator_v3 to 2024-12-21 11:20:00+00:00, run_after=2024-12-21 11:21:00+00:00
[2024-12-21T11:21:37.683+0000] {processor.py:208} INFO - Processing /home/airflow/.local/lib/python3.12/site-packages/airflow/example_dags/example_branch_python_dop_operator_3.py took 0.095 seconds
[2024-12-21T11:22:08.181+0000] {processor.py:186} INFO - Started process (PID=445) to work on /home/airflow/.local/lib/python3.12/site-packages/airflow/example_dags/example_branch_python_dop_operator_3.py
[2024-12-21T11:22:08.183+0000] {processor.py:914} INFO - Processing file /home/airflow/.local/lib/python3.12/site-packages/airflow/example_dags/example_branch_python_dop_operator_3.py for tasks to queue
[2024-12-21T11:22:08.186+0000] {logging_mixin.py:190} INFO - [2024-12-21T11:22:08.186+0000] {dagbag.py:588} INFO - Filling up the DagBag from /home/airflow/.local/lib/python3.12/site-packages/airflow/example_dags/example_branch_python_dop_operator_3.py
[2024-12-21T11:22:08.198+0000] {processor.py:925} INFO - DAG(s) 'example_branch_dop_operator_v3' retrieved from /home/airflow/.local/lib/python3.12/site-packages/airflow/example_dags/example_branch_python_dop_operator_3.py
[2024-12-21T11:22:08.222+0000] {logging_mixin.py:190} INFO - [2024-12-21T11:22:08.222+0000] {dag.py:3239} INFO - Sync 1 DAGs
[2024-12-21T11:22:08.253+0000] {logging_mixin.py:190} INFO - [2024-12-21T11:22:08.252+0000] {dag.py:4180} INFO - Setting next_dagrun for example_branch_dop_operator_v3 to 2024-12-21 11:21:00+00:00, run_after=2024-12-21 11:22:00+00:00
[2024-12-21T11:22:08.276+0000] {processor.py:208} INFO - Processing /home/airflow/.local/lib/python3.12/site-packages/airflow/example_dags/example_branch_python_dop_operator_3.py took 0.102 seconds
[2024-12-21T11:22:38.838+0000] {processor.py:186} INFO - Started process (PID=511) to work on /home/airflow/.local/lib/python3.12/site-packages/airflow/example_dags/example_branch_python_dop_operator_3.py
[2024-12-21T11:22:38.839+0000] {processor.py:914} INFO - Processing file /home/airflow/.local/lib/python3.12/site-packages/airflow/example_dags/example_branch_python_dop_operator_3.py for tasks to queue
[2024-12-21T11:22:38.842+0000] {logging_mixin.py:190} INFO - [2024-12-21T11:22:38.842+0000] {dagbag.py:588} INFO - Filling up the DagBag from /home/airflow/.local/lib/python3.12/site-packages/airflow/example_dags/example_branch_python_dop_operator_3.py
[2024-12-21T11:22:38.855+0000] {processor.py:925} INFO - DAG(s) 'example_branch_dop_operator_v3' retrieved from /home/airflow/.local/lib/python3.12/site-packages/airflow/example_dags/example_branch_python_dop_operator_3.py
[2024-12-21T11:22:38.880+0000] {logging_mixin.py:190} INFO - [2024-12-21T11:22:38.879+0000] {dag.py:3239} INFO - Sync 1 DAGs
[2024-12-21T11:22:38.910+0000] {logging_mixin.py:190} INFO - [2024-12-21T11:22:38.910+0000] {dag.py:4180} INFO - Setting next_dagrun for example_branch_dop_operator_v3 to 2024-12-21 11:21:00+00:00, run_after=2024-12-21 11:22:00+00:00
[2024-12-21T11:22:38.934+0000] {processor.py:208} INFO - Processing /home/airflow/.local/lib/python3.12/site-packages/airflow/example_dags/example_branch_python_dop_operator_3.py took 0.103 seconds
[2024-12-21T11:23:09.954+0000] {processor.py:186} INFO - Started process (PID=577) to work on /home/airflow/.local/lib/python3.12/site-packages/airflow/example_dags/example_branch_python_dop_operator_3.py
[2024-12-21T11:23:09.955+0000] {processor.py:914} INFO - Processing file /home/airflow/.local/lib/python3.12/site-packages/airflow/example_dags/example_branch_python_dop_operator_3.py for tasks to queue
[2024-12-21T11:23:09.958+0000] {logging_mixin.py:190} INFO - [2024-12-21T11:23:09.958+0000] {dagbag.py:588} INFO - Filling up the DagBag from /home/airflow/.local/lib/python3.12/site-packages/airflow/example_dags/example_branch_python_dop_operator_3.py
[2024-12-21T11:23:09.970+0000] {processor.py:925} INFO - DAG(s) 'example_branch_dop_operator_v3' retrieved from /home/airflow/.local/lib/python3.12/site-packages/airflow/example_dags/example_branch_python_dop_operator_3.py
[2024-12-21T11:23:09.995+0000] {logging_mixin.py:190} INFO - [2024-12-21T11:23:09.995+0000] {dag.py:3239} INFO - Sync 1 DAGs
[2024-12-21T11:23:10.034+0000] {logging_mixin.py:190} INFO - [2024-12-21T11:23:10.034+0000] {dag.py:4180} INFO - Setting next_dagrun for example_branch_dop_operator_v3 to 2024-12-21 11:22:00+00:00, run_after=2024-12-21 11:23:00+00:00
[2024-12-21T11:23:10.058+0000] {processor.py:208} INFO - Processing /home/airflow/.local/lib/python3.12/site-packages/airflow/example_dags/example_branch_python_dop_operator_3.py took 0.112 seconds
[2024-12-21T11:23:40.178+0000] {processor.py:186} INFO - Started process (PID=643) to work on /home/airflow/.local/lib/python3.12/site-packages/airflow/example_dags/example_branch_python_dop_operator_3.py
[2024-12-21T11:23:40.179+0000] {processor.py:914} INFO - Processing file /home/airflow/.local/lib/python3.12/site-packages/airflow/example_dags/example_branch_python_dop_operator_3.py for tasks to queue
[2024-12-21T11:23:40.182+0000] {logging_mixin.py:190} INFO - [2024-12-21T11:23:40.181+0000] {dagbag.py:588} INFO - Filling up the DagBag from /home/airflow/.local/lib/python3.12/site-packages/airflow/example_dags/example_branch_python_dop_operator_3.py
[2024-12-21T11:23:40.194+0000] {processor.py:925} INFO - DAG(s) 'example_branch_dop_operator_v3' retrieved from /home/airflow/.local/lib/python3.12/site-packages/airflow/example_dags/example_branch_python_dop_operator_3.py
[2024-12-21T11:23:40.220+0000] {logging_mixin.py:190} INFO - [2024-12-21T11:23:40.219+0000] {dag.py:3239} INFO - Sync 1 DAGs
[2024-12-21T11:23:40.256+0000] {logging_mixin.py:190} INFO - [2024-12-21T11:23:40.255+0000] {dag.py:4180} INFO - Setting next_dagrun for example_branch_dop_operator_v3 to 2024-12-21 11:22:00+00:00, run_after=2024-12-21 11:23:00+00:00
[2024-12-21T11:23:40.283+0000] {processor.py:208} INFO - Processing /home/airflow/.local/lib/python3.12/site-packages/airflow/example_dags/example_branch_python_dop_operator_3.py took 0.112 seconds
[2024-12-21T11:24:10.434+0000] {processor.py:186} INFO - Started process (PID=709) to work on /home/airflow/.local/lib/python3.12/site-packages/airflow/example_dags/example_branch_python_dop_operator_3.py
[2024-12-21T11:24:10.435+0000] {processor.py:914} INFO - Processing file /home/airflow/.local/lib/python3.12/site-packages/airflow/example_dags/example_branch_python_dop_operator_3.py for tasks to queue
[2024-12-21T11:24:10.438+0000] {logging_mixin.py:190} INFO - [2024-12-21T11:24:10.438+0000] {dagbag.py:588} INFO - Filling up the DagBag from /home/airflow/.local/lib/python3.12/site-packages/airflow/example_dags/example_branch_python_dop_operator_3.py
[2024-12-21T11:24:10.451+0000] {processor.py:925} INFO - DAG(s) 'example_branch_dop_operator_v3' retrieved from /home/airflow/.local/lib/python3.12/site-packages/airflow/example_dags/example_branch_python_dop_operator_3.py
[2024-12-21T11:24:10.479+0000] {logging_mixin.py:190} INFO - [2024-12-21T11:24:10.478+0000] {dag.py:3239} INFO - Sync 1 DAGs
[2024-12-21T11:24:10.517+0000] {logging_mixin.py:190} INFO - [2024-12-21T11:24:10.517+0000] {dag.py:4180} INFO - Setting next_dagrun for example_branch_dop_operator_v3 to 2024-12-21 11:23:00+00:00, run_after=2024-12-21 11:24:00+00:00
[2024-12-21T11:24:10.538+0000] {processor.py:208} INFO - Processing /home/airflow/.local/lib/python3.12/site-packages/airflow/example_dags/example_branch_python_dop_operator_3.py took 0.112 seconds
[2024-12-21T11:24:40.937+0000] {processor.py:186} INFO - Started process (PID=775) to work on /home/airflow/.local/lib/python3.12/site-packages/airflow/example_dags/example_branch_python_dop_operator_3.py
[2024-12-21T11:24:40.938+0000] {processor.py:914} INFO - Processing file /home/airflow/.local/lib/python3.12/site-packages/airflow/example_dags/example_branch_python_dop_operator_3.py for tasks to queue
[2024-12-21T11:24:40.941+0000] {logging_mixin.py:190} INFO - [2024-12-21T11:24:40.940+0000] {dagbag.py:588} INFO - Filling up the DagBag from /home/airflow/.local/lib/python3.12/site-packages/airflow/example_dags/example_branch_python_dop_operator_3.py
[2024-12-21T11:24:40.952+0000] {processor.py:925} INFO - DAG(s) 'example_branch_dop_operator_v3' retrieved from /home/airflow/.local/lib/python3.12/site-packages/airflow/example_dags/example_branch_python_dop_operator_3.py
[2024-12-21T11:24:40.973+0000] {logging_mixin.py:190} INFO - [2024-12-21T11:24:40.973+0000] {dag.py:3239} INFO - Sync 1 DAGs
[2024-12-21T11:24:41.003+0000] {logging_mixin.py:190} INFO - [2024-12-21T11:24:41.003+0000] {dag.py:4180} INFO - Setting next_dagrun for example_branch_dop_operator_v3 to 2024-12-21 11:23:00+00:00, run_after=2024-12-21 11:24:00+00:00
[2024-12-21T11:24:41.028+0000] {processor.py:208} INFO - Processing /home/airflow/.local/lib/python3.12/site-packages/airflow/example_dags/example_branch_python_dop_operator_3.py took 0.098 seconds
[2024-12-21T11:25:14.613+0000] {processor.py:186} INFO - Started process (PID=866) to work on /home/airflow/.local/lib/python3.12/site-packages/airflow/example_dags/example_branch_python_dop_operator_3.py
[2024-12-21T11:25:14.620+0000] {processor.py:914} INFO - Processing file /home/airflow/.local/lib/python3.12/site-packages/airflow/example_dags/example_branch_python_dop_operator_3.py for tasks to queue
[2024-12-21T11:25:14.627+0000] {logging_mixin.py:190} INFO - [2024-12-21T11:25:14.626+0000] {dagbag.py:588} INFO - Filling up the DagBag from /home/airflow/.local/lib/python3.12/site-packages/airflow/example_dags/example_branch_python_dop_operator_3.py
[2024-12-21T11:25:14.650+0000] {processor.py:925} INFO - DAG(s) 'example_branch_dop_operator_v3' retrieved from /home/airflow/.local/lib/python3.12/site-packages/airflow/example_dags/example_branch_python_dop_operator_3.py
[2024-12-21T11:25:14.708+0000] {logging_mixin.py:190} INFO - [2024-12-21T11:25:14.707+0000] {dag.py:3239} INFO - Sync 1 DAGs
[2024-12-21T11:25:14.767+0000] {logging_mixin.py:190} INFO - [2024-12-21T11:25:14.767+0000] {dag.py:4180} INFO - Setting next_dagrun for example_branch_dop_operator_v3 to 2024-12-21 11:24:00+00:00, run_after=2024-12-21 11:25:00+00:00
[2024-12-21T11:25:14.825+0000] {processor.py:208} INFO - Processing /home/airflow/.local/lib/python3.12/site-packages/airflow/example_dags/example_branch_python_dop_operator_3.py took 0.225 seconds
[2024-12-21T11:25:45.305+0000] {processor.py:186} INFO - Started process (PID=942) to work on /home/airflow/.local/lib/python3.12/site-packages/airflow/example_dags/example_branch_python_dop_operator_3.py
[2024-12-21T11:25:45.306+0000] {processor.py:914} INFO - Processing file /home/airflow/.local/lib/python3.12/site-packages/airflow/example_dags/example_branch_python_dop_operator_3.py for tasks to queue
[2024-12-21T11:25:45.309+0000] {logging_mixin.py:190} INFO - [2024-12-21T11:25:45.309+0000] {dagbag.py:588} INFO - Filling up the DagBag from /home/airflow/.local/lib/python3.12/site-packages/airflow/example_dags/example_branch_python_dop_operator_3.py
[2024-12-21T11:25:45.321+0000] {processor.py:925} INFO - DAG(s) 'example_branch_dop_operator_v3' retrieved from /home/airflow/.local/lib/python3.12/site-packages/airflow/example_dags/example_branch_python_dop_operator_3.py
[2024-12-21T11:25:45.344+0000] {logging_mixin.py:190} INFO - [2024-12-21T11:25:45.344+0000] {dag.py:3239} INFO - Sync 1 DAGs
[2024-12-21T11:25:45.379+0000] {logging_mixin.py:190} INFO - [2024-12-21T11:25:45.379+0000] {dag.py:4180} INFO - Setting next_dagrun for example_branch_dop_operator_v3 to 2024-12-21 11:24:00+00:00, run_after=2024-12-21 11:25:00+00:00
[2024-12-21T11:25:45.402+0000] {processor.py:208} INFO - Processing /home/airflow/.local/lib/python3.12/site-packages/airflow/example_dags/example_branch_python_dop_operator_3.py took 0.107 seconds
[2024-12-21T11:26:15.714+0000] {processor.py:186} INFO - Started process (PID=1008) to work on /home/airflow/.local/lib/python3.12/site-packages/airflow/example_dags/example_branch_python_dop_operator_3.py
[2024-12-21T11:26:15.715+0000] {processor.py:914} INFO - Processing file /home/airflow/.local/lib/python3.12/site-packages/airflow/example_dags/example_branch_python_dop_operator_3.py for tasks to queue
[2024-12-21T11:26:15.718+0000] {logging_mixin.py:190} INFO - [2024-12-21T11:26:15.717+0000] {dagbag.py:588} INFO - Filling up the DagBag from /home/airflow/.local/lib/python3.12/site-packages/airflow/example_dags/example_branch_python_dop_operator_3.py
[2024-12-21T11:26:15.730+0000] {processor.py:925} INFO - DAG(s) 'example_branch_dop_operator_v3' retrieved from /home/airflow/.local/lib/python3.12/site-packages/airflow/example_dags/example_branch_python_dop_operator_3.py
[2024-12-21T11:26:15.753+0000] {logging_mixin.py:190} INFO - [2024-12-21T11:26:15.753+0000] {dag.py:3239} INFO - Sync 1 DAGs
[2024-12-21T11:26:15.785+0000] {logging_mixin.py:190} INFO - [2024-12-21T11:26:15.785+0000] {dag.py:4180} INFO - Setting next_dagrun for example_branch_dop_operator_v3 to 2024-12-21 11:25:00+00:00, run_after=2024-12-21 11:26:00+00:00
[2024-12-21T11:26:15.808+0000] {processor.py:208} INFO - Processing /home/airflow/.local/lib/python3.12/site-packages/airflow/example_dags/example_branch_python_dop_operator_3.py took 0.102 seconds
[2024-12-21T11:26:46.032+0000] {processor.py:186} INFO - Started process (PID=1074) to work on /home/airflow/.local/lib/python3.12/site-packages/airflow/example_dags/example_branch_python_dop_operator_3.py
[2024-12-21T11:26:46.033+0000] {processor.py:914} INFO - Processing file /home/airflow/.local/lib/python3.12/site-packages/airflow/example_dags/example_branch_python_dop_operator_3.py for tasks to queue
[2024-12-21T11:26:46.036+0000] {logging_mixin.py:190} INFO - [2024-12-21T11:26:46.035+0000] {dagbag.py:588} INFO - Filling up the DagBag from /home/airflow/.local/lib/python3.12/site-packages/airflow/example_dags/example_branch_python_dop_operator_3.py
[2024-12-21T11:26:46.048+0000] {processor.py:925} INFO - DAG(s) 'example_branch_dop_operator_v3' retrieved from /home/airflow/.local/lib/python3.12/site-packages/airflow/example_dags/example_branch_python_dop_operator_3.py
[2024-12-21T11:26:46.073+0000] {logging_mixin.py:190} INFO - [2024-12-21T11:26:46.073+0000] {dag.py:3239} INFO - Sync 1 DAGs
[2024-12-21T11:26:46.105+0000] {logging_mixin.py:190} INFO - [2024-12-21T11:26:46.104+0000] {dag.py:4180} INFO - Setting next_dagrun for example_branch_dop_operator_v3 to 2024-12-21 11:25:00+00:00, run_after=2024-12-21 11:26:00+00:00
[2024-12-21T11:26:46.126+0000] {processor.py:208} INFO - Processing /home/airflow/.local/lib/python3.12/site-packages/airflow/example_dags/example_branch_python_dop_operator_3.py took 0.104 seconds
[2024-12-21T11:27:16.282+0000] {processor.py:186} INFO - Started process (PID=1140) to work on /home/airflow/.local/lib/python3.12/site-packages/airflow/example_dags/example_branch_python_dop_operator_3.py
[2024-12-21T11:27:16.283+0000] {processor.py:914} INFO - Processing file /home/airflow/.local/lib/python3.12/site-packages/airflow/example_dags/example_branch_python_dop_operator_3.py for tasks to queue
[2024-12-21T11:27:16.286+0000] {logging_mixin.py:190} INFO - [2024-12-21T11:27:16.286+0000] {dagbag.py:588} INFO - Filling up the DagBag from /home/airflow/.local/lib/python3.12/site-packages/airflow/example_dags/example_branch_python_dop_operator_3.py
[2024-12-21T11:27:16.302+0000] {processor.py:925} INFO - DAG(s) 'example_branch_dop_operator_v3' retrieved from /home/airflow/.local/lib/python3.12/site-packages/airflow/example_dags/example_branch_python_dop_operator_3.py
[2024-12-21T11:27:16.326+0000] {logging_mixin.py:190} INFO - [2024-12-21T11:27:16.326+0000] {dag.py:3239} INFO - Sync 1 DAGs
[2024-12-21T11:27:16.358+0000] {logging_mixin.py:190} INFO - [2024-12-21T11:27:16.357+0000] {dag.py:4180} INFO - Setting next_dagrun for example_branch_dop_operator_v3 to 2024-12-21 11:26:00+00:00, run_after=2024-12-21 11:27:00+00:00
[2024-12-21T11:27:16.380+0000] {processor.py:208} INFO - Processing /home/airflow/.local/lib/python3.12/site-packages/airflow/example_dags/example_branch_python_dop_operator_3.py took 0.105 seconds
[2024-12-21T11:27:46.693+0000] {processor.py:186} INFO - Started process (PID=1206) to work on /home/airflow/.local/lib/python3.12/site-packages/airflow/example_dags/example_branch_python_dop_operator_3.py
[2024-12-21T11:27:46.694+0000] {processor.py:914} INFO - Processing file /home/airflow/.local/lib/python3.12/site-packages/airflow/example_dags/example_branch_python_dop_operator_3.py for tasks to queue
[2024-12-21T11:27:46.697+0000] {logging_mixin.py:190} INFO - [2024-12-21T11:27:46.697+0000] {dagbag.py:588} INFO - Filling up the DagBag from /home/airflow/.local/lib/python3.12/site-packages/airflow/example_dags/example_branch_python_dop_operator_3.py
[2024-12-21T11:27:46.708+0000] {processor.py:925} INFO - DAG(s) 'example_branch_dop_operator_v3' retrieved from /home/airflow/.local/lib/python3.12/site-packages/airflow/example_dags/example_branch_python_dop_operator_3.py
[2024-12-21T11:27:46.731+0000] {logging_mixin.py:190} INFO - [2024-12-21T11:27:46.731+0000] {dag.py:3239} INFO - Sync 1 DAGs
[2024-12-21T11:27:46.761+0000] {logging_mixin.py:190} INFO - [2024-12-21T11:27:46.761+0000] {dag.py:4180} INFO - Setting next_dagrun for example_branch_dop_operator_v3 to 2024-12-21 11:26:00+00:00, run_after=2024-12-21 11:27:00+00:00
[2024-12-21T11:27:46.783+0000] {processor.py:208} INFO - Processing /home/airflow/.local/lib/python3.12/site-packages/airflow/example_dags/example_branch_python_dop_operator_3.py took 0.097 seconds
[2024-12-21T11:28:17.118+0000] {processor.py:186} INFO - Started process (PID=1272) to work on /home/airflow/.local/lib/python3.12/site-packages/airflow/example_dags/example_branch_python_dop_operator_3.py
[2024-12-21T11:28:17.120+0000] {processor.py:914} INFO - Processing file /home/airflow/.local/lib/python3.12/site-packages/airflow/example_dags/example_branch_python_dop_operator_3.py for tasks to queue
[2024-12-21T11:28:17.123+0000] {logging_mixin.py:190} INFO - [2024-12-21T11:28:17.122+0000] {dagbag.py:588} INFO - Filling up the DagBag from /home/airflow/.local/lib/python3.12/site-packages/airflow/example_dags/example_branch_python_dop_operator_3.py
[2024-12-21T11:28:17.134+0000] {processor.py:925} INFO - DAG(s) 'example_branch_dop_operator_v3' retrieved from /home/airflow/.local/lib/python3.12/site-packages/airflow/example_dags/example_branch_python_dop_operator_3.py
[2024-12-21T11:28:17.156+0000] {logging_mixin.py:190} INFO - [2024-12-21T11:28:17.156+0000] {dag.py:3239} INFO - Sync 1 DAGs
[2024-12-21T11:28:17.186+0000] {logging_mixin.py:190} INFO - [2024-12-21T11:28:17.186+0000] {dag.py:4180} INFO - Setting next_dagrun for example_branch_dop_operator_v3 to 2024-12-21 11:27:00+00:00, run_after=2024-12-21 11:28:00+00:00
[2024-12-21T11:28:17.209+0000] {processor.py:208} INFO - Processing /home/airflow/.local/lib/python3.12/site-packages/airflow/example_dags/example_branch_python_dop_operator_3.py took 0.097 seconds
[2024-12-21T11:28:47.745+0000] {processor.py:186} INFO - Started process (PID=1338) to work on /home/airflow/.local/lib/python3.12/site-packages/airflow/example_dags/example_branch_python_dop_operator_3.py
[2024-12-21T11:28:47.747+0000] {processor.py:914} INFO - Processing file /home/airflow/.local/lib/python3.12/site-packages/airflow/example_dags/example_branch_python_dop_operator_3.py for tasks to queue
[2024-12-21T11:28:47.750+0000] {logging_mixin.py:190} INFO - [2024-12-21T11:28:47.749+0000] {dagbag.py:588} INFO - Filling up the DagBag from /home/airflow/.local/lib/python3.12/site-packages/airflow/example_dags/example_branch_python_dop_operator_3.py
[2024-12-21T11:28:47.761+0000] {processor.py:925} INFO - DAG(s) 'example_branch_dop_operator_v3' retrieved from /home/airflow/.local/lib/python3.12/site-packages/airflow/example_dags/example_branch_python_dop_operator_3.py
[2024-12-21T11:28:47.784+0000] {logging_mixin.py:190} INFO - [2024-12-21T11:28:47.784+0000] {dag.py:3239} INFO - Sync 1 DAGs
[2024-12-21T11:28:47.814+0000] {logging_mixin.py:190} INFO - [2024-12-21T11:28:47.814+0000] {dag.py:4180} INFO - Setting next_dagrun for example_branch_dop_operator_v3 to 2024-12-21 11:27:00+00:00, run_after=2024-12-21 11:28:00+00:00
[2024-12-21T11:28:47.835+0000] {processor.py:208} INFO - Processing /home/airflow/.local/lib/python3.12/site-packages/airflow/example_dags/example_branch_python_dop_operator_3.py took 0.096 seconds
[2024-12-21T11:29:18.427+0000] {processor.py:186} INFO - Started process (PID=1404) to work on /home/airflow/.local/lib/python3.12/site-packages/airflow/example_dags/example_branch_python_dop_operator_3.py
[2024-12-21T11:29:18.428+0000] {processor.py:914} INFO - Processing file /home/airflow/.local/lib/python3.12/site-packages/airflow/example_dags/example_branch_python_dop_operator_3.py for tasks to queue
[2024-12-21T11:29:18.432+0000] {logging_mixin.py:190} INFO - [2024-12-21T11:29:18.431+0000] {dagbag.py:588} INFO - Filling up the DagBag from /home/airflow/.local/lib/python3.12/site-packages/airflow/example_dags/example_branch_python_dop_operator_3.py
[2024-12-21T11:29:18.444+0000] {processor.py:925} INFO - DAG(s) 'example_branch_dop_operator_v3' retrieved from /home/airflow/.local/lib/python3.12/site-packages/airflow/example_dags/example_branch_python_dop_operator_3.py
[2024-12-21T11:29:18.466+0000] {logging_mixin.py:190} INFO - [2024-12-21T11:29:18.466+0000] {dag.py:3239} INFO - Sync 1 DAGs
[2024-12-21T11:29:18.496+0000] {logging_mixin.py:190} INFO - [2024-12-21T11:29:18.496+0000] {dag.py:4180} INFO - Setting next_dagrun for example_branch_dop_operator_v3 to 2024-12-21 11:28:00+00:00, run_after=2024-12-21 11:29:00+00:00
[2024-12-21T11:29:18.517+0000] {processor.py:208} INFO - Processing /home/airflow/.local/lib/python3.12/site-packages/airflow/example_dags/example_branch_python_dop_operator_3.py took 0.097 seconds
[2024-12-21T11:29:48.623+0000] {processor.py:186} INFO - Started process (PID=1470) to work on /home/airflow/.local/lib/python3.12/site-packages/airflow/example_dags/example_branch_python_dop_operator_3.py
[2024-12-21T11:29:48.625+0000] {processor.py:914} INFO - Processing file /home/airflow/.local/lib/python3.12/site-packages/airflow/example_dags/example_branch_python_dop_operator_3.py for tasks to queue
[2024-12-21T11:29:48.628+0000] {logging_mixin.py:190} INFO - [2024-12-21T11:29:48.627+0000] {dagbag.py:588} INFO - Filling up the DagBag from /home/airflow/.local/lib/python3.12/site-packages/airflow/example_dags/example_branch_python_dop_operator_3.py
[2024-12-21T11:29:48.640+0000] {processor.py:925} INFO - DAG(s) 'example_branch_dop_operator_v3' retrieved from /home/airflow/.local/lib/python3.12/site-packages/airflow/example_dags/example_branch_python_dop_operator_3.py
[2024-12-21T11:29:48.664+0000] {logging_mixin.py:190} INFO - [2024-12-21T11:29:48.664+0000] {dag.py:3239} INFO - Sync 1 DAGs
[2024-12-21T11:29:48.697+0000] {logging_mixin.py:190} INFO - [2024-12-21T11:29:48.696+0000] {dag.py:4180} INFO - Setting next_dagrun for example_branch_dop_operator_v3 to 2024-12-21 11:28:00+00:00, run_after=2024-12-21 11:29:00+00:00
[2024-12-21T11:29:48.721+0000] {processor.py:208} INFO - Processing /home/airflow/.local/lib/python3.12/site-packages/airflow/example_dags/example_branch_python_dop_operator_3.py took 0.105 seconds
[2024-12-21T11:30:18.905+0000] {processor.py:186} INFO - Started process (PID=1536) to work on /home/airflow/.local/lib/python3.12/site-packages/airflow/example_dags/example_branch_python_dop_operator_3.py
[2024-12-21T11:30:18.906+0000] {processor.py:914} INFO - Processing file /home/airflow/.local/lib/python3.12/site-packages/airflow/example_dags/example_branch_python_dop_operator_3.py for tasks to queue
[2024-12-21T11:30:18.909+0000] {logging_mixin.py:190} INFO - [2024-12-21T11:30:18.908+0000] {dagbag.py:588} INFO - Filling up the DagBag from /home/airflow/.local/lib/python3.12/site-packages/airflow/example_dags/example_branch_python_dop_operator_3.py
[2024-12-21T11:30:18.920+0000] {processor.py:925} INFO - DAG(s) 'example_branch_dop_operator_v3' retrieved from /home/airflow/.local/lib/python3.12/site-packages/airflow/example_dags/example_branch_python_dop_operator_3.py
[2024-12-21T11:30:18.942+0000] {logging_mixin.py:190} INFO - [2024-12-21T11:30:18.942+0000] {dag.py:3239} INFO - Sync 1 DAGs
[2024-12-21T11:30:18.970+0000] {logging_mixin.py:190} INFO - [2024-12-21T11:30:18.970+0000] {dag.py:4180} INFO - Setting next_dagrun for example_branch_dop_operator_v3 to 2024-12-21 11:29:00+00:00, run_after=2024-12-21 11:30:00+00:00
[2024-12-21T11:30:18.991+0000] {processor.py:208} INFO - Processing /home/airflow/.local/lib/python3.12/site-packages/airflow/example_dags/example_branch_python_dop_operator_3.py took 0.093 seconds
[2024-12-21T11:30:49.664+0000] {processor.py:186} INFO - Started process (PID=1618) to work on /home/airflow/.local/lib/python3.12/site-packages/airflow/example_dags/example_branch_python_dop_operator_3.py
[2024-12-21T11:30:49.666+0000] {processor.py:914} INFO - Processing file /home/airflow/.local/lib/python3.12/site-packages/airflow/example_dags/example_branch_python_dop_operator_3.py for tasks to queue
[2024-12-21T11:30:49.668+0000] {logging_mixin.py:190} INFO - [2024-12-21T11:30:49.668+0000] {dagbag.py:588} INFO - Filling up the DagBag from /home/airflow/.local/lib/python3.12/site-packages/airflow/example_dags/example_branch_python_dop_operator_3.py
[2024-12-21T11:30:49.679+0000] {processor.py:925} INFO - DAG(s) 'example_branch_dop_operator_v3' retrieved from /home/airflow/.local/lib/python3.12/site-packages/airflow/example_dags/example_branch_python_dop_operator_3.py
[2024-12-21T11:30:49.703+0000] {logging_mixin.py:190} INFO - [2024-12-21T11:30:49.703+0000] {dag.py:3239} INFO - Sync 1 DAGs
[2024-12-21T11:30:49.734+0000] {logging_mixin.py:190} INFO - [2024-12-21T11:30:49.734+0000] {dag.py:4180} INFO - Setting next_dagrun for example_branch_dop_operator_v3 to 2024-12-21 11:29:00+00:00, run_after=2024-12-21 11:30:00+00:00
[2024-12-21T11:30:49.759+0000] {processor.py:208} INFO - Processing /home/airflow/.local/lib/python3.12/site-packages/airflow/example_dags/example_branch_python_dop_operator_3.py took 0.102 seconds
[2024-12-21T11:31:19.922+0000] {processor.py:186} INFO - Started process (PID=1684) to work on /home/airflow/.local/lib/python3.12/site-packages/airflow/example_dags/example_branch_python_dop_operator_3.py
[2024-12-21T11:31:19.924+0000] {processor.py:914} INFO - Processing file /home/airflow/.local/lib/python3.12/site-packages/airflow/example_dags/example_branch_python_dop_operator_3.py for tasks to queue
[2024-12-21T11:31:19.927+0000] {logging_mixin.py:190} INFO - [2024-12-21T11:31:19.926+0000] {dagbag.py:588} INFO - Filling up the DagBag from /home/airflow/.local/lib/python3.12/site-packages/airflow/example_dags/example_branch_python_dop_operator_3.py
[2024-12-21T11:31:19.938+0000] {processor.py:925} INFO - DAG(s) 'example_branch_dop_operator_v3' retrieved from /home/airflow/.local/lib/python3.12/site-packages/airflow/example_dags/example_branch_python_dop_operator_3.py
[2024-12-21T11:31:19.960+0000] {logging_mixin.py:190} INFO - [2024-12-21T11:31:19.960+0000] {dag.py:3239} INFO - Sync 1 DAGs
[2024-12-21T11:31:19.990+0000] {logging_mixin.py:190} INFO - [2024-12-21T11:31:19.990+0000] {dag.py:4180} INFO - Setting next_dagrun for example_branch_dop_operator_v3 to 2024-12-21 11:30:00+00:00, run_after=2024-12-21 11:31:00+00:00
[2024-12-21T11:31:20.012+0000] {processor.py:208} INFO - Processing /home/airflow/.local/lib/python3.12/site-packages/airflow/example_dags/example_branch_python_dop_operator_3.py took 0.096 seconds
[2024-12-21T11:31:50.299+0000] {processor.py:186} INFO - Started process (PID=1750) to work on /home/airflow/.local/lib/python3.12/site-packages/airflow/example_dags/example_branch_python_dop_operator_3.py
[2024-12-21T11:31:50.300+0000] {processor.py:914} INFO - Processing file /home/airflow/.local/lib/python3.12/site-packages/airflow/example_dags/example_branch_python_dop_operator_3.py for tasks to queue
[2024-12-21T11:31:50.303+0000] {logging_mixin.py:190} INFO - [2024-12-21T11:31:50.302+0000] {dagbag.py:588} INFO - Filling up the DagBag from /home/airflow/.local/lib/python3.12/site-packages/airflow/example_dags/example_branch_python_dop_operator_3.py
[2024-12-21T11:31:50.314+0000] {processor.py:925} INFO - DAG(s) 'example_branch_dop_operator_v3' retrieved from /home/airflow/.local/lib/python3.12/site-packages/airflow/example_dags/example_branch_python_dop_operator_3.py
[2024-12-21T11:31:50.336+0000] {logging_mixin.py:190} INFO - [2024-12-21T11:31:50.336+0000] {dag.py:3239} INFO - Sync 1 DAGs
[2024-12-21T11:31:50.365+0000] {logging_mixin.py:190} INFO - [2024-12-21T11:31:50.365+0000] {dag.py:4180} INFO - Setting next_dagrun for example_branch_dop_operator_v3 to 2024-12-21 11:30:00+00:00, run_after=2024-12-21 11:31:00+00:00
[2024-12-21T11:31:50.391+0000] {processor.py:208} INFO - Processing /home/airflow/.local/lib/python3.12/site-packages/airflow/example_dags/example_branch_python_dop_operator_3.py took 0.099 seconds
[2024-12-21T11:32:20.577+0000] {processor.py:186} INFO - Started process (PID=1816) to work on /home/airflow/.local/lib/python3.12/site-packages/airflow/example_dags/example_branch_python_dop_operator_3.py
[2024-12-21T11:32:20.578+0000] {processor.py:914} INFO - Processing file /home/airflow/.local/lib/python3.12/site-packages/airflow/example_dags/example_branch_python_dop_operator_3.py for tasks to queue
[2024-12-21T11:32:20.581+0000] {logging_mixin.py:190} INFO - [2024-12-21T11:32:20.581+0000] {dagbag.py:588} INFO - Filling up the DagBag from /home/airflow/.local/lib/python3.12/site-packages/airflow/example_dags/example_branch_python_dop_operator_3.py
[2024-12-21T11:32:20.592+0000] {processor.py:925} INFO - DAG(s) 'example_branch_dop_operator_v3' retrieved from /home/airflow/.local/lib/python3.12/site-packages/airflow/example_dags/example_branch_python_dop_operator_3.py
[2024-12-21T11:32:20.614+0000] {logging_mixin.py:190} INFO - [2024-12-21T11:32:20.614+0000] {dag.py:3239} INFO - Sync 1 DAGs
[2024-12-21T11:32:20.645+0000] {logging_mixin.py:190} INFO - [2024-12-21T11:32:20.644+0000] {dag.py:4180} INFO - Setting next_dagrun for example_branch_dop_operator_v3 to 2024-12-21 11:31:00+00:00, run_after=2024-12-21 11:32:00+00:00
[2024-12-21T11:32:20.667+0000] {processor.py:208} INFO - Processing /home/airflow/.local/lib/python3.12/site-packages/airflow/example_dags/example_branch_python_dop_operator_3.py took 0.096 seconds
[2024-12-21T11:32:50.949+0000] {processor.py:186} INFO - Started process (PID=1882) to work on /home/airflow/.local/lib/python3.12/site-packages/airflow/example_dags/example_branch_python_dop_operator_3.py
[2024-12-21T11:32:50.950+0000] {processor.py:914} INFO - Processing file /home/airflow/.local/lib/python3.12/site-packages/airflow/example_dags/example_branch_python_dop_operator_3.py for tasks to queue
[2024-12-21T11:32:50.954+0000] {logging_mixin.py:190} INFO - [2024-12-21T11:32:50.953+0000] {dagbag.py:588} INFO - Filling up the DagBag from /home/airflow/.local/lib/python3.12/site-packages/airflow/example_dags/example_branch_python_dop_operator_3.py
[2024-12-21T11:32:50.966+0000] {processor.py:925} INFO - DAG(s) 'example_branch_dop_operator_v3' retrieved from /home/airflow/.local/lib/python3.12/site-packages/airflow/example_dags/example_branch_python_dop_operator_3.py
[2024-12-21T11:32:50.989+0000] {logging_mixin.py:190} INFO - [2024-12-21T11:32:50.988+0000] {dag.py:3239} INFO - Sync 1 DAGs
[2024-12-21T11:32:51.029+0000] {logging_mixin.py:190} INFO - [2024-12-21T11:32:51.029+0000] {dag.py:4180} INFO - Setting next_dagrun for example_branch_dop_operator_v3 to 2024-12-21 11:31:00+00:00, run_after=2024-12-21 11:32:00+00:00
[2024-12-21T11:32:51.056+0000] {processor.py:208} INFO - Processing /home/airflow/.local/lib/python3.12/site-packages/airflow/example_dags/example_branch_python_dop_operator_3.py took 0.115 seconds
[2024-12-21T11:33:21.242+0000] {processor.py:186} INFO - Started process (PID=1948) to work on /home/airflow/.local/lib/python3.12/site-packages/airflow/example_dags/example_branch_python_dop_operator_3.py
[2024-12-21T11:33:21.243+0000] {processor.py:914} INFO - Processing file /home/airflow/.local/lib/python3.12/site-packages/airflow/example_dags/example_branch_python_dop_operator_3.py for tasks to queue
[2024-12-21T11:33:21.246+0000] {logging_mixin.py:190} INFO - [2024-12-21T11:33:21.245+0000] {dagbag.py:588} INFO - Filling up the DagBag from /home/airflow/.local/lib/python3.12/site-packages/airflow/example_dags/example_branch_python_dop_operator_3.py
[2024-12-21T11:33:21.256+0000] {processor.py:925} INFO - DAG(s) 'example_branch_dop_operator_v3' retrieved from /home/airflow/.local/lib/python3.12/site-packages/airflow/example_dags/example_branch_python_dop_operator_3.py
[2024-12-21T11:33:21.279+0000] {logging_mixin.py:190} INFO - [2024-12-21T11:33:21.278+0000] {dag.py:3239} INFO - Sync 1 DAGs
[2024-12-21T11:33:21.310+0000] {logging_mixin.py:190} INFO - [2024-12-21T11:33:21.310+0000] {dag.py:4180} INFO - Setting next_dagrun for example_branch_dop_operator_v3 to 2024-12-21 11:32:00+00:00, run_after=2024-12-21 11:33:00+00:00
[2024-12-21T11:33:21.332+0000] {processor.py:208} INFO - Processing /home/airflow/.local/lib/python3.12/site-packages/airflow/example_dags/example_branch_python_dop_operator_3.py took 0.096 seconds
[2024-12-21T11:33:51.659+0000] {processor.py:186} INFO - Started process (PID=2014) to work on /home/airflow/.local/lib/python3.12/site-packages/airflow/example_dags/example_branch_python_dop_operator_3.py
[2024-12-21T11:33:51.660+0000] {processor.py:914} INFO - Processing file /home/airflow/.local/lib/python3.12/site-packages/airflow/example_dags/example_branch_python_dop_operator_3.py for tasks to queue
[2024-12-21T11:33:51.663+0000] {logging_mixin.py:190} INFO - [2024-12-21T11:33:51.662+0000] {dagbag.py:588} INFO - Filling up the DagBag from /home/airflow/.local/lib/python3.12/site-packages/airflow/example_dags/example_branch_python_dop_operator_3.py
[2024-12-21T11:33:51.676+0000] {processor.py:925} INFO - DAG(s) 'example_branch_dop_operator_v3' retrieved from /home/airflow/.local/lib/python3.12/site-packages/airflow/example_dags/example_branch_python_dop_operator_3.py
[2024-12-21T11:33:51.699+0000] {logging_mixin.py:190} INFO - [2024-12-21T11:33:51.699+0000] {dag.py:3239} INFO - Sync 1 DAGs
[2024-12-21T11:33:51.732+0000] {logging_mixin.py:190} INFO - [2024-12-21T11:33:51.732+0000] {dag.py:4180} INFO - Setting next_dagrun for example_branch_dop_operator_v3 to 2024-12-21 11:32:00+00:00, run_after=2024-12-21 11:33:00+00:00
[2024-12-21T11:33:51.754+0000] {processor.py:208} INFO - Processing /home/airflow/.local/lib/python3.12/site-packages/airflow/example_dags/example_branch_python_dop_operator_3.py took 0.103 seconds
[2024-12-21T11:34:22.392+0000] {processor.py:186} INFO - Started process (PID=2080) to work on /home/airflow/.local/lib/python3.12/site-packages/airflow/example_dags/example_branch_python_dop_operator_3.py
[2024-12-21T11:34:22.393+0000] {processor.py:914} INFO - Processing file /home/airflow/.local/lib/python3.12/site-packages/airflow/example_dags/example_branch_python_dop_operator_3.py for tasks to queue
[2024-12-21T11:34:22.396+0000] {logging_mixin.py:190} INFO - [2024-12-21T11:34:22.396+0000] {dagbag.py:588} INFO - Filling up the DagBag from /home/airflow/.local/lib/python3.12/site-packages/airflow/example_dags/example_branch_python_dop_operator_3.py
[2024-12-21T11:34:22.407+0000] {processor.py:925} INFO - DAG(s) 'example_branch_dop_operator_v3' retrieved from /home/airflow/.local/lib/python3.12/site-packages/airflow/example_dags/example_branch_python_dop_operator_3.py
[2024-12-21T11:34:22.430+0000] {logging_mixin.py:190} INFO - [2024-12-21T11:34:22.430+0000] {dag.py:3239} INFO - Sync 1 DAGs
[2024-12-21T11:34:22.459+0000] {logging_mixin.py:190} INFO - [2024-12-21T11:34:22.459+0000] {dag.py:4180} INFO - Setting next_dagrun for example_branch_dop_operator_v3 to 2024-12-21 11:33:00+00:00, run_after=2024-12-21 11:34:00+00:00
[2024-12-21T11:34:22.480+0000] {processor.py:208} INFO - Processing /home/airflow/.local/lib/python3.12/site-packages/airflow/example_dags/example_branch_python_dop_operator_3.py took 0.095 seconds
[2024-12-21T11:34:52.773+0000] {processor.py:186} INFO - Started process (PID=2146) to work on /home/airflow/.local/lib/python3.12/site-packages/airflow/example_dags/example_branch_python_dop_operator_3.py
[2024-12-21T11:34:52.774+0000] {processor.py:914} INFO - Processing file /home/airflow/.local/lib/python3.12/site-packages/airflow/example_dags/example_branch_python_dop_operator_3.py for tasks to queue
[2024-12-21T11:34:52.777+0000] {logging_mixin.py:190} INFO - [2024-12-21T11:34:52.777+0000] {dagbag.py:588} INFO - Filling up the DagBag from /home/airflow/.local/lib/python3.12/site-packages/airflow/example_dags/example_branch_python_dop_operator_3.py
[2024-12-21T11:34:52.788+0000] {processor.py:925} INFO - DAG(s) 'example_branch_dop_operator_v3' retrieved from /home/airflow/.local/lib/python3.12/site-packages/airflow/example_dags/example_branch_python_dop_operator_3.py
[2024-12-21T11:34:52.810+0000] {logging_mixin.py:190} INFO - [2024-12-21T11:34:52.810+0000] {dag.py:3239} INFO - Sync 1 DAGs
[2024-12-21T11:34:52.839+0000] {logging_mixin.py:190} INFO - [2024-12-21T11:34:52.839+0000] {dag.py:4180} INFO - Setting next_dagrun for example_branch_dop_operator_v3 to 2024-12-21 11:33:00+00:00, run_after=2024-12-21 11:34:00+00:00
[2024-12-21T11:34:52.860+0000] {processor.py:208} INFO - Processing /home/airflow/.local/lib/python3.12/site-packages/airflow/example_dags/example_branch_python_dop_operator_3.py took 0.094 seconds
[2024-12-21T11:35:23.052+0000] {processor.py:186} INFO - Started process (PID=2212) to work on /home/airflow/.local/lib/python3.12/site-packages/airflow/example_dags/example_branch_python_dop_operator_3.py
[2024-12-21T11:35:23.053+0000] {processor.py:914} INFO - Processing file /home/airflow/.local/lib/python3.12/site-packages/airflow/example_dags/example_branch_python_dop_operator_3.py for tasks to queue
[2024-12-21T11:35:23.056+0000] {logging_mixin.py:190} INFO - [2024-12-21T11:35:23.056+0000] {dagbag.py:588} INFO - Filling up the DagBag from /home/airflow/.local/lib/python3.12/site-packages/airflow/example_dags/example_branch_python_dop_operator_3.py
[2024-12-21T11:35:23.067+0000] {processor.py:925} INFO - DAG(s) 'example_branch_dop_operator_v3' retrieved from /home/airflow/.local/lib/python3.12/site-packages/airflow/example_dags/example_branch_python_dop_operator_3.py
[2024-12-21T11:35:23.090+0000] {logging_mixin.py:190} INFO - [2024-12-21T11:35:23.089+0000] {dag.py:3239} INFO - Sync 1 DAGs
[2024-12-21T11:35:23.119+0000] {logging_mixin.py:190} INFO - [2024-12-21T11:35:23.119+0000] {dag.py:4180} INFO - Setting next_dagrun for example_branch_dop_operator_v3 to 2024-12-21 11:34:00+00:00, run_after=2024-12-21 11:35:00+00:00
[2024-12-21T11:35:23.142+0000] {processor.py:208} INFO - Processing /home/airflow/.local/lib/python3.12/site-packages/airflow/example_dags/example_branch_python_dop_operator_3.py took 0.096 seconds
[2024-12-21T11:35:53.863+0000] {processor.py:186} INFO - Started process (PID=2278) to work on /home/airflow/.local/lib/python3.12/site-packages/airflow/example_dags/example_branch_python_dop_operator_3.py
[2024-12-21T11:35:53.864+0000] {processor.py:914} INFO - Processing file /home/airflow/.local/lib/python3.12/site-packages/airflow/example_dags/example_branch_python_dop_operator_3.py for tasks to queue
[2024-12-21T11:35:53.867+0000] {logging_mixin.py:190} INFO - [2024-12-21T11:35:53.866+0000] {dagbag.py:588} INFO - Filling up the DagBag from /home/airflow/.local/lib/python3.12/site-packages/airflow/example_dags/example_branch_python_dop_operator_3.py
[2024-12-21T11:35:53.878+0000] {processor.py:925} INFO - DAG(s) 'example_branch_dop_operator_v3' retrieved from /home/airflow/.local/lib/python3.12/site-packages/airflow/example_dags/example_branch_python_dop_operator_3.py
[2024-12-21T11:35:53.901+0000] {logging_mixin.py:190} INFO - [2024-12-21T11:35:53.901+0000] {dag.py:3239} INFO - Sync 1 DAGs
[2024-12-21T11:35:53.930+0000] {logging_mixin.py:190} INFO - [2024-12-21T11:35:53.930+0000] {dag.py:4180} INFO - Setting next_dagrun for example_branch_dop_operator_v3 to 2024-12-21 11:34:00+00:00, run_after=2024-12-21 11:35:00+00:00
[2024-12-21T11:35:53.950+0000] {processor.py:208} INFO - Processing /home/airflow/.local/lib/python3.12/site-packages/airflow/example_dags/example_branch_python_dop_operator_3.py took 0.094 seconds
[2024-12-21T11:36:24.217+0000] {processor.py:186} INFO - Started process (PID=2344) to work on /home/airflow/.local/lib/python3.12/site-packages/airflow/example_dags/example_branch_python_dop_operator_3.py
[2024-12-21T11:36:24.219+0000] {processor.py:914} INFO - Processing file /home/airflow/.local/lib/python3.12/site-packages/airflow/example_dags/example_branch_python_dop_operator_3.py for tasks to queue
[2024-12-21T11:36:24.222+0000] {logging_mixin.py:190} INFO - [2024-12-21T11:36:24.221+0000] {dagbag.py:588} INFO - Filling up the DagBag from /home/airflow/.local/lib/python3.12/site-packages/airflow/example_dags/example_branch_python_dop_operator_3.py
[2024-12-21T11:36:24.233+0000] {processor.py:925} INFO - DAG(s) 'example_branch_dop_operator_v3' retrieved from /home/airflow/.local/lib/python3.12/site-packages/airflow/example_dags/example_branch_python_dop_operator_3.py
[2024-12-21T11:36:24.255+0000] {logging_mixin.py:190} INFO - [2024-12-21T11:36:24.254+0000] {dag.py:3239} INFO - Sync 1 DAGs
[2024-12-21T11:36:24.283+0000] {logging_mixin.py:190} INFO - [2024-12-21T11:36:24.283+0000] {dag.py:4180} INFO - Setting next_dagrun for example_branch_dop_operator_v3 to 2024-12-21 11:35:00+00:00, run_after=2024-12-21 11:36:00+00:00
[2024-12-21T11:36:24.306+0000] {processor.py:208} INFO - Processing /home/airflow/.local/lib/python3.12/site-packages/airflow/example_dags/example_branch_python_dop_operator_3.py took 0.096 seconds
[2024-12-21T11:36:54.370+0000] {processor.py:186} INFO - Started process (PID=2410) to work on /home/airflow/.local/lib/python3.12/site-packages/airflow/example_dags/example_branch_python_dop_operator_3.py
[2024-12-21T11:36:54.372+0000] {processor.py:914} INFO - Processing file /home/airflow/.local/lib/python3.12/site-packages/airflow/example_dags/example_branch_python_dop_operator_3.py for tasks to queue
[2024-12-21T11:36:54.375+0000] {logging_mixin.py:190} INFO - [2024-12-21T11:36:54.374+0000] {dagbag.py:588} INFO - Filling up the DagBag from /home/airflow/.local/lib/python3.12/site-packages/airflow/example_dags/example_branch_python_dop_operator_3.py
[2024-12-21T11:36:54.393+0000] {processor.py:925} INFO - DAG(s) 'example_branch_dop_operator_v3' retrieved from /home/airflow/.local/lib/python3.12/site-packages/airflow/example_dags/example_branch_python_dop_operator_3.py
[2024-12-21T11:36:54.417+0000] {logging_mixin.py:190} INFO - [2024-12-21T11:36:54.417+0000] {dag.py:3239} INFO - Sync 1 DAGs
[2024-12-21T11:36:54.450+0000] {logging_mixin.py:190} INFO - [2024-12-21T11:36:54.450+0000] {dag.py:4180} INFO - Setting next_dagrun for example_branch_dop_operator_v3 to 2024-12-21 11:35:00+00:00, run_after=2024-12-21 11:36:00+00:00
[2024-12-21T11:36:54.472+0000] {processor.py:208} INFO - Processing /home/airflow/.local/lib/python3.12/site-packages/airflow/example_dags/example_branch_python_dop_operator_3.py took 0.109 seconds
[2024-12-21T11:37:24.652+0000] {processor.py:186} INFO - Started process (PID=2476) to work on /home/airflow/.local/lib/python3.12/site-packages/airflow/example_dags/example_branch_python_dop_operator_3.py
[2024-12-21T11:37:24.653+0000] {processor.py:914} INFO - Processing file /home/airflow/.local/lib/python3.12/site-packages/airflow/example_dags/example_branch_python_dop_operator_3.py for tasks to queue
[2024-12-21T11:37:24.656+0000] {logging_mixin.py:190} INFO - [2024-12-21T11:37:24.656+0000] {dagbag.py:588} INFO - Filling up the DagBag from /home/airflow/.local/lib/python3.12/site-packages/airflow/example_dags/example_branch_python_dop_operator_3.py
[2024-12-21T11:37:24.667+0000] {processor.py:925} INFO - DAG(s) 'example_branch_dop_operator_v3' retrieved from /home/airflow/.local/lib/python3.12/site-packages/airflow/example_dags/example_branch_python_dop_operator_3.py
[2024-12-21T11:37:24.689+0000] {logging_mixin.py:190} INFO - [2024-12-21T11:37:24.689+0000] {dag.py:3239} INFO - Sync 1 DAGs
[2024-12-21T11:37:24.723+0000] {logging_mixin.py:190} INFO - [2024-12-21T11:37:24.723+0000] {dag.py:4180} INFO - Setting next_dagrun for example_branch_dop_operator_v3 to 2024-12-21 11:36:00+00:00, run_after=2024-12-21 11:37:00+00:00
[2024-12-21T11:37:24.747+0000] {processor.py:208} INFO - Processing /home/airflow/.local/lib/python3.12/site-packages/airflow/example_dags/example_branch_python_dop_operator_3.py took 0.101 seconds
[2024-12-21T11:37:55.572+0000] {processor.py:186} INFO - Started process (PID=2542) to work on /home/airflow/.local/lib/python3.12/site-packages/airflow/example_dags/example_branch_python_dop_operator_3.py
[2024-12-21T11:37:55.574+0000] {processor.py:914} INFO - Processing file /home/airflow/.local/lib/python3.12/site-packages/airflow/example_dags/example_branch_python_dop_operator_3.py for tasks to queue
[2024-12-21T11:37:55.577+0000] {logging_mixin.py:190} INFO - [2024-12-21T11:37:55.576+0000] {dagbag.py:588} INFO - Filling up the DagBag from /home/airflow/.local/lib/python3.12/site-packages/airflow/example_dags/example_branch_python_dop_operator_3.py
[2024-12-21T11:37:55.589+0000] {processor.py:925} INFO - DAG(s) 'example_branch_dop_operator_v3' retrieved from /home/airflow/.local/lib/python3.12/site-packages/airflow/example_dags/example_branch_python_dop_operator_3.py
[2024-12-21T11:37:55.614+0000] {logging_mixin.py:190} INFO - [2024-12-21T11:37:55.614+0000] {dag.py:3239} INFO - Sync 1 DAGs
[2024-12-21T11:37:55.645+0000] {logging_mixin.py:190} INFO - [2024-12-21T11:37:55.645+0000] {dag.py:4180} INFO - Setting next_dagrun for example_branch_dop_operator_v3 to 2024-12-21 11:36:00+00:00, run_after=2024-12-21 11:37:00+00:00
[2024-12-21T11:37:55.672+0000] {processor.py:208} INFO - Processing /home/airflow/.local/lib/python3.12/site-packages/airflow/example_dags/example_branch_python_dop_operator_3.py took 0.106 seconds
[2024-12-21T11:38:26.649+0000] {processor.py:186} INFO - Started process (PID=2608) to work on /home/airflow/.local/lib/python3.12/site-packages/airflow/example_dags/example_branch_python_dop_operator_3.py
[2024-12-21T11:38:26.651+0000] {processor.py:914} INFO - Processing file /home/airflow/.local/lib/python3.12/site-packages/airflow/example_dags/example_branch_python_dop_operator_3.py for tasks to queue
[2024-12-21T11:38:26.655+0000] {logging_mixin.py:190} INFO - [2024-12-21T11:38:26.654+0000] {dagbag.py:588} INFO - Filling up the DagBag from /home/airflow/.local/lib/python3.12/site-packages/airflow/example_dags/example_branch_python_dop_operator_3.py
[2024-12-21T11:38:26.671+0000] {processor.py:925} INFO - DAG(s) 'example_branch_dop_operator_v3' retrieved from /home/airflow/.local/lib/python3.12/site-packages/airflow/example_dags/example_branch_python_dop_operator_3.py
[2024-12-21T11:38:26.704+0000] {logging_mixin.py:190} INFO - [2024-12-21T11:38:26.704+0000] {dag.py:3239} INFO - Sync 1 DAGs
[2024-12-21T11:38:26.738+0000] {logging_mixin.py:190} INFO - [2024-12-21T11:38:26.738+0000] {dag.py:4180} INFO - Setting next_dagrun for example_branch_dop_operator_v3 to 2024-12-21 11:37:00+00:00, run_after=2024-12-21 11:38:00+00:00
[2024-12-21T11:38:26.764+0000] {processor.py:208} INFO - Processing /home/airflow/.local/lib/python3.12/site-packages/airflow/example_dags/example_branch_python_dop_operator_3.py took 0.125 seconds
[2024-12-21T11:38:57.284+0000] {processor.py:186} INFO - Started process (PID=2674) to work on /home/airflow/.local/lib/python3.12/site-packages/airflow/example_dags/example_branch_python_dop_operator_3.py
[2024-12-21T11:38:57.286+0000] {processor.py:914} INFO - Processing file /home/airflow/.local/lib/python3.12/site-packages/airflow/example_dags/example_branch_python_dop_operator_3.py for tasks to queue
[2024-12-21T11:38:57.289+0000] {logging_mixin.py:190} INFO - [2024-12-21T11:38:57.288+0000] {dagbag.py:588} INFO - Filling up the DagBag from /home/airflow/.local/lib/python3.12/site-packages/airflow/example_dags/example_branch_python_dop_operator_3.py
[2024-12-21T11:38:57.301+0000] {processor.py:925} INFO - DAG(s) 'example_branch_dop_operator_v3' retrieved from /home/airflow/.local/lib/python3.12/site-packages/airflow/example_dags/example_branch_python_dop_operator_3.py
[2024-12-21T11:38:57.324+0000] {logging_mixin.py:190} INFO - [2024-12-21T11:38:57.323+0000] {dag.py:3239} INFO - Sync 1 DAGs
[2024-12-21T11:38:57.352+0000] {logging_mixin.py:190} INFO - [2024-12-21T11:38:57.352+0000] {dag.py:4180} INFO - Setting next_dagrun for example_branch_dop_operator_v3 to 2024-12-21 11:37:00+00:00, run_after=2024-12-21 11:38:00+00:00
[2024-12-21T11:38:57.375+0000] {processor.py:208} INFO - Processing /home/airflow/.local/lib/python3.12/site-packages/airflow/example_dags/example_branch_python_dop_operator_3.py took 0.098 seconds
[2024-12-21T11:39:28.082+0000] {processor.py:186} INFO - Started process (PID=2740) to work on /home/airflow/.local/lib/python3.12/site-packages/airflow/example_dags/example_branch_python_dop_operator_3.py
[2024-12-21T11:39:28.083+0000] {processor.py:914} INFO - Processing file /home/airflow/.local/lib/python3.12/site-packages/airflow/example_dags/example_branch_python_dop_operator_3.py for tasks to queue
[2024-12-21T11:39:28.086+0000] {logging_mixin.py:190} INFO - [2024-12-21T11:39:28.085+0000] {dagbag.py:588} INFO - Filling up the DagBag from /home/airflow/.local/lib/python3.12/site-packages/airflow/example_dags/example_branch_python_dop_operator_3.py
[2024-12-21T11:39:28.097+0000] {processor.py:925} INFO - DAG(s) 'example_branch_dop_operator_v3' retrieved from /home/airflow/.local/lib/python3.12/site-packages/airflow/example_dags/example_branch_python_dop_operator_3.py
[2024-12-21T11:39:28.119+0000] {logging_mixin.py:190} INFO - [2024-12-21T11:39:28.119+0000] {dag.py:3239} INFO - Sync 1 DAGs
[2024-12-21T11:39:28.147+0000] {logging_mixin.py:190} INFO - [2024-12-21T11:39:28.147+0000] {dag.py:4180} INFO - Setting next_dagrun for example_branch_dop_operator_v3 to 2024-12-21 11:38:00+00:00, run_after=2024-12-21 11:39:00+00:00
[2024-12-21T11:39:28.168+0000] {processor.py:208} INFO - Processing /home/airflow/.local/lib/python3.12/site-packages/airflow/example_dags/example_branch_python_dop_operator_3.py took 0.093 seconds
[2024-12-21T11:39:58.355+0000] {processor.py:186} INFO - Started process (PID=2806) to work on /home/airflow/.local/lib/python3.12/site-packages/airflow/example_dags/example_branch_python_dop_operator_3.py
[2024-12-21T11:39:58.356+0000] {processor.py:914} INFO - Processing file /home/airflow/.local/lib/python3.12/site-packages/airflow/example_dags/example_branch_python_dop_operator_3.py for tasks to queue
[2024-12-21T11:39:58.358+0000] {logging_mixin.py:190} INFO - [2024-12-21T11:39:58.358+0000] {dagbag.py:588} INFO - Filling up the DagBag from /home/airflow/.local/lib/python3.12/site-packages/airflow/example_dags/example_branch_python_dop_operator_3.py
[2024-12-21T11:39:58.369+0000] {processor.py:925} INFO - DAG(s) 'example_branch_dop_operator_v3' retrieved from /home/airflow/.local/lib/python3.12/site-packages/airflow/example_dags/example_branch_python_dop_operator_3.py
[2024-12-21T11:39:58.393+0000] {logging_mixin.py:190} INFO - [2024-12-21T11:39:58.392+0000] {dag.py:3239} INFO - Sync 1 DAGs
[2024-12-21T11:39:58.422+0000] {logging_mixin.py:190} INFO - [2024-12-21T11:39:58.421+0000] {dag.py:4180} INFO - Setting next_dagrun for example_branch_dop_operator_v3 to 2024-12-21 11:38:00+00:00, run_after=2024-12-21 11:39:00+00:00
[2024-12-21T11:39:58.444+0000] {processor.py:208} INFO - Processing /home/airflow/.local/lib/python3.12/site-packages/airflow/example_dags/example_branch_python_dop_operator_3.py took 0.095 seconds
