[2024-12-21T11:19:35.662+0000] {processor.py:186} INFO - Started process (PID=92) to work on /home/airflow/.local/lib/python3.12/site-packages/airflow/example_dags/example_display_name.py
[2024-12-21T11:19:35.664+0000] {processor.py:914} INFO - Processing file /home/airflow/.local/lib/python3.12/site-packages/airflow/example_dags/example_display_name.py for tasks to queue
[2024-12-21T11:19:35.670+0000] {logging_mixin.py:190} INFO - [2024-12-21T11:19:35.670+0000] {dagbag.py:588} INFO - Filling up the DagBag from /home/airflow/.local/lib/python3.12/site-packages/airflow/example_dags/example_display_name.py
[2024-12-21T11:19:35.693+0000] {processor.py:925} INFO - DAG(s) 'example_display_name' retrieved from /home/airflow/.local/lib/python3.12/site-packages/airflow/example_dags/example_display_name.py
[2024-12-21T11:19:35.772+0000] {logging_mixin.py:190} INFO - [2024-12-21T11:19:35.772+0000] {dag.py:3239} INFO - Sync 1 DAGs
[2024-12-21T11:19:35.832+0000] {logging_mixin.py:190} INFO - [2024-12-21T11:19:35.831+0000] {dag.py:4180} INFO - Setting next_dagrun for example_display_name to None, run_after=None
[2024-12-21T11:19:35.901+0000] {processor.py:208} INFO - Processing /home/airflow/.local/lib/python3.12/site-packages/airflow/example_dags/example_display_name.py took 0.263 seconds
[2024-12-21T11:20:06.785+0000] {processor.py:186} INFO - Started process (PID=184) to work on /home/airflow/.local/lib/python3.12/site-packages/airflow/example_dags/example_display_name.py
[2024-12-21T11:20:06.786+0000] {processor.py:914} INFO - Processing file /home/airflow/.local/lib/python3.12/site-packages/airflow/example_dags/example_display_name.py for tasks to queue
[2024-12-21T11:20:06.791+0000] {logging_mixin.py:190} INFO - [2024-12-21T11:20:06.790+0000] {dagbag.py:588} INFO - Filling up the DagBag from /home/airflow/.local/lib/python3.12/site-packages/airflow/example_dags/example_display_name.py
[2024-12-21T11:20:06.805+0000] {processor.py:925} INFO - DAG(s) 'example_display_name' retrieved from /home/airflow/.local/lib/python3.12/site-packages/airflow/example_dags/example_display_name.py
[2024-12-21T11:20:06.830+0000] {logging_mixin.py:190} INFO - [2024-12-21T11:20:06.830+0000] {dag.py:3239} INFO - Sync 1 DAGs
[2024-12-21T11:20:06.846+0000] {logging_mixin.py:190} INFO - [2024-12-21T11:20:06.846+0000] {dag.py:4180} INFO - Setting next_dagrun for example_display_name to None, run_after=None
[2024-12-21T11:20:06.875+0000] {processor.py:208} INFO - Processing /home/airflow/.local/lib/python3.12/site-packages/airflow/example_dags/example_display_name.py took 0.097 seconds
[2024-12-21T11:20:37.295+0000] {processor.py:186} INFO - Started process (PID=250) to work on /home/airflow/.local/lib/python3.12/site-packages/airflow/example_dags/example_display_name.py
[2024-12-21T11:20:37.297+0000] {processor.py:914} INFO - Processing file /home/airflow/.local/lib/python3.12/site-packages/airflow/example_dags/example_display_name.py for tasks to queue
[2024-12-21T11:20:37.299+0000] {logging_mixin.py:190} INFO - [2024-12-21T11:20:37.299+0000] {dagbag.py:588} INFO - Filling up the DagBag from /home/airflow/.local/lib/python3.12/site-packages/airflow/example_dags/example_display_name.py
[2024-12-21T11:20:37.308+0000] {processor.py:925} INFO - DAG(s) 'example_display_name' retrieved from /home/airflow/.local/lib/python3.12/site-packages/airflow/example_dags/example_display_name.py
[2024-12-21T11:20:37.335+0000] {logging_mixin.py:190} INFO - [2024-12-21T11:20:37.335+0000] {dag.py:3239} INFO - Sync 1 DAGs
[2024-12-21T11:20:37.351+0000] {logging_mixin.py:190} INFO - [2024-12-21T11:20:37.351+0000] {dag.py:4180} INFO - Setting next_dagrun for example_display_name to None, run_after=None
[2024-12-21T11:20:37.375+0000] {processor.py:208} INFO - Processing /home/airflow/.local/lib/python3.12/site-packages/airflow/example_dags/example_display_name.py took 0.086 seconds
[2024-12-21T11:21:08.024+0000] {processor.py:186} INFO - Started process (PID=316) to work on /home/airflow/.local/lib/python3.12/site-packages/airflow/example_dags/example_display_name.py
[2024-12-21T11:21:08.025+0000] {processor.py:914} INFO - Processing file /home/airflow/.local/lib/python3.12/site-packages/airflow/example_dags/example_display_name.py for tasks to queue
[2024-12-21T11:21:08.028+0000] {logging_mixin.py:190} INFO - [2024-12-21T11:21:08.028+0000] {dagbag.py:588} INFO - Filling up the DagBag from /home/airflow/.local/lib/python3.12/site-packages/airflow/example_dags/example_display_name.py
[2024-12-21T11:21:08.036+0000] {processor.py:925} INFO - DAG(s) 'example_display_name' retrieved from /home/airflow/.local/lib/python3.12/site-packages/airflow/example_dags/example_display_name.py
[2024-12-21T11:21:08.057+0000] {logging_mixin.py:190} INFO - [2024-12-21T11:21:08.057+0000] {dag.py:3239} INFO - Sync 1 DAGs
[2024-12-21T11:21:08.073+0000] {logging_mixin.py:190} INFO - [2024-12-21T11:21:08.073+0000] {dag.py:4180} INFO - Setting next_dagrun for example_display_name to None, run_after=None
[2024-12-21T11:21:08.103+0000] {processor.py:208} INFO - Processing /home/airflow/.local/lib/python3.12/site-packages/airflow/example_dags/example_display_name.py took 0.085 seconds
[2024-12-21T11:21:38.742+0000] {processor.py:186} INFO - Started process (PID=381) to work on /home/airflow/.local/lib/python3.12/site-packages/airflow/example_dags/example_display_name.py
[2024-12-21T11:21:38.744+0000] {processor.py:914} INFO - Processing file /home/airflow/.local/lib/python3.12/site-packages/airflow/example_dags/example_display_name.py for tasks to queue
[2024-12-21T11:21:38.747+0000] {logging_mixin.py:190} INFO - [2024-12-21T11:21:38.747+0000] {dagbag.py:588} INFO - Filling up the DagBag from /home/airflow/.local/lib/python3.12/site-packages/airflow/example_dags/example_display_name.py
[2024-12-21T11:21:38.756+0000] {processor.py:925} INFO - DAG(s) 'example_display_name' retrieved from /home/airflow/.local/lib/python3.12/site-packages/airflow/example_dags/example_display_name.py
[2024-12-21T11:21:38.778+0000] {logging_mixin.py:190} INFO - [2024-12-21T11:21:38.777+0000] {dag.py:3239} INFO - Sync 1 DAGs
[2024-12-21T11:21:38.795+0000] {logging_mixin.py:190} INFO - [2024-12-21T11:21:38.795+0000] {dag.py:4180} INFO - Setting next_dagrun for example_display_name to None, run_after=None
[2024-12-21T11:21:38.821+0000] {processor.py:208} INFO - Processing /home/airflow/.local/lib/python3.12/site-packages/airflow/example_dags/example_display_name.py took 0.085 seconds
[2024-12-21T11:22:09.330+0000] {processor.py:186} INFO - Started process (PID=447) to work on /home/airflow/.local/lib/python3.12/site-packages/airflow/example_dags/example_display_name.py
[2024-12-21T11:22:09.332+0000] {processor.py:914} INFO - Processing file /home/airflow/.local/lib/python3.12/site-packages/airflow/example_dags/example_display_name.py for tasks to queue
[2024-12-21T11:22:09.334+0000] {logging_mixin.py:190} INFO - [2024-12-21T11:22:09.334+0000] {dagbag.py:588} INFO - Filling up the DagBag from /home/airflow/.local/lib/python3.12/site-packages/airflow/example_dags/example_display_name.py
[2024-12-21T11:22:09.342+0000] {processor.py:925} INFO - DAG(s) 'example_display_name' retrieved from /home/airflow/.local/lib/python3.12/site-packages/airflow/example_dags/example_display_name.py
[2024-12-21T11:22:09.363+0000] {logging_mixin.py:190} INFO - [2024-12-21T11:22:09.363+0000] {dag.py:3239} INFO - Sync 1 DAGs
[2024-12-21T11:22:09.378+0000] {logging_mixin.py:190} INFO - [2024-12-21T11:22:09.378+0000] {dag.py:4180} INFO - Setting next_dagrun for example_display_name to None, run_after=None
[2024-12-21T11:22:09.400+0000] {processor.py:208} INFO - Processing /home/airflow/.local/lib/python3.12/site-packages/airflow/example_dags/example_display_name.py took 0.076 seconds
[2024-12-21T11:22:39.996+0000] {processor.py:186} INFO - Started process (PID=513) to work on /home/airflow/.local/lib/python3.12/site-packages/airflow/example_dags/example_display_name.py
[2024-12-21T11:22:39.998+0000] {processor.py:914} INFO - Processing file /home/airflow/.local/lib/python3.12/site-packages/airflow/example_dags/example_display_name.py for tasks to queue
[2024-12-21T11:22:40.001+0000] {logging_mixin.py:190} INFO - [2024-12-21T11:22:40.000+0000] {dagbag.py:588} INFO - Filling up the DagBag from /home/airflow/.local/lib/python3.12/site-packages/airflow/example_dags/example_display_name.py
[2024-12-21T11:22:40.009+0000] {processor.py:925} INFO - DAG(s) 'example_display_name' retrieved from /home/airflow/.local/lib/python3.12/site-packages/airflow/example_dags/example_display_name.py
[2024-12-21T11:22:40.030+0000] {logging_mixin.py:190} INFO - [2024-12-21T11:22:40.030+0000] {dag.py:3239} INFO - Sync 1 DAGs
[2024-12-21T11:22:40.047+0000] {logging_mixin.py:190} INFO - [2024-12-21T11:22:40.046+0000] {dag.py:4180} INFO - Setting next_dagrun for example_display_name to None, run_after=None
[2024-12-21T11:22:40.069+0000] {processor.py:208} INFO - Processing /home/airflow/.local/lib/python3.12/site-packages/airflow/example_dags/example_display_name.py took 0.079 seconds
[2024-12-21T11:23:10.129+0000] {processor.py:186} INFO - Started process (PID=579) to work on /home/airflow/.local/lib/python3.12/site-packages/airflow/example_dags/example_display_name.py
[2024-12-21T11:23:10.131+0000] {processor.py:914} INFO - Processing file /home/airflow/.local/lib/python3.12/site-packages/airflow/example_dags/example_display_name.py for tasks to queue
[2024-12-21T11:23:10.134+0000] {logging_mixin.py:190} INFO - [2024-12-21T11:23:10.133+0000] {dagbag.py:588} INFO - Filling up the DagBag from /home/airflow/.local/lib/python3.12/site-packages/airflow/example_dags/example_display_name.py
[2024-12-21T11:23:10.143+0000] {processor.py:925} INFO - DAG(s) 'example_display_name' retrieved from /home/airflow/.local/lib/python3.12/site-packages/airflow/example_dags/example_display_name.py
[2024-12-21T11:23:10.174+0000] {logging_mixin.py:190} INFO - [2024-12-21T11:23:10.174+0000] {dag.py:3239} INFO - Sync 1 DAGs
[2024-12-21T11:23:10.196+0000] {logging_mixin.py:190} INFO - [2024-12-21T11:23:10.196+0000] {dag.py:4180} INFO - Setting next_dagrun for example_display_name to None, run_after=None
[2024-12-21T11:23:10.224+0000] {processor.py:208} INFO - Processing /home/airflow/.local/lib/python3.12/site-packages/airflow/example_dags/example_display_name.py took 0.103 seconds
[2024-12-21T11:23:40.331+0000] {processor.py:186} INFO - Started process (PID=645) to work on /home/airflow/.local/lib/python3.12/site-packages/airflow/example_dags/example_display_name.py
[2024-12-21T11:23:40.332+0000] {processor.py:914} INFO - Processing file /home/airflow/.local/lib/python3.12/site-packages/airflow/example_dags/example_display_name.py for tasks to queue
[2024-12-21T11:23:40.335+0000] {logging_mixin.py:190} INFO - [2024-12-21T11:23:40.334+0000] {dagbag.py:588} INFO - Filling up the DagBag from /home/airflow/.local/lib/python3.12/site-packages/airflow/example_dags/example_display_name.py
[2024-12-21T11:23:40.344+0000] {processor.py:925} INFO - DAG(s) 'example_display_name' retrieved from /home/airflow/.local/lib/python3.12/site-packages/airflow/example_dags/example_display_name.py
[2024-12-21T11:23:40.368+0000] {logging_mixin.py:190} INFO - [2024-12-21T11:23:40.368+0000] {dag.py:3239} INFO - Sync 1 DAGs
[2024-12-21T11:23:40.387+0000] {logging_mixin.py:190} INFO - [2024-12-21T11:23:40.387+0000] {dag.py:4180} INFO - Setting next_dagrun for example_display_name to None, run_after=None
[2024-12-21T11:23:40.415+0000] {processor.py:208} INFO - Processing /home/airflow/.local/lib/python3.12/site-packages/airflow/example_dags/example_display_name.py took 0.093 seconds
[2024-12-21T11:24:10.570+0000] {processor.py:186} INFO - Started process (PID=711) to work on /home/airflow/.local/lib/python3.12/site-packages/airflow/example_dags/example_display_name.py
[2024-12-21T11:24:10.571+0000] {processor.py:914} INFO - Processing file /home/airflow/.local/lib/python3.12/site-packages/airflow/example_dags/example_display_name.py for tasks to queue
[2024-12-21T11:24:10.574+0000] {logging_mixin.py:190} INFO - [2024-12-21T11:24:10.573+0000] {dagbag.py:588} INFO - Filling up the DagBag from /home/airflow/.local/lib/python3.12/site-packages/airflow/example_dags/example_display_name.py
[2024-12-21T11:24:10.582+0000] {processor.py:925} INFO - DAG(s) 'example_display_name' retrieved from /home/airflow/.local/lib/python3.12/site-packages/airflow/example_dags/example_display_name.py
[2024-12-21T11:24:10.602+0000] {logging_mixin.py:190} INFO - [2024-12-21T11:24:10.601+0000] {dag.py:3239} INFO - Sync 1 DAGs
[2024-12-21T11:24:10.618+0000] {logging_mixin.py:190} INFO - [2024-12-21T11:24:10.617+0000] {dag.py:4180} INFO - Setting next_dagrun for example_display_name to None, run_after=None
[2024-12-21T11:24:10.639+0000] {processor.py:208} INFO - Processing /home/airflow/.local/lib/python3.12/site-packages/airflow/example_dags/example_display_name.py took 0.076 seconds
[2024-12-21T11:24:41.066+0000] {processor.py:186} INFO - Started process (PID=777) to work on /home/airflow/.local/lib/python3.12/site-packages/airflow/example_dags/example_display_name.py
[2024-12-21T11:24:41.067+0000] {processor.py:914} INFO - Processing file /home/airflow/.local/lib/python3.12/site-packages/airflow/example_dags/example_display_name.py for tasks to queue
[2024-12-21T11:24:41.070+0000] {logging_mixin.py:190} INFO - [2024-12-21T11:24:41.069+0000] {dagbag.py:588} INFO - Filling up the DagBag from /home/airflow/.local/lib/python3.12/site-packages/airflow/example_dags/example_display_name.py
[2024-12-21T11:24:41.078+0000] {processor.py:925} INFO - DAG(s) 'example_display_name' retrieved from /home/airflow/.local/lib/python3.12/site-packages/airflow/example_dags/example_display_name.py
[2024-12-21T11:24:41.099+0000] {logging_mixin.py:190} INFO - [2024-12-21T11:24:41.098+0000] {dag.py:3239} INFO - Sync 1 DAGs
[2024-12-21T11:24:41.114+0000] {logging_mixin.py:190} INFO - [2024-12-21T11:24:41.113+0000] {dag.py:4180} INFO - Setting next_dagrun for example_display_name to None, run_after=None
[2024-12-21T11:24:41.134+0000] {processor.py:208} INFO - Processing /home/airflow/.local/lib/python3.12/site-packages/airflow/example_dags/example_display_name.py took 0.075 seconds
[2024-12-21T11:25:15.032+0000] {processor.py:186} INFO - Started process (PID=868) to work on /home/airflow/.local/lib/python3.12/site-packages/airflow/example_dags/example_display_name.py
[2024-12-21T11:25:15.034+0000] {processor.py:914} INFO - Processing file /home/airflow/.local/lib/python3.12/site-packages/airflow/example_dags/example_display_name.py for tasks to queue
[2024-12-21T11:25:15.040+0000] {logging_mixin.py:190} INFO - [2024-12-21T11:25:15.040+0000] {dagbag.py:588} INFO - Filling up the DagBag from /home/airflow/.local/lib/python3.12/site-packages/airflow/example_dags/example_display_name.py
[2024-12-21T11:25:15.064+0000] {processor.py:925} INFO - DAG(s) 'example_display_name' retrieved from /home/airflow/.local/lib/python3.12/site-packages/airflow/example_dags/example_display_name.py
[2024-12-21T11:25:15.140+0000] {logging_mixin.py:190} INFO - [2024-12-21T11:25:15.140+0000] {dag.py:3239} INFO - Sync 1 DAGs
[2024-12-21T11:25:15.188+0000] {logging_mixin.py:190} INFO - [2024-12-21T11:25:15.187+0000] {dag.py:4180} INFO - Setting next_dagrun for example_display_name to None, run_after=None
[2024-12-21T11:25:15.252+0000] {processor.py:208} INFO - Processing /home/airflow/.local/lib/python3.12/site-packages/airflow/example_dags/example_display_name.py took 0.240 seconds
[2024-12-21T11:25:45.441+0000] {processor.py:186} INFO - Started process (PID=944) to work on /home/airflow/.local/lib/python3.12/site-packages/airflow/example_dags/example_display_name.py
[2024-12-21T11:25:45.443+0000] {processor.py:914} INFO - Processing file /home/airflow/.local/lib/python3.12/site-packages/airflow/example_dags/example_display_name.py for tasks to queue
[2024-12-21T11:25:45.446+0000] {logging_mixin.py:190} INFO - [2024-12-21T11:25:45.445+0000] {dagbag.py:588} INFO - Filling up the DagBag from /home/airflow/.local/lib/python3.12/site-packages/airflow/example_dags/example_display_name.py
[2024-12-21T11:25:45.454+0000] {processor.py:925} INFO - DAG(s) 'example_display_name' retrieved from /home/airflow/.local/lib/python3.12/site-packages/airflow/example_dags/example_display_name.py
[2024-12-21T11:25:45.479+0000] {logging_mixin.py:190} INFO - [2024-12-21T11:25:45.478+0000] {dag.py:3239} INFO - Sync 1 DAGs
[2024-12-21T11:25:45.502+0000] {logging_mixin.py:190} INFO - [2024-12-21T11:25:45.502+0000] {dag.py:4180} INFO - Setting next_dagrun for example_display_name to None, run_after=None
[2024-12-21T11:25:45.524+0000] {processor.py:208} INFO - Processing /home/airflow/.local/lib/python3.12/site-packages/airflow/example_dags/example_display_name.py took 0.089 seconds
[2024-12-21T11:26:15.846+0000] {processor.py:186} INFO - Started process (PID=1010) to work on /home/airflow/.local/lib/python3.12/site-packages/airflow/example_dags/example_display_name.py
[2024-12-21T11:26:15.847+0000] {processor.py:914} INFO - Processing file /home/airflow/.local/lib/python3.12/site-packages/airflow/example_dags/example_display_name.py for tasks to queue
[2024-12-21T11:26:15.850+0000] {logging_mixin.py:190} INFO - [2024-12-21T11:26:15.850+0000] {dagbag.py:588} INFO - Filling up the DagBag from /home/airflow/.local/lib/python3.12/site-packages/airflow/example_dags/example_display_name.py
[2024-12-21T11:26:15.859+0000] {processor.py:925} INFO - DAG(s) 'example_display_name' retrieved from /home/airflow/.local/lib/python3.12/site-packages/airflow/example_dags/example_display_name.py
[2024-12-21T11:26:15.882+0000] {logging_mixin.py:190} INFO - [2024-12-21T11:26:15.882+0000] {dag.py:3239} INFO - Sync 1 DAGs
[2024-12-21T11:26:15.899+0000] {logging_mixin.py:190} INFO - [2024-12-21T11:26:15.899+0000] {dag.py:4180} INFO - Setting next_dagrun for example_display_name to None, run_after=None
[2024-12-21T11:26:15.921+0000] {processor.py:208} INFO - Processing /home/airflow/.local/lib/python3.12/site-packages/airflow/example_dags/example_display_name.py took 0.081 seconds
[2024-12-21T11:26:46.165+0000] {processor.py:186} INFO - Started process (PID=1076) to work on /home/airflow/.local/lib/python3.12/site-packages/airflow/example_dags/example_display_name.py
[2024-12-21T11:26:46.167+0000] {processor.py:914} INFO - Processing file /home/airflow/.local/lib/python3.12/site-packages/airflow/example_dags/example_display_name.py for tasks to queue
[2024-12-21T11:26:46.169+0000] {logging_mixin.py:190} INFO - [2024-12-21T11:26:46.169+0000] {dagbag.py:588} INFO - Filling up the DagBag from /home/airflow/.local/lib/python3.12/site-packages/airflow/example_dags/example_display_name.py
[2024-12-21T11:26:46.177+0000] {processor.py:925} INFO - DAG(s) 'example_display_name' retrieved from /home/airflow/.local/lib/python3.12/site-packages/airflow/example_dags/example_display_name.py
[2024-12-21T11:26:46.200+0000] {logging_mixin.py:190} INFO - [2024-12-21T11:26:46.199+0000] {dag.py:3239} INFO - Sync 1 DAGs
[2024-12-21T11:26:46.217+0000] {logging_mixin.py:190} INFO - [2024-12-21T11:26:46.216+0000] {dag.py:4180} INFO - Setting next_dagrun for example_display_name to None, run_after=None
[2024-12-21T11:26:46.237+0000] {processor.py:208} INFO - Processing /home/airflow/.local/lib/python3.12/site-packages/airflow/example_dags/example_display_name.py took 0.079 seconds
[2024-12-21T11:27:16.420+0000] {processor.py:186} INFO - Started process (PID=1142) to work on /home/airflow/.local/lib/python3.12/site-packages/airflow/example_dags/example_display_name.py
[2024-12-21T11:27:16.421+0000] {processor.py:914} INFO - Processing file /home/airflow/.local/lib/python3.12/site-packages/airflow/example_dags/example_display_name.py for tasks to queue
[2024-12-21T11:27:16.424+0000] {logging_mixin.py:190} INFO - [2024-12-21T11:27:16.423+0000] {dagbag.py:588} INFO - Filling up the DagBag from /home/airflow/.local/lib/python3.12/site-packages/airflow/example_dags/example_display_name.py
[2024-12-21T11:27:16.432+0000] {processor.py:925} INFO - DAG(s) 'example_display_name' retrieved from /home/airflow/.local/lib/python3.12/site-packages/airflow/example_dags/example_display_name.py
[2024-12-21T11:27:16.457+0000] {logging_mixin.py:190} INFO - [2024-12-21T11:27:16.456+0000] {dag.py:3239} INFO - Sync 1 DAGs
[2024-12-21T11:27:16.475+0000] {logging_mixin.py:190} INFO - [2024-12-21T11:27:16.474+0000] {dag.py:4180} INFO - Setting next_dagrun for example_display_name to None, run_after=None
[2024-12-21T11:27:16.501+0000] {processor.py:208} INFO - Processing /home/airflow/.local/lib/python3.12/site-packages/airflow/example_dags/example_display_name.py took 0.089 seconds
[2024-12-21T11:27:46.822+0000] {processor.py:186} INFO - Started process (PID=1208) to work on /home/airflow/.local/lib/python3.12/site-packages/airflow/example_dags/example_display_name.py
[2024-12-21T11:27:46.824+0000] {processor.py:914} INFO - Processing file /home/airflow/.local/lib/python3.12/site-packages/airflow/example_dags/example_display_name.py for tasks to queue
[2024-12-21T11:27:46.827+0000] {logging_mixin.py:190} INFO - [2024-12-21T11:27:46.826+0000] {dagbag.py:588} INFO - Filling up the DagBag from /home/airflow/.local/lib/python3.12/site-packages/airflow/example_dags/example_display_name.py
[2024-12-21T11:27:46.836+0000] {processor.py:925} INFO - DAG(s) 'example_display_name' retrieved from /home/airflow/.local/lib/python3.12/site-packages/airflow/example_dags/example_display_name.py
[2024-12-21T11:27:46.860+0000] {logging_mixin.py:190} INFO - [2024-12-21T11:27:46.860+0000] {dag.py:3239} INFO - Sync 1 DAGs
[2024-12-21T11:27:46.876+0000] {logging_mixin.py:190} INFO - [2024-12-21T11:27:46.876+0000] {dag.py:4180} INFO - Setting next_dagrun for example_display_name to None, run_after=None
[2024-12-21T11:27:46.896+0000] {processor.py:208} INFO - Processing /home/airflow/.local/lib/python3.12/site-packages/airflow/example_dags/example_display_name.py took 0.082 seconds
[2024-12-21T11:28:17.247+0000] {processor.py:186} INFO - Started process (PID=1274) to work on /home/airflow/.local/lib/python3.12/site-packages/airflow/example_dags/example_display_name.py
[2024-12-21T11:28:17.248+0000] {processor.py:914} INFO - Processing file /home/airflow/.local/lib/python3.12/site-packages/airflow/example_dags/example_display_name.py for tasks to queue
[2024-12-21T11:28:17.251+0000] {logging_mixin.py:190} INFO - [2024-12-21T11:28:17.251+0000] {dagbag.py:588} INFO - Filling up the DagBag from /home/airflow/.local/lib/python3.12/site-packages/airflow/example_dags/example_display_name.py
[2024-12-21T11:28:17.260+0000] {processor.py:925} INFO - DAG(s) 'example_display_name' retrieved from /home/airflow/.local/lib/python3.12/site-packages/airflow/example_dags/example_display_name.py
[2024-12-21T11:28:17.282+0000] {logging_mixin.py:190} INFO - [2024-12-21T11:28:17.282+0000] {dag.py:3239} INFO - Sync 1 DAGs
[2024-12-21T11:28:17.299+0000] {logging_mixin.py:190} INFO - [2024-12-21T11:28:17.299+0000] {dag.py:4180} INFO - Setting next_dagrun for example_display_name to None, run_after=None
[2024-12-21T11:28:17.322+0000] {processor.py:208} INFO - Processing /home/airflow/.local/lib/python3.12/site-packages/airflow/example_dags/example_display_name.py took 0.082 seconds
[2024-12-21T11:28:47.871+0000] {processor.py:186} INFO - Started process (PID=1340) to work on /home/airflow/.local/lib/python3.12/site-packages/airflow/example_dags/example_display_name.py
[2024-12-21T11:28:47.873+0000] {processor.py:914} INFO - Processing file /home/airflow/.local/lib/python3.12/site-packages/airflow/example_dags/example_display_name.py for tasks to queue
[2024-12-21T11:28:47.875+0000] {logging_mixin.py:190} INFO - [2024-12-21T11:28:47.875+0000] {dagbag.py:588} INFO - Filling up the DagBag from /home/airflow/.local/lib/python3.12/site-packages/airflow/example_dags/example_display_name.py
[2024-12-21T11:28:47.883+0000] {processor.py:925} INFO - DAG(s) 'example_display_name' retrieved from /home/airflow/.local/lib/python3.12/site-packages/airflow/example_dags/example_display_name.py
[2024-12-21T11:28:47.905+0000] {logging_mixin.py:190} INFO - [2024-12-21T11:28:47.905+0000] {dag.py:3239} INFO - Sync 1 DAGs
[2024-12-21T11:28:47.921+0000] {logging_mixin.py:190} INFO - [2024-12-21T11:28:47.921+0000] {dag.py:4180} INFO - Setting next_dagrun for example_display_name to None, run_after=None
[2024-12-21T11:28:47.942+0000] {processor.py:208} INFO - Processing /home/airflow/.local/lib/python3.12/site-packages/airflow/example_dags/example_display_name.py took 0.077 seconds
[2024-12-21T11:29:18.553+0000] {processor.py:186} INFO - Started process (PID=1406) to work on /home/airflow/.local/lib/python3.12/site-packages/airflow/example_dags/example_display_name.py
[2024-12-21T11:29:18.554+0000] {processor.py:914} INFO - Processing file /home/airflow/.local/lib/python3.12/site-packages/airflow/example_dags/example_display_name.py for tasks to queue
[2024-12-21T11:29:18.557+0000] {logging_mixin.py:190} INFO - [2024-12-21T11:29:18.556+0000] {dagbag.py:588} INFO - Filling up the DagBag from /home/airflow/.local/lib/python3.12/site-packages/airflow/example_dags/example_display_name.py
[2024-12-21T11:29:18.565+0000] {processor.py:925} INFO - DAG(s) 'example_display_name' retrieved from /home/airflow/.local/lib/python3.12/site-packages/airflow/example_dags/example_display_name.py
[2024-12-21T11:29:18.586+0000] {logging_mixin.py:190} INFO - [2024-12-21T11:29:18.586+0000] {dag.py:3239} INFO - Sync 1 DAGs
[2024-12-21T11:29:18.604+0000] {logging_mixin.py:190} INFO - [2024-12-21T11:29:18.604+0000] {dag.py:4180} INFO - Setting next_dagrun for example_display_name to None, run_after=None
[2024-12-21T11:29:18.623+0000] {processor.py:208} INFO - Processing /home/airflow/.local/lib/python3.12/site-packages/airflow/example_dags/example_display_name.py took 0.077 seconds
[2024-12-21T11:29:48.765+0000] {processor.py:186} INFO - Started process (PID=1472) to work on /home/airflow/.local/lib/python3.12/site-packages/airflow/example_dags/example_display_name.py
[2024-12-21T11:29:48.767+0000] {processor.py:914} INFO - Processing file /home/airflow/.local/lib/python3.12/site-packages/airflow/example_dags/example_display_name.py for tasks to queue
[2024-12-21T11:29:48.771+0000] {logging_mixin.py:190} INFO - [2024-12-21T11:29:48.770+0000] {dagbag.py:588} INFO - Filling up the DagBag from /home/airflow/.local/lib/python3.12/site-packages/airflow/example_dags/example_display_name.py
[2024-12-21T11:29:48.779+0000] {processor.py:925} INFO - DAG(s) 'example_display_name' retrieved from /home/airflow/.local/lib/python3.12/site-packages/airflow/example_dags/example_display_name.py
[2024-12-21T11:29:48.803+0000] {logging_mixin.py:190} INFO - [2024-12-21T11:29:48.803+0000] {dag.py:3239} INFO - Sync 1 DAGs
[2024-12-21T11:29:48.821+0000] {logging_mixin.py:190} INFO - [2024-12-21T11:29:48.820+0000] {dag.py:4180} INFO - Setting next_dagrun for example_display_name to None, run_after=None
[2024-12-21T11:29:48.845+0000] {processor.py:208} INFO - Processing /home/airflow/.local/lib/python3.12/site-packages/airflow/example_dags/example_display_name.py took 0.087 seconds
[2024-12-21T11:30:19.028+0000] {processor.py:186} INFO - Started process (PID=1538) to work on /home/airflow/.local/lib/python3.12/site-packages/airflow/example_dags/example_display_name.py
[2024-12-21T11:30:19.029+0000] {processor.py:914} INFO - Processing file /home/airflow/.local/lib/python3.12/site-packages/airflow/example_dags/example_display_name.py for tasks to queue
[2024-12-21T11:30:19.032+0000] {logging_mixin.py:190} INFO - [2024-12-21T11:30:19.031+0000] {dagbag.py:588} INFO - Filling up the DagBag from /home/airflow/.local/lib/python3.12/site-packages/airflow/example_dags/example_display_name.py
[2024-12-21T11:30:19.040+0000] {processor.py:925} INFO - DAG(s) 'example_display_name' retrieved from /home/airflow/.local/lib/python3.12/site-packages/airflow/example_dags/example_display_name.py
[2024-12-21T11:30:19.062+0000] {logging_mixin.py:190} INFO - [2024-12-21T11:30:19.062+0000] {dag.py:3239} INFO - Sync 1 DAGs
[2024-12-21T11:30:19.077+0000] {logging_mixin.py:190} INFO - [2024-12-21T11:30:19.077+0000] {dag.py:4180} INFO - Setting next_dagrun for example_display_name to None, run_after=None
[2024-12-21T11:30:19.097+0000] {processor.py:208} INFO - Processing /home/airflow/.local/lib/python3.12/site-packages/airflow/example_dags/example_display_name.py took 0.076 seconds
[2024-12-21T11:30:49.798+0000] {processor.py:186} INFO - Started process (PID=1620) to work on /home/airflow/.local/lib/python3.12/site-packages/airflow/example_dags/example_display_name.py
[2024-12-21T11:30:49.799+0000] {processor.py:914} INFO - Processing file /home/airflow/.local/lib/python3.12/site-packages/airflow/example_dags/example_display_name.py for tasks to queue
[2024-12-21T11:30:49.802+0000] {logging_mixin.py:190} INFO - [2024-12-21T11:30:49.802+0000] {dagbag.py:588} INFO - Filling up the DagBag from /home/airflow/.local/lib/python3.12/site-packages/airflow/example_dags/example_display_name.py
[2024-12-21T11:30:49.810+0000] {processor.py:925} INFO - DAG(s) 'example_display_name' retrieved from /home/airflow/.local/lib/python3.12/site-packages/airflow/example_dags/example_display_name.py
[2024-12-21T11:30:49.832+0000] {logging_mixin.py:190} INFO - [2024-12-21T11:30:49.832+0000] {dag.py:3239} INFO - Sync 1 DAGs
[2024-12-21T11:30:49.848+0000] {logging_mixin.py:190} INFO - [2024-12-21T11:30:49.848+0000] {dag.py:4180} INFO - Setting next_dagrun for example_display_name to None, run_after=None
[2024-12-21T11:30:49.872+0000] {processor.py:208} INFO - Processing /home/airflow/.local/lib/python3.12/site-packages/airflow/example_dags/example_display_name.py took 0.083 seconds
[2024-12-21T11:31:20.047+0000] {processor.py:186} INFO - Started process (PID=1686) to work on /home/airflow/.local/lib/python3.12/site-packages/airflow/example_dags/example_display_name.py
[2024-12-21T11:31:20.048+0000] {processor.py:914} INFO - Processing file /home/airflow/.local/lib/python3.12/site-packages/airflow/example_dags/example_display_name.py for tasks to queue
[2024-12-21T11:31:20.051+0000] {logging_mixin.py:190} INFO - [2024-12-21T11:31:20.050+0000] {dagbag.py:588} INFO - Filling up the DagBag from /home/airflow/.local/lib/python3.12/site-packages/airflow/example_dags/example_display_name.py
[2024-12-21T11:31:20.059+0000] {processor.py:925} INFO - DAG(s) 'example_display_name' retrieved from /home/airflow/.local/lib/python3.12/site-packages/airflow/example_dags/example_display_name.py
[2024-12-21T11:31:20.079+0000] {logging_mixin.py:190} INFO - [2024-12-21T11:31:20.079+0000] {dag.py:3239} INFO - Sync 1 DAGs
[2024-12-21T11:31:20.097+0000] {logging_mixin.py:190} INFO - [2024-12-21T11:31:20.096+0000] {dag.py:4180} INFO - Setting next_dagrun for example_display_name to None, run_after=None
[2024-12-21T11:31:20.117+0000] {processor.py:208} INFO - Processing /home/airflow/.local/lib/python3.12/site-packages/airflow/example_dags/example_display_name.py took 0.076 seconds
[2024-12-21T11:31:50.430+0000] {processor.py:186} INFO - Started process (PID=1752) to work on /home/airflow/.local/lib/python3.12/site-packages/airflow/example_dags/example_display_name.py
[2024-12-21T11:31:50.431+0000] {processor.py:914} INFO - Processing file /home/airflow/.local/lib/python3.12/site-packages/airflow/example_dags/example_display_name.py for tasks to queue
[2024-12-21T11:31:50.434+0000] {logging_mixin.py:190} INFO - [2024-12-21T11:31:50.433+0000] {dagbag.py:588} INFO - Filling up the DagBag from /home/airflow/.local/lib/python3.12/site-packages/airflow/example_dags/example_display_name.py
[2024-12-21T11:31:50.442+0000] {processor.py:925} INFO - DAG(s) 'example_display_name' retrieved from /home/airflow/.local/lib/python3.12/site-packages/airflow/example_dags/example_display_name.py
[2024-12-21T11:31:50.463+0000] {logging_mixin.py:190} INFO - [2024-12-21T11:31:50.463+0000] {dag.py:3239} INFO - Sync 1 DAGs
[2024-12-21T11:31:50.479+0000] {logging_mixin.py:190} INFO - [2024-12-21T11:31:50.479+0000] {dag.py:4180} INFO - Setting next_dagrun for example_display_name to None, run_after=None
[2024-12-21T11:31:50.502+0000] {processor.py:208} INFO - Processing /home/airflow/.local/lib/python3.12/site-packages/airflow/example_dags/example_display_name.py took 0.079 seconds
[2024-12-21T11:32:20.711+0000] {processor.py:186} INFO - Started process (PID=1818) to work on /home/airflow/.local/lib/python3.12/site-packages/airflow/example_dags/example_display_name.py
[2024-12-21T11:32:20.712+0000] {processor.py:914} INFO - Processing file /home/airflow/.local/lib/python3.12/site-packages/airflow/example_dags/example_display_name.py for tasks to queue
[2024-12-21T11:32:20.715+0000] {logging_mixin.py:190} INFO - [2024-12-21T11:32:20.715+0000] {dagbag.py:588} INFO - Filling up the DagBag from /home/airflow/.local/lib/python3.12/site-packages/airflow/example_dags/example_display_name.py
[2024-12-21T11:32:20.723+0000] {processor.py:925} INFO - DAG(s) 'example_display_name' retrieved from /home/airflow/.local/lib/python3.12/site-packages/airflow/example_dags/example_display_name.py
[2024-12-21T11:32:20.744+0000] {logging_mixin.py:190} INFO - [2024-12-21T11:32:20.744+0000] {dag.py:3239} INFO - Sync 1 DAGs
[2024-12-21T11:32:20.760+0000] {logging_mixin.py:190} INFO - [2024-12-21T11:32:20.760+0000] {dag.py:4180} INFO - Setting next_dagrun for example_display_name to None, run_after=None
[2024-12-21T11:32:20.781+0000] {processor.py:208} INFO - Processing /home/airflow/.local/lib/python3.12/site-packages/airflow/example_dags/example_display_name.py took 0.076 seconds
[2024-12-21T11:32:51.097+0000] {processor.py:186} INFO - Started process (PID=1884) to work on /home/airflow/.local/lib/python3.12/site-packages/airflow/example_dags/example_display_name.py
[2024-12-21T11:32:51.099+0000] {processor.py:914} INFO - Processing file /home/airflow/.local/lib/python3.12/site-packages/airflow/example_dags/example_display_name.py for tasks to queue
[2024-12-21T11:32:51.101+0000] {logging_mixin.py:190} INFO - [2024-12-21T11:32:51.101+0000] {dagbag.py:588} INFO - Filling up the DagBag from /home/airflow/.local/lib/python3.12/site-packages/airflow/example_dags/example_display_name.py
[2024-12-21T11:32:51.110+0000] {processor.py:925} INFO - DAG(s) 'example_display_name' retrieved from /home/airflow/.local/lib/python3.12/site-packages/airflow/example_dags/example_display_name.py
[2024-12-21T11:32:51.134+0000] {logging_mixin.py:190} INFO - [2024-12-21T11:32:51.134+0000] {dag.py:3239} INFO - Sync 1 DAGs
[2024-12-21T11:32:51.156+0000] {logging_mixin.py:190} INFO - [2024-12-21T11:32:51.156+0000] {dag.py:4180} INFO - Setting next_dagrun for example_display_name to None, run_after=None
[2024-12-21T11:32:51.177+0000] {processor.py:208} INFO - Processing /home/airflow/.local/lib/python3.12/site-packages/airflow/example_dags/example_display_name.py took 0.087 seconds
[2024-12-21T11:33:21.389+0000] {processor.py:186} INFO - Started process (PID=1950) to work on /home/airflow/.local/lib/python3.12/site-packages/airflow/example_dags/example_display_name.py
[2024-12-21T11:33:21.390+0000] {processor.py:914} INFO - Processing file /home/airflow/.local/lib/python3.12/site-packages/airflow/example_dags/example_display_name.py for tasks to queue
[2024-12-21T11:33:21.393+0000] {logging_mixin.py:190} INFO - [2024-12-21T11:33:21.392+0000] {dagbag.py:588} INFO - Filling up the DagBag from /home/airflow/.local/lib/python3.12/site-packages/airflow/example_dags/example_display_name.py
[2024-12-21T11:33:21.401+0000] {processor.py:925} INFO - DAG(s) 'example_display_name' retrieved from /home/airflow/.local/lib/python3.12/site-packages/airflow/example_dags/example_display_name.py
[2024-12-21T11:33:21.422+0000] {logging_mixin.py:190} INFO - [2024-12-21T11:33:21.422+0000] {dag.py:3239} INFO - Sync 1 DAGs
[2024-12-21T11:33:21.439+0000] {logging_mixin.py:190} INFO - [2024-12-21T11:33:21.438+0000] {dag.py:4180} INFO - Setting next_dagrun for example_display_name to None, run_after=None
[2024-12-21T11:33:21.462+0000] {processor.py:208} INFO - Processing /home/airflow/.local/lib/python3.12/site-packages/airflow/example_dags/example_display_name.py took 0.080 seconds
[2024-12-21T11:33:51.793+0000] {processor.py:186} INFO - Started process (PID=2016) to work on /home/airflow/.local/lib/python3.12/site-packages/airflow/example_dags/example_display_name.py
[2024-12-21T11:33:51.794+0000] {processor.py:914} INFO - Processing file /home/airflow/.local/lib/python3.12/site-packages/airflow/example_dags/example_display_name.py for tasks to queue
[2024-12-21T11:33:51.797+0000] {logging_mixin.py:190} INFO - [2024-12-21T11:33:51.797+0000] {dagbag.py:588} INFO - Filling up the DagBag from /home/airflow/.local/lib/python3.12/site-packages/airflow/example_dags/example_display_name.py
[2024-12-21T11:33:51.805+0000] {processor.py:925} INFO - DAG(s) 'example_display_name' retrieved from /home/airflow/.local/lib/python3.12/site-packages/airflow/example_dags/example_display_name.py
[2024-12-21T11:33:51.830+0000] {logging_mixin.py:190} INFO - [2024-12-21T11:33:51.829+0000] {dag.py:3239} INFO - Sync 1 DAGs
[2024-12-21T11:33:51.854+0000] {logging_mixin.py:190} INFO - [2024-12-21T11:33:51.853+0000] {dag.py:4180} INFO - Setting next_dagrun for example_display_name to None, run_after=None
[2024-12-21T11:33:51.873+0000] {processor.py:208} INFO - Processing /home/airflow/.local/lib/python3.12/site-packages/airflow/example_dags/example_display_name.py took 0.087 seconds
[2024-12-21T11:34:22.519+0000] {processor.py:186} INFO - Started process (PID=2082) to work on /home/airflow/.local/lib/python3.12/site-packages/airflow/example_dags/example_display_name.py
[2024-12-21T11:34:22.521+0000] {processor.py:914} INFO - Processing file /home/airflow/.local/lib/python3.12/site-packages/airflow/example_dags/example_display_name.py for tasks to queue
[2024-12-21T11:34:22.525+0000] {logging_mixin.py:190} INFO - [2024-12-21T11:34:22.524+0000] {dagbag.py:588} INFO - Filling up the DagBag from /home/airflow/.local/lib/python3.12/site-packages/airflow/example_dags/example_display_name.py
[2024-12-21T11:34:22.533+0000] {processor.py:925} INFO - DAG(s) 'example_display_name' retrieved from /home/airflow/.local/lib/python3.12/site-packages/airflow/example_dags/example_display_name.py
[2024-12-21T11:34:22.556+0000] {logging_mixin.py:190} INFO - [2024-12-21T11:34:22.556+0000] {dag.py:3239} INFO - Sync 1 DAGs
[2024-12-21T11:34:22.572+0000] {logging_mixin.py:190} INFO - [2024-12-21T11:34:22.571+0000] {dag.py:4180} INFO - Setting next_dagrun for example_display_name to None, run_after=None
[2024-12-21T11:34:22.592+0000] {processor.py:208} INFO - Processing /home/airflow/.local/lib/python3.12/site-packages/airflow/example_dags/example_display_name.py took 0.080 seconds
[2024-12-21T11:34:52.897+0000] {processor.py:186} INFO - Started process (PID=2148) to work on /home/airflow/.local/lib/python3.12/site-packages/airflow/example_dags/example_display_name.py
[2024-12-21T11:34:52.898+0000] {processor.py:914} INFO - Processing file /home/airflow/.local/lib/python3.12/site-packages/airflow/example_dags/example_display_name.py for tasks to queue
[2024-12-21T11:34:52.901+0000] {logging_mixin.py:190} INFO - [2024-12-21T11:34:52.900+0000] {dagbag.py:588} INFO - Filling up the DagBag from /home/airflow/.local/lib/python3.12/site-packages/airflow/example_dags/example_display_name.py
[2024-12-21T11:34:52.909+0000] {processor.py:925} INFO - DAG(s) 'example_display_name' retrieved from /home/airflow/.local/lib/python3.12/site-packages/airflow/example_dags/example_display_name.py
[2024-12-21T11:34:52.931+0000] {logging_mixin.py:190} INFO - [2024-12-21T11:34:52.931+0000] {dag.py:3239} INFO - Sync 1 DAGs
[2024-12-21T11:34:52.947+0000] {logging_mixin.py:190} INFO - [2024-12-21T11:34:52.946+0000] {dag.py:4180} INFO - Setting next_dagrun for example_display_name to None, run_after=None
[2024-12-21T11:34:52.977+0000] {processor.py:208} INFO - Processing /home/airflow/.local/lib/python3.12/site-packages/airflow/example_dags/example_display_name.py took 0.087 seconds
[2024-12-21T11:35:23.183+0000] {processor.py:186} INFO - Started process (PID=2214) to work on /home/airflow/.local/lib/python3.12/site-packages/airflow/example_dags/example_display_name.py
[2024-12-21T11:35:23.184+0000] {processor.py:914} INFO - Processing file /home/airflow/.local/lib/python3.12/site-packages/airflow/example_dags/example_display_name.py for tasks to queue
[2024-12-21T11:35:23.187+0000] {logging_mixin.py:190} INFO - [2024-12-21T11:35:23.186+0000] {dagbag.py:588} INFO - Filling up the DagBag from /home/airflow/.local/lib/python3.12/site-packages/airflow/example_dags/example_display_name.py
[2024-12-21T11:35:23.195+0000] {processor.py:925} INFO - DAG(s) 'example_display_name' retrieved from /home/airflow/.local/lib/python3.12/site-packages/airflow/example_dags/example_display_name.py
[2024-12-21T11:35:23.218+0000] {logging_mixin.py:190} INFO - [2024-12-21T11:35:23.217+0000] {dag.py:3239} INFO - Sync 1 DAGs
[2024-12-21T11:35:23.233+0000] {logging_mixin.py:190} INFO - [2024-12-21T11:35:23.233+0000] {dag.py:4180} INFO - Setting next_dagrun for example_display_name to None, run_after=None
[2024-12-21T11:35:23.253+0000] {processor.py:208} INFO - Processing /home/airflow/.local/lib/python3.12/site-packages/airflow/example_dags/example_display_name.py took 0.077 seconds
[2024-12-21T11:35:53.989+0000] {processor.py:186} INFO - Started process (PID=2280) to work on /home/airflow/.local/lib/python3.12/site-packages/airflow/example_dags/example_display_name.py
[2024-12-21T11:35:53.990+0000] {processor.py:914} INFO - Processing file /home/airflow/.local/lib/python3.12/site-packages/airflow/example_dags/example_display_name.py for tasks to queue
[2024-12-21T11:35:53.993+0000] {logging_mixin.py:190} INFO - [2024-12-21T11:35:53.993+0000] {dagbag.py:588} INFO - Filling up the DagBag from /home/airflow/.local/lib/python3.12/site-packages/airflow/example_dags/example_display_name.py
[2024-12-21T11:35:54.001+0000] {processor.py:925} INFO - DAG(s) 'example_display_name' retrieved from /home/airflow/.local/lib/python3.12/site-packages/airflow/example_dags/example_display_name.py
[2024-12-21T11:35:54.023+0000] {logging_mixin.py:190} INFO - [2024-12-21T11:35:54.023+0000] {dag.py:3239} INFO - Sync 1 DAGs
[2024-12-21T11:35:54.039+0000] {logging_mixin.py:190} INFO - [2024-12-21T11:35:54.039+0000] {dag.py:4180} INFO - Setting next_dagrun for example_display_name to None, run_after=None
[2024-12-21T11:35:54.060+0000] {processor.py:208} INFO - Processing /home/airflow/.local/lib/python3.12/site-packages/airflow/example_dags/example_display_name.py took 0.079 seconds
[2024-12-21T11:36:24.345+0000] {processor.py:186} INFO - Started process (PID=2346) to work on /home/airflow/.local/lib/python3.12/site-packages/airflow/example_dags/example_display_name.py
[2024-12-21T11:36:24.346+0000] {processor.py:914} INFO - Processing file /home/airflow/.local/lib/python3.12/site-packages/airflow/example_dags/example_display_name.py for tasks to queue
[2024-12-21T11:36:24.348+0000] {logging_mixin.py:190} INFO - [2024-12-21T11:36:24.348+0000] {dagbag.py:588} INFO - Filling up the DagBag from /home/airflow/.local/lib/python3.12/site-packages/airflow/example_dags/example_display_name.py
[2024-12-21T11:36:24.356+0000] {processor.py:925} INFO - DAG(s) 'example_display_name' retrieved from /home/airflow/.local/lib/python3.12/site-packages/airflow/example_dags/example_display_name.py
[2024-12-21T11:36:24.378+0000] {logging_mixin.py:190} INFO - [2024-12-21T11:36:24.378+0000] {dag.py:3239} INFO - Sync 1 DAGs
[2024-12-21T11:36:24.400+0000] {logging_mixin.py:190} INFO - [2024-12-21T11:36:24.400+0000] {dag.py:4180} INFO - Setting next_dagrun for example_display_name to None, run_after=None
[2024-12-21T11:36:24.424+0000] {processor.py:208} INFO - Processing /home/airflow/.local/lib/python3.12/site-packages/airflow/example_dags/example_display_name.py took 0.085 seconds
[2024-12-21T11:36:54.520+0000] {processor.py:186} INFO - Started process (PID=2412) to work on /home/airflow/.local/lib/python3.12/site-packages/airflow/example_dags/example_display_name.py
[2024-12-21T11:36:54.521+0000] {processor.py:914} INFO - Processing file /home/airflow/.local/lib/python3.12/site-packages/airflow/example_dags/example_display_name.py for tasks to queue
[2024-12-21T11:36:54.524+0000] {logging_mixin.py:190} INFO - [2024-12-21T11:36:54.524+0000] {dagbag.py:588} INFO - Filling up the DagBag from /home/airflow/.local/lib/python3.12/site-packages/airflow/example_dags/example_display_name.py
[2024-12-21T11:36:54.535+0000] {processor.py:925} INFO - DAG(s) 'example_display_name' retrieved from /home/airflow/.local/lib/python3.12/site-packages/airflow/example_dags/example_display_name.py
[2024-12-21T11:36:54.557+0000] {logging_mixin.py:190} INFO - [2024-12-21T11:36:54.557+0000] {dag.py:3239} INFO - Sync 1 DAGs
[2024-12-21T11:36:54.575+0000] {logging_mixin.py:190} INFO - [2024-12-21T11:36:54.574+0000] {dag.py:4180} INFO - Setting next_dagrun for example_display_name to None, run_after=None
[2024-12-21T11:36:54.601+0000] {processor.py:208} INFO - Processing /home/airflow/.local/lib/python3.12/site-packages/airflow/example_dags/example_display_name.py took 0.089 seconds
[2024-12-21T11:37:24.786+0000] {processor.py:186} INFO - Started process (PID=2478) to work on /home/airflow/.local/lib/python3.12/site-packages/airflow/example_dags/example_display_name.py
[2024-12-21T11:37:24.788+0000] {processor.py:914} INFO - Processing file /home/airflow/.local/lib/python3.12/site-packages/airflow/example_dags/example_display_name.py for tasks to queue
[2024-12-21T11:37:24.792+0000] {logging_mixin.py:190} INFO - [2024-12-21T11:37:24.791+0000] {dagbag.py:588} INFO - Filling up the DagBag from /home/airflow/.local/lib/python3.12/site-packages/airflow/example_dags/example_display_name.py
[2024-12-21T11:37:24.802+0000] {processor.py:925} INFO - DAG(s) 'example_display_name' retrieved from /home/airflow/.local/lib/python3.12/site-packages/airflow/example_dags/example_display_name.py
[2024-12-21T11:37:24.827+0000] {logging_mixin.py:190} INFO - [2024-12-21T11:37:24.827+0000] {dag.py:3239} INFO - Sync 1 DAGs
[2024-12-21T11:37:24.846+0000] {logging_mixin.py:190} INFO - [2024-12-21T11:37:24.846+0000] {dag.py:4180} INFO - Setting next_dagrun for example_display_name to None, run_after=None
[2024-12-21T11:37:24.868+0000] {processor.py:208} INFO - Processing /home/airflow/.local/lib/python3.12/site-packages/airflow/example_dags/example_display_name.py took 0.090 seconds
[2024-12-21T11:37:55.712+0000] {processor.py:186} INFO - Started process (PID=2544) to work on /home/airflow/.local/lib/python3.12/site-packages/airflow/example_dags/example_display_name.py
[2024-12-21T11:37:55.714+0000] {processor.py:914} INFO - Processing file /home/airflow/.local/lib/python3.12/site-packages/airflow/example_dags/example_display_name.py for tasks to queue
[2024-12-21T11:37:55.717+0000] {logging_mixin.py:190} INFO - [2024-12-21T11:37:55.717+0000] {dagbag.py:588} INFO - Filling up the DagBag from /home/airflow/.local/lib/python3.12/site-packages/airflow/example_dags/example_display_name.py
[2024-12-21T11:37:55.729+0000] {processor.py:925} INFO - DAG(s) 'example_display_name' retrieved from /home/airflow/.local/lib/python3.12/site-packages/airflow/example_dags/example_display_name.py
[2024-12-21T11:37:55.754+0000] {logging_mixin.py:190} INFO - [2024-12-21T11:37:55.754+0000] {dag.py:3239} INFO - Sync 1 DAGs
[2024-12-21T11:37:55.772+0000] {logging_mixin.py:190} INFO - [2024-12-21T11:37:55.772+0000] {dag.py:4180} INFO - Setting next_dagrun for example_display_name to None, run_after=None
[2024-12-21T11:37:55.794+0000] {processor.py:208} INFO - Processing /home/airflow/.local/lib/python3.12/site-packages/airflow/example_dags/example_display_name.py took 0.089 seconds
[2024-12-21T11:38:26.804+0000] {processor.py:186} INFO - Started process (PID=2610) to work on /home/airflow/.local/lib/python3.12/site-packages/airflow/example_dags/example_display_name.py
[2024-12-21T11:38:26.805+0000] {processor.py:914} INFO - Processing file /home/airflow/.local/lib/python3.12/site-packages/airflow/example_dags/example_display_name.py for tasks to queue
[2024-12-21T11:38:26.808+0000] {logging_mixin.py:190} INFO - [2024-12-21T11:38:26.808+0000] {dagbag.py:588} INFO - Filling up the DagBag from /home/airflow/.local/lib/python3.12/site-packages/airflow/example_dags/example_display_name.py
[2024-12-21T11:38:26.819+0000] {processor.py:925} INFO - DAG(s) 'example_display_name' retrieved from /home/airflow/.local/lib/python3.12/site-packages/airflow/example_dags/example_display_name.py
[2024-12-21T11:38:26.853+0000] {logging_mixin.py:190} INFO - [2024-12-21T11:38:26.852+0000] {dag.py:3239} INFO - Sync 1 DAGs
[2024-12-21T11:38:26.877+0000] {logging_mixin.py:190} INFO - [2024-12-21T11:38:26.876+0000] {dag.py:4180} INFO - Setting next_dagrun for example_display_name to None, run_after=None
[2024-12-21T11:38:26.901+0000] {processor.py:208} INFO - Processing /home/airflow/.local/lib/python3.12/site-packages/airflow/example_dags/example_display_name.py took 0.105 seconds
[2024-12-21T11:38:57.414+0000] {processor.py:186} INFO - Started process (PID=2676) to work on /home/airflow/.local/lib/python3.12/site-packages/airflow/example_dags/example_display_name.py
[2024-12-21T11:38:57.415+0000] {processor.py:914} INFO - Processing file /home/airflow/.local/lib/python3.12/site-packages/airflow/example_dags/example_display_name.py for tasks to queue
[2024-12-21T11:38:57.418+0000] {logging_mixin.py:190} INFO - [2024-12-21T11:38:57.418+0000] {dagbag.py:588} INFO - Filling up the DagBag from /home/airflow/.local/lib/python3.12/site-packages/airflow/example_dags/example_display_name.py
[2024-12-21T11:38:57.426+0000] {processor.py:925} INFO - DAG(s) 'example_display_name' retrieved from /home/airflow/.local/lib/python3.12/site-packages/airflow/example_dags/example_display_name.py
[2024-12-21T11:38:57.453+0000] {logging_mixin.py:190} INFO - [2024-12-21T11:38:57.452+0000] {dag.py:3239} INFO - Sync 1 DAGs
[2024-12-21T11:38:57.469+0000] {logging_mixin.py:190} INFO - [2024-12-21T11:38:57.468+0000] {dag.py:4180} INFO - Setting next_dagrun for example_display_name to None, run_after=None
[2024-12-21T11:38:57.492+0000] {processor.py:208} INFO - Processing /home/airflow/.local/lib/python3.12/site-packages/airflow/example_dags/example_display_name.py took 0.085 seconds
[2024-12-21T11:39:28.201+0000] {processor.py:186} INFO - Started process (PID=2742) to work on /home/airflow/.local/lib/python3.12/site-packages/airflow/example_dags/example_display_name.py
[2024-12-21T11:39:28.203+0000] {processor.py:914} INFO - Processing file /home/airflow/.local/lib/python3.12/site-packages/airflow/example_dags/example_display_name.py for tasks to queue
[2024-12-21T11:39:28.205+0000] {logging_mixin.py:190} INFO - [2024-12-21T11:39:28.205+0000] {dagbag.py:588} INFO - Filling up the DagBag from /home/airflow/.local/lib/python3.12/site-packages/airflow/example_dags/example_display_name.py
[2024-12-21T11:39:28.214+0000] {processor.py:925} INFO - DAG(s) 'example_display_name' retrieved from /home/airflow/.local/lib/python3.12/site-packages/airflow/example_dags/example_display_name.py
[2024-12-21T11:39:28.238+0000] {logging_mixin.py:190} INFO - [2024-12-21T11:39:28.238+0000] {dag.py:3239} INFO - Sync 1 DAGs
[2024-12-21T11:39:28.257+0000] {logging_mixin.py:190} INFO - [2024-12-21T11:39:28.257+0000] {dag.py:4180} INFO - Setting next_dagrun for example_display_name to None, run_after=None
[2024-12-21T11:39:28.282+0000] {processor.py:208} INFO - Processing /home/airflow/.local/lib/python3.12/site-packages/airflow/example_dags/example_display_name.py took 0.088 seconds
[2024-12-21T11:39:58.483+0000] {processor.py:186} INFO - Started process (PID=2808) to work on /home/airflow/.local/lib/python3.12/site-packages/airflow/example_dags/example_display_name.py
[2024-12-21T11:39:58.484+0000] {processor.py:914} INFO - Processing file /home/airflow/.local/lib/python3.12/site-packages/airflow/example_dags/example_display_name.py for tasks to queue
[2024-12-21T11:39:58.487+0000] {logging_mixin.py:190} INFO - [2024-12-21T11:39:58.487+0000] {dagbag.py:588} INFO - Filling up the DagBag from /home/airflow/.local/lib/python3.12/site-packages/airflow/example_dags/example_display_name.py
[2024-12-21T11:39:58.495+0000] {processor.py:925} INFO - DAG(s) 'example_display_name' retrieved from /home/airflow/.local/lib/python3.12/site-packages/airflow/example_dags/example_display_name.py
[2024-12-21T11:39:58.516+0000] {logging_mixin.py:190} INFO - [2024-12-21T11:39:58.516+0000] {dag.py:3239} INFO - Sync 1 DAGs
[2024-12-21T11:39:58.535+0000] {logging_mixin.py:190} INFO - [2024-12-21T11:39:58.535+0000] {dag.py:4180} INFO - Setting next_dagrun for example_display_name to None, run_after=None
[2024-12-21T11:39:58.559+0000] {processor.py:208} INFO - Processing /home/airflow/.local/lib/python3.12/site-packages/airflow/example_dags/example_display_name.py took 0.082 seconds
