[2024-12-21T11:19:38.009+0000] {processor.py:186} INFO - Started process (PID=100) to work on /home/airflow/.local/lib/python3.12/site-packages/airflow/example_dags/example_bash_operator.py
[2024-12-21T11:19:38.021+0000] {processor.py:914} INFO - Processing file /home/airflow/.local/lib/python3.12/site-packages/airflow/example_dags/example_bash_operator.py for tasks to queue
[2024-12-21T11:19:38.024+0000] {logging_mixin.py:190} INFO - [2024-12-21T11:19:38.024+0000] {dagbag.py:588} INFO - Filling up the DagBag from /home/airflow/.local/lib/python3.12/site-packages/airflow/example_dags/example_bash_operator.py
[2024-12-21T11:19:38.050+0000] {processor.py:925} INFO - DAG(s) 'example_bash_operator' retrieved from /home/airflow/.local/lib/python3.12/site-packages/airflow/example_dags/example_bash_operator.py
[2024-12-21T11:19:38.125+0000] {logging_mixin.py:190} INFO - [2024-12-21T11:19:38.125+0000] {dag.py:3239} INFO - Sync 1 DAGs
[2024-12-21T11:19:38.173+0000] {logging_mixin.py:190} INFO - [2024-12-21T11:19:38.173+0000] {dag.py:4180} INFO - Setting next_dagrun for example_bash_operator to 2024-12-20 00:00:00+00:00, run_after=2024-12-21 00:00:00+00:00
[2024-12-21T11:19:38.211+0000] {processor.py:208} INFO - Processing /home/airflow/.local/lib/python3.12/site-packages/airflow/example_dags/example_bash_operator.py took 0.212 seconds
[2024-12-21T11:20:08.555+0000] {processor.py:186} INFO - Started process (PID=192) to work on /home/airflow/.local/lib/python3.12/site-packages/airflow/example_dags/example_bash_operator.py
[2024-12-21T11:20:08.556+0000] {processor.py:914} INFO - Processing file /home/airflow/.local/lib/python3.12/site-packages/airflow/example_dags/example_bash_operator.py for tasks to queue
[2024-12-21T11:20:08.559+0000] {logging_mixin.py:190} INFO - [2024-12-21T11:20:08.558+0000] {dagbag.py:588} INFO - Filling up the DagBag from /home/airflow/.local/lib/python3.12/site-packages/airflow/example_dags/example_bash_operator.py
[2024-12-21T11:20:08.573+0000] {processor.py:925} INFO - DAG(s) 'example_bash_operator' retrieved from /home/airflow/.local/lib/python3.12/site-packages/airflow/example_dags/example_bash_operator.py
[2024-12-21T11:20:08.607+0000] {logging_mixin.py:190} INFO - [2024-12-21T11:20:08.606+0000] {dag.py:3239} INFO - Sync 1 DAGs
[2024-12-21T11:20:08.633+0000] {logging_mixin.py:190} INFO - [2024-12-21T11:20:08.632+0000] {dag.py:4180} INFO - Setting next_dagrun for example_bash_operator to 2024-12-20 00:00:00+00:00, run_after=2024-12-21 00:00:00+00:00
[2024-12-21T11:20:08.654+0000] {processor.py:208} INFO - Processing /home/airflow/.local/lib/python3.12/site-packages/airflow/example_dags/example_bash_operator.py took 0.106 seconds
[2024-12-21T11:20:39.041+0000] {processor.py:186} INFO - Started process (PID=258) to work on /home/airflow/.local/lib/python3.12/site-packages/airflow/example_dags/example_bash_operator.py
[2024-12-21T11:20:39.042+0000] {processor.py:914} INFO - Processing file /home/airflow/.local/lib/python3.12/site-packages/airflow/example_dags/example_bash_operator.py for tasks to queue
[2024-12-21T11:20:39.045+0000] {logging_mixin.py:190} INFO - [2024-12-21T11:20:39.045+0000] {dagbag.py:588} INFO - Filling up the DagBag from /home/airflow/.local/lib/python3.12/site-packages/airflow/example_dags/example_bash_operator.py
[2024-12-21T11:20:39.062+0000] {processor.py:925} INFO - DAG(s) 'example_bash_operator' retrieved from /home/airflow/.local/lib/python3.12/site-packages/airflow/example_dags/example_bash_operator.py
[2024-12-21T11:20:39.100+0000] {logging_mixin.py:190} INFO - [2024-12-21T11:20:39.100+0000] {dag.py:3239} INFO - Sync 1 DAGs
[2024-12-21T11:20:39.128+0000] {logging_mixin.py:190} INFO - [2024-12-21T11:20:39.128+0000] {dag.py:4180} INFO - Setting next_dagrun for example_bash_operator to 2024-12-20 00:00:00+00:00, run_after=2024-12-21 00:00:00+00:00
[2024-12-21T11:20:39.153+0000] {processor.py:208} INFO - Processing /home/airflow/.local/lib/python3.12/site-packages/airflow/example_dags/example_bash_operator.py took 0.119 seconds
[2024-12-21T11:21:09.876+0000] {processor.py:186} INFO - Started process (PID=324) to work on /home/airflow/.local/lib/python3.12/site-packages/airflow/example_dags/example_bash_operator.py
[2024-12-21T11:21:09.877+0000] {processor.py:914} INFO - Processing file /home/airflow/.local/lib/python3.12/site-packages/airflow/example_dags/example_bash_operator.py for tasks to queue
[2024-12-21T11:21:09.879+0000] {logging_mixin.py:190} INFO - [2024-12-21T11:21:09.879+0000] {dagbag.py:588} INFO - Filling up the DagBag from /home/airflow/.local/lib/python3.12/site-packages/airflow/example_dags/example_bash_operator.py
[2024-12-21T11:21:09.894+0000] {processor.py:925} INFO - DAG(s) 'example_bash_operator' retrieved from /home/airflow/.local/lib/python3.12/site-packages/airflow/example_dags/example_bash_operator.py
[2024-12-21T11:21:09.929+0000] {logging_mixin.py:190} INFO - [2024-12-21T11:21:09.929+0000] {dag.py:3239} INFO - Sync 1 DAGs
[2024-12-21T11:21:09.957+0000] {logging_mixin.py:190} INFO - [2024-12-21T11:21:09.957+0000] {dag.py:4180} INFO - Setting next_dagrun for example_bash_operator to 2024-12-20 00:00:00+00:00, run_after=2024-12-21 00:00:00+00:00
[2024-12-21T11:21:09.979+0000] {processor.py:208} INFO - Processing /home/airflow/.local/lib/python3.12/site-packages/airflow/example_dags/example_bash_operator.py took 0.110 seconds
[2024-12-21T11:21:40.591+0000] {processor.py:186} INFO - Started process (PID=389) to work on /home/airflow/.local/lib/python3.12/site-packages/airflow/example_dags/example_bash_operator.py
[2024-12-21T11:21:40.592+0000] {processor.py:914} INFO - Processing file /home/airflow/.local/lib/python3.12/site-packages/airflow/example_dags/example_bash_operator.py for tasks to queue
[2024-12-21T11:21:40.595+0000] {logging_mixin.py:190} INFO - [2024-12-21T11:21:40.594+0000] {dagbag.py:588} INFO - Filling up the DagBag from /home/airflow/.local/lib/python3.12/site-packages/airflow/example_dags/example_bash_operator.py
[2024-12-21T11:21:40.609+0000] {processor.py:925} INFO - DAG(s) 'example_bash_operator' retrieved from /home/airflow/.local/lib/python3.12/site-packages/airflow/example_dags/example_bash_operator.py
[2024-12-21T11:21:40.642+0000] {logging_mixin.py:190} INFO - [2024-12-21T11:21:40.642+0000] {dag.py:3239} INFO - Sync 1 DAGs
[2024-12-21T11:21:40.671+0000] {logging_mixin.py:190} INFO - [2024-12-21T11:21:40.671+0000] {dag.py:4180} INFO - Setting next_dagrun for example_bash_operator to 2024-12-20 00:00:00+00:00, run_after=2024-12-21 00:00:00+00:00
[2024-12-21T11:21:40.692+0000] {processor.py:208} INFO - Processing /home/airflow/.local/lib/python3.12/site-packages/airflow/example_dags/example_bash_operator.py took 0.108 seconds
[2024-12-21T11:22:11.034+0000] {processor.py:186} INFO - Started process (PID=455) to work on /home/airflow/.local/lib/python3.12/site-packages/airflow/example_dags/example_bash_operator.py
[2024-12-21T11:22:11.035+0000] {processor.py:914} INFO - Processing file /home/airflow/.local/lib/python3.12/site-packages/airflow/example_dags/example_bash_operator.py for tasks to queue
[2024-12-21T11:22:11.038+0000] {logging_mixin.py:190} INFO - [2024-12-21T11:22:11.038+0000] {dagbag.py:588} INFO - Filling up the DagBag from /home/airflow/.local/lib/python3.12/site-packages/airflow/example_dags/example_bash_operator.py
[2024-12-21T11:22:11.053+0000] {processor.py:925} INFO - DAG(s) 'example_bash_operator' retrieved from /home/airflow/.local/lib/python3.12/site-packages/airflow/example_dags/example_bash_operator.py
[2024-12-21T11:22:11.086+0000] {logging_mixin.py:190} INFO - [2024-12-21T11:22:11.086+0000] {dag.py:3239} INFO - Sync 1 DAGs
[2024-12-21T11:22:11.118+0000] {logging_mixin.py:190} INFO - [2024-12-21T11:22:11.117+0000] {dag.py:4180} INFO - Setting next_dagrun for example_bash_operator to 2024-12-20 00:00:00+00:00, run_after=2024-12-21 00:00:00+00:00
[2024-12-21T11:22:11.140+0000] {processor.py:208} INFO - Processing /home/airflow/.local/lib/python3.12/site-packages/airflow/example_dags/example_bash_operator.py took 0.113 seconds
[2024-12-21T11:22:41.800+0000] {processor.py:186} INFO - Started process (PID=521) to work on /home/airflow/.local/lib/python3.12/site-packages/airflow/example_dags/example_bash_operator.py
[2024-12-21T11:22:41.801+0000] {processor.py:914} INFO - Processing file /home/airflow/.local/lib/python3.12/site-packages/airflow/example_dags/example_bash_operator.py for tasks to queue
[2024-12-21T11:22:41.803+0000] {logging_mixin.py:190} INFO - [2024-12-21T11:22:41.803+0000] {dagbag.py:588} INFO - Filling up the DagBag from /home/airflow/.local/lib/python3.12/site-packages/airflow/example_dags/example_bash_operator.py
[2024-12-21T11:22:41.818+0000] {processor.py:925} INFO - DAG(s) 'example_bash_operator' retrieved from /home/airflow/.local/lib/python3.12/site-packages/airflow/example_dags/example_bash_operator.py
[2024-12-21T11:22:41.851+0000] {logging_mixin.py:190} INFO - [2024-12-21T11:22:41.851+0000] {dag.py:3239} INFO - Sync 1 DAGs
[2024-12-21T11:22:41.879+0000] {logging_mixin.py:190} INFO - [2024-12-21T11:22:41.878+0000] {dag.py:4180} INFO - Setting next_dagrun for example_bash_operator to 2024-12-20 00:00:00+00:00, run_after=2024-12-21 00:00:00+00:00
[2024-12-21T11:22:41.900+0000] {processor.py:208} INFO - Processing /home/airflow/.local/lib/python3.12/site-packages/airflow/example_dags/example_bash_operator.py took 0.107 seconds
[2024-12-21T11:23:13.007+0000] {processor.py:186} INFO - Started process (PID=587) to work on /home/airflow/.local/lib/python3.12/site-packages/airflow/example_dags/example_bash_operator.py
[2024-12-21T11:23:13.008+0000] {processor.py:914} INFO - Processing file /home/airflow/.local/lib/python3.12/site-packages/airflow/example_dags/example_bash_operator.py for tasks to queue
[2024-12-21T11:23:13.012+0000] {logging_mixin.py:190} INFO - [2024-12-21T11:23:13.011+0000] {dagbag.py:588} INFO - Filling up the DagBag from /home/airflow/.local/lib/python3.12/site-packages/airflow/example_dags/example_bash_operator.py
[2024-12-21T11:23:13.031+0000] {processor.py:925} INFO - DAG(s) 'example_bash_operator' retrieved from /home/airflow/.local/lib/python3.12/site-packages/airflow/example_dags/example_bash_operator.py
[2024-12-21T11:23:13.063+0000] {logging_mixin.py:190} INFO - [2024-12-21T11:23:13.062+0000] {dag.py:3239} INFO - Sync 1 DAGs
[2024-12-21T11:23:13.093+0000] {logging_mixin.py:190} INFO - [2024-12-21T11:23:13.093+0000] {dag.py:4180} INFO - Setting next_dagrun for example_bash_operator to 2024-12-20 00:00:00+00:00, run_after=2024-12-21 00:00:00+00:00
[2024-12-21T11:23:13.118+0000] {processor.py:208} INFO - Processing /home/airflow/.local/lib/python3.12/site-packages/airflow/example_dags/example_bash_operator.py took 0.118 seconds
[2024-12-21T11:23:43.506+0000] {processor.py:186} INFO - Started process (PID=653) to work on /home/airflow/.local/lib/python3.12/site-packages/airflow/example_dags/example_bash_operator.py
[2024-12-21T11:23:43.508+0000] {processor.py:914} INFO - Processing file /home/airflow/.local/lib/python3.12/site-packages/airflow/example_dags/example_bash_operator.py for tasks to queue
[2024-12-21T11:23:43.513+0000] {logging_mixin.py:190} INFO - [2024-12-21T11:23:43.512+0000] {dagbag.py:588} INFO - Filling up the DagBag from /home/airflow/.local/lib/python3.12/site-packages/airflow/example_dags/example_bash_operator.py
[2024-12-21T11:23:43.531+0000] {processor.py:925} INFO - DAG(s) 'example_bash_operator' retrieved from /home/airflow/.local/lib/python3.12/site-packages/airflow/example_dags/example_bash_operator.py
[2024-12-21T11:23:43.570+0000] {logging_mixin.py:190} INFO - [2024-12-21T11:23:43.570+0000] {dag.py:3239} INFO - Sync 1 DAGs
[2024-12-21T11:23:43.597+0000] {logging_mixin.py:190} INFO - [2024-12-21T11:23:43.597+0000] {dag.py:4180} INFO - Setting next_dagrun for example_bash_operator to 2024-12-20 00:00:00+00:00, run_after=2024-12-21 00:00:00+00:00
[2024-12-21T11:23:43.618+0000] {processor.py:208} INFO - Processing /home/airflow/.local/lib/python3.12/site-packages/airflow/example_dags/example_bash_operator.py took 0.121 seconds
[2024-12-21T11:24:13.829+0000] {processor.py:186} INFO - Started process (PID=719) to work on /home/airflow/.local/lib/python3.12/site-packages/airflow/example_dags/example_bash_operator.py
[2024-12-21T11:24:13.831+0000] {processor.py:914} INFO - Processing file /home/airflow/.local/lib/python3.12/site-packages/airflow/example_dags/example_bash_operator.py for tasks to queue
[2024-12-21T11:24:13.833+0000] {logging_mixin.py:190} INFO - [2024-12-21T11:24:13.833+0000] {dagbag.py:588} INFO - Filling up the DagBag from /home/airflow/.local/lib/python3.12/site-packages/airflow/example_dags/example_bash_operator.py
[2024-12-21T11:24:13.847+0000] {processor.py:925} INFO - DAG(s) 'example_bash_operator' retrieved from /home/airflow/.local/lib/python3.12/site-packages/airflow/example_dags/example_bash_operator.py
[2024-12-21T11:24:13.887+0000] {logging_mixin.py:190} INFO - [2024-12-21T11:24:13.886+0000] {dag.py:3239} INFO - Sync 1 DAGs
[2024-12-21T11:24:13.913+0000] {logging_mixin.py:190} INFO - [2024-12-21T11:24:13.913+0000] {dag.py:4180} INFO - Setting next_dagrun for example_bash_operator to 2024-12-20 00:00:00+00:00, run_after=2024-12-21 00:00:00+00:00
[2024-12-21T11:24:13.934+0000] {processor.py:208} INFO - Processing /home/airflow/.local/lib/python3.12/site-packages/airflow/example_dags/example_bash_operator.py took 0.111 seconds
[2024-12-21T11:24:44.068+0000] {processor.py:186} INFO - Started process (PID=784) to work on /home/airflow/.local/lib/python3.12/site-packages/airflow/example_dags/example_bash_operator.py
[2024-12-21T11:24:44.069+0000] {processor.py:914} INFO - Processing file /home/airflow/.local/lib/python3.12/site-packages/airflow/example_dags/example_bash_operator.py for tasks to queue
[2024-12-21T11:24:44.072+0000] {logging_mixin.py:190} INFO - [2024-12-21T11:24:44.072+0000] {dagbag.py:588} INFO - Filling up the DagBag from /home/airflow/.local/lib/python3.12/site-packages/airflow/example_dags/example_bash_operator.py
[2024-12-21T11:24:44.087+0000] {processor.py:925} INFO - DAG(s) 'example_bash_operator' retrieved from /home/airflow/.local/lib/python3.12/site-packages/airflow/example_dags/example_bash_operator.py
[2024-12-21T11:24:44.118+0000] {logging_mixin.py:190} INFO - [2024-12-21T11:24:44.118+0000] {dag.py:3239} INFO - Sync 1 DAGs
[2024-12-21T11:24:44.145+0000] {logging_mixin.py:190} INFO - [2024-12-21T11:24:44.145+0000] {dag.py:4180} INFO - Setting next_dagrun for example_bash_operator to 2024-12-20 00:00:00+00:00, run_after=2024-12-21 00:00:00+00:00
[2024-12-21T11:24:44.168+0000] {processor.py:208} INFO - Processing /home/airflow/.local/lib/python3.12/site-packages/airflow/example_dags/example_bash_operator.py took 0.106 seconds
[2024-12-21T11:25:17.162+0000] {processor.py:186} INFO - Started process (PID=876) to work on /home/airflow/.local/lib/python3.12/site-packages/airflow/example_dags/example_bash_operator.py
[2024-12-21T11:25:17.165+0000] {processor.py:914} INFO - Processing file /home/airflow/.local/lib/python3.12/site-packages/airflow/example_dags/example_bash_operator.py for tasks to queue
[2024-12-21T11:25:17.172+0000] {logging_mixin.py:190} INFO - [2024-12-21T11:25:17.172+0000] {dagbag.py:588} INFO - Filling up the DagBag from /home/airflow/.local/lib/python3.12/site-packages/airflow/example_dags/example_bash_operator.py
[2024-12-21T11:25:17.245+0000] {processor.py:925} INFO - DAG(s) 'example_bash_operator' retrieved from /home/airflow/.local/lib/python3.12/site-packages/airflow/example_dags/example_bash_operator.py
[2024-12-21T11:25:17.367+0000] {logging_mixin.py:190} INFO - [2024-12-21T11:25:17.366+0000] {dag.py:3239} INFO - Sync 1 DAGs
[2024-12-21T11:25:17.461+0000] {logging_mixin.py:190} INFO - [2024-12-21T11:25:17.459+0000] {dag.py:4180} INFO - Setting next_dagrun for example_bash_operator to 2024-12-20 00:00:00+00:00, run_after=2024-12-21 00:00:00+00:00
[2024-12-21T11:25:17.558+0000] {processor.py:208} INFO - Processing /home/airflow/.local/lib/python3.12/site-packages/airflow/example_dags/example_bash_operator.py took 0.409 seconds
[2024-12-21T11:25:48.269+0000] {processor.py:186} INFO - Started process (PID=952) to work on /home/airflow/.local/lib/python3.12/site-packages/airflow/example_dags/example_bash_operator.py
[2024-12-21T11:25:48.270+0000] {processor.py:914} INFO - Processing file /home/airflow/.local/lib/python3.12/site-packages/airflow/example_dags/example_bash_operator.py for tasks to queue
[2024-12-21T11:25:48.272+0000] {logging_mixin.py:190} INFO - [2024-12-21T11:25:48.272+0000] {dagbag.py:588} INFO - Filling up the DagBag from /home/airflow/.local/lib/python3.12/site-packages/airflow/example_dags/example_bash_operator.py
[2024-12-21T11:25:48.287+0000] {processor.py:925} INFO - DAG(s) 'example_bash_operator' retrieved from /home/airflow/.local/lib/python3.12/site-packages/airflow/example_dags/example_bash_operator.py
[2024-12-21T11:25:48.318+0000] {logging_mixin.py:190} INFO - [2024-12-21T11:25:48.318+0000] {dag.py:3239} INFO - Sync 1 DAGs
[2024-12-21T11:25:48.345+0000] {logging_mixin.py:190} INFO - [2024-12-21T11:25:48.345+0000] {dag.py:4180} INFO - Setting next_dagrun for example_bash_operator to 2024-12-20 00:00:00+00:00, run_after=2024-12-21 00:00:00+00:00
[2024-12-21T11:25:48.369+0000] {processor.py:208} INFO - Processing /home/airflow/.local/lib/python3.12/site-packages/airflow/example_dags/example_bash_operator.py took 0.107 seconds
[2024-12-21T11:26:18.668+0000] {processor.py:186} INFO - Started process (PID=1018) to work on /home/airflow/.local/lib/python3.12/site-packages/airflow/example_dags/example_bash_operator.py
[2024-12-21T11:26:18.669+0000] {processor.py:914} INFO - Processing file /home/airflow/.local/lib/python3.12/site-packages/airflow/example_dags/example_bash_operator.py for tasks to queue
[2024-12-21T11:26:18.672+0000] {logging_mixin.py:190} INFO - [2024-12-21T11:26:18.671+0000] {dagbag.py:588} INFO - Filling up the DagBag from /home/airflow/.local/lib/python3.12/site-packages/airflow/example_dags/example_bash_operator.py
[2024-12-21T11:26:18.686+0000] {processor.py:925} INFO - DAG(s) 'example_bash_operator' retrieved from /home/airflow/.local/lib/python3.12/site-packages/airflow/example_dags/example_bash_operator.py
[2024-12-21T11:26:18.717+0000] {logging_mixin.py:190} INFO - [2024-12-21T11:26:18.716+0000] {dag.py:3239} INFO - Sync 1 DAGs
[2024-12-21T11:26:18.743+0000] {logging_mixin.py:190} INFO - [2024-12-21T11:26:18.743+0000] {dag.py:4180} INFO - Setting next_dagrun for example_bash_operator to 2024-12-20 00:00:00+00:00, run_after=2024-12-21 00:00:00+00:00
[2024-12-21T11:26:18.772+0000] {processor.py:208} INFO - Processing /home/airflow/.local/lib/python3.12/site-packages/airflow/example_dags/example_bash_operator.py took 0.110 seconds
[2024-12-21T11:26:49.033+0000] {processor.py:186} INFO - Started process (PID=1084) to work on /home/airflow/.local/lib/python3.12/site-packages/airflow/example_dags/example_bash_operator.py
[2024-12-21T11:26:49.034+0000] {processor.py:914} INFO - Processing file /home/airflow/.local/lib/python3.12/site-packages/airflow/example_dags/example_bash_operator.py for tasks to queue
[2024-12-21T11:26:49.037+0000] {logging_mixin.py:190} INFO - [2024-12-21T11:26:49.037+0000] {dagbag.py:588} INFO - Filling up the DagBag from /home/airflow/.local/lib/python3.12/site-packages/airflow/example_dags/example_bash_operator.py
[2024-12-21T11:26:49.051+0000] {processor.py:925} INFO - DAG(s) 'example_bash_operator' retrieved from /home/airflow/.local/lib/python3.12/site-packages/airflow/example_dags/example_bash_operator.py
[2024-12-21T11:26:49.082+0000] {logging_mixin.py:190} INFO - [2024-12-21T11:26:49.082+0000] {dag.py:3239} INFO - Sync 1 DAGs
[2024-12-21T11:26:49.108+0000] {logging_mixin.py:190} INFO - [2024-12-21T11:26:49.108+0000] {dag.py:4180} INFO - Setting next_dagrun for example_bash_operator to 2024-12-20 00:00:00+00:00, run_after=2024-12-21 00:00:00+00:00
[2024-12-21T11:26:49.129+0000] {processor.py:208} INFO - Processing /home/airflow/.local/lib/python3.12/site-packages/airflow/example_dags/example_bash_operator.py took 0.103 seconds
[2024-12-21T11:27:19.257+0000] {processor.py:186} INFO - Started process (PID=1149) to work on /home/airflow/.local/lib/python3.12/site-packages/airflow/example_dags/example_bash_operator.py
[2024-12-21T11:27:19.258+0000] {processor.py:914} INFO - Processing file /home/airflow/.local/lib/python3.12/site-packages/airflow/example_dags/example_bash_operator.py for tasks to queue
[2024-12-21T11:27:19.261+0000] {logging_mixin.py:190} INFO - [2024-12-21T11:27:19.261+0000] {dagbag.py:588} INFO - Filling up the DagBag from /home/airflow/.local/lib/python3.12/site-packages/airflow/example_dags/example_bash_operator.py
[2024-12-21T11:27:19.276+0000] {processor.py:925} INFO - DAG(s) 'example_bash_operator' retrieved from /home/airflow/.local/lib/python3.12/site-packages/airflow/example_dags/example_bash_operator.py
[2024-12-21T11:27:19.315+0000] {logging_mixin.py:190} INFO - [2024-12-21T11:27:19.315+0000] {dag.py:3239} INFO - Sync 1 DAGs
[2024-12-21T11:27:19.344+0000] {logging_mixin.py:190} INFO - [2024-12-21T11:27:19.343+0000] {dag.py:4180} INFO - Setting next_dagrun for example_bash_operator to 2024-12-20 00:00:00+00:00, run_after=2024-12-21 00:00:00+00:00
[2024-12-21T11:27:19.367+0000] {processor.py:208} INFO - Processing /home/airflow/.local/lib/python3.12/site-packages/airflow/example_dags/example_bash_operator.py took 0.116 seconds
[2024-12-21T11:27:49.682+0000] {processor.py:186} INFO - Started process (PID=1215) to work on /home/airflow/.local/lib/python3.12/site-packages/airflow/example_dags/example_bash_operator.py
[2024-12-21T11:27:49.683+0000] {processor.py:914} INFO - Processing file /home/airflow/.local/lib/python3.12/site-packages/airflow/example_dags/example_bash_operator.py for tasks to queue
[2024-12-21T11:27:49.686+0000] {logging_mixin.py:190} INFO - [2024-12-21T11:27:49.686+0000] {dagbag.py:588} INFO - Filling up the DagBag from /home/airflow/.local/lib/python3.12/site-packages/airflow/example_dags/example_bash_operator.py
[2024-12-21T11:27:49.700+0000] {processor.py:925} INFO - DAG(s) 'example_bash_operator' retrieved from /home/airflow/.local/lib/python3.12/site-packages/airflow/example_dags/example_bash_operator.py
[2024-12-21T11:27:49.733+0000] {logging_mixin.py:190} INFO - [2024-12-21T11:27:49.732+0000] {dag.py:3239} INFO - Sync 1 DAGs
[2024-12-21T11:27:49.763+0000] {logging_mixin.py:190} INFO - [2024-12-21T11:27:49.762+0000] {dag.py:4180} INFO - Setting next_dagrun for example_bash_operator to 2024-12-20 00:00:00+00:00, run_after=2024-12-21 00:00:00+00:00
[2024-12-21T11:27:49.787+0000] {processor.py:208} INFO - Processing /home/airflow/.local/lib/python3.12/site-packages/airflow/example_dags/example_bash_operator.py took 0.111 seconds
[2024-12-21T11:28:20.130+0000] {processor.py:186} INFO - Started process (PID=1281) to work on /home/airflow/.local/lib/python3.12/site-packages/airflow/example_dags/example_bash_operator.py
[2024-12-21T11:28:20.131+0000] {processor.py:914} INFO - Processing file /home/airflow/.local/lib/python3.12/site-packages/airflow/example_dags/example_bash_operator.py for tasks to queue
[2024-12-21T11:28:20.134+0000] {logging_mixin.py:190} INFO - [2024-12-21T11:28:20.133+0000] {dagbag.py:588} INFO - Filling up the DagBag from /home/airflow/.local/lib/python3.12/site-packages/airflow/example_dags/example_bash_operator.py
[2024-12-21T11:28:20.148+0000] {processor.py:925} INFO - DAG(s) 'example_bash_operator' retrieved from /home/airflow/.local/lib/python3.12/site-packages/airflow/example_dags/example_bash_operator.py
[2024-12-21T11:28:20.178+0000] {logging_mixin.py:190} INFO - [2024-12-21T11:28:20.178+0000] {dag.py:3239} INFO - Sync 1 DAGs
[2024-12-21T11:28:20.206+0000] {logging_mixin.py:190} INFO - [2024-12-21T11:28:20.205+0000] {dag.py:4180} INFO - Setting next_dagrun for example_bash_operator to 2024-12-20 00:00:00+00:00, run_after=2024-12-21 00:00:00+00:00
[2024-12-21T11:28:20.228+0000] {processor.py:208} INFO - Processing /home/airflow/.local/lib/python3.12/site-packages/airflow/example_dags/example_bash_operator.py took 0.105 seconds
[2024-12-21T11:28:50.429+0000] {processor.py:186} INFO - Started process (PID=1347) to work on /home/airflow/.local/lib/python3.12/site-packages/airflow/example_dags/example_bash_operator.py
[2024-12-21T11:28:50.430+0000] {processor.py:914} INFO - Processing file /home/airflow/.local/lib/python3.12/site-packages/airflow/example_dags/example_bash_operator.py for tasks to queue
[2024-12-21T11:28:50.433+0000] {logging_mixin.py:190} INFO - [2024-12-21T11:28:50.432+0000] {dagbag.py:588} INFO - Filling up the DagBag from /home/airflow/.local/lib/python3.12/site-packages/airflow/example_dags/example_bash_operator.py
[2024-12-21T11:28:50.453+0000] {processor.py:925} INFO - DAG(s) 'example_bash_operator' retrieved from /home/airflow/.local/lib/python3.12/site-packages/airflow/example_dags/example_bash_operator.py
[2024-12-21T11:28:50.485+0000] {logging_mixin.py:190} INFO - [2024-12-21T11:28:50.485+0000] {dag.py:3239} INFO - Sync 1 DAGs
[2024-12-21T11:28:50.512+0000] {logging_mixin.py:190} INFO - [2024-12-21T11:28:50.512+0000] {dag.py:4180} INFO - Setting next_dagrun for example_bash_operator to 2024-12-20 00:00:00+00:00, run_after=2024-12-21 00:00:00+00:00
[2024-12-21T11:28:50.533+0000] {processor.py:208} INFO - Processing /home/airflow/.local/lib/python3.12/site-packages/airflow/example_dags/example_bash_operator.py took 0.112 seconds
[2024-12-21T11:29:21.337+0000] {processor.py:186} INFO - Started process (PID=1414) to work on /home/airflow/.local/lib/python3.12/site-packages/airflow/example_dags/example_bash_operator.py
[2024-12-21T11:29:21.338+0000] {processor.py:914} INFO - Processing file /home/airflow/.local/lib/python3.12/site-packages/airflow/example_dags/example_bash_operator.py for tasks to queue
[2024-12-21T11:29:21.341+0000] {logging_mixin.py:190} INFO - [2024-12-21T11:29:21.340+0000] {dagbag.py:588} INFO - Filling up the DagBag from /home/airflow/.local/lib/python3.12/site-packages/airflow/example_dags/example_bash_operator.py
[2024-12-21T11:29:21.358+0000] {processor.py:925} INFO - DAG(s) 'example_bash_operator' retrieved from /home/airflow/.local/lib/python3.12/site-packages/airflow/example_dags/example_bash_operator.py
[2024-12-21T11:29:21.398+0000] {logging_mixin.py:190} INFO - [2024-12-21T11:29:21.397+0000] {dag.py:3239} INFO - Sync 1 DAGs
[2024-12-21T11:29:21.434+0000] {logging_mixin.py:190} INFO - [2024-12-21T11:29:21.434+0000] {dag.py:4180} INFO - Setting next_dagrun for example_bash_operator to 2024-12-20 00:00:00+00:00, run_after=2024-12-21 00:00:00+00:00
[2024-12-21T11:29:21.461+0000] {processor.py:208} INFO - Processing /home/airflow/.local/lib/python3.12/site-packages/airflow/example_dags/example_bash_operator.py took 0.131 seconds
[2024-12-21T11:29:51.737+0000] {processor.py:186} INFO - Started process (PID=1480) to work on /home/airflow/.local/lib/python3.12/site-packages/airflow/example_dags/example_bash_operator.py
[2024-12-21T11:29:51.738+0000] {processor.py:914} INFO - Processing file /home/airflow/.local/lib/python3.12/site-packages/airflow/example_dags/example_bash_operator.py for tasks to queue
[2024-12-21T11:29:51.741+0000] {logging_mixin.py:190} INFO - [2024-12-21T11:29:51.740+0000] {dagbag.py:588} INFO - Filling up the DagBag from /home/airflow/.local/lib/python3.12/site-packages/airflow/example_dags/example_bash_operator.py
[2024-12-21T11:29:51.756+0000] {processor.py:925} INFO - DAG(s) 'example_bash_operator' retrieved from /home/airflow/.local/lib/python3.12/site-packages/airflow/example_dags/example_bash_operator.py
[2024-12-21T11:29:51.792+0000] {logging_mixin.py:190} INFO - [2024-12-21T11:29:51.792+0000] {dag.py:3239} INFO - Sync 1 DAGs
[2024-12-21T11:29:51.822+0000] {logging_mixin.py:190} INFO - [2024-12-21T11:29:51.821+0000] {dag.py:4180} INFO - Setting next_dagrun for example_bash_operator to 2024-12-20 00:00:00+00:00, run_after=2024-12-21 00:00:00+00:00
[2024-12-21T11:29:51.844+0000] {processor.py:208} INFO - Processing /home/airflow/.local/lib/python3.12/site-packages/airflow/example_dags/example_bash_operator.py took 0.113 seconds
[2024-12-21T11:30:22.282+0000] {processor.py:186} INFO - Started process (PID=1551) to work on /home/airflow/.local/lib/python3.12/site-packages/airflow/example_dags/example_bash_operator.py
[2024-12-21T11:30:22.283+0000] {processor.py:914} INFO - Processing file /home/airflow/.local/lib/python3.12/site-packages/airflow/example_dags/example_bash_operator.py for tasks to queue
[2024-12-21T11:30:22.286+0000] {logging_mixin.py:190} INFO - [2024-12-21T11:30:22.286+0000] {dagbag.py:588} INFO - Filling up the DagBag from /home/airflow/.local/lib/python3.12/site-packages/airflow/example_dags/example_bash_operator.py
[2024-12-21T11:30:22.301+0000] {processor.py:925} INFO - DAG(s) 'example_bash_operator' retrieved from /home/airflow/.local/lib/python3.12/site-packages/airflow/example_dags/example_bash_operator.py
[2024-12-21T11:30:22.332+0000] {logging_mixin.py:190} INFO - [2024-12-21T11:30:22.332+0000] {dag.py:3239} INFO - Sync 1 DAGs
[2024-12-21T11:30:22.362+0000] {logging_mixin.py:190} INFO - [2024-12-21T11:30:22.362+0000] {dag.py:4180} INFO - Setting next_dagrun for example_bash_operator to 2024-12-20 00:00:00+00:00, run_after=2024-12-21 00:00:00+00:00
[2024-12-21T11:30:22.385+0000] {processor.py:208} INFO - Processing /home/airflow/.local/lib/python3.12/site-packages/airflow/example_dags/example_bash_operator.py took 0.110 seconds
[2024-12-21T11:30:52.570+0000] {processor.py:186} INFO - Started process (PID=1628) to work on /home/airflow/.local/lib/python3.12/site-packages/airflow/example_dags/example_bash_operator.py
[2024-12-21T11:30:52.571+0000] {processor.py:914} INFO - Processing file /home/airflow/.local/lib/python3.12/site-packages/airflow/example_dags/example_bash_operator.py for tasks to queue
[2024-12-21T11:30:52.574+0000] {logging_mixin.py:190} INFO - [2024-12-21T11:30:52.573+0000] {dagbag.py:588} INFO - Filling up the DagBag from /home/airflow/.local/lib/python3.12/site-packages/airflow/example_dags/example_bash_operator.py
[2024-12-21T11:30:52.588+0000] {processor.py:925} INFO - DAG(s) 'example_bash_operator' retrieved from /home/airflow/.local/lib/python3.12/site-packages/airflow/example_dags/example_bash_operator.py
[2024-12-21T11:30:52.618+0000] {logging_mixin.py:190} INFO - [2024-12-21T11:30:52.618+0000] {dag.py:3239} INFO - Sync 1 DAGs
[2024-12-21T11:30:52.644+0000] {logging_mixin.py:190} INFO - [2024-12-21T11:30:52.644+0000] {dag.py:4180} INFO - Setting next_dagrun for example_bash_operator to 2024-12-20 00:00:00+00:00, run_after=2024-12-21 00:00:00+00:00
[2024-12-21T11:30:52.666+0000] {processor.py:208} INFO - Processing /home/airflow/.local/lib/python3.12/site-packages/airflow/example_dags/example_bash_operator.py took 0.103 seconds
[2024-12-21T11:31:22.878+0000] {processor.py:186} INFO - Started process (PID=1693) to work on /home/airflow/.local/lib/python3.12/site-packages/airflow/example_dags/example_bash_operator.py
[2024-12-21T11:31:22.879+0000] {processor.py:914} INFO - Processing file /home/airflow/.local/lib/python3.12/site-packages/airflow/example_dags/example_bash_operator.py for tasks to queue
[2024-12-21T11:31:22.882+0000] {logging_mixin.py:190} INFO - [2024-12-21T11:31:22.882+0000] {dagbag.py:588} INFO - Filling up the DagBag from /home/airflow/.local/lib/python3.12/site-packages/airflow/example_dags/example_bash_operator.py
[2024-12-21T11:31:22.896+0000] {processor.py:925} INFO - DAG(s) 'example_bash_operator' retrieved from /home/airflow/.local/lib/python3.12/site-packages/airflow/example_dags/example_bash_operator.py
[2024-12-21T11:31:22.927+0000] {logging_mixin.py:190} INFO - [2024-12-21T11:31:22.927+0000] {dag.py:3239} INFO - Sync 1 DAGs
[2024-12-21T11:31:22.953+0000] {logging_mixin.py:190} INFO - [2024-12-21T11:31:22.953+0000] {dag.py:4180} INFO - Setting next_dagrun for example_bash_operator to 2024-12-20 00:00:00+00:00, run_after=2024-12-21 00:00:00+00:00
[2024-12-21T11:31:22.975+0000] {processor.py:208} INFO - Processing /home/airflow/.local/lib/python3.12/site-packages/airflow/example_dags/example_bash_operator.py took 0.103 seconds
[2024-12-21T11:31:53.224+0000] {processor.py:186} INFO - Started process (PID=1759) to work on /home/airflow/.local/lib/python3.12/site-packages/airflow/example_dags/example_bash_operator.py
[2024-12-21T11:31:53.225+0000] {processor.py:914} INFO - Processing file /home/airflow/.local/lib/python3.12/site-packages/airflow/example_dags/example_bash_operator.py for tasks to queue
[2024-12-21T11:31:53.228+0000] {logging_mixin.py:190} INFO - [2024-12-21T11:31:53.227+0000] {dagbag.py:588} INFO - Filling up the DagBag from /home/airflow/.local/lib/python3.12/site-packages/airflow/example_dags/example_bash_operator.py
[2024-12-21T11:31:53.242+0000] {processor.py:925} INFO - DAG(s) 'example_bash_operator' retrieved from /home/airflow/.local/lib/python3.12/site-packages/airflow/example_dags/example_bash_operator.py
[2024-12-21T11:31:53.273+0000] {logging_mixin.py:190} INFO - [2024-12-21T11:31:53.273+0000] {dag.py:3239} INFO - Sync 1 DAGs
[2024-12-21T11:31:53.303+0000] {logging_mixin.py:190} INFO - [2024-12-21T11:31:53.303+0000] {dag.py:4180} INFO - Setting next_dagrun for example_bash_operator to 2024-12-20 00:00:00+00:00, run_after=2024-12-21 00:00:00+00:00
[2024-12-21T11:31:53.327+0000] {processor.py:208} INFO - Processing /home/airflow/.local/lib/python3.12/site-packages/airflow/example_dags/example_bash_operator.py took 0.110 seconds
[2024-12-21T11:32:23.508+0000] {processor.py:186} INFO - Started process (PID=1825) to work on /home/airflow/.local/lib/python3.12/site-packages/airflow/example_dags/example_bash_operator.py
[2024-12-21T11:32:23.509+0000] {processor.py:914} INFO - Processing file /home/airflow/.local/lib/python3.12/site-packages/airflow/example_dags/example_bash_operator.py for tasks to queue
[2024-12-21T11:32:23.512+0000] {logging_mixin.py:190} INFO - [2024-12-21T11:32:23.512+0000] {dagbag.py:588} INFO - Filling up the DagBag from /home/airflow/.local/lib/python3.12/site-packages/airflow/example_dags/example_bash_operator.py
[2024-12-21T11:32:23.526+0000] {processor.py:925} INFO - DAG(s) 'example_bash_operator' retrieved from /home/airflow/.local/lib/python3.12/site-packages/airflow/example_dags/example_bash_operator.py
[2024-12-21T11:32:23.557+0000] {logging_mixin.py:190} INFO - [2024-12-21T11:32:23.556+0000] {dag.py:3239} INFO - Sync 1 DAGs
[2024-12-21T11:32:23.583+0000] {logging_mixin.py:190} INFO - [2024-12-21T11:32:23.582+0000] {dag.py:4180} INFO - Setting next_dagrun for example_bash_operator to 2024-12-20 00:00:00+00:00, run_after=2024-12-21 00:00:00+00:00
[2024-12-21T11:32:23.605+0000] {processor.py:208} INFO - Processing /home/airflow/.local/lib/python3.12/site-packages/airflow/example_dags/example_bash_operator.py took 0.104 seconds
[2024-12-21T11:32:53.911+0000] {processor.py:186} INFO - Started process (PID=1891) to work on /home/airflow/.local/lib/python3.12/site-packages/airflow/example_dags/example_bash_operator.py
[2024-12-21T11:32:53.912+0000] {processor.py:914} INFO - Processing file /home/airflow/.local/lib/python3.12/site-packages/airflow/example_dags/example_bash_operator.py for tasks to queue
[2024-12-21T11:32:53.915+0000] {logging_mixin.py:190} INFO - [2024-12-21T11:32:53.914+0000] {dagbag.py:588} INFO - Filling up the DagBag from /home/airflow/.local/lib/python3.12/site-packages/airflow/example_dags/example_bash_operator.py
[2024-12-21T11:32:53.929+0000] {processor.py:925} INFO - DAG(s) 'example_bash_operator' retrieved from /home/airflow/.local/lib/python3.12/site-packages/airflow/example_dags/example_bash_operator.py
[2024-12-21T11:32:53.965+0000] {logging_mixin.py:190} INFO - [2024-12-21T11:32:53.964+0000] {dag.py:3239} INFO - Sync 1 DAGs
[2024-12-21T11:32:53.997+0000] {logging_mixin.py:190} INFO - [2024-12-21T11:32:53.997+0000] {dag.py:4180} INFO - Setting next_dagrun for example_bash_operator to 2024-12-20 00:00:00+00:00, run_after=2024-12-21 00:00:00+00:00
[2024-12-21T11:32:54.020+0000] {processor.py:208} INFO - Processing /home/airflow/.local/lib/python3.12/site-packages/airflow/example_dags/example_bash_operator.py took 0.116 seconds
[2024-12-21T11:33:24.272+0000] {processor.py:186} INFO - Started process (PID=1957) to work on /home/airflow/.local/lib/python3.12/site-packages/airflow/example_dags/example_bash_operator.py
[2024-12-21T11:33:24.274+0000] {processor.py:914} INFO - Processing file /home/airflow/.local/lib/python3.12/site-packages/airflow/example_dags/example_bash_operator.py for tasks to queue
[2024-12-21T11:33:24.277+0000] {logging_mixin.py:190} INFO - [2024-12-21T11:33:24.277+0000] {dagbag.py:588} INFO - Filling up the DagBag from /home/airflow/.local/lib/python3.12/site-packages/airflow/example_dags/example_bash_operator.py
[2024-12-21T11:33:24.295+0000] {processor.py:925} INFO - DAG(s) 'example_bash_operator' retrieved from /home/airflow/.local/lib/python3.12/site-packages/airflow/example_dags/example_bash_operator.py
[2024-12-21T11:33:24.334+0000] {logging_mixin.py:190} INFO - [2024-12-21T11:33:24.334+0000] {dag.py:3239} INFO - Sync 1 DAGs
[2024-12-21T11:33:24.369+0000] {logging_mixin.py:190} INFO - [2024-12-21T11:33:24.368+0000] {dag.py:4180} INFO - Setting next_dagrun for example_bash_operator to 2024-12-20 00:00:00+00:00, run_after=2024-12-21 00:00:00+00:00
[2024-12-21T11:33:24.397+0000] {processor.py:208} INFO - Processing /home/airflow/.local/lib/python3.12/site-packages/airflow/example_dags/example_bash_operator.py took 0.134 seconds
[2024-12-21T11:33:54.682+0000] {processor.py:186} INFO - Started process (PID=2023) to work on /home/airflow/.local/lib/python3.12/site-packages/airflow/example_dags/example_bash_operator.py
[2024-12-21T11:33:54.683+0000] {processor.py:914} INFO - Processing file /home/airflow/.local/lib/python3.12/site-packages/airflow/example_dags/example_bash_operator.py for tasks to queue
[2024-12-21T11:33:54.686+0000] {logging_mixin.py:190} INFO - [2024-12-21T11:33:54.686+0000] {dagbag.py:588} INFO - Filling up the DagBag from /home/airflow/.local/lib/python3.12/site-packages/airflow/example_dags/example_bash_operator.py
[2024-12-21T11:33:54.701+0000] {processor.py:925} INFO - DAG(s) 'example_bash_operator' retrieved from /home/airflow/.local/lib/python3.12/site-packages/airflow/example_dags/example_bash_operator.py
[2024-12-21T11:33:54.732+0000] {logging_mixin.py:190} INFO - [2024-12-21T11:33:54.732+0000] {dag.py:3239} INFO - Sync 1 DAGs
[2024-12-21T11:33:54.760+0000] {logging_mixin.py:190} INFO - [2024-12-21T11:33:54.760+0000] {dag.py:4180} INFO - Setting next_dagrun for example_bash_operator to 2024-12-20 00:00:00+00:00, run_after=2024-12-21 00:00:00+00:00
[2024-12-21T11:33:54.787+0000] {processor.py:208} INFO - Processing /home/airflow/.local/lib/python3.12/site-packages/airflow/example_dags/example_bash_operator.py took 0.111 seconds
[2024-12-21T11:34:25.056+0000] {processor.py:186} INFO - Started process (PID=2089) to work on /home/airflow/.local/lib/python3.12/site-packages/airflow/example_dags/example_bash_operator.py
[2024-12-21T11:34:25.057+0000] {processor.py:914} INFO - Processing file /home/airflow/.local/lib/python3.12/site-packages/airflow/example_dags/example_bash_operator.py for tasks to queue
[2024-12-21T11:34:25.060+0000] {logging_mixin.py:190} INFO - [2024-12-21T11:34:25.059+0000] {dagbag.py:588} INFO - Filling up the DagBag from /home/airflow/.local/lib/python3.12/site-packages/airflow/example_dags/example_bash_operator.py
[2024-12-21T11:34:25.079+0000] {processor.py:925} INFO - DAG(s) 'example_bash_operator' retrieved from /home/airflow/.local/lib/python3.12/site-packages/airflow/example_dags/example_bash_operator.py
[2024-12-21T11:34:25.110+0000] {logging_mixin.py:190} INFO - [2024-12-21T11:34:25.109+0000] {dag.py:3239} INFO - Sync 1 DAGs
[2024-12-21T11:34:25.137+0000] {logging_mixin.py:190} INFO - [2024-12-21T11:34:25.137+0000] {dag.py:4180} INFO - Setting next_dagrun for example_bash_operator to 2024-12-20 00:00:00+00:00, run_after=2024-12-21 00:00:00+00:00
[2024-12-21T11:34:25.159+0000] {processor.py:208} INFO - Processing /home/airflow/.local/lib/python3.12/site-packages/airflow/example_dags/example_bash_operator.py took 0.110 seconds
[2024-12-21T11:34:55.513+0000] {processor.py:186} INFO - Started process (PID=2155) to work on /home/airflow/.local/lib/python3.12/site-packages/airflow/example_dags/example_bash_operator.py
[2024-12-21T11:34:55.514+0000] {processor.py:914} INFO - Processing file /home/airflow/.local/lib/python3.12/site-packages/airflow/example_dags/example_bash_operator.py for tasks to queue
[2024-12-21T11:34:55.516+0000] {logging_mixin.py:190} INFO - [2024-12-21T11:34:55.516+0000] {dagbag.py:588} INFO - Filling up the DagBag from /home/airflow/.local/lib/python3.12/site-packages/airflow/example_dags/example_bash_operator.py
[2024-12-21T11:34:55.531+0000] {processor.py:925} INFO - DAG(s) 'example_bash_operator' retrieved from /home/airflow/.local/lib/python3.12/site-packages/airflow/example_dags/example_bash_operator.py
[2024-12-21T11:34:55.561+0000] {logging_mixin.py:190} INFO - [2024-12-21T11:34:55.561+0000] {dag.py:3239} INFO - Sync 1 DAGs
[2024-12-21T11:34:55.589+0000] {logging_mixin.py:190} INFO - [2024-12-21T11:34:55.588+0000] {dag.py:4180} INFO - Setting next_dagrun for example_bash_operator to 2024-12-20 00:00:00+00:00, run_after=2024-12-21 00:00:00+00:00
[2024-12-21T11:34:55.610+0000] {processor.py:208} INFO - Processing /home/airflow/.local/lib/python3.12/site-packages/airflow/example_dags/example_bash_operator.py took 0.104 seconds
[2024-12-21T11:35:26.124+0000] {processor.py:186} INFO - Started process (PID=2221) to work on /home/airflow/.local/lib/python3.12/site-packages/airflow/example_dags/example_bash_operator.py
[2024-12-21T11:35:26.126+0000] {processor.py:914} INFO - Processing file /home/airflow/.local/lib/python3.12/site-packages/airflow/example_dags/example_bash_operator.py for tasks to queue
[2024-12-21T11:35:26.129+0000] {logging_mixin.py:190} INFO - [2024-12-21T11:35:26.128+0000] {dagbag.py:588} INFO - Filling up the DagBag from /home/airflow/.local/lib/python3.12/site-packages/airflow/example_dags/example_bash_operator.py
[2024-12-21T11:35:26.144+0000] {processor.py:925} INFO - DAG(s) 'example_bash_operator' retrieved from /home/airflow/.local/lib/python3.12/site-packages/airflow/example_dags/example_bash_operator.py
[2024-12-21T11:35:26.175+0000] {logging_mixin.py:190} INFO - [2024-12-21T11:35:26.175+0000] {dag.py:3239} INFO - Sync 1 DAGs
[2024-12-21T11:35:26.203+0000] {logging_mixin.py:190} INFO - [2024-12-21T11:35:26.203+0000] {dag.py:4180} INFO - Setting next_dagrun for example_bash_operator to 2024-12-20 00:00:00+00:00, run_after=2024-12-21 00:00:00+00:00
[2024-12-21T11:35:26.226+0000] {processor.py:208} INFO - Processing /home/airflow/.local/lib/python3.12/site-packages/airflow/example_dags/example_bash_operator.py took 0.108 seconds
[2024-12-21T11:35:56.369+0000] {processor.py:186} INFO - Started process (PID=2286) to work on /home/airflow/.local/lib/python3.12/site-packages/airflow/example_dags/example_bash_operator.py
[2024-12-21T11:35:56.370+0000] {processor.py:914} INFO - Processing file /home/airflow/.local/lib/python3.12/site-packages/airflow/example_dags/example_bash_operator.py for tasks to queue
[2024-12-21T11:35:56.373+0000] {logging_mixin.py:190} INFO - [2024-12-21T11:35:56.372+0000] {dagbag.py:588} INFO - Filling up the DagBag from /home/airflow/.local/lib/python3.12/site-packages/airflow/example_dags/example_bash_operator.py
[2024-12-21T11:35:56.390+0000] {processor.py:925} INFO - DAG(s) 'example_bash_operator' retrieved from /home/airflow/.local/lib/python3.12/site-packages/airflow/example_dags/example_bash_operator.py
[2024-12-21T11:35:56.422+0000] {logging_mixin.py:190} INFO - [2024-12-21T11:35:56.422+0000] {dag.py:3239} INFO - Sync 1 DAGs
[2024-12-21T11:35:56.449+0000] {logging_mixin.py:190} INFO - [2024-12-21T11:35:56.448+0000] {dag.py:4180} INFO - Setting next_dagrun for example_bash_operator to 2024-12-20 00:00:00+00:00, run_after=2024-12-21 00:00:00+00:00
[2024-12-21T11:35:56.469+0000] {processor.py:208} INFO - Processing /home/airflow/.local/lib/python3.12/site-packages/airflow/example_dags/example_bash_operator.py took 0.107 seconds
[2024-12-21T11:36:26.541+0000] {processor.py:186} INFO - Started process (PID=2351) to work on /home/airflow/.local/lib/python3.12/site-packages/airflow/example_dags/example_bash_operator.py
[2024-12-21T11:36:26.542+0000] {processor.py:914} INFO - Processing file /home/airflow/.local/lib/python3.12/site-packages/airflow/example_dags/example_bash_operator.py for tasks to queue
[2024-12-21T11:36:26.544+0000] {logging_mixin.py:190} INFO - [2024-12-21T11:36:26.544+0000] {dagbag.py:588} INFO - Filling up the DagBag from /home/airflow/.local/lib/python3.12/site-packages/airflow/example_dags/example_bash_operator.py
[2024-12-21T11:36:26.560+0000] {processor.py:925} INFO - DAG(s) 'example_bash_operator' retrieved from /home/airflow/.local/lib/python3.12/site-packages/airflow/example_dags/example_bash_operator.py
[2024-12-21T11:36:26.591+0000] {logging_mixin.py:190} INFO - [2024-12-21T11:36:26.591+0000] {dag.py:3239} INFO - Sync 1 DAGs
[2024-12-21T11:36:26.619+0000] {logging_mixin.py:190} INFO - [2024-12-21T11:36:26.619+0000] {dag.py:4180} INFO - Setting next_dagrun for example_bash_operator to 2024-12-20 00:00:00+00:00, run_after=2024-12-21 00:00:00+00:00
[2024-12-21T11:36:26.642+0000] {processor.py:208} INFO - Processing /home/airflow/.local/lib/python3.12/site-packages/airflow/example_dags/example_bash_operator.py took 0.108 seconds
[2024-12-21T11:36:56.719+0000] {processor.py:186} INFO - Started process (PID=2417) to work on /home/airflow/.local/lib/python3.12/site-packages/airflow/example_dags/example_bash_operator.py
[2024-12-21T11:36:56.720+0000] {processor.py:914} INFO - Processing file /home/airflow/.local/lib/python3.12/site-packages/airflow/example_dags/example_bash_operator.py for tasks to queue
[2024-12-21T11:36:56.723+0000] {logging_mixin.py:190} INFO - [2024-12-21T11:36:56.722+0000] {dagbag.py:588} INFO - Filling up the DagBag from /home/airflow/.local/lib/python3.12/site-packages/airflow/example_dags/example_bash_operator.py
[2024-12-21T11:36:56.737+0000] {processor.py:925} INFO - DAG(s) 'example_bash_operator' retrieved from /home/airflow/.local/lib/python3.12/site-packages/airflow/example_dags/example_bash_operator.py
[2024-12-21T11:36:56.767+0000] {logging_mixin.py:190} INFO - [2024-12-21T11:36:56.767+0000] {dag.py:3239} INFO - Sync 1 DAGs
[2024-12-21T11:36:56.795+0000] {logging_mixin.py:190} INFO - [2024-12-21T11:36:56.795+0000] {dag.py:4180} INFO - Setting next_dagrun for example_bash_operator to 2024-12-20 00:00:00+00:00, run_after=2024-12-21 00:00:00+00:00
[2024-12-21T11:36:56.819+0000] {processor.py:208} INFO - Processing /home/airflow/.local/lib/python3.12/site-packages/airflow/example_dags/example_bash_operator.py took 0.106 seconds
[2024-12-21T11:37:27.056+0000] {processor.py:186} INFO - Started process (PID=2483) to work on /home/airflow/.local/lib/python3.12/site-packages/airflow/example_dags/example_bash_operator.py
[2024-12-21T11:37:27.057+0000] {processor.py:914} INFO - Processing file /home/airflow/.local/lib/python3.12/site-packages/airflow/example_dags/example_bash_operator.py for tasks to queue
[2024-12-21T11:37:27.060+0000] {logging_mixin.py:190} INFO - [2024-12-21T11:37:27.059+0000] {dagbag.py:588} INFO - Filling up the DagBag from /home/airflow/.local/lib/python3.12/site-packages/airflow/example_dags/example_bash_operator.py
[2024-12-21T11:37:27.074+0000] {processor.py:925} INFO - DAG(s) 'example_bash_operator' retrieved from /home/airflow/.local/lib/python3.12/site-packages/airflow/example_dags/example_bash_operator.py
[2024-12-21T11:37:27.105+0000] {logging_mixin.py:190} INFO - [2024-12-21T11:37:27.105+0000] {dag.py:3239} INFO - Sync 1 DAGs
[2024-12-21T11:37:27.133+0000] {logging_mixin.py:190} INFO - [2024-12-21T11:37:27.132+0000] {dag.py:4180} INFO - Setting next_dagrun for example_bash_operator to 2024-12-20 00:00:00+00:00, run_after=2024-12-21 00:00:00+00:00
[2024-12-21T11:37:27.156+0000] {processor.py:208} INFO - Processing /home/airflow/.local/lib/python3.12/site-packages/airflow/example_dags/example_bash_operator.py took 0.106 seconds
[2024-12-21T11:37:58.005+0000] {processor.py:186} INFO - Started process (PID=2549) to work on /home/airflow/.local/lib/python3.12/site-packages/airflow/example_dags/example_bash_operator.py
[2024-12-21T11:37:58.006+0000] {processor.py:914} INFO - Processing file /home/airflow/.local/lib/python3.12/site-packages/airflow/example_dags/example_bash_operator.py for tasks to queue
[2024-12-21T11:37:58.009+0000] {logging_mixin.py:190} INFO - [2024-12-21T11:37:58.009+0000] {dagbag.py:588} INFO - Filling up the DagBag from /home/airflow/.local/lib/python3.12/site-packages/airflow/example_dags/example_bash_operator.py
[2024-12-21T11:37:58.024+0000] {processor.py:925} INFO - DAG(s) 'example_bash_operator' retrieved from /home/airflow/.local/lib/python3.12/site-packages/airflow/example_dags/example_bash_operator.py
[2024-12-21T11:37:58.055+0000] {logging_mixin.py:190} INFO - [2024-12-21T11:37:58.055+0000] {dag.py:3239} INFO - Sync 1 DAGs
[2024-12-21T11:37:58.082+0000] {logging_mixin.py:190} INFO - [2024-12-21T11:37:58.082+0000] {dag.py:4180} INFO - Setting next_dagrun for example_bash_operator to 2024-12-20 00:00:00+00:00, run_after=2024-12-21 00:00:00+00:00
[2024-12-21T11:37:58.105+0000] {processor.py:208} INFO - Processing /home/airflow/.local/lib/python3.12/site-packages/airflow/example_dags/example_bash_operator.py took 0.106 seconds
[2024-12-21T11:38:28.219+0000] {processor.py:186} INFO - Started process (PID=2615) to work on /home/airflow/.local/lib/python3.12/site-packages/airflow/example_dags/example_bash_operator.py
[2024-12-21T11:38:28.220+0000] {processor.py:914} INFO - Processing file /home/airflow/.local/lib/python3.12/site-packages/airflow/example_dags/example_bash_operator.py for tasks to queue
[2024-12-21T11:38:28.224+0000] {logging_mixin.py:190} INFO - [2024-12-21T11:38:28.223+0000] {dagbag.py:588} INFO - Filling up the DagBag from /home/airflow/.local/lib/python3.12/site-packages/airflow/example_dags/example_bash_operator.py
[2024-12-21T11:38:28.244+0000] {processor.py:925} INFO - DAG(s) 'example_bash_operator' retrieved from /home/airflow/.local/lib/python3.12/site-packages/airflow/example_dags/example_bash_operator.py
[2024-12-21T11:38:28.289+0000] {logging_mixin.py:190} INFO - [2024-12-21T11:38:28.289+0000] {dag.py:3239} INFO - Sync 1 DAGs
[2024-12-21T11:38:28.329+0000] {logging_mixin.py:190} INFO - [2024-12-21T11:38:28.329+0000] {dag.py:4180} INFO - Setting next_dagrun for example_bash_operator to 2024-12-20 00:00:00+00:00, run_after=2024-12-21 00:00:00+00:00
[2024-12-21T11:38:28.356+0000] {processor.py:208} INFO - Processing /home/airflow/.local/lib/python3.12/site-packages/airflow/example_dags/example_bash_operator.py took 0.147 seconds
[2024-12-21T11:38:58.758+0000] {processor.py:186} INFO - Started process (PID=2681) to work on /home/airflow/.local/lib/python3.12/site-packages/airflow/example_dags/example_bash_operator.py
[2024-12-21T11:38:58.760+0000] {processor.py:914} INFO - Processing file /home/airflow/.local/lib/python3.12/site-packages/airflow/example_dags/example_bash_operator.py for tasks to queue
[2024-12-21T11:38:58.763+0000] {logging_mixin.py:190} INFO - [2024-12-21T11:38:58.762+0000] {dagbag.py:588} INFO - Filling up the DagBag from /home/airflow/.local/lib/python3.12/site-packages/airflow/example_dags/example_bash_operator.py
[2024-12-21T11:38:58.779+0000] {processor.py:925} INFO - DAG(s) 'example_bash_operator' retrieved from /home/airflow/.local/lib/python3.12/site-packages/airflow/example_dags/example_bash_operator.py
[2024-12-21T11:38:58.809+0000] {logging_mixin.py:190} INFO - [2024-12-21T11:38:58.809+0000] {dag.py:3239} INFO - Sync 1 DAGs
[2024-12-21T11:38:58.836+0000] {logging_mixin.py:190} INFO - [2024-12-21T11:38:58.835+0000] {dag.py:4180} INFO - Setting next_dagrun for example_bash_operator to 2024-12-20 00:00:00+00:00, run_after=2024-12-21 00:00:00+00:00
[2024-12-21T11:38:58.859+0000] {processor.py:208} INFO - Processing /home/airflow/.local/lib/python3.12/site-packages/airflow/example_dags/example_bash_operator.py took 0.107 seconds
[2024-12-21T11:39:29.520+0000] {processor.py:186} INFO - Started process (PID=2747) to work on /home/airflow/.local/lib/python3.12/site-packages/airflow/example_dags/example_bash_operator.py
[2024-12-21T11:39:29.522+0000] {processor.py:914} INFO - Processing file /home/airflow/.local/lib/python3.12/site-packages/airflow/example_dags/example_bash_operator.py for tasks to queue
[2024-12-21T11:39:29.524+0000] {logging_mixin.py:190} INFO - [2024-12-21T11:39:29.524+0000] {dagbag.py:588} INFO - Filling up the DagBag from /home/airflow/.local/lib/python3.12/site-packages/airflow/example_dags/example_bash_operator.py
[2024-12-21T11:39:29.538+0000] {processor.py:925} INFO - DAG(s) 'example_bash_operator' retrieved from /home/airflow/.local/lib/python3.12/site-packages/airflow/example_dags/example_bash_operator.py
[2024-12-21T11:39:29.566+0000] {logging_mixin.py:190} INFO - [2024-12-21T11:39:29.566+0000] {dag.py:3239} INFO - Sync 1 DAGs
[2024-12-21T11:39:29.591+0000] {logging_mixin.py:190} INFO - [2024-12-21T11:39:29.590+0000] {dag.py:4180} INFO - Setting next_dagrun for example_bash_operator to 2024-12-20 00:00:00+00:00, run_after=2024-12-21 00:00:00+00:00
[2024-12-21T11:39:29.610+0000] {processor.py:208} INFO - Processing /home/airflow/.local/lib/python3.12/site-packages/airflow/example_dags/example_bash_operator.py took 0.096 seconds
[2024-12-21T11:39:59.814+0000] {processor.py:186} INFO - Started process (PID=2813) to work on /home/airflow/.local/lib/python3.12/site-packages/airflow/example_dags/example_bash_operator.py
[2024-12-21T11:39:59.815+0000] {processor.py:914} INFO - Processing file /home/airflow/.local/lib/python3.12/site-packages/airflow/example_dags/example_bash_operator.py for tasks to queue
[2024-12-21T11:39:59.817+0000] {logging_mixin.py:190} INFO - [2024-12-21T11:39:59.817+0000] {dagbag.py:588} INFO - Filling up the DagBag from /home/airflow/.local/lib/python3.12/site-packages/airflow/example_dags/example_bash_operator.py
[2024-12-21T11:39:59.831+0000] {processor.py:925} INFO - DAG(s) 'example_bash_operator' retrieved from /home/airflow/.local/lib/python3.12/site-packages/airflow/example_dags/example_bash_operator.py
[2024-12-21T11:39:59.860+0000] {logging_mixin.py:190} INFO - [2024-12-21T11:39:59.860+0000] {dag.py:3239} INFO - Sync 1 DAGs
[2024-12-21T11:39:59.885+0000] {logging_mixin.py:190} INFO - [2024-12-21T11:39:59.885+0000] {dag.py:4180} INFO - Setting next_dagrun for example_bash_operator to 2024-12-20 00:00:00+00:00, run_after=2024-12-21 00:00:00+00:00
[2024-12-21T11:39:59.906+0000] {processor.py:208} INFO - Processing /home/airflow/.local/lib/python3.12/site-packages/airflow/example_dags/example_bash_operator.py took 0.099 seconds
