[2024-10-26T10:16:37.772+0000] {local_task_job_runner.py:123} INFO - ::group::Pre task execution logs
[2024-10-26T10:16:37.801+0000] {taskinstance.py:2612} INFO - Dependencies all met for dep_context=non-requeueable deps ti=<TaskInstance: extract_csv_dag.start manual__2024-10-26T10:16:35.208752+00:00 [queued]>
[2024-10-26T10:16:37.813+0000] {taskinstance.py:2612} INFO - Dependencies all met for dep_context=requeueable deps ti=<TaskInstance: extract_csv_dag.start manual__2024-10-26T10:16:35.208752+00:00 [queued]>
[2024-10-26T10:16:37.815+0000] {taskinstance.py:2865} INFO - Starting attempt 1 of 1
[2024-10-26T10:16:37.837+0000] {taskinstance.py:2888} INFO - Executing <Task(PythonOperator): start> on 2024-10-26 10:16:35.208752+00:00
[2024-10-26T10:16:37.847+0000] {warnings.py:112} WARNING - /home/***/.local/lib/python3.12/site-packages/***/task/task_runner/standard_task_runner.py:70: DeprecationWarning: This process (pid=362) is multi-threaded, use of fork() may lead to deadlocks in the child.
  pid = os.fork()

[2024-10-26T10:16:37.850+0000] {standard_task_runner.py:72} INFO - Started process 364 to run task
[2024-10-26T10:16:37.851+0000] {standard_task_runner.py:104} INFO - Running: ['***', 'tasks', 'run', 'extract_csv_dag', 'start', 'manual__2024-10-26T10:16:35.208752+00:00', '--job-id', '11', '--raw', '--subdir', 'DAGS_FOLDER/extract_csv.py', '--cfg-path', '/tmp/tmpl9f35npr']
[2024-10-26T10:16:37.854+0000] {standard_task_runner.py:105} INFO - Job 11: Subtask start
[2024-10-26T10:16:37.952+0000] {task_command.py:467} INFO - Running <TaskInstance: extract_csv_dag.start manual__2024-10-26T10:16:35.208752+00:00 [running]> on host f4ec8002467d
[2024-10-26T10:16:38.101+0000] {taskinstance.py:3131} INFO - Exporting env vars: AIRFLOW_CTX_DAG_OWNER='***' AIRFLOW_CTX_DAG_ID='extract_csv_dag' AIRFLOW_CTX_TASK_ID='start' AIRFLOW_CTX_EXECUTION_DATE='2024-10-26T10:16:35.208752+00:00' AIRFLOW_CTX_TRY_NUMBER='1' AIRFLOW_CTX_DAG_RUN_ID='manual__2024-10-26T10:16:35.208752+00:00'
[2024-10-26T10:16:38.103+0000] {logging_mixin.py:190} INFO - Task instance is in running state
[2024-10-26T10:16:38.104+0000] {logging_mixin.py:190} INFO -  Previous state of the Task instance: queued
[2024-10-26T10:16:38.105+0000] {logging_mixin.py:190} INFO - Current task name:start state:running start_date:2024-10-26 10:16:37.802516+00:00
[2024-10-26T10:16:38.106+0000] {logging_mixin.py:190} INFO - Dag name:extract_csv_dag and current dag run status:running
[2024-10-26T10:16:38.106+0000] {taskinstance.py:731} INFO - ::endgroup::
[2024-10-26T10:16:38.456+0000] {logging_mixin.py:190} INFO -    Year  ...                             Industry_code_ANZSIC06
0  2023  ...  ANZSIC06 divisions A-S (excluding classes K633...
1  2023  ...  ANZSIC06 divisions A-S (excluding classes K633...
2  2023  ...  ANZSIC06 divisions A-S (excluding classes K633...
3  2023  ...  ANZSIC06 divisions A-S (excluding classes K633...
4  2023  ...  ANZSIC06 divisions A-S (excluding classes K633...

[5 rows x 10 columns]
[2024-10-26T10:16:38.459+0000] {python.py:240} INFO - Done. Returned value was: None
[2024-10-26T10:16:38.471+0000] {taskinstance.py:340} INFO - ::group::Post task execution logs
[2024-10-26T10:16:38.473+0000] {taskinstance.py:352} INFO - Marking task as SUCCESS. dag_id=extract_csv_dag, task_id=start, run_id=manual__2024-10-26T10:16:35.208752+00:00, execution_date=20241026T101635, start_date=20241026T101637, end_date=20241026T101638
[2024-10-26T10:16:38.485+0000] {logging_mixin.py:190} INFO - Task instance in success state
[2024-10-26T10:16:38.486+0000] {logging_mixin.py:190} INFO -  Previous state of the Task instance: running
[2024-10-26T10:16:38.486+0000] {logging_mixin.py:190} INFO - Dag name:extract_csv_dag queued_at:2024-10-26 10:16:35.235846+00:00
[2024-10-26T10:16:38.487+0000] {logging_mixin.py:190} INFO - Task hostname:f4ec8002467d operator:PythonOperator
[2024-10-26T10:16:38.511+0000] {local_task_job_runner.py:266} INFO - Task exited with return code 0
[2024-10-26T10:16:38.532+0000] {taskinstance.py:3900} INFO - 0 downstream tasks scheduled from follow-on schedule check
[2024-10-26T10:16:38.535+0000] {local_task_job_runner.py:245} INFO - ::endgroup::
