[2024-12-21T11:25:10.452+0000] {local_task_job_runner.py:123} INFO - ::group::Pre task execution logs
[2024-12-21T11:25:10.523+0000] {taskinstance.py:2612} INFO - Dependencies all met for dep_context=non-requeueable deps ti=<TaskInstance: crypto_price_etl.extract scheduled__2024-12-16T00:00:00+00:00 [queued]>
[2024-12-21T11:25:10.549+0000] {taskinstance.py:2612} INFO - Dependencies all met for dep_context=requeueable deps ti=<TaskInstance: crypto_price_etl.extract scheduled__2024-12-16T00:00:00+00:00 [queued]>
[2024-12-21T11:25:10.553+0000] {taskinstance.py:2865} INFO - Starting attempt 1 of 2
[2024-12-21T11:25:10.642+0000] {taskinstance.py:2888} INFO - Executing <Task(PythonOperator): extract> on 2024-12-16 00:00:00+00:00
[2024-12-21T11:25:10.661+0000] {warnings.py:112} WARNING - /home/***/.local/lib/python3.12/site-packages/***/task/task_runner/standard_task_runner.py:70: DeprecationWarning: This process (pid=437) is multi-threaded, use of fork() may lead to deadlocks in the child.
  pid = os.fork()

[2024-12-21T11:25:10.667+0000] {standard_task_runner.py:72} INFO - Started process 478 to run task
[2024-12-21T11:25:10.675+0000] {standard_task_runner.py:104} INFO - Running: ['***', 'tasks', 'run', 'crypto_price_etl', 'extract', 'scheduled__2024-12-16T00:00:00+00:00', '--job-id', '102', '--raw', '--subdir', 'DAGS_FOLDER/crypto_dag.py', '--cfg-path', '/tmp/tmpbi6k2ot6']
[2024-12-21T11:25:10.678+0000] {standard_task_runner.py:105} INFO - Job 102: Subtask extract
[2024-12-21T11:25:10.945+0000] {task_command.py:467} INFO - Running <TaskInstance: crypto_price_etl.extract scheduled__2024-12-16T00:00:00+00:00 [running]> on host f4ec8002467d
[2024-12-21T11:25:11.281+0000] {taskinstance.py:3131} INFO - Exporting env vars: AIRFLOW_CTX_DAG_OWNER='***' AIRFLOW_CTX_DAG_ID='crypto_price_etl' AIRFLOW_CTX_TASK_ID='extract' AIRFLOW_CTX_EXECUTION_DATE='2024-12-16T00:00:00+00:00' AIRFLOW_CTX_TRY_NUMBER='1' AIRFLOW_CTX_DAG_RUN_ID='scheduled__2024-12-16T00:00:00+00:00'
[2024-12-21T11:25:11.284+0000] {logging_mixin.py:190} INFO - Task instance is in running state
[2024-12-21T11:25:11.285+0000] {logging_mixin.py:190} INFO -  Previous state of the Task instance: queued
[2024-12-21T11:25:11.297+0000] {logging_mixin.py:190} INFO - Current task name:extract state:running start_date:2024-12-21 11:25:10.529080+00:00
[2024-12-21T11:25:11.302+0000] {logging_mixin.py:190} INFO - Dag name:crypto_price_etl and current dag run status:running
[2024-12-21T11:25:11.304+0000] {taskinstance.py:731} INFO - ::endgroup::
[2024-12-21T11:25:11.552+0000] {python.py:240} INFO - Done. Returned value was: None
[2024-12-21T11:25:11.616+0000] {taskinstance.py:340} INFO - ::group::Post task execution logs
[2024-12-21T11:25:11.631+0000] {taskinstance.py:352} INFO - Marking task as SUCCESS. dag_id=crypto_price_etl, task_id=extract, run_id=scheduled__2024-12-16T00:00:00+00:00, execution_date=20241216T000000, start_date=20241221T112510, end_date=20241221T112511
[2024-12-21T11:25:11.680+0000] {logging_mixin.py:190} INFO - Task instance in success state
[2024-12-21T11:25:11.681+0000] {logging_mixin.py:190} INFO -  Previous state of the Task instance: running
[2024-12-21T11:25:11.689+0000] {logging_mixin.py:190} INFO - Dag name:crypto_price_etl queued_at:2024-12-21 11:25:05.693648+00:00
[2024-12-21T11:25:11.691+0000] {logging_mixin.py:190} INFO - Task hostname:f4ec8002467d operator:PythonOperator
[2024-12-21T11:25:11.737+0000] {local_task_job_runner.py:266} INFO - Task exited with return code 0
[2024-12-21T11:25:11.842+0000] {taskinstance.py:3900} INFO - 1 downstream tasks scheduled from follow-on schedule check
[2024-12-21T11:25:11.847+0000] {local_task_job_runner.py:245} INFO - ::endgroup::
