[2024-10-26T10:13:06.898+0000] {processor.py:186} INFO - Started process (PID=2548) to work on /opt/airflow/dags/extract_csv.py
[2024-10-26T10:13:06.899+0000] {processor.py:914} INFO - Processing file /opt/airflow/dags/extract_csv.py for tasks to queue
[2024-10-26T10:13:06.904+0000] {logging_mixin.py:190} INFO - [2024-10-26T10:13:06.904+0000] {dagbag.py:588} INFO - Filling up the DagBag from /opt/airflow/dags/extract_csv.py
[2024-10-26T10:13:06.947+0000] {logging_mixin.py:190} INFO - [2024-10-26T10:13:06.937+0000] {dagbag.py:387} ERROR - Failed to import: /opt/airflow/dags/extract_csv.py
Traceback (most recent call last):
  File "/home/airflow/.local/lib/python3.12/site-packages/airflow/models/dagbag.py", line 383, in parse
    loader.exec_module(new_module)
  File "<frozen importlib._bootstrap_external>", line 995, in exec_module
  File "<frozen importlib._bootstrap>", line 488, in _call_with_frames_removed
  File "/opt/airflow/dags/extract_csv.py", line 2, in <module>
    from airflow.operators.dummy_operator import PythonOperator
ImportError: cannot import name 'PythonOperator' from 'airflow.operators.dummy_operator' (unknown location)
[2024-10-26T10:13:06.952+0000] {processor.py:927} WARNING - No viable dags retrieved from /opt/airflow/dags/extract_csv.py
[2024-10-26T10:13:06.985+0000] {processor.py:208} INFO - Processing /opt/airflow/dags/extract_csv.py took 0.095 seconds
[2024-10-26T10:13:18.836+0000] {processor.py:186} INFO - Started process (PID=2579) to work on /opt/airflow/dags/extract_csv.py
[2024-10-26T10:13:18.838+0000] {processor.py:914} INFO - Processing file /opt/airflow/dags/extract_csv.py for tasks to queue
[2024-10-26T10:13:18.841+0000] {logging_mixin.py:190} INFO - [2024-10-26T10:13:18.841+0000] {dagbag.py:588} INFO - Filling up the DagBag from /opt/airflow/dags/extract_csv.py
[2024-10-26T10:13:18.885+0000] {logging_mixin.py:190} INFO - [2024-10-26T10:13:18.876+0000] {dagbag.py:387} ERROR - Failed to import: /opt/airflow/dags/extract_csv.py
Traceback (most recent call last):
  File "/home/airflow/.local/lib/python3.12/site-packages/airflow/models/dagbag.py", line 383, in parse
    loader.exec_module(new_module)
  File "<frozen importlib._bootstrap_external>", line 995, in exec_module
  File "<frozen importlib._bootstrap>", line 488, in _call_with_frames_removed
  File "/opt/airflow/dags/extract_csv.py", line 2, in <module>
    from airflow.operators.dummy_operator import PythonOperator
ImportError: cannot import name 'PythonOperator' from 'airflow.operators.dummy_operator' (unknown location)
[2024-10-26T10:13:18.890+0000] {processor.py:927} WARNING - No viable dags retrieved from /opt/airflow/dags/extract_csv.py
[2024-10-26T10:13:18.928+0000] {processor.py:208} INFO - Processing /opt/airflow/dags/extract_csv.py took 0.099 seconds
[2024-10-26T10:13:38.969+0000] {processor.py:186} INFO - Started process (PID=2616) to work on /opt/airflow/dags/extract_csv.py
[2024-10-26T10:13:38.971+0000] {processor.py:914} INFO - Processing file /opt/airflow/dags/extract_csv.py for tasks to queue
[2024-10-26T10:13:38.975+0000] {logging_mixin.py:190} INFO - [2024-10-26T10:13:38.974+0000] {dagbag.py:588} INFO - Filling up the DagBag from /opt/airflow/dags/extract_csv.py
[2024-10-26T10:13:39.024+0000] {logging_mixin.py:190} INFO - [2024-10-26T10:13:39.012+0000] {dagbag.py:387} ERROR - Failed to import: /opt/airflow/dags/extract_csv.py
Traceback (most recent call last):
  File "/home/airflow/.local/lib/python3.12/site-packages/airflow/models/dagbag.py", line 383, in parse
    loader.exec_module(new_module)
  File "<frozen importlib._bootstrap_external>", line 995, in exec_module
  File "<frozen importlib._bootstrap>", line 488, in _call_with_frames_removed
  File "/opt/airflow/dags/extract_csv.py", line 2, in <module>
    from airflow.operators.dummy_operator import PythonOperator
ImportError: cannot import name 'PythonOperator' from 'airflow.operators.dummy_operator' (unknown location)
[2024-10-26T10:13:39.031+0000] {processor.py:927} WARNING - No viable dags retrieved from /opt/airflow/dags/extract_csv.py
[2024-10-26T10:13:39.069+0000] {processor.py:208} INFO - Processing /opt/airflow/dags/extract_csv.py took 0.112 seconds
[2024-10-26T10:14:08.071+0000] {processor.py:186} INFO - Started process (PID=2678) to work on /opt/airflow/dags/extract_csv.py
[2024-10-26T10:14:08.075+0000] {processor.py:914} INFO - Processing file /opt/airflow/dags/extract_csv.py for tasks to queue
[2024-10-26T10:14:08.084+0000] {logging_mixin.py:190} INFO - [2024-10-26T10:14:08.082+0000] {dagbag.py:588} INFO - Filling up the DagBag from /opt/airflow/dags/extract_csv.py
[2024-10-26T10:14:08.140+0000] {processor.py:925} INFO - DAG(s) 'extract_csv_dag' retrieved from /opt/airflow/dags/extract_csv.py
[2024-10-26T10:14:08.329+0000] {logging_mixin.py:190} INFO - [2024-10-26T10:14:08.327+0000] {override.py:1900} INFO - Created Permission View: can read on DAG:extract_csv_dag
[2024-10-26T10:14:08.353+0000] {logging_mixin.py:190} INFO - [2024-10-26T10:14:08.352+0000] {override.py:1900} INFO - Created Permission View: can edit on DAG:extract_csv_dag
[2024-10-26T10:14:08.365+0000] {logging_mixin.py:190} INFO - [2024-10-26T10:14:08.364+0000] {override.py:1900} INFO - Created Permission View: can delete on DAG:extract_csv_dag
[2024-10-26T10:14:08.378+0000] {logging_mixin.py:190} INFO - [2024-10-26T10:14:08.378+0000] {override.py:1900} INFO - Created Permission View: can read on DAG Run:extract_csv_dag
[2024-10-26T10:14:08.389+0000] {logging_mixin.py:190} INFO - [2024-10-26T10:14:08.388+0000] {override.py:1900} INFO - Created Permission View: can delete on DAG Run:extract_csv_dag
[2024-10-26T10:14:08.400+0000] {logging_mixin.py:190} INFO - [2024-10-26T10:14:08.400+0000] {override.py:1900} INFO - Created Permission View: menu access on DAG Run:extract_csv_dag
[2024-10-26T10:14:08.412+0000] {logging_mixin.py:190} INFO - [2024-10-26T10:14:08.411+0000] {override.py:1900} INFO - Created Permission View: can create on DAG Run:extract_csv_dag
[2024-10-26T10:14:08.413+0000] {logging_mixin.py:190} INFO - [2024-10-26T10:14:08.413+0000] {dag.py:3239} INFO - Sync 1 DAGs
[2024-10-26T10:14:08.432+0000] {logging_mixin.py:190} INFO - [2024-10-26T10:14:08.431+0000] {dag.py:3262} INFO - Creating ORM DAG for extract_csv_dag
[2024-10-26T10:14:08.449+0000] {logging_mixin.py:190} INFO - [2024-10-26T10:14:08.449+0000] {dag.py:4180} INFO - Setting next_dagrun for extract_csv_dag to 2024-10-25 00:00:00+00:00, run_after=2024-10-26 00:00:00+00:00
[2024-10-26T10:14:08.741+0000] {processor.py:208} INFO - Processing /opt/airflow/dags/extract_csv.py took 0.715 seconds
[2024-10-26T10:14:38.849+0000] {processor.py:186} INFO - Started process (PID=2744) to work on /opt/airflow/dags/extract_csv.py
[2024-10-26T10:14:38.851+0000] {processor.py:914} INFO - Processing file /opt/airflow/dags/extract_csv.py for tasks to queue
[2024-10-26T10:14:38.855+0000] {logging_mixin.py:190} INFO - [2024-10-26T10:14:38.854+0000] {dagbag.py:588} INFO - Filling up the DagBag from /opt/airflow/dags/extract_csv.py
[2024-10-26T10:14:38.890+0000] {processor.py:925} INFO - DAG(s) 'extract_csv_dag' retrieved from /opt/airflow/dags/extract_csv.py
[2024-10-26T10:14:38.916+0000] {logging_mixin.py:190} INFO - [2024-10-26T10:14:38.915+0000] {dag.py:3239} INFO - Sync 1 DAGs
[2024-10-26T10:14:38.964+0000] {logging_mixin.py:190} INFO - [2024-10-26T10:14:38.963+0000] {dag.py:4180} INFO - Setting next_dagrun for extract_csv_dag to 2024-10-25 00:00:00+00:00, run_after=2024-10-26 00:00:00+00:00
[2024-10-26T10:14:39.017+0000] {processor.py:208} INFO - Processing /opt/airflow/dags/extract_csv.py took 0.178 seconds
[2024-10-26T10:15:09.167+0000] {processor.py:186} INFO - Started process (PID=2808) to work on /opt/airflow/dags/extract_csv.py
[2024-10-26T10:15:09.169+0000] {processor.py:914} INFO - Processing file /opt/airflow/dags/extract_csv.py for tasks to queue
[2024-10-26T10:15:09.174+0000] {logging_mixin.py:190} INFO - [2024-10-26T10:15:09.174+0000] {dagbag.py:588} INFO - Filling up the DagBag from /opt/airflow/dags/extract_csv.py
[2024-10-26T10:15:09.212+0000] {processor.py:925} INFO - DAG(s) 'extract_csv_dag' retrieved from /opt/airflow/dags/extract_csv.py
[2024-10-26T10:15:09.245+0000] {logging_mixin.py:190} INFO - [2024-10-26T10:15:09.245+0000] {dag.py:3239} INFO - Sync 1 DAGs
[2024-10-26T10:15:09.300+0000] {logging_mixin.py:190} INFO - [2024-10-26T10:15:09.300+0000] {dag.py:4180} INFO - Setting next_dagrun for extract_csv_dag to 2024-10-25 00:00:00+00:00, run_after=2024-10-26 00:00:00+00:00
[2024-10-26T10:15:09.375+0000] {processor.py:208} INFO - Processing /opt/airflow/dags/extract_csv.py took 0.221 seconds
[2024-10-26T10:15:39.471+0000] {processor.py:186} INFO - Started process (PID=2870) to work on /opt/airflow/dags/extract_csv.py
[2024-10-26T10:15:39.472+0000] {processor.py:914} INFO - Processing file /opt/airflow/dags/extract_csv.py for tasks to queue
[2024-10-26T10:15:39.476+0000] {logging_mixin.py:190} INFO - [2024-10-26T10:15:39.476+0000] {dagbag.py:588} INFO - Filling up the DagBag from /opt/airflow/dags/extract_csv.py
[2024-10-26T10:15:39.511+0000] {processor.py:925} INFO - DAG(s) 'extract_csv_dag' retrieved from /opt/airflow/dags/extract_csv.py
[2024-10-26T10:15:39.548+0000] {logging_mixin.py:190} INFO - [2024-10-26T10:15:39.548+0000] {dag.py:3239} INFO - Sync 1 DAGs
[2024-10-26T10:15:39.612+0000] {logging_mixin.py:190} INFO - [2024-10-26T10:15:39.611+0000] {dag.py:4180} INFO - Setting next_dagrun for extract_csv_dag to 2024-10-26 00:00:00+00:00, run_after=2024-10-27 00:00:00+00:00
[2024-10-26T10:15:39.653+0000] {processor.py:208} INFO - Processing /opt/airflow/dags/extract_csv.py took 0.192 seconds
[2024-10-26T10:16:10.181+0000] {processor.py:186} INFO - Started process (PID=2934) to work on /opt/airflow/dags/extract_csv.py
[2024-10-26T10:16:10.183+0000] {processor.py:914} INFO - Processing file /opt/airflow/dags/extract_csv.py for tasks to queue
[2024-10-26T10:16:10.187+0000] {logging_mixin.py:190} INFO - [2024-10-26T10:16:10.187+0000] {dagbag.py:588} INFO - Filling up the DagBag from /opt/airflow/dags/extract_csv.py
[2024-10-26T10:16:10.233+0000] {processor.py:925} INFO - DAG(s) 'extract_csv_dag' retrieved from /opt/airflow/dags/extract_csv.py
[2024-10-26T10:16:10.276+0000] {logging_mixin.py:190} INFO - [2024-10-26T10:16:10.275+0000] {dag.py:3239} INFO - Sync 1 DAGs
[2024-10-26T10:16:10.350+0000] {logging_mixin.py:190} INFO - [2024-10-26T10:16:10.349+0000] {dag.py:4180} INFO - Setting next_dagrun for extract_csv_dag to 2024-10-26 00:00:00+00:00, run_after=2024-10-27 00:00:00+00:00
[2024-10-26T10:16:10.395+0000] {processor.py:208} INFO - Processing /opt/airflow/dags/extract_csv.py took 0.226 seconds
[2024-10-26T10:16:22.179+0000] {processor.py:186} INFO - Started process (PID=2952) to work on /opt/airflow/dags/extract_csv.py
[2024-10-26T10:16:22.181+0000] {processor.py:914} INFO - Processing file /opt/airflow/dags/extract_csv.py for tasks to queue
[2024-10-26T10:16:22.186+0000] {logging_mixin.py:190} INFO - [2024-10-26T10:16:22.186+0000] {dagbag.py:588} INFO - Filling up the DagBag from /opt/airflow/dags/extract_csv.py
[2024-10-26T10:16:22.270+0000] {processor.py:925} INFO - DAG(s) 'extract_csv_dag' retrieved from /opt/airflow/dags/extract_csv.py
[2024-10-26T10:16:22.344+0000] {logging_mixin.py:190} INFO - [2024-10-26T10:16:22.343+0000] {dag.py:3239} INFO - Sync 1 DAGs
[2024-10-26T10:16:22.396+0000] {logging_mixin.py:190} INFO - [2024-10-26T10:16:22.395+0000] {dag.py:4180} INFO - Setting next_dagrun for extract_csv_dag to 2024-10-26 00:00:00+00:00, run_after=2024-10-27 00:00:00+00:00
[2024-10-26T10:16:22.434+0000] {processor.py:208} INFO - Processing /opt/airflow/dags/extract_csv.py took 0.264 seconds
[2024-10-26T10:16:53.263+0000] {processor.py:186} INFO - Started process (PID=3016) to work on /opt/airflow/dags/extract_csv.py
[2024-10-26T10:16:53.265+0000] {processor.py:914} INFO - Processing file /opt/airflow/dags/extract_csv.py for tasks to queue
[2024-10-26T10:16:53.271+0000] {logging_mixin.py:190} INFO - [2024-10-26T10:16:53.270+0000] {dagbag.py:588} INFO - Filling up the DagBag from /opt/airflow/dags/extract_csv.py
[2024-10-26T10:16:53.315+0000] {processor.py:925} INFO - DAG(s) 'extract_csv_dag' retrieved from /opt/airflow/dags/extract_csv.py
[2024-10-26T10:16:53.351+0000] {logging_mixin.py:190} INFO - [2024-10-26T10:16:53.351+0000] {dag.py:3239} INFO - Sync 1 DAGs
[2024-10-26T10:16:53.386+0000] {logging_mixin.py:190} INFO - [2024-10-26T10:16:53.386+0000] {dag.py:4180} INFO - Setting next_dagrun for extract_csv_dag to 2024-10-26 00:00:00+00:00, run_after=2024-10-27 00:00:00+00:00
[2024-10-26T10:16:53.427+0000] {processor.py:208} INFO - Processing /opt/airflow/dags/extract_csv.py took 0.187 seconds
[2024-10-26T10:17:23.749+0000] {processor.py:186} INFO - Started process (PID=3080) to work on /opt/airflow/dags/extract_csv.py
[2024-10-26T10:17:23.751+0000] {processor.py:914} INFO - Processing file /opt/airflow/dags/extract_csv.py for tasks to queue
[2024-10-26T10:17:23.755+0000] {logging_mixin.py:190} INFO - [2024-10-26T10:17:23.754+0000] {dagbag.py:588} INFO - Filling up the DagBag from /opt/airflow/dags/extract_csv.py
[2024-10-26T10:17:23.785+0000] {processor.py:925} INFO - DAG(s) 'extract_csv_dag' retrieved from /opt/airflow/dags/extract_csv.py
[2024-10-26T10:17:23.811+0000] {logging_mixin.py:190} INFO - [2024-10-26T10:17:23.810+0000] {dag.py:3239} INFO - Sync 1 DAGs
[2024-10-26T10:17:23.845+0000] {logging_mixin.py:190} INFO - [2024-10-26T10:17:23.845+0000] {dag.py:4180} INFO - Setting next_dagrun for extract_csv_dag to 2024-10-26 00:00:00+00:00, run_after=2024-10-27 00:00:00+00:00
[2024-10-26T10:17:23.872+0000] {processor.py:208} INFO - Processing /opt/airflow/dags/extract_csv.py took 0.137 seconds
[2024-10-26T10:17:54.160+0000] {processor.py:186} INFO - Started process (PID=3144) to work on /opt/airflow/dags/extract_csv.py
[2024-10-26T10:17:54.166+0000] {processor.py:914} INFO - Processing file /opt/airflow/dags/extract_csv.py for tasks to queue
[2024-10-26T10:17:54.178+0000] {logging_mixin.py:190} INFO - [2024-10-26T10:17:54.176+0000] {dagbag.py:588} INFO - Filling up the DagBag from /opt/airflow/dags/extract_csv.py
[2024-10-26T10:17:54.239+0000] {processor.py:925} INFO - DAG(s) 'extract_csv_dag' retrieved from /opt/airflow/dags/extract_csv.py
[2024-10-26T10:17:54.291+0000] {logging_mixin.py:190} INFO - [2024-10-26T10:17:54.290+0000] {dag.py:3239} INFO - Sync 1 DAGs
[2024-10-26T10:17:54.379+0000] {logging_mixin.py:190} INFO - [2024-10-26T10:17:54.377+0000] {dag.py:4180} INFO - Setting next_dagrun for extract_csv_dag to 2024-10-26 00:00:00+00:00, run_after=2024-10-27 00:00:00+00:00
[2024-10-26T10:17:54.414+0000] {processor.py:208} INFO - Processing /opt/airflow/dags/extract_csv.py took 0.286 seconds
[2024-10-26T10:18:24.628+0000] {processor.py:186} INFO - Started process (PID=3208) to work on /opt/airflow/dags/extract_csv.py
[2024-10-26T10:18:24.630+0000] {processor.py:914} INFO - Processing file /opt/airflow/dags/extract_csv.py for tasks to queue
[2024-10-26T10:18:24.634+0000] {logging_mixin.py:190} INFO - [2024-10-26T10:18:24.634+0000] {dagbag.py:588} INFO - Filling up the DagBag from /opt/airflow/dags/extract_csv.py
[2024-10-26T10:18:24.661+0000] {processor.py:925} INFO - DAG(s) 'extract_csv_dag' retrieved from /opt/airflow/dags/extract_csv.py
[2024-10-26T10:18:24.686+0000] {logging_mixin.py:190} INFO - [2024-10-26T10:18:24.685+0000] {dag.py:3239} INFO - Sync 1 DAGs
[2024-10-26T10:18:24.722+0000] {logging_mixin.py:190} INFO - [2024-10-26T10:18:24.722+0000] {dag.py:4180} INFO - Setting next_dagrun for extract_csv_dag to 2024-10-26 00:00:00+00:00, run_after=2024-10-27 00:00:00+00:00
[2024-10-26T10:18:24.763+0000] {processor.py:208} INFO - Processing /opt/airflow/dags/extract_csv.py took 0.143 seconds
[2024-10-26T10:18:55.766+0000] {processor.py:186} INFO - Started process (PID=3272) to work on /opt/airflow/dags/extract_csv.py
[2024-10-26T10:18:55.768+0000] {processor.py:914} INFO - Processing file /opt/airflow/dags/extract_csv.py for tasks to queue
[2024-10-26T10:18:55.771+0000] {logging_mixin.py:190} INFO - [2024-10-26T10:18:55.771+0000] {dagbag.py:588} INFO - Filling up the DagBag from /opt/airflow/dags/extract_csv.py
[2024-10-26T10:18:55.805+0000] {processor.py:925} INFO - DAG(s) 'extract_csv_dag' retrieved from /opt/airflow/dags/extract_csv.py
[2024-10-26T10:18:55.831+0000] {logging_mixin.py:190} INFO - [2024-10-26T10:18:55.831+0000] {dag.py:3239} INFO - Sync 1 DAGs
[2024-10-26T10:18:55.864+0000] {logging_mixin.py:190} INFO - [2024-10-26T10:18:55.864+0000] {dag.py:4180} INFO - Setting next_dagrun for extract_csv_dag to 2024-10-26 00:00:00+00:00, run_after=2024-10-27 00:00:00+00:00
[2024-10-26T10:18:56.104+0000] {processor.py:208} INFO - Processing /opt/airflow/dags/extract_csv.py took 0.346 seconds
[2024-10-26T10:19:26.709+0000] {processor.py:186} INFO - Started process (PID=3336) to work on /opt/airflow/dags/extract_csv.py
[2024-10-26T10:19:26.710+0000] {processor.py:914} INFO - Processing file /opt/airflow/dags/extract_csv.py for tasks to queue
[2024-10-26T10:19:26.713+0000] {logging_mixin.py:190} INFO - [2024-10-26T10:19:26.713+0000] {dagbag.py:588} INFO - Filling up the DagBag from /opt/airflow/dags/extract_csv.py
[2024-10-26T10:19:26.740+0000] {processor.py:925} INFO - DAG(s) 'extract_csv_dag' retrieved from /opt/airflow/dags/extract_csv.py
[2024-10-26T10:19:26.765+0000] {logging_mixin.py:190} INFO - [2024-10-26T10:19:26.764+0000] {dag.py:3239} INFO - Sync 1 DAGs
[2024-10-26T10:19:26.796+0000] {logging_mixin.py:190} INFO - [2024-10-26T10:19:26.795+0000] {dag.py:4180} INFO - Setting next_dagrun for extract_csv_dag to 2024-10-26 00:00:00+00:00, run_after=2024-10-27 00:00:00+00:00
[2024-10-26T10:19:26.833+0000] {processor.py:208} INFO - Processing /opt/airflow/dags/extract_csv.py took 0.132 seconds
[2024-10-26T10:19:56.980+0000] {processor.py:186} INFO - Started process (PID=3400) to work on /opt/airflow/dags/extract_csv.py
[2024-10-26T10:19:56.982+0000] {processor.py:914} INFO - Processing file /opt/airflow/dags/extract_csv.py for tasks to queue
[2024-10-26T10:19:56.987+0000] {logging_mixin.py:190} INFO - [2024-10-26T10:19:56.986+0000] {dagbag.py:588} INFO - Filling up the DagBag from /opt/airflow/dags/extract_csv.py
[2024-10-26T10:19:57.020+0000] {processor.py:925} INFO - DAG(s) 'extract_csv_dag' retrieved from /opt/airflow/dags/extract_csv.py
[2024-10-26T10:19:57.049+0000] {logging_mixin.py:190} INFO - [2024-10-26T10:19:57.049+0000] {dag.py:3239} INFO - Sync 1 DAGs
[2024-10-26T10:19:57.087+0000] {logging_mixin.py:190} INFO - [2024-10-26T10:19:57.087+0000] {dag.py:4180} INFO - Setting next_dagrun for extract_csv_dag to 2024-10-26 00:00:00+00:00, run_after=2024-10-27 00:00:00+00:00
[2024-10-26T10:19:57.125+0000] {processor.py:208} INFO - Processing /opt/airflow/dags/extract_csv.py took 0.158 seconds
[2024-10-26T10:20:27.370+0000] {processor.py:186} INFO - Started process (PID=3464) to work on /opt/airflow/dags/extract_csv.py
[2024-10-26T10:20:27.372+0000] {processor.py:914} INFO - Processing file /opt/airflow/dags/extract_csv.py for tasks to queue
[2024-10-26T10:20:27.375+0000] {logging_mixin.py:190} INFO - [2024-10-26T10:20:27.374+0000] {dagbag.py:588} INFO - Filling up the DagBag from /opt/airflow/dags/extract_csv.py
[2024-10-26T10:20:27.408+0000] {processor.py:925} INFO - DAG(s) 'extract_csv_dag' retrieved from /opt/airflow/dags/extract_csv.py
[2024-10-26T10:20:27.435+0000] {logging_mixin.py:190} INFO - [2024-10-26T10:20:27.434+0000] {dag.py:3239} INFO - Sync 1 DAGs
[2024-10-26T10:20:27.471+0000] {logging_mixin.py:190} INFO - [2024-10-26T10:20:27.470+0000] {dag.py:4180} INFO - Setting next_dagrun for extract_csv_dag to 2024-10-26 00:00:00+00:00, run_after=2024-10-27 00:00:00+00:00
[2024-10-26T10:20:27.506+0000] {processor.py:208} INFO - Processing /opt/airflow/dags/extract_csv.py took 0.146 seconds
[2024-10-26T10:20:58.144+0000] {processor.py:186} INFO - Started process (PID=3528) to work on /opt/airflow/dags/extract_csv.py
[2024-10-26T10:20:58.146+0000] {processor.py:914} INFO - Processing file /opt/airflow/dags/extract_csv.py for tasks to queue
[2024-10-26T10:20:58.149+0000] {logging_mixin.py:190} INFO - [2024-10-26T10:20:58.149+0000] {dagbag.py:588} INFO - Filling up the DagBag from /opt/airflow/dags/extract_csv.py
[2024-10-26T10:20:58.197+0000] {processor.py:925} INFO - DAG(s) 'extract_csv_dag' retrieved from /opt/airflow/dags/extract_csv.py
[2024-10-26T10:20:58.245+0000] {logging_mixin.py:190} INFO - [2024-10-26T10:20:58.245+0000] {dag.py:3239} INFO - Sync 1 DAGs
[2024-10-26T10:20:58.302+0000] {logging_mixin.py:190} INFO - [2024-10-26T10:20:58.302+0000] {dag.py:4180} INFO - Setting next_dagrun for extract_csv_dag to 2024-10-26 00:00:00+00:00, run_after=2024-10-27 00:00:00+00:00
[2024-10-26T10:20:58.347+0000] {processor.py:208} INFO - Processing /opt/airflow/dags/extract_csv.py took 0.211 seconds
[2024-10-26T10:21:28.581+0000] {processor.py:186} INFO - Started process (PID=3590) to work on /opt/airflow/dags/extract_csv.py
[2024-10-26T10:21:28.584+0000] {processor.py:914} INFO - Processing file /opt/airflow/dags/extract_csv.py for tasks to queue
[2024-10-26T10:21:28.590+0000] {logging_mixin.py:190} INFO - [2024-10-26T10:21:28.589+0000] {dagbag.py:588} INFO - Filling up the DagBag from /opt/airflow/dags/extract_csv.py
[2024-10-26T10:21:28.649+0000] {processor.py:925} INFO - DAG(s) 'extract_csv_dag' retrieved from /opt/airflow/dags/extract_csv.py
[2024-10-26T10:21:28.702+0000] {logging_mixin.py:190} INFO - [2024-10-26T10:21:28.702+0000] {dag.py:3239} INFO - Sync 1 DAGs
[2024-10-26T10:21:29.014+0000] {logging_mixin.py:190} INFO - [2024-10-26T10:21:29.013+0000] {dag.py:4180} INFO - Setting next_dagrun for extract_csv_dag to 2024-10-26 00:00:00+00:00, run_after=2024-10-27 00:00:00+00:00
[2024-10-26T10:21:29.059+0000] {processor.py:208} INFO - Processing /opt/airflow/dags/extract_csv.py took 0.493 seconds
[2024-10-26T10:21:59.235+0000] {processor.py:186} INFO - Started process (PID=3654) to work on /opt/airflow/dags/extract_csv.py
[2024-10-26T10:21:59.238+0000] {processor.py:914} INFO - Processing file /opt/airflow/dags/extract_csv.py for tasks to queue
[2024-10-26T10:21:59.246+0000] {logging_mixin.py:190} INFO - [2024-10-26T10:21:59.245+0000] {dagbag.py:588} INFO - Filling up the DagBag from /opt/airflow/dags/extract_csv.py
[2024-10-26T10:21:59.314+0000] {processor.py:925} INFO - DAG(s) 'extract_csv_dag' retrieved from /opt/airflow/dags/extract_csv.py
[2024-10-26T10:21:59.349+0000] {logging_mixin.py:190} INFO - [2024-10-26T10:21:59.349+0000] {dag.py:3239} INFO - Sync 1 DAGs
[2024-10-26T10:21:59.713+0000] {logging_mixin.py:190} INFO - [2024-10-26T10:21:59.712+0000] {dag.py:4180} INFO - Setting next_dagrun for extract_csv_dag to 2024-10-26 00:00:00+00:00, run_after=2024-10-27 00:00:00+00:00
[2024-10-26T10:21:59.754+0000] {processor.py:208} INFO - Processing /opt/airflow/dags/extract_csv.py took 0.542 seconds
[2024-10-26T10:22:30.217+0000] {processor.py:186} INFO - Started process (PID=3718) to work on /opt/airflow/dags/extract_csv.py
[2024-10-26T10:22:30.219+0000] {processor.py:914} INFO - Processing file /opt/airflow/dags/extract_csv.py for tasks to queue
[2024-10-26T10:22:30.223+0000] {logging_mixin.py:190} INFO - [2024-10-26T10:22:30.223+0000] {dagbag.py:588} INFO - Filling up the DagBag from /opt/airflow/dags/extract_csv.py
[2024-10-26T10:22:30.251+0000] {processor.py:925} INFO - DAG(s) 'extract_csv_dag' retrieved from /opt/airflow/dags/extract_csv.py
[2024-10-26T10:22:30.288+0000] {logging_mixin.py:190} INFO - [2024-10-26T10:22:30.288+0000] {dag.py:3239} INFO - Sync 1 DAGs
[2024-10-26T10:22:30.328+0000] {logging_mixin.py:190} INFO - [2024-10-26T10:22:30.327+0000] {dag.py:4180} INFO - Setting next_dagrun for extract_csv_dag to 2024-10-26 00:00:00+00:00, run_after=2024-10-27 00:00:00+00:00
[2024-10-26T10:22:30.375+0000] {processor.py:208} INFO - Processing /opt/airflow/dags/extract_csv.py took 0.166 seconds
[2024-10-26T10:23:00.567+0000] {processor.py:186} INFO - Started process (PID=3782) to work on /opt/airflow/dags/extract_csv.py
[2024-10-26T10:23:00.568+0000] {processor.py:914} INFO - Processing file /opt/airflow/dags/extract_csv.py for tasks to queue
[2024-10-26T10:23:00.572+0000] {logging_mixin.py:190} INFO - [2024-10-26T10:23:00.571+0000] {dagbag.py:588} INFO - Filling up the DagBag from /opt/airflow/dags/extract_csv.py
[2024-10-26T10:23:00.604+0000] {processor.py:925} INFO - DAG(s) 'extract_csv_dag' retrieved from /opt/airflow/dags/extract_csv.py
[2024-10-26T10:23:00.630+0000] {logging_mixin.py:190} INFO - [2024-10-26T10:23:00.630+0000] {dag.py:3239} INFO - Sync 1 DAGs
[2024-10-26T10:23:00.683+0000] {logging_mixin.py:190} INFO - [2024-10-26T10:23:00.683+0000] {dag.py:4180} INFO - Setting next_dagrun for extract_csv_dag to 2024-10-26 00:00:00+00:00, run_after=2024-10-27 00:00:00+00:00
[2024-10-26T10:23:00.721+0000] {processor.py:208} INFO - Processing /opt/airflow/dags/extract_csv.py took 0.163 seconds
[2024-10-26T10:23:30.871+0000] {processor.py:186} INFO - Started process (PID=3846) to work on /opt/airflow/dags/extract_csv.py
[2024-10-26T10:23:30.873+0000] {processor.py:914} INFO - Processing file /opt/airflow/dags/extract_csv.py for tasks to queue
[2024-10-26T10:23:30.876+0000] {logging_mixin.py:190} INFO - [2024-10-26T10:23:30.875+0000] {dagbag.py:588} INFO - Filling up the DagBag from /opt/airflow/dags/extract_csv.py
[2024-10-26T10:23:30.916+0000] {processor.py:925} INFO - DAG(s) 'extract_csv_dag' retrieved from /opt/airflow/dags/extract_csv.py
[2024-10-26T10:23:30.958+0000] {logging_mixin.py:190} INFO - [2024-10-26T10:23:30.957+0000] {dag.py:3239} INFO - Sync 1 DAGs
[2024-10-26T10:23:30.992+0000] {logging_mixin.py:190} INFO - [2024-10-26T10:23:30.992+0000] {dag.py:4180} INFO - Setting next_dagrun for extract_csv_dag to 2024-10-26 00:00:00+00:00, run_after=2024-10-27 00:00:00+00:00
[2024-10-26T10:23:31.044+0000] {processor.py:208} INFO - Processing /opt/airflow/dags/extract_csv.py took 0.180 seconds
[2024-10-26T10:24:01.483+0000] {processor.py:186} INFO - Started process (PID=3910) to work on /opt/airflow/dags/extract_csv.py
[2024-10-26T10:24:01.485+0000] {processor.py:914} INFO - Processing file /opt/airflow/dags/extract_csv.py for tasks to queue
[2024-10-26T10:24:01.488+0000] {logging_mixin.py:190} INFO - [2024-10-26T10:24:01.487+0000] {dagbag.py:588} INFO - Filling up the DagBag from /opt/airflow/dags/extract_csv.py
[2024-10-26T10:24:01.517+0000] {processor.py:925} INFO - DAG(s) 'extract_csv_dag' retrieved from /opt/airflow/dags/extract_csv.py
[2024-10-26T10:24:01.544+0000] {logging_mixin.py:190} INFO - [2024-10-26T10:24:01.544+0000] {dag.py:3239} INFO - Sync 1 DAGs
[2024-10-26T10:24:01.581+0000] {logging_mixin.py:190} INFO - [2024-10-26T10:24:01.581+0000] {dag.py:4180} INFO - Setting next_dagrun for extract_csv_dag to 2024-10-26 00:00:00+00:00, run_after=2024-10-27 00:00:00+00:00
[2024-10-26T10:24:01.616+0000] {processor.py:208} INFO - Processing /opt/airflow/dags/extract_csv.py took 0.141 seconds
[2024-10-26T10:24:31.709+0000] {processor.py:186} INFO - Started process (PID=3974) to work on /opt/airflow/dags/extract_csv.py
[2024-10-26T10:24:31.710+0000] {processor.py:914} INFO - Processing file /opt/airflow/dags/extract_csv.py for tasks to queue
[2024-10-26T10:24:31.715+0000] {logging_mixin.py:190} INFO - [2024-10-26T10:24:31.715+0000] {dagbag.py:588} INFO - Filling up the DagBag from /opt/airflow/dags/extract_csv.py
[2024-10-26T10:24:31.770+0000] {processor.py:925} INFO - DAG(s) 'extract_csv_dag' retrieved from /opt/airflow/dags/extract_csv.py
[2024-10-26T10:24:31.808+0000] {logging_mixin.py:190} INFO - [2024-10-26T10:24:31.807+0000] {dag.py:3239} INFO - Sync 1 DAGs
[2024-10-26T10:24:31.846+0000] {logging_mixin.py:190} INFO - [2024-10-26T10:24:31.846+0000] {dag.py:4180} INFO - Setting next_dagrun for extract_csv_dag to 2024-10-26 00:00:00+00:00, run_after=2024-10-27 00:00:00+00:00
[2024-10-26T10:24:31.878+0000] {processor.py:208} INFO - Processing /opt/airflow/dags/extract_csv.py took 0.183 seconds
[2024-10-26T10:25:02.215+0000] {processor.py:186} INFO - Started process (PID=4038) to work on /opt/airflow/dags/extract_csv.py
[2024-10-26T10:25:02.218+0000] {processor.py:914} INFO - Processing file /opt/airflow/dags/extract_csv.py for tasks to queue
[2024-10-26T10:25:02.223+0000] {logging_mixin.py:190} INFO - [2024-10-26T10:25:02.222+0000] {dagbag.py:588} INFO - Filling up the DagBag from /opt/airflow/dags/extract_csv.py
[2024-10-26T10:25:02.287+0000] {processor.py:925} INFO - DAG(s) 'extract_csv_dag' retrieved from /opt/airflow/dags/extract_csv.py
[2024-10-26T10:25:02.329+0000] {logging_mixin.py:190} INFO - [2024-10-26T10:25:02.329+0000] {dag.py:3239} INFO - Sync 1 DAGs
[2024-10-26T10:25:02.364+0000] {logging_mixin.py:190} INFO - [2024-10-26T10:25:02.364+0000] {dag.py:4180} INFO - Setting next_dagrun for extract_csv_dag to 2024-10-26 00:00:00+00:00, run_after=2024-10-27 00:00:00+00:00
[2024-10-26T10:25:02.409+0000] {processor.py:208} INFO - Processing /opt/airflow/dags/extract_csv.py took 0.207 seconds
[2024-10-26T10:25:32.694+0000] {processor.py:186} INFO - Started process (PID=4103) to work on /opt/airflow/dags/extract_csv.py
[2024-10-26T10:25:32.698+0000] {processor.py:914} INFO - Processing file /opt/airflow/dags/extract_csv.py for tasks to queue
[2024-10-26T10:25:32.710+0000] {logging_mixin.py:190} INFO - [2024-10-26T10:25:32.709+0000] {dagbag.py:588} INFO - Filling up the DagBag from /opt/airflow/dags/extract_csv.py
[2024-10-26T10:25:32.798+0000] {processor.py:925} INFO - DAG(s) 'extract_csv_dag' retrieved from /opt/airflow/dags/extract_csv.py
[2024-10-26T10:25:32.883+0000] {logging_mixin.py:190} INFO - [2024-10-26T10:25:32.882+0000] {dag.py:3239} INFO - Sync 1 DAGs
[2024-10-26T10:25:32.958+0000] {logging_mixin.py:190} INFO - [2024-10-26T10:25:32.958+0000] {dag.py:4180} INFO - Setting next_dagrun for extract_csv_dag to 2024-10-26 00:00:00+00:00, run_after=2024-10-27 00:00:00+00:00
[2024-10-26T10:25:33.012+0000] {processor.py:208} INFO - Processing /opt/airflow/dags/extract_csv.py took 0.348 seconds
[2024-10-26T10:26:03.411+0000] {processor.py:186} INFO - Started process (PID=4167) to work on /opt/airflow/dags/extract_csv.py
[2024-10-26T10:26:03.412+0000] {processor.py:914} INFO - Processing file /opt/airflow/dags/extract_csv.py for tasks to queue
[2024-10-26T10:26:03.416+0000] {logging_mixin.py:190} INFO - [2024-10-26T10:26:03.416+0000] {dagbag.py:588} INFO - Filling up the DagBag from /opt/airflow/dags/extract_csv.py
[2024-10-26T10:26:03.450+0000] {processor.py:925} INFO - DAG(s) 'extract_csv_dag' retrieved from /opt/airflow/dags/extract_csv.py
[2024-10-26T10:26:03.475+0000] {logging_mixin.py:190} INFO - [2024-10-26T10:26:03.475+0000] {dag.py:3239} INFO - Sync 1 DAGs
[2024-10-26T10:26:03.508+0000] {logging_mixin.py:190} INFO - [2024-10-26T10:26:03.508+0000] {dag.py:4180} INFO - Setting next_dagrun for extract_csv_dag to 2024-10-26 00:00:00+00:00, run_after=2024-10-27 00:00:00+00:00
[2024-10-26T10:26:03.541+0000] {processor.py:208} INFO - Processing /opt/airflow/dags/extract_csv.py took 0.139 seconds
[2024-10-26T10:26:33.611+0000] {processor.py:186} INFO - Started process (PID=4231) to work on /opt/airflow/dags/extract_csv.py
[2024-10-26T10:26:33.612+0000] {processor.py:914} INFO - Processing file /opt/airflow/dags/extract_csv.py for tasks to queue
[2024-10-26T10:26:33.615+0000] {logging_mixin.py:190} INFO - [2024-10-26T10:26:33.615+0000] {dagbag.py:588} INFO - Filling up the DagBag from /opt/airflow/dags/extract_csv.py
[2024-10-26T10:26:33.646+0000] {processor.py:925} INFO - DAG(s) 'extract_csv_dag' retrieved from /opt/airflow/dags/extract_csv.py
[2024-10-26T10:26:33.671+0000] {logging_mixin.py:190} INFO - [2024-10-26T10:26:33.670+0000] {dag.py:3239} INFO - Sync 1 DAGs
[2024-10-26T10:26:33.702+0000] {logging_mixin.py:190} INFO - [2024-10-26T10:26:33.702+0000] {dag.py:4180} INFO - Setting next_dagrun for extract_csv_dag to 2024-10-26 00:00:00+00:00, run_after=2024-10-27 00:00:00+00:00
[2024-10-26T10:26:33.729+0000] {processor.py:208} INFO - Processing /opt/airflow/dags/extract_csv.py took 0.126 seconds
[2024-10-26T10:27:04.046+0000] {processor.py:186} INFO - Started process (PID=4294) to work on /opt/airflow/dags/extract_csv.py
[2024-10-26T10:27:04.048+0000] {processor.py:914} INFO - Processing file /opt/airflow/dags/extract_csv.py for tasks to queue
[2024-10-26T10:27:04.053+0000] {logging_mixin.py:190} INFO - [2024-10-26T10:27:04.052+0000] {dagbag.py:588} INFO - Filling up the DagBag from /opt/airflow/dags/extract_csv.py
[2024-10-26T10:27:04.102+0000] {processor.py:925} INFO - DAG(s) 'extract_csv_dag' retrieved from /opt/airflow/dags/extract_csv.py
[2024-10-26T10:27:04.134+0000] {logging_mixin.py:190} INFO - [2024-10-26T10:27:04.133+0000] {dag.py:3239} INFO - Sync 1 DAGs
[2024-10-26T10:27:04.179+0000] {logging_mixin.py:190} INFO - [2024-10-26T10:27:04.179+0000] {dag.py:4180} INFO - Setting next_dagrun for extract_csv_dag to 2024-10-26 00:00:00+00:00, run_after=2024-10-27 00:00:00+00:00
[2024-10-26T10:27:04.216+0000] {processor.py:208} INFO - Processing /opt/airflow/dags/extract_csv.py took 0.179 seconds
[2024-10-26T10:27:34.825+0000] {processor.py:186} INFO - Started process (PID=4358) to work on /opt/airflow/dags/extract_csv.py
[2024-10-26T10:27:34.830+0000] {processor.py:914} INFO - Processing file /opt/airflow/dags/extract_csv.py for tasks to queue
[2024-10-26T10:27:34.836+0000] {logging_mixin.py:190} INFO - [2024-10-26T10:27:34.835+0000] {dagbag.py:588} INFO - Filling up the DagBag from /opt/airflow/dags/extract_csv.py
[2024-10-26T10:27:34.873+0000] {processor.py:925} INFO - DAG(s) 'extract_csv_dag' retrieved from /opt/airflow/dags/extract_csv.py
[2024-10-26T10:27:34.905+0000] {logging_mixin.py:190} INFO - [2024-10-26T10:27:34.904+0000] {dag.py:3239} INFO - Sync 1 DAGs
[2024-10-26T10:27:34.943+0000] {logging_mixin.py:190} INFO - [2024-10-26T10:27:34.942+0000] {dag.py:4180} INFO - Setting next_dagrun for extract_csv_dag to 2024-10-26 00:00:00+00:00, run_after=2024-10-27 00:00:00+00:00
[2024-10-26T10:27:34.980+0000] {processor.py:208} INFO - Processing /opt/airflow/dags/extract_csv.py took 0.178 seconds
[2024-10-26T10:28:05.165+0000] {processor.py:186} INFO - Started process (PID=4422) to work on /opt/airflow/dags/extract_csv.py
[2024-10-26T10:28:05.167+0000] {processor.py:914} INFO - Processing file /opt/airflow/dags/extract_csv.py for tasks to queue
[2024-10-26T10:28:05.170+0000] {logging_mixin.py:190} INFO - [2024-10-26T10:28:05.170+0000] {dagbag.py:588} INFO - Filling up the DagBag from /opt/airflow/dags/extract_csv.py
[2024-10-26T10:28:05.204+0000] {processor.py:925} INFO - DAG(s) 'extract_csv_dag' retrieved from /opt/airflow/dags/extract_csv.py
[2024-10-26T10:28:05.229+0000] {logging_mixin.py:190} INFO - [2024-10-26T10:28:05.229+0000] {dag.py:3239} INFO - Sync 1 DAGs
[2024-10-26T10:28:05.263+0000] {logging_mixin.py:190} INFO - [2024-10-26T10:28:05.262+0000] {dag.py:4180} INFO - Setting next_dagrun for extract_csv_dag to 2024-10-26 00:00:00+00:00, run_after=2024-10-27 00:00:00+00:00
[2024-10-26T10:28:05.299+0000] {processor.py:208} INFO - Processing /opt/airflow/dags/extract_csv.py took 0.143 seconds
[2024-10-26T10:28:35.919+0000] {processor.py:186} INFO - Started process (PID=4486) to work on /opt/airflow/dags/extract_csv.py
[2024-10-26T10:28:35.921+0000] {processor.py:914} INFO - Processing file /opt/airflow/dags/extract_csv.py for tasks to queue
[2024-10-26T10:28:35.924+0000] {logging_mixin.py:190} INFO - [2024-10-26T10:28:35.924+0000] {dagbag.py:588} INFO - Filling up the DagBag from /opt/airflow/dags/extract_csv.py
[2024-10-26T10:28:35.962+0000] {processor.py:925} INFO - DAG(s) 'extract_csv_dag' retrieved from /opt/airflow/dags/extract_csv.py
[2024-10-26T10:28:35.997+0000] {logging_mixin.py:190} INFO - [2024-10-26T10:28:35.996+0000] {dag.py:3239} INFO - Sync 1 DAGs
[2024-10-26T10:28:36.045+0000] {logging_mixin.py:190} INFO - [2024-10-26T10:28:36.045+0000] {dag.py:4180} INFO - Setting next_dagrun for extract_csv_dag to 2024-10-26 00:00:00+00:00, run_after=2024-10-27 00:00:00+00:00
[2024-10-26T10:28:36.086+0000] {processor.py:208} INFO - Processing /opt/airflow/dags/extract_csv.py took 0.177 seconds
[2024-10-26T10:29:06.418+0000] {processor.py:186} INFO - Started process (PID=4550) to work on /opt/airflow/dags/extract_csv.py
[2024-10-26T10:29:06.419+0000] {processor.py:914} INFO - Processing file /opt/airflow/dags/extract_csv.py for tasks to queue
[2024-10-26T10:29:06.424+0000] {logging_mixin.py:190} INFO - [2024-10-26T10:29:06.423+0000] {dagbag.py:588} INFO - Filling up the DagBag from /opt/airflow/dags/extract_csv.py
[2024-10-26T10:29:06.461+0000] {processor.py:925} INFO - DAG(s) 'extract_csv_dag' retrieved from /opt/airflow/dags/extract_csv.py
[2024-10-26T10:29:06.500+0000] {logging_mixin.py:190} INFO - [2024-10-26T10:29:06.500+0000] {dag.py:3239} INFO - Sync 1 DAGs
[2024-10-26T10:29:06.565+0000] {logging_mixin.py:190} INFO - [2024-10-26T10:29:06.564+0000] {dag.py:4180} INFO - Setting next_dagrun for extract_csv_dag to 2024-10-26 00:00:00+00:00, run_after=2024-10-27 00:00:00+00:00
[2024-10-26T10:29:06.615+0000] {processor.py:208} INFO - Processing /opt/airflow/dags/extract_csv.py took 0.209 seconds
[2024-10-26T10:29:37.230+0000] {processor.py:186} INFO - Started process (PID=4614) to work on /opt/airflow/dags/extract_csv.py
[2024-10-26T10:29:37.232+0000] {processor.py:914} INFO - Processing file /opt/airflow/dags/extract_csv.py for tasks to queue
[2024-10-26T10:29:37.236+0000] {logging_mixin.py:190} INFO - [2024-10-26T10:29:37.236+0000] {dagbag.py:588} INFO - Filling up the DagBag from /opt/airflow/dags/extract_csv.py
[2024-10-26T10:29:37.270+0000] {processor.py:925} INFO - DAG(s) 'extract_csv_dag' retrieved from /opt/airflow/dags/extract_csv.py
[2024-10-26T10:29:37.298+0000] {logging_mixin.py:190} INFO - [2024-10-26T10:29:37.298+0000] {dag.py:3239} INFO - Sync 1 DAGs
[2024-10-26T10:29:37.334+0000] {logging_mixin.py:190} INFO - [2024-10-26T10:29:37.333+0000] {dag.py:4180} INFO - Setting next_dagrun for extract_csv_dag to 2024-10-26 00:00:00+00:00, run_after=2024-10-27 00:00:00+00:00
[2024-10-26T10:29:37.374+0000] {processor.py:208} INFO - Processing /opt/airflow/dags/extract_csv.py took 0.153 seconds
[2024-10-26T10:30:07.584+0000] {processor.py:186} INFO - Started process (PID=4678) to work on /opt/airflow/dags/extract_csv.py
[2024-10-26T10:30:07.587+0000] {processor.py:914} INFO - Processing file /opt/airflow/dags/extract_csv.py for tasks to queue
[2024-10-26T10:30:07.592+0000] {logging_mixin.py:190} INFO - [2024-10-26T10:30:07.591+0000] {dagbag.py:588} INFO - Filling up the DagBag from /opt/airflow/dags/extract_csv.py
[2024-10-26T10:30:07.633+0000] {processor.py:925} INFO - DAG(s) 'extract_csv_dag' retrieved from /opt/airflow/dags/extract_csv.py
[2024-10-26T10:30:07.673+0000] {logging_mixin.py:190} INFO - [2024-10-26T10:30:07.673+0000] {dag.py:3239} INFO - Sync 1 DAGs
[2024-10-26T10:30:07.729+0000] {logging_mixin.py:190} INFO - [2024-10-26T10:30:07.729+0000] {dag.py:4180} INFO - Setting next_dagrun for extract_csv_dag to 2024-10-26 00:00:00+00:00, run_after=2024-10-27 00:00:00+00:00
[2024-10-26T10:30:07.775+0000] {processor.py:208} INFO - Processing /opt/airflow/dags/extract_csv.py took 0.206 seconds
[2024-10-26T10:30:38.305+0000] {processor.py:186} INFO - Started process (PID=4742) to work on /opt/airflow/dags/extract_csv.py
[2024-10-26T10:30:38.306+0000] {processor.py:914} INFO - Processing file /opt/airflow/dags/extract_csv.py for tasks to queue
[2024-10-26T10:30:38.310+0000] {logging_mixin.py:190} INFO - [2024-10-26T10:30:38.310+0000] {dagbag.py:588} INFO - Filling up the DagBag from /opt/airflow/dags/extract_csv.py
[2024-10-26T10:30:38.343+0000] {processor.py:925} INFO - DAG(s) 'extract_csv_dag' retrieved from /opt/airflow/dags/extract_csv.py
[2024-10-26T10:30:38.368+0000] {logging_mixin.py:190} INFO - [2024-10-26T10:30:38.367+0000] {dag.py:3239} INFO - Sync 1 DAGs
[2024-10-26T10:30:38.402+0000] {logging_mixin.py:190} INFO - [2024-10-26T10:30:38.402+0000] {dag.py:4180} INFO - Setting next_dagrun for extract_csv_dag to 2024-10-26 00:00:00+00:00, run_after=2024-10-27 00:00:00+00:00
[2024-10-26T10:30:38.439+0000] {processor.py:208} INFO - Processing /opt/airflow/dags/extract_csv.py took 0.143 seconds
[2024-10-26T10:31:09.410+0000] {processor.py:186} INFO - Started process (PID=4806) to work on /opt/airflow/dags/extract_csv.py
[2024-10-26T10:31:09.412+0000] {processor.py:914} INFO - Processing file /opt/airflow/dags/extract_csv.py for tasks to queue
[2024-10-26T10:31:09.418+0000] {logging_mixin.py:190} INFO - [2024-10-26T10:31:09.418+0000] {dagbag.py:588} INFO - Filling up the DagBag from /opt/airflow/dags/extract_csv.py
[2024-10-26T10:31:09.449+0000] {processor.py:925} INFO - DAG(s) 'extract_csv_dag' retrieved from /opt/airflow/dags/extract_csv.py
[2024-10-26T10:31:09.476+0000] {logging_mixin.py:190} INFO - [2024-10-26T10:31:09.475+0000] {dag.py:3239} INFO - Sync 1 DAGs
[2024-10-26T10:31:09.508+0000] {logging_mixin.py:190} INFO - [2024-10-26T10:31:09.508+0000] {dag.py:4180} INFO - Setting next_dagrun for extract_csv_dag to 2024-10-26 00:00:00+00:00, run_after=2024-10-27 00:00:00+00:00
[2024-10-26T10:31:09.536+0000] {processor.py:208} INFO - Processing /opt/airflow/dags/extract_csv.py took 0.138 seconds
[2024-10-26T10:31:39.902+0000] {processor.py:186} INFO - Started process (PID=4870) to work on /opt/airflow/dags/extract_csv.py
[2024-10-26T10:31:39.903+0000] {processor.py:914} INFO - Processing file /opt/airflow/dags/extract_csv.py for tasks to queue
[2024-10-26T10:31:39.907+0000] {logging_mixin.py:190} INFO - [2024-10-26T10:31:39.906+0000] {dagbag.py:588} INFO - Filling up the DagBag from /opt/airflow/dags/extract_csv.py
[2024-10-26T10:31:39.941+0000] {processor.py:925} INFO - DAG(s) 'extract_csv_dag' retrieved from /opt/airflow/dags/extract_csv.py
[2024-10-26T10:31:39.970+0000] {logging_mixin.py:190} INFO - [2024-10-26T10:31:39.969+0000] {dag.py:3239} INFO - Sync 1 DAGs
[2024-10-26T10:31:40.008+0000] {logging_mixin.py:190} INFO - [2024-10-26T10:31:40.007+0000] {dag.py:4180} INFO - Setting next_dagrun for extract_csv_dag to 2024-10-26 00:00:00+00:00, run_after=2024-10-27 00:00:00+00:00
[2024-10-26T10:31:40.044+0000] {processor.py:208} INFO - Processing /opt/airflow/dags/extract_csv.py took 0.150 seconds
[2024-10-26T10:32:10.338+0000] {processor.py:186} INFO - Started process (PID=4934) to work on /opt/airflow/dags/extract_csv.py
[2024-10-26T10:32:10.339+0000] {processor.py:914} INFO - Processing file /opt/airflow/dags/extract_csv.py for tasks to queue
[2024-10-26T10:32:10.343+0000] {logging_mixin.py:190} INFO - [2024-10-26T10:32:10.343+0000] {dagbag.py:588} INFO - Filling up the DagBag from /opt/airflow/dags/extract_csv.py
[2024-10-26T10:32:10.377+0000] {processor.py:925} INFO - DAG(s) 'extract_csv_dag' retrieved from /opt/airflow/dags/extract_csv.py
[2024-10-26T10:32:10.407+0000] {logging_mixin.py:190} INFO - [2024-10-26T10:32:10.407+0000] {dag.py:3239} INFO - Sync 1 DAGs
[2024-10-26T10:32:10.448+0000] {logging_mixin.py:190} INFO - [2024-10-26T10:32:10.447+0000] {dag.py:4180} INFO - Setting next_dagrun for extract_csv_dag to 2024-10-26 00:00:00+00:00, run_after=2024-10-27 00:00:00+00:00
[2024-10-26T10:32:10.488+0000] {processor.py:208} INFO - Processing /opt/airflow/dags/extract_csv.py took 0.161 seconds
[2024-10-26T10:32:41.377+0000] {processor.py:186} INFO - Started process (PID=4998) to work on /opt/airflow/dags/extract_csv.py
[2024-10-26T10:32:41.382+0000] {processor.py:914} INFO - Processing file /opt/airflow/dags/extract_csv.py for tasks to queue
[2024-10-26T10:32:41.394+0000] {logging_mixin.py:190} INFO - [2024-10-26T10:32:41.392+0000] {dagbag.py:588} INFO - Filling up the DagBag from /opt/airflow/dags/extract_csv.py
[2024-10-26T10:32:41.488+0000] {processor.py:925} INFO - DAG(s) 'extract_csv_dag' retrieved from /opt/airflow/dags/extract_csv.py
[2024-10-26T10:32:41.525+0000] {logging_mixin.py:190} INFO - [2024-10-26T10:32:41.525+0000] {dag.py:3239} INFO - Sync 1 DAGs
[2024-10-26T10:32:41.563+0000] {logging_mixin.py:190} INFO - [2024-10-26T10:32:41.562+0000] {dag.py:4180} INFO - Setting next_dagrun for extract_csv_dag to 2024-10-26 00:00:00+00:00, run_after=2024-10-27 00:00:00+00:00
[2024-10-26T10:32:41.594+0000] {processor.py:208} INFO - Processing /opt/airflow/dags/extract_csv.py took 0.248 seconds
[2024-10-26T10:33:12.464+0000] {processor.py:186} INFO - Started process (PID=5064) to work on /opt/airflow/dags/extract_csv.py
[2024-10-26T10:33:12.466+0000] {processor.py:914} INFO - Processing file /opt/airflow/dags/extract_csv.py for tasks to queue
[2024-10-26T10:33:12.472+0000] {logging_mixin.py:190} INFO - [2024-10-26T10:33:12.471+0000] {dagbag.py:588} INFO - Filling up the DagBag from /opt/airflow/dags/extract_csv.py
[2024-10-26T10:33:12.515+0000] {processor.py:925} INFO - DAG(s) 'extract_csv_dag' retrieved from /opt/airflow/dags/extract_csv.py
[2024-10-26T10:33:12.548+0000] {logging_mixin.py:190} INFO - [2024-10-26T10:33:12.548+0000] {dag.py:3239} INFO - Sync 1 DAGs
[2024-10-26T10:33:12.587+0000] {logging_mixin.py:190} INFO - [2024-10-26T10:33:12.587+0000] {dag.py:4180} INFO - Setting next_dagrun for extract_csv_dag to 2024-10-26 00:00:00+00:00, run_after=2024-10-27 00:00:00+00:00
[2024-10-26T10:33:12.618+0000] {processor.py:208} INFO - Processing /opt/airflow/dags/extract_csv.py took 0.168 seconds
[2024-10-26T10:33:43.432+0000] {processor.py:186} INFO - Started process (PID=5130) to work on /opt/airflow/dags/extract_csv.py
[2024-10-26T10:33:43.437+0000] {processor.py:914} INFO - Processing file /opt/airflow/dags/extract_csv.py for tasks to queue
[2024-10-26T10:33:43.442+0000] {logging_mixin.py:190} INFO - [2024-10-26T10:33:43.442+0000] {dagbag.py:588} INFO - Filling up the DagBag from /opt/airflow/dags/extract_csv.py
[2024-10-26T10:33:43.489+0000] {processor.py:925} INFO - DAG(s) 'extract_csv_dag' retrieved from /opt/airflow/dags/extract_csv.py
[2024-10-26T10:33:43.562+0000] {logging_mixin.py:190} INFO - [2024-10-26T10:33:43.562+0000] {dag.py:3239} INFO - Sync 1 DAGs
[2024-10-26T10:33:43.634+0000] {logging_mixin.py:190} INFO - [2024-10-26T10:33:43.634+0000] {dag.py:4180} INFO - Setting next_dagrun for extract_csv_dag to 2024-10-26 00:00:00+00:00, run_after=2024-10-27 00:00:00+00:00
[2024-10-26T10:33:43.694+0000] {processor.py:208} INFO - Processing /opt/airflow/dags/extract_csv.py took 0.273 seconds
[2024-10-26T10:34:13.928+0000] {processor.py:186} INFO - Started process (PID=5195) to work on /opt/airflow/dags/extract_csv.py
[2024-10-26T10:34:13.945+0000] {processor.py:914} INFO - Processing file /opt/airflow/dags/extract_csv.py for tasks to queue
[2024-10-26T10:34:13.957+0000] {logging_mixin.py:190} INFO - [2024-10-26T10:34:13.956+0000] {dagbag.py:588} INFO - Filling up the DagBag from /opt/airflow/dags/extract_csv.py
[2024-10-26T10:34:13.997+0000] {processor.py:925} INFO - DAG(s) 'extract_csv_dag' retrieved from /opt/airflow/dags/extract_csv.py
[2024-10-26T10:34:14.047+0000] {logging_mixin.py:190} INFO - [2024-10-26T10:34:14.046+0000] {dag.py:3239} INFO - Sync 1 DAGs
[2024-10-26T10:34:14.097+0000] {logging_mixin.py:190} INFO - [2024-10-26T10:34:14.097+0000] {dag.py:4180} INFO - Setting next_dagrun for extract_csv_dag to 2024-10-26 00:00:00+00:00, run_after=2024-10-27 00:00:00+00:00
[2024-10-26T10:34:14.143+0000] {processor.py:208} INFO - Processing /opt/airflow/dags/extract_csv.py took 0.257 seconds
[2024-10-26T10:34:44.573+0000] {processor.py:186} INFO - Started process (PID=5260) to work on /opt/airflow/dags/extract_csv.py
[2024-10-26T10:34:44.575+0000] {processor.py:914} INFO - Processing file /opt/airflow/dags/extract_csv.py for tasks to queue
[2024-10-26T10:34:44.577+0000] {logging_mixin.py:190} INFO - [2024-10-26T10:34:44.577+0000] {dagbag.py:588} INFO - Filling up the DagBag from /opt/airflow/dags/extract_csv.py
[2024-10-26T10:34:44.607+0000] {processor.py:925} INFO - DAG(s) 'extract_csv_dag' retrieved from /opt/airflow/dags/extract_csv.py
[2024-10-26T10:34:44.633+0000] {logging_mixin.py:190} INFO - [2024-10-26T10:34:44.633+0000] {dag.py:3239} INFO - Sync 1 DAGs
[2024-10-26T10:34:44.678+0000] {logging_mixin.py:190} INFO - [2024-10-26T10:34:44.678+0000] {dag.py:4180} INFO - Setting next_dagrun for extract_csv_dag to 2024-10-26 00:00:00+00:00, run_after=2024-10-27 00:00:00+00:00
[2024-10-26T10:34:44.718+0000] {processor.py:208} INFO - Processing /opt/airflow/dags/extract_csv.py took 0.154 seconds
[2024-10-26T10:35:15.441+0000] {processor.py:186} INFO - Started process (PID=5325) to work on /opt/airflow/dags/extract_csv.py
[2024-10-26T10:35:15.443+0000] {processor.py:914} INFO - Processing file /opt/airflow/dags/extract_csv.py for tasks to queue
[2024-10-26T10:35:15.444+0000] {logging_mixin.py:190} INFO - [2024-10-26T10:35:15.444+0000] {dagbag.py:588} INFO - Filling up the DagBag from /opt/airflow/dags/extract_csv.py
[2024-10-26T10:35:15.473+0000] {processor.py:925} INFO - DAG(s) 'extract_csv_dag' retrieved from /opt/airflow/dags/extract_csv.py
[2024-10-26T10:35:15.498+0000] {logging_mixin.py:190} INFO - [2024-10-26T10:35:15.497+0000] {dag.py:3239} INFO - Sync 1 DAGs
[2024-10-26T10:35:15.531+0000] {logging_mixin.py:190} INFO - [2024-10-26T10:35:15.530+0000] {dag.py:4180} INFO - Setting next_dagrun for extract_csv_dag to 2024-10-26 00:00:00+00:00, run_after=2024-10-27 00:00:00+00:00
[2024-10-26T10:35:15.567+0000] {processor.py:208} INFO - Processing /opt/airflow/dags/extract_csv.py took 0.138 seconds
[2024-10-26T10:35:45.839+0000] {processor.py:186} INFO - Started process (PID=5390) to work on /opt/airflow/dags/extract_csv.py
[2024-10-26T10:35:45.841+0000] {processor.py:914} INFO - Processing file /opt/airflow/dags/extract_csv.py for tasks to queue
[2024-10-26T10:35:45.843+0000] {logging_mixin.py:190} INFO - [2024-10-26T10:35:45.842+0000] {dagbag.py:588} INFO - Filling up the DagBag from /opt/airflow/dags/extract_csv.py
[2024-10-26T10:35:45.872+0000] {processor.py:925} INFO - DAG(s) 'extract_csv_dag' retrieved from /opt/airflow/dags/extract_csv.py
[2024-10-26T10:35:45.898+0000] {logging_mixin.py:190} INFO - [2024-10-26T10:35:45.898+0000] {dag.py:3239} INFO - Sync 1 DAGs
[2024-10-26T10:35:45.931+0000] {logging_mixin.py:190} INFO - [2024-10-26T10:35:45.931+0000] {dag.py:4180} INFO - Setting next_dagrun for extract_csv_dag to 2024-10-26 00:00:00+00:00, run_after=2024-10-27 00:00:00+00:00
[2024-10-26T10:35:45.965+0000] {processor.py:208} INFO - Processing /opt/airflow/dags/extract_csv.py took 0.135 seconds
[2024-10-26T10:36:16.529+0000] {processor.py:186} INFO - Started process (PID=5455) to work on /opt/airflow/dags/extract_csv.py
[2024-10-26T10:36:16.531+0000] {processor.py:914} INFO - Processing file /opt/airflow/dags/extract_csv.py for tasks to queue
[2024-10-26T10:36:16.533+0000] {logging_mixin.py:190} INFO - [2024-10-26T10:36:16.532+0000] {dagbag.py:588} INFO - Filling up the DagBag from /opt/airflow/dags/extract_csv.py
[2024-10-26T10:36:16.565+0000] {processor.py:925} INFO - DAG(s) 'extract_csv_dag' retrieved from /opt/airflow/dags/extract_csv.py
[2024-10-26T10:36:16.595+0000] {logging_mixin.py:190} INFO - [2024-10-26T10:36:16.595+0000] {dag.py:3239} INFO - Sync 1 DAGs
[2024-10-26T10:36:16.631+0000] {logging_mixin.py:190} INFO - [2024-10-26T10:36:16.631+0000] {dag.py:4180} INFO - Setting next_dagrun for extract_csv_dag to 2024-10-26 00:00:00+00:00, run_after=2024-10-27 00:00:00+00:00
[2024-10-26T10:36:16.658+0000] {processor.py:208} INFO - Processing /opt/airflow/dags/extract_csv.py took 0.138 seconds
[2024-10-26T10:36:46.897+0000] {processor.py:186} INFO - Started process (PID=5520) to work on /opt/airflow/dags/extract_csv.py
[2024-10-26T10:36:46.899+0000] {processor.py:914} INFO - Processing file /opt/airflow/dags/extract_csv.py for tasks to queue
[2024-10-26T10:36:46.901+0000] {logging_mixin.py:190} INFO - [2024-10-26T10:36:46.900+0000] {dagbag.py:588} INFO - Filling up the DagBag from /opt/airflow/dags/extract_csv.py
[2024-10-26T10:36:46.933+0000] {processor.py:925} INFO - DAG(s) 'extract_csv_dag' retrieved from /opt/airflow/dags/extract_csv.py
[2024-10-26T10:36:46.959+0000] {logging_mixin.py:190} INFO - [2024-10-26T10:36:46.958+0000] {dag.py:3239} INFO - Sync 1 DAGs
[2024-10-26T10:36:46.992+0000] {logging_mixin.py:190} INFO - [2024-10-26T10:36:46.992+0000] {dag.py:4180} INFO - Setting next_dagrun for extract_csv_dag to 2024-10-26 00:00:00+00:00, run_after=2024-10-27 00:00:00+00:00
[2024-10-26T10:36:47.028+0000] {processor.py:208} INFO - Processing /opt/airflow/dags/extract_csv.py took 0.139 seconds
[2024-10-26T10:37:17.231+0000] {processor.py:186} INFO - Started process (PID=5585) to work on /opt/airflow/dags/extract_csv.py
[2024-10-26T10:37:17.233+0000] {processor.py:914} INFO - Processing file /opt/airflow/dags/extract_csv.py for tasks to queue
[2024-10-26T10:37:17.234+0000] {logging_mixin.py:190} INFO - [2024-10-26T10:37:17.234+0000] {dagbag.py:588} INFO - Filling up the DagBag from /opt/airflow/dags/extract_csv.py
[2024-10-26T10:37:17.265+0000] {processor.py:925} INFO - DAG(s) 'extract_csv_dag' retrieved from /opt/airflow/dags/extract_csv.py
[2024-10-26T10:37:17.290+0000] {logging_mixin.py:190} INFO - [2024-10-26T10:37:17.289+0000] {dag.py:3239} INFO - Sync 1 DAGs
[2024-10-26T10:37:17.324+0000] {logging_mixin.py:190} INFO - [2024-10-26T10:37:17.323+0000] {dag.py:4180} INFO - Setting next_dagrun for extract_csv_dag to 2024-10-26 00:00:00+00:00, run_after=2024-10-27 00:00:00+00:00
[2024-10-26T10:37:17.359+0000] {processor.py:208} INFO - Processing /opt/airflow/dags/extract_csv.py took 0.136 seconds
[2024-10-26T10:37:48.130+0000] {processor.py:186} INFO - Started process (PID=5656) to work on /opt/airflow/dags/extract_csv.py
[2024-10-26T10:37:48.132+0000] {processor.py:914} INFO - Processing file /opt/airflow/dags/extract_csv.py for tasks to queue
[2024-10-26T10:37:48.134+0000] {logging_mixin.py:190} INFO - [2024-10-26T10:37:48.134+0000] {dagbag.py:588} INFO - Filling up the DagBag from /opt/airflow/dags/extract_csv.py
[2024-10-26T10:37:48.172+0000] {processor.py:925} INFO - DAG(s) 'extract_csv_dag' retrieved from /opt/airflow/dags/extract_csv.py
[2024-10-26T10:37:48.200+0000] {logging_mixin.py:190} INFO - [2024-10-26T10:37:48.200+0000] {dag.py:3239} INFO - Sync 1 DAGs
[2024-10-26T10:37:48.238+0000] {logging_mixin.py:190} INFO - [2024-10-26T10:37:48.238+0000] {dag.py:4180} INFO - Setting next_dagrun for extract_csv_dag to 2024-10-26 00:00:00+00:00, run_after=2024-10-27 00:00:00+00:00
[2024-10-26T10:37:48.279+0000] {processor.py:208} INFO - Processing /opt/airflow/dags/extract_csv.py took 0.162 seconds
[2024-10-26T10:38:18.702+0000] {processor.py:186} INFO - Started process (PID=5721) to work on /opt/airflow/dags/extract_csv.py
[2024-10-26T10:38:18.704+0000] {processor.py:914} INFO - Processing file /opt/airflow/dags/extract_csv.py for tasks to queue
[2024-10-26T10:38:18.706+0000] {logging_mixin.py:190} INFO - [2024-10-26T10:38:18.705+0000] {dagbag.py:588} INFO - Filling up the DagBag from /opt/airflow/dags/extract_csv.py
[2024-10-26T10:38:18.742+0000] {processor.py:925} INFO - DAG(s) 'extract_csv_dag' retrieved from /opt/airflow/dags/extract_csv.py
[2024-10-26T10:38:18.773+0000] {logging_mixin.py:190} INFO - [2024-10-26T10:38:18.773+0000] {dag.py:3239} INFO - Sync 1 DAGs
[2024-10-26T10:38:18.813+0000] {logging_mixin.py:190} INFO - [2024-10-26T10:38:18.812+0000] {dag.py:4180} INFO - Setting next_dagrun for extract_csv_dag to 2024-10-26 00:00:00+00:00, run_after=2024-10-27 00:00:00+00:00
[2024-10-26T10:38:18.844+0000] {processor.py:208} INFO - Processing /opt/airflow/dags/extract_csv.py took 0.152 seconds
[2024-10-26T10:38:48.937+0000] {processor.py:186} INFO - Started process (PID=5786) to work on /opt/airflow/dags/extract_csv.py
[2024-10-26T10:38:48.939+0000] {processor.py:914} INFO - Processing file /opt/airflow/dags/extract_csv.py for tasks to queue
[2024-10-26T10:38:48.941+0000] {logging_mixin.py:190} INFO - [2024-10-26T10:38:48.940+0000] {dagbag.py:588} INFO - Filling up the DagBag from /opt/airflow/dags/extract_csv.py
[2024-10-26T10:38:48.974+0000] {processor.py:925} INFO - DAG(s) 'extract_csv_dag' retrieved from /opt/airflow/dags/extract_csv.py
[2024-10-26T10:38:49.005+0000] {logging_mixin.py:190} INFO - [2024-10-26T10:38:49.005+0000] {dag.py:3239} INFO - Sync 1 DAGs
[2024-10-26T10:38:49.042+0000] {logging_mixin.py:190} INFO - [2024-10-26T10:38:49.041+0000] {dag.py:4180} INFO - Setting next_dagrun for extract_csv_dag to 2024-10-26 00:00:00+00:00, run_after=2024-10-27 00:00:00+00:00
[2024-10-26T10:38:49.070+0000] {processor.py:208} INFO - Processing /opt/airflow/dags/extract_csv.py took 0.142 seconds
[2024-10-26T10:39:19.488+0000] {processor.py:186} INFO - Started process (PID=5851) to work on /opt/airflow/dags/extract_csv.py
[2024-10-26T10:39:19.490+0000] {processor.py:914} INFO - Processing file /opt/airflow/dags/extract_csv.py for tasks to queue
[2024-10-26T10:39:19.493+0000] {logging_mixin.py:190} INFO - [2024-10-26T10:39:19.492+0000] {dagbag.py:588} INFO - Filling up the DagBag from /opt/airflow/dags/extract_csv.py
[2024-10-26T10:39:19.531+0000] {processor.py:925} INFO - DAG(s) 'extract_csv_dag' retrieved from /opt/airflow/dags/extract_csv.py
[2024-10-26T10:39:19.560+0000] {logging_mixin.py:190} INFO - [2024-10-26T10:39:19.560+0000] {dag.py:3239} INFO - Sync 1 DAGs
[2024-10-26T10:39:19.596+0000] {logging_mixin.py:190} INFO - [2024-10-26T10:39:19.595+0000] {dag.py:4180} INFO - Setting next_dagrun for extract_csv_dag to 2024-10-26 00:00:00+00:00, run_after=2024-10-27 00:00:00+00:00
[2024-10-26T10:39:19.627+0000] {processor.py:208} INFO - Processing /opt/airflow/dags/extract_csv.py took 0.149 seconds
[2024-10-26T10:39:49.798+0000] {processor.py:186} INFO - Started process (PID=5916) to work on /opt/airflow/dags/extract_csv.py
[2024-10-26T10:39:49.803+0000] {processor.py:914} INFO - Processing file /opt/airflow/dags/extract_csv.py for tasks to queue
[2024-10-26T10:39:49.812+0000] {logging_mixin.py:190} INFO - [2024-10-26T10:39:49.810+0000] {dagbag.py:588} INFO - Filling up the DagBag from /opt/airflow/dags/extract_csv.py
[2024-10-26T10:39:49.906+0000] {processor.py:925} INFO - DAG(s) 'extract_csv_dag' retrieved from /opt/airflow/dags/extract_csv.py
[2024-10-26T10:39:49.960+0000] {logging_mixin.py:190} INFO - [2024-10-26T10:39:49.959+0000] {dag.py:3239} INFO - Sync 1 DAGs
[2024-10-26T10:39:50.001+0000] {logging_mixin.py:190} INFO - [2024-10-26T10:39:50.001+0000] {dag.py:4180} INFO - Setting next_dagrun for extract_csv_dag to 2024-10-26 00:00:00+00:00, run_after=2024-10-27 00:00:00+00:00
[2024-10-26T10:39:50.037+0000] {processor.py:208} INFO - Processing /opt/airflow/dags/extract_csv.py took 0.265 seconds
[2024-10-26T10:40:20.727+0000] {processor.py:186} INFO - Started process (PID=5981) to work on /opt/airflow/dags/extract_csv.py
[2024-10-26T10:40:20.728+0000] {processor.py:914} INFO - Processing file /opt/airflow/dags/extract_csv.py for tasks to queue
[2024-10-26T10:40:20.731+0000] {logging_mixin.py:190} INFO - [2024-10-26T10:40:20.730+0000] {dagbag.py:588} INFO - Filling up the DagBag from /opt/airflow/dags/extract_csv.py
[2024-10-26T10:40:20.760+0000] {processor.py:925} INFO - DAG(s) 'extract_csv_dag' retrieved from /opt/airflow/dags/extract_csv.py
[2024-10-26T10:40:20.784+0000] {logging_mixin.py:190} INFO - [2024-10-26T10:40:20.784+0000] {dag.py:3239} INFO - Sync 1 DAGs
[2024-10-26T10:40:20.819+0000] {logging_mixin.py:190} INFO - [2024-10-26T10:40:20.819+0000] {dag.py:4180} INFO - Setting next_dagrun for extract_csv_dag to 2024-10-26 00:00:00+00:00, run_after=2024-10-27 00:00:00+00:00
[2024-10-26T10:40:20.853+0000] {processor.py:208} INFO - Processing /opt/airflow/dags/extract_csv.py took 0.135 seconds
[2024-10-26T10:40:51.232+0000] {processor.py:186} INFO - Started process (PID=6046) to work on /opt/airflow/dags/extract_csv.py
[2024-10-26T10:40:51.234+0000] {processor.py:914} INFO - Processing file /opt/airflow/dags/extract_csv.py for tasks to queue
[2024-10-26T10:40:51.237+0000] {logging_mixin.py:190} INFO - [2024-10-26T10:40:51.236+0000] {dagbag.py:588} INFO - Filling up the DagBag from /opt/airflow/dags/extract_csv.py
[2024-10-26T10:40:51.271+0000] {processor.py:925} INFO - DAG(s) 'extract_csv_dag' retrieved from /opt/airflow/dags/extract_csv.py
[2024-10-26T10:40:51.312+0000] {logging_mixin.py:190} INFO - [2024-10-26T10:40:51.311+0000] {dag.py:3239} INFO - Sync 1 DAGs
[2024-10-26T10:40:51.363+0000] {logging_mixin.py:190} INFO - [2024-10-26T10:40:51.363+0000] {dag.py:4180} INFO - Setting next_dagrun for extract_csv_dag to 2024-10-26 00:00:00+00:00, run_after=2024-10-27 00:00:00+00:00
[2024-10-26T10:40:51.400+0000] {processor.py:208} INFO - Processing /opt/airflow/dags/extract_csv.py took 0.184 seconds
[2024-10-26T10:41:21.697+0000] {processor.py:186} INFO - Started process (PID=6111) to work on /opt/airflow/dags/extract_csv.py
[2024-10-26T10:41:21.699+0000] {processor.py:914} INFO - Processing file /opt/airflow/dags/extract_csv.py for tasks to queue
[2024-10-26T10:41:21.702+0000] {logging_mixin.py:190} INFO - [2024-10-26T10:41:21.701+0000] {dagbag.py:588} INFO - Filling up the DagBag from /opt/airflow/dags/extract_csv.py
[2024-10-26T10:41:21.735+0000] {processor.py:925} INFO - DAG(s) 'extract_csv_dag' retrieved from /opt/airflow/dags/extract_csv.py
[2024-10-26T10:41:21.760+0000] {logging_mixin.py:190} INFO - [2024-10-26T10:41:21.760+0000] {dag.py:3239} INFO - Sync 1 DAGs
[2024-10-26T10:41:21.795+0000] {logging_mixin.py:190} INFO - [2024-10-26T10:41:21.794+0000] {dag.py:4180} INFO - Setting next_dagrun for extract_csv_dag to 2024-10-26 00:00:00+00:00, run_after=2024-10-27 00:00:00+00:00
[2024-10-26T10:41:21.830+0000] {processor.py:208} INFO - Processing /opt/airflow/dags/extract_csv.py took 0.146 seconds
