[2024-11-23T11:25:09.631+0000] {local_task_job_runner.py:123} INFO - ::group::Pre task execution logs
[2024-11-23T11:25:09.649+0000] {taskinstance.py:2612} INFO - Dependencies all met for dep_context=non-requeueable deps ti=<TaskInstance: crypto_price_etl.transform scheduled__2024-11-22T00:00:00+00:00 [queued]>
[2024-11-23T11:25:09.657+0000] {taskinstance.py:2612} INFO - Dependencies all met for dep_context=requeueable deps ti=<TaskInstance: crypto_price_etl.transform scheduled__2024-11-22T00:00:00+00:00 [queued]>
[2024-11-23T11:25:09.659+0000] {taskinstance.py:2865} INFO - Starting attempt 1 of 2
[2024-11-23T11:25:09.675+0000] {taskinstance.py:2888} INFO - Executing <Task(PythonOperator): transform> on 2024-11-22 00:00:00+00:00
[2024-11-23T11:25:09.682+0000] {warnings.py:112} WARNING - /home/***/.local/lib/python3.12/site-packages/***/task/task_runner/standard_task_runner.py:70: DeprecationWarning: This process (pid=1692) is multi-threaded, use of fork() may lead to deadlocks in the child.
  pid = os.fork()

[2024-11-23T11:25:09.684+0000] {standard_task_runner.py:72} INFO - Started process 1694 to run task
[2024-11-23T11:25:09.684+0000] {standard_task_runner.py:104} INFO - Running: ['***', 'tasks', 'run', 'crypto_price_etl', 'transform', 'scheduled__2024-11-22T00:00:00+00:00', '--job-id', '20', '--raw', '--subdir', 'DAGS_FOLDER/crypto_dag.py', '--cfg-path', '/tmp/tmpefbg6t4d']
[2024-11-23T11:25:09.685+0000] {standard_task_runner.py:105} INFO - Job 20: Subtask transform
[2024-11-23T11:25:09.746+0000] {task_command.py:467} INFO - Running <TaskInstance: crypto_price_etl.transform scheduled__2024-11-22T00:00:00+00:00 [running]> on host f4ec8002467d
[2024-11-23T11:25:09.834+0000] {taskinstance.py:3131} INFO - Exporting env vars: AIRFLOW_CTX_DAG_OWNER='***' AIRFLOW_CTX_DAG_ID='crypto_price_etl' AIRFLOW_CTX_TASK_ID='transform' AIRFLOW_CTX_EXECUTION_DATE='2024-11-22T00:00:00+00:00' AIRFLOW_CTX_TRY_NUMBER='1' AIRFLOW_CTX_DAG_RUN_ID='scheduled__2024-11-22T00:00:00+00:00'
[2024-11-23T11:25:09.835+0000] {logging_mixin.py:190} INFO - Task instance is in running state
[2024-11-23T11:25:09.836+0000] {logging_mixin.py:190} INFO -  Previous state of the Task instance: queued
[2024-11-23T11:25:09.837+0000] {logging_mixin.py:190} INFO - Current task name:transform state:running start_date:2024-11-23 11:25:09.650404+00:00
[2024-11-23T11:25:09.837+0000] {logging_mixin.py:190} INFO - Dag name:crypto_price_etl and current dag run status:running
[2024-11-23T11:25:09.838+0000] {taskinstance.py:731} INFO - ::endgroup::
[2024-11-23T11:25:09.952+0000] {python.py:240} INFO - Done. Returned value was: None
[2024-11-23T11:25:09.962+0000] {taskinstance.py:340} INFO - ::group::Post task execution logs
[2024-11-23T11:25:09.963+0000] {taskinstance.py:352} INFO - Marking task as SUCCESS. dag_id=crypto_price_etl, task_id=transform, run_id=scheduled__2024-11-22T00:00:00+00:00, execution_date=20241122T000000, start_date=20241123T112509, end_date=20241123T112509
[2024-11-23T11:25:09.973+0000] {logging_mixin.py:190} INFO - Task instance in success state
[2024-11-23T11:25:09.974+0000] {logging_mixin.py:190} INFO -  Previous state of the Task instance: running
[2024-11-23T11:25:09.975+0000] {logging_mixin.py:190} INFO - Dag name:crypto_price_etl queued_at:2024-11-23 11:25:04.017728+00:00
[2024-11-23T11:25:09.975+0000] {logging_mixin.py:190} INFO - Task hostname:f4ec8002467d operator:PythonOperator
[2024-11-23T11:25:10.020+0000] {local_task_job_runner.py:266} INFO - Task exited with return code 0
[2024-11-23T11:25:10.044+0000] {taskinstance.py:3900} INFO - 1 downstream tasks scheduled from follow-on schedule check
[2024-11-23T11:25:10.047+0000] {local_task_job_runner.py:245} INFO - ::endgroup::
