[2024-12-21T11:25:08.720+0000] {local_task_job_runner.py:123} INFO - ::group::Pre task execution logs
[2024-12-21T11:25:08.753+0000] {taskinstance.py:2612} INFO - Dependencies all met for dep_context=non-requeueable deps ti=<TaskInstance: crypto_price_etl.extract scheduled__2024-12-13T00:00:00+00:00 [queued]>
[2024-12-21T11:25:08.795+0000] {taskinstance.py:2612} INFO - Dependencies all met for dep_context=requeueable deps ti=<TaskInstance: crypto_price_etl.extract scheduled__2024-12-13T00:00:00+00:00 [queued]>
[2024-12-21T11:25:08.801+0000] {taskinstance.py:2865} INFO - Starting attempt 1 of 2
[2024-12-21T11:25:08.848+0000] {taskinstance.py:2888} INFO - Executing <Task(PythonOperator): extract> on 2024-12-13 00:00:00+00:00
[2024-12-21T11:25:08.863+0000] {warnings.py:112} WARNING - /home/***/.local/lib/python3.12/site-packages/***/task/task_runner/standard_task_runner.py:70: DeprecationWarning: This process (pid=431) is multi-threaded, use of fork() may lead to deadlocks in the child.
  pid = os.fork()

[2024-12-21T11:25:08.867+0000] {standard_task_runner.py:72} INFO - Started process 462 to run task
[2024-12-21T11:25:08.882+0000] {standard_task_runner.py:104} INFO - Running: ['***', 'tasks', 'run', 'crypto_price_etl', 'extract', 'scheduled__2024-12-13T00:00:00+00:00', '--job-id', '99', '--raw', '--subdir', 'DAGS_FOLDER/crypto_dag.py', '--cfg-path', '/tmp/tmp60o9qh08']
[2024-12-21T11:25:08.893+0000] {standard_task_runner.py:105} INFO - Job 99: Subtask extract
[2024-12-21T11:25:09.003+0000] {task_command.py:467} INFO - Running <TaskInstance: crypto_price_etl.extract scheduled__2024-12-13T00:00:00+00:00 [running]> on host f4ec8002467d
[2024-12-21T11:25:09.195+0000] {taskinstance.py:3131} INFO - Exporting env vars: AIRFLOW_CTX_DAG_OWNER='***' AIRFLOW_CTX_DAG_ID='crypto_price_etl' AIRFLOW_CTX_TASK_ID='extract' AIRFLOW_CTX_EXECUTION_DATE='2024-12-13T00:00:00+00:00' AIRFLOW_CTX_TRY_NUMBER='1' AIRFLOW_CTX_DAG_RUN_ID='scheduled__2024-12-13T00:00:00+00:00'
[2024-12-21T11:25:09.197+0000] {logging_mixin.py:190} INFO - Task instance is in running state
[2024-12-21T11:25:09.198+0000] {logging_mixin.py:190} INFO -  Previous state of the Task instance: queued
[2024-12-21T11:25:09.199+0000] {logging_mixin.py:190} INFO - Current task name:extract state:running start_date:2024-12-21 11:25:08.754532+00:00
[2024-12-21T11:25:09.200+0000] {logging_mixin.py:190} INFO - Dag name:crypto_price_etl and current dag run status:running
[2024-12-21T11:25:09.201+0000] {taskinstance.py:731} INFO - ::endgroup::
[2024-12-21T11:25:09.462+0000] {python.py:240} INFO - Done. Returned value was: None
[2024-12-21T11:25:09.494+0000] {taskinstance.py:340} INFO - ::group::Post task execution logs
[2024-12-21T11:25:09.495+0000] {taskinstance.py:352} INFO - Marking task as SUCCESS. dag_id=crypto_price_etl, task_id=extract, run_id=scheduled__2024-12-13T00:00:00+00:00, execution_date=20241213T000000, start_date=20241221T112508, end_date=20241221T112509
[2024-12-21T11:25:09.519+0000] {logging_mixin.py:190} INFO - Task instance in success state
[2024-12-21T11:25:09.525+0000] {logging_mixin.py:190} INFO -  Previous state of the Task instance: running
[2024-12-21T11:25:09.526+0000] {logging_mixin.py:190} INFO - Dag name:crypto_price_etl queued_at:2024-12-21 11:25:04.644663+00:00
[2024-12-21T11:25:09.530+0000] {logging_mixin.py:190} INFO - Task hostname:f4ec8002467d operator:PythonOperator
[2024-12-21T11:25:09.591+0000] {local_task_job_runner.py:266} INFO - Task exited with return code 0
[2024-12-21T11:25:09.674+0000] {taskinstance.py:3900} INFO - 1 downstream tasks scheduled from follow-on schedule check
[2024-12-21T11:25:09.683+0000] {local_task_job_runner.py:245} INFO - ::endgroup::
