[2025-02-07T22:08:52.599+0000] {local_task_job_runner.py:123} INFO - ::group::Pre task execution logs
[2025-02-07T22:08:52.694+0000] {taskinstance.py:2612} INFO - Dependencies all met for dep_context=non-requeueable deps ti=<TaskInstance: crypto_price_etl.transform scheduled__2024-12-31T00:00:00+00:00 [queued]>
[2025-02-07T22:08:52.767+0000] {taskinstance.py:2612} INFO - Dependencies all met for dep_context=requeueable deps ti=<TaskInstance: crypto_price_etl.transform scheduled__2024-12-31T00:00:00+00:00 [queued]>
[2025-02-07T22:08:52.769+0000] {taskinstance.py:2865} INFO - Starting attempt 1 of 2
[2025-02-07T22:08:52.965+0000] {taskinstance.py:2888} INFO - Executing <Task(PythonOperator): transform> on 2024-12-31 00:00:00+00:00
[2025-02-07T22:08:52.995+0000] {warnings.py:112} WARNING - /home/***/.local/lib/python3.12/site-packages/***/task/task_runner/standard_task_runner.py:70: DeprecationWarning: This process (pid=134) is multi-threaded, use of fork() may lead to deadlocks in the child.
  pid = os.fork()

[2025-02-07T22:08:53.024+0000] {standard_task_runner.py:104} INFO - Running: ['***', 'tasks', 'run', 'crypto_price_etl', 'transform', 'scheduled__2024-12-31T00:00:00+00:00', '--job-id', '157', '--raw', '--subdir', 'DAGS_FOLDER/crypto_dag.py', '--cfg-path', '/tmp/tmp5oqo9b2a']
[2025-02-07T22:08:53.075+0000] {standard_task_runner.py:105} INFO - Job 157: Subtask transform
[2025-02-07T22:08:53.076+0000] {standard_task_runner.py:72} INFO - Started process 165 to run task
[2025-02-07T22:08:53.340+0000] {task_command.py:467} INFO - Running <TaskInstance: crypto_price_etl.transform scheduled__2024-12-31T00:00:00+00:00 [running]> on host f4ec8002467d
[2025-02-07T22:08:53.858+0000] {taskinstance.py:3131} INFO - Exporting env vars: AIRFLOW_CTX_DAG_OWNER='***' AIRFLOW_CTX_DAG_ID='crypto_price_etl' AIRFLOW_CTX_TASK_ID='transform' AIRFLOW_CTX_EXECUTION_DATE='2024-12-31T00:00:00+00:00' AIRFLOW_CTX_TRY_NUMBER='1' AIRFLOW_CTX_DAG_RUN_ID='scheduled__2024-12-31T00:00:00+00:00'
[2025-02-07T22:08:53.864+0000] {logging_mixin.py:190} INFO - Task instance is in running state
[2025-02-07T22:08:53.873+0000] {logging_mixin.py:190} INFO -  Previous state of the Task instance: queued
[2025-02-07T22:08:53.874+0000] {logging_mixin.py:190} INFO - Current task name:transform state:running start_date:2025-02-07 22:08:52.703291+00:00
[2025-02-07T22:08:53.881+0000] {logging_mixin.py:190} INFO - Dag name:crypto_price_etl and current dag run status:running
[2025-02-07T22:08:53.882+0000] {taskinstance.py:731} INFO - ::endgroup::
[2025-02-07T22:08:54.367+0000] {python.py:240} INFO - Done. Returned value was: None
[2025-02-07T22:08:54.445+0000] {taskinstance.py:340} INFO - ::group::Post task execution logs
[2025-02-07T22:08:54.452+0000] {taskinstance.py:352} INFO - Marking task as SUCCESS. dag_id=crypto_price_etl, task_id=transform, run_id=scheduled__2024-12-31T00:00:00+00:00, execution_date=20241231T000000, start_date=20250207T220852, end_date=20250207T220854
[2025-02-07T22:08:54.523+0000] {logging_mixin.py:190} INFO - Task instance in success state
[2025-02-07T22:08:54.527+0000] {logging_mixin.py:190} INFO -  Previous state of the Task instance: running
[2025-02-07T22:08:54.535+0000] {logging_mixin.py:190} INFO - Dag name:crypto_price_etl queued_at:2025-02-07 22:08:32.904016+00:00
[2025-02-07T22:08:54.536+0000] {logging_mixin.py:190} INFO - Task hostname:f4ec8002467d operator:PythonOperator
[2025-02-07T22:08:54.586+0000] {local_task_job_runner.py:266} INFO - Task exited with return code 0
[2025-02-07T22:08:54.627+0000] {local_task_job_runner.py:245} INFO - ::endgroup::
