[2025-02-08T05:37:08.749+0000] {local_task_job_runner.py:123} INFO - ::group::Pre task execution logs
[2025-02-08T05:37:08.767+0000] {taskinstance.py:2612} INFO - Dependencies all met for dep_context=non-requeueable deps ti=<TaskInstance: crypto_price_etl.load manual__2025-02-08T05:36:57.130094+00:00 [queued]>
[2025-02-08T05:37:08.778+0000] {taskinstance.py:2612} INFO - Dependencies all met for dep_context=requeueable deps ti=<TaskInstance: crypto_price_etl.load manual__2025-02-08T05:36:57.130094+00:00 [queued]>
[2025-02-08T05:37:08.779+0000] {taskinstance.py:2865} INFO - Starting attempt 1 of 2
[2025-02-08T05:37:08.795+0000] {taskinstance.py:2888} INFO - Executing <Task(PythonOperator): load> on 2025-02-08 05:36:57.130094+00:00
[2025-02-08T05:37:08.802+0000] {warnings.py:112} WARNING - /home/***/.local/lib/python3.12/site-packages/***/task/task_runner/standard_task_runner.py:70: DeprecationWarning: This process (pid=303) is multi-threaded, use of fork() may lead to deadlocks in the child.
  pid = os.fork()

[2025-02-08T05:37:08.803+0000] {standard_task_runner.py:72} INFO - Started process 305 to run task
[2025-02-08T05:37:08.804+0000] {standard_task_runner.py:104} INFO - Running: ['***', 'tasks', 'run', 'crypto_price_etl', 'load', 'manual__2025-02-08T05:36:57.130094+00:00', '--job-id', '313', '--raw', '--subdir', 'DAGS_FOLDER/crypto_dag.py', '--cfg-path', '/tmp/tmpvq7ruz1e']
[2025-02-08T05:37:08.805+0000] {standard_task_runner.py:105} INFO - Job 313: Subtask load
[2025-02-08T05:37:08.855+0000] {task_command.py:467} INFO - Running <TaskInstance: crypto_price_etl.load manual__2025-02-08T05:36:57.130094+00:00 [running]> on host 32cebd457b7d
[2025-02-08T05:37:08.946+0000] {taskinstance.py:3131} INFO - Exporting env vars: AIRFLOW_CTX_DAG_OWNER='***' AIRFLOW_CTX_DAG_ID='crypto_price_etl' AIRFLOW_CTX_TASK_ID='load' AIRFLOW_CTX_EXECUTION_DATE='2025-02-08T05:36:57.130094+00:00' AIRFLOW_CTX_TRY_NUMBER='1' AIRFLOW_CTX_DAG_RUN_ID='manual__2025-02-08T05:36:57.130094+00:00'
[2025-02-08T05:37:08.948+0000] {logging_mixin.py:190} INFO - Task instance is in running state
[2025-02-08T05:37:08.949+0000] {logging_mixin.py:190} INFO -  Previous state of the Task instance: queued
[2025-02-08T05:37:08.949+0000] {logging_mixin.py:190} INFO - Current task name:load state:running start_date:2025-02-08 05:37:08.767856+00:00
[2025-02-08T05:37:08.950+0000] {logging_mixin.py:190} INFO - Dag name:crypto_price_etl and current dag run status:running
[2025-02-08T05:37:08.951+0000] {taskinstance.py:731} INFO - ::endgroup::
[2025-02-08T05:37:09.053+0000] {base.py:84} INFO - Retrieving connection 'mysql_conn_id'
[2025-02-08T05:37:09.081+0000] {base.py:84} INFO - Retrieving connection 'mysql_conn_id'
[2025-02-08T05:37:09.208+0000] {python.py:240} INFO - Done. Returned value was: None
[2025-02-08T05:37:09.220+0000] {taskinstance.py:340} INFO - ::group::Post task execution logs
[2025-02-08T05:37:09.220+0000] {taskinstance.py:352} INFO - Marking task as SUCCESS. dag_id=crypto_price_etl, task_id=load, run_id=manual__2025-02-08T05:36:57.130094+00:00, execution_date=20250208T053657, start_date=20250208T053708, end_date=20250208T053709
[2025-02-08T05:37:09.239+0000] {logging_mixin.py:190} INFO - Task instance in success state
[2025-02-08T05:37:09.240+0000] {logging_mixin.py:190} INFO -  Previous state of the Task instance: running
[2025-02-08T05:37:09.241+0000] {logging_mixin.py:190} INFO - Dag name:crypto_price_etl queued_at:2025-02-08 05:36:57.151357+00:00
[2025-02-08T05:37:09.241+0000] {logging_mixin.py:190} INFO - Task hostname:32cebd457b7d operator:PythonOperator
[2025-02-08T05:37:09.260+0000] {local_task_job_runner.py:266} INFO - Task exited with return code 0
[2025-02-08T05:37:09.278+0000] {taskinstance.py:3900} INFO - 0 downstream tasks scheduled from follow-on schedule check
[2025-02-08T05:37:09.282+0000] {local_task_job_runner.py:245} INFO - ::endgroup::
