[2025-02-07T22:08:44.078+0000] {local_task_job_runner.py:123} INFO - ::group::Pre task execution logs
[2025-02-07T22:08:44.311+0000] {taskinstance.py:2612} INFO - Dependencies all met for dep_context=non-requeueable deps ti=<TaskInstance: crypto_price_etl.extract scheduled__2024-12-24T00:00:00+00:00 [queued]>
[2025-02-07T22:08:44.406+0000] {taskinstance.py:2612} INFO - Dependencies all met for dep_context=requeueable deps ti=<TaskInstance: crypto_price_etl.extract scheduled__2024-12-24T00:00:00+00:00 [queued]>
[2025-02-07T22:08:44.414+0000] {taskinstance.py:2865} INFO - Starting attempt 1 of 2
[2025-02-07T22:08:44.583+0000] {taskinstance.py:2888} INFO - Executing <Task(PythonOperator): extract> on 2024-12-24 00:00:00+00:00
[2025-02-07T22:08:44.633+0000] {warnings.py:112} WARNING - /home/***/.local/lib/python3.12/site-packages/***/task/task_runner/standard_task_runner.py:70: DeprecationWarning: This process (pid=69) is multi-threaded, use of fork() may lead to deadlocks in the child.
  pid = os.fork()

[2025-02-07T22:08:44.639+0000] {standard_task_runner.py:72} INFO - Started process 123 to run task
[2025-02-07T22:08:44.671+0000] {standard_task_runner.py:104} INFO - Running: ['***', 'tasks', 'run', 'crypto_price_etl', 'extract', 'scheduled__2024-12-24T00:00:00+00:00', '--job-id', '152', '--raw', '--subdir', 'DAGS_FOLDER/crypto_dag.py', '--cfg-path', '/tmp/tmpnpwitnqx']
[2025-02-07T22:08:44.677+0000] {standard_task_runner.py:105} INFO - Job 152: Subtask extract
[2025-02-07T22:08:44.966+0000] {task_command.py:467} INFO - Running <TaskInstance: crypto_price_etl.extract scheduled__2024-12-24T00:00:00+00:00 [running]> on host f4ec8002467d
[2025-02-07T22:08:45.487+0000] {taskinstance.py:3131} INFO - Exporting env vars: AIRFLOW_CTX_DAG_OWNER='***' AIRFLOW_CTX_DAG_ID='crypto_price_etl' AIRFLOW_CTX_TASK_ID='extract' AIRFLOW_CTX_EXECUTION_DATE='2024-12-24T00:00:00+00:00' AIRFLOW_CTX_TRY_NUMBER='1' AIRFLOW_CTX_DAG_RUN_ID='scheduled__2024-12-24T00:00:00+00:00'
[2025-02-07T22:08:45.492+0000] {logging_mixin.py:190} INFO - Task instance is in running state
[2025-02-07T22:08:45.494+0000] {logging_mixin.py:190} INFO -  Previous state of the Task instance: queued
[2025-02-07T22:08:45.503+0000] {logging_mixin.py:190} INFO - Current task name:extract state:running start_date:2025-02-07 22:08:44.314783+00:00
[2025-02-07T22:08:45.508+0000] {logging_mixin.py:190} INFO - Dag name:crypto_price_etl and current dag run status:running
[2025-02-07T22:08:45.526+0000] {taskinstance.py:731} INFO - ::endgroup::
[2025-02-07T22:08:45.815+0000] {python.py:240} INFO - Done. Returned value was: None
[2025-02-07T22:08:45.868+0000] {taskinstance.py:340} INFO - ::group::Post task execution logs
[2025-02-07T22:08:45.875+0000] {taskinstance.py:352} INFO - Marking task as SUCCESS. dag_id=crypto_price_etl, task_id=extract, run_id=scheduled__2024-12-24T00:00:00+00:00, execution_date=20241224T000000, start_date=20250207T220844, end_date=20250207T220845
[2025-02-07T22:08:46.196+0000] {logging_mixin.py:190} INFO - Task instance in success state
[2025-02-07T22:08:46.200+0000] {logging_mixin.py:190} INFO -  Previous state of the Task instance: running
[2025-02-07T22:08:46.209+0000] {logging_mixin.py:190} INFO - Dag name:crypto_price_etl queued_at:2025-02-07 22:08:31.179848+00:00
[2025-02-07T22:08:46.213+0000] {logging_mixin.py:190} INFO - Task hostname:f4ec8002467d operator:PythonOperator
[2025-02-07T22:08:46.312+0000] {local_task_job_runner.py:266} INFO - Task exited with return code 0
[2025-02-07T22:08:46.398+0000] {taskinstance.py:3900} INFO - 1 downstream tasks scheduled from follow-on schedule check
[2025-02-07T22:08:46.415+0000] {local_task_job_runner.py:245} INFO - ::endgroup::
