[2025-02-07T22:08:52.978+0000] {local_task_job_runner.py:123} INFO - ::group::Pre task execution logs
[2025-02-07T22:08:53.135+0000] {taskinstance.py:2612} INFO - Dependencies all met for dep_context=non-requeueable deps ti=<TaskInstance: crypto_price_etl.transform scheduled__2025-01-04T00:00:00+00:00 [queued]>
[2025-02-07T22:08:53.272+0000] {taskinstance.py:2612} INFO - Dependencies all met for dep_context=requeueable deps ti=<TaskInstance: crypto_price_etl.transform scheduled__2025-01-04T00:00:00+00:00 [queued]>
[2025-02-07T22:08:53.274+0000] {taskinstance.py:2865} INFO - Starting attempt 1 of 2
[2025-02-07T22:08:53.363+0000] {taskinstance.py:2888} INFO - Executing <Task(PythonOperator): transform> on 2025-01-04 00:00:00+00:00
[2025-02-07T22:08:53.382+0000] {warnings.py:112} WARNING - /home/***/.local/lib/python3.12/site-packages/***/task/task_runner/standard_task_runner.py:70: DeprecationWarning: This process (pid=132) is multi-threaded, use of fork() may lead to deadlocks in the child.
  pid = os.fork()

[2025-02-07T22:08:53.388+0000] {standard_task_runner.py:72} INFO - Started process 167 to run task
[2025-02-07T22:08:53.412+0000] {standard_task_runner.py:104} INFO - Running: ['***', 'tasks', 'run', 'crypto_price_etl', 'transform', 'scheduled__2025-01-04T00:00:00+00:00', '--job-id', '158', '--raw', '--subdir', 'DAGS_FOLDER/crypto_dag.py', '--cfg-path', '/tmp/tmpk3hf_kni']
[2025-02-07T22:08:53.415+0000] {standard_task_runner.py:105} INFO - Job 158: Subtask transform
[2025-02-07T22:08:53.716+0000] {task_command.py:467} INFO - Running <TaskInstance: crypto_price_etl.transform scheduled__2025-01-04T00:00:00+00:00 [running]> on host f4ec8002467d
[2025-02-07T22:08:54.543+0000] {taskinstance.py:3131} INFO - Exporting env vars: AIRFLOW_CTX_DAG_OWNER='***' AIRFLOW_CTX_DAG_ID='crypto_price_etl' AIRFLOW_CTX_TASK_ID='transform' AIRFLOW_CTX_EXECUTION_DATE='2025-01-04T00:00:00+00:00' AIRFLOW_CTX_TRY_NUMBER='1' AIRFLOW_CTX_DAG_RUN_ID='scheduled__2025-01-04T00:00:00+00:00'
[2025-02-07T22:08:54.549+0000] {logging_mixin.py:190} INFO - Task instance is in running state
[2025-02-07T22:08:54.553+0000] {logging_mixin.py:190} INFO -  Previous state of the Task instance: queued
[2025-02-07T22:08:54.559+0000] {logging_mixin.py:190} INFO - Current task name:transform state:running start_date:2025-02-07 22:08:53.136158+00:00
[2025-02-07T22:08:54.560+0000] {logging_mixin.py:190} INFO - Dag name:crypto_price_etl and current dag run status:running
[2025-02-07T22:08:54.561+0000] {taskinstance.py:731} INFO - ::endgroup::
[2025-02-07T22:08:54.946+0000] {python.py:240} INFO - Done. Returned value was: None
[2025-02-07T22:08:55.015+0000] {taskinstance.py:340} INFO - ::group::Post task execution logs
[2025-02-07T22:08:55.023+0000] {taskinstance.py:352} INFO - Marking task as SUCCESS. dag_id=crypto_price_etl, task_id=transform, run_id=scheduled__2025-01-04T00:00:00+00:00, execution_date=20250104T000000, start_date=20250207T220853, end_date=20250207T220855
[2025-02-07T22:08:55.107+0000] {logging_mixin.py:190} INFO - Task instance in success state
[2025-02-07T22:08:55.109+0000] {logging_mixin.py:190} INFO -  Previous state of the Task instance: running
[2025-02-07T22:08:55.120+0000] {logging_mixin.py:190} INFO - Dag name:crypto_price_etl queued_at:2025-02-07 22:08:34.207241+00:00
[2025-02-07T22:08:55.121+0000] {logging_mixin.py:190} INFO - Task hostname:f4ec8002467d operator:PythonOperator
[2025-02-07T22:08:55.193+0000] {local_task_job_runner.py:266} INFO - Task exited with return code 0
[2025-02-07T22:08:55.288+0000] {taskinstance.py:3900} INFO - 1 downstream tasks scheduled from follow-on schedule check
[2025-02-07T22:08:55.296+0000] {local_task_job_runner.py:245} INFO - ::endgroup::
