[2025-02-07T22:19:35.157+0000] {local_task_job_runner.py:123} INFO - ::group::Pre task execution logs
[2025-02-07T22:19:35.193+0000] {taskinstance.py:2612} INFO - Dependencies all met for dep_context=non-requeueable deps ti=<TaskInstance: crypto_price_etl.extract scheduled__2025-01-23T00:00:00+00:00 [queued]>
[2025-02-07T22:19:35.216+0000] {taskinstance.py:2612} INFO - Dependencies all met for dep_context=requeueable deps ti=<TaskInstance: crypto_price_etl.extract scheduled__2025-01-23T00:00:00+00:00 [queued]>
[2025-02-07T22:19:35.218+0000] {taskinstance.py:2865} INFO - Starting attempt 1 of 2
[2025-02-07T22:19:35.247+0000] {taskinstance.py:2888} INFO - Executing <Task(PythonOperator): extract> on 2025-01-23 00:00:00+00:00
[2025-02-07T22:19:35.258+0000] {warnings.py:112} WARNING - /home/***/.local/lib/python3.12/site-packages/***/task/task_runner/standard_task_runner.py:70: DeprecationWarning: This process (pid=783) is multi-threaded, use of fork() may lead to deadlocks in the child.
  pid = os.fork()

[2025-02-07T22:19:35.261+0000] {standard_task_runner.py:72} INFO - Started process 795 to run task
[2025-02-07T22:19:35.262+0000] {standard_task_runner.py:104} INFO - Running: ['***', 'tasks', 'run', 'crypto_price_etl', 'extract', 'scheduled__2025-01-23T00:00:00+00:00', '--job-id', '240', '--raw', '--subdir', 'DAGS_FOLDER/crypto_dag.py', '--cfg-path', '/tmp/tmp8jm86q4j']
[2025-02-07T22:19:35.264+0000] {standard_task_runner.py:105} INFO - Job 240: Subtask extract
[2025-02-07T22:19:35.364+0000] {task_command.py:467} INFO - Running <TaskInstance: crypto_price_etl.extract scheduled__2025-01-23T00:00:00+00:00 [running]> on host f4ec8002467d
[2025-02-07T22:19:35.507+0000] {taskinstance.py:3131} INFO - Exporting env vars: AIRFLOW_CTX_DAG_OWNER='***' AIRFLOW_CTX_DAG_ID='crypto_price_etl' AIRFLOW_CTX_TASK_ID='extract' AIRFLOW_CTX_EXECUTION_DATE='2025-01-23T00:00:00+00:00' AIRFLOW_CTX_TRY_NUMBER='1' AIRFLOW_CTX_DAG_RUN_ID='scheduled__2025-01-23T00:00:00+00:00'
[2025-02-07T22:19:35.509+0000] {logging_mixin.py:190} INFO - Task instance is in running state
[2025-02-07T22:19:35.510+0000] {logging_mixin.py:190} INFO -  Previous state of the Task instance: queued
[2025-02-07T22:19:35.511+0000] {logging_mixin.py:190} INFO - Current task name:extract state:running start_date:2025-02-07 22:19:35.195267+00:00
[2025-02-07T22:19:35.512+0000] {logging_mixin.py:190} INFO - Dag name:crypto_price_etl and current dag run status:running
[2025-02-07T22:19:35.513+0000] {taskinstance.py:731} INFO - ::endgroup::
[2025-02-07T22:19:35.718+0000] {python.py:240} INFO - Done. Returned value was: None
[2025-02-07T22:19:35.733+0000] {taskinstance.py:340} INFO - ::group::Post task execution logs
[2025-02-07T22:19:35.734+0000] {taskinstance.py:352} INFO - Marking task as SUCCESS. dag_id=crypto_price_etl, task_id=extract, run_id=scheduled__2025-01-23T00:00:00+00:00, execution_date=20250123T000000, start_date=20250207T221935, end_date=20250207T221935
[2025-02-07T22:19:35.755+0000] {logging_mixin.py:190} INFO - Task instance in success state
[2025-02-07T22:19:35.757+0000] {logging_mixin.py:190} INFO -  Previous state of the Task instance: running
[2025-02-07T22:19:35.758+0000] {logging_mixin.py:190} INFO - Dag name:crypto_price_etl queued_at:2025-02-07 22:19:32.565070+00:00
[2025-02-07T22:19:35.759+0000] {logging_mixin.py:190} INFO - Task hostname:f4ec8002467d operator:PythonOperator
[2025-02-07T22:19:35.813+0000] {local_task_job_runner.py:266} INFO - Task exited with return code 0
[2025-02-07T22:19:35.856+0000] {taskinstance.py:3900} INFO - 1 downstream tasks scheduled from follow-on schedule check
[2025-02-07T22:19:35.859+0000] {local_task_job_runner.py:245} INFO - ::endgroup::
