[2024-12-21T11:19:44.153+0000] {local_task_job_runner.py:123} INFO - ::group::Pre task execution logs
[2024-12-21T11:19:44.268+0000] {taskinstance.py:2612} INFO - Dependencies all met for dep_context=non-requeueable deps ti=<TaskInstance: crypto_price_etl.extract scheduled__2024-12-07T00:00:00+00:00 [queued]>
[2024-12-21T11:19:44.300+0000] {taskinstance.py:2612} INFO - Dependencies all met for dep_context=requeueable deps ti=<TaskInstance: crypto_price_etl.extract scheduled__2024-12-07T00:00:00+00:00 [queued]>
[2024-12-21T11:19:44.306+0000] {taskinstance.py:2865} INFO - Starting attempt 1 of 2
[2024-12-21T11:19:44.339+0000] {taskinstance.py:2888} INFO - Executing <Task(PythonOperator): extract> on 2024-12-07 00:00:00+00:00
[2024-12-21T11:19:44.352+0000] {warnings.py:112} WARNING - /home/***/.local/lib/python3.12/site-packages/***/task/task_runner/standard_task_runner.py:70: DeprecationWarning: This process (pid=85) is multi-threaded, use of fork() may lead to deadlocks in the child.
  pid = os.fork()

[2024-12-21T11:19:44.357+0000] {standard_task_runner.py:72} INFO - Started process 118 to run task
[2024-12-21T11:19:44.356+0000] {standard_task_runner.py:104} INFO - Running: ['***', 'tasks', 'run', 'crypto_price_etl', 'extract', 'scheduled__2024-12-07T00:00:00+00:00', '--job-id', '53', '--raw', '--subdir', 'DAGS_FOLDER/crypto_dag.py', '--cfg-path', '/tmp/tmp_haqlaaa']
[2024-12-21T11:19:44.360+0000] {standard_task_runner.py:105} INFO - Job 53: Subtask extract
[2024-12-21T11:19:44.520+0000] {task_command.py:467} INFO - Running <TaskInstance: crypto_price_etl.extract scheduled__2024-12-07T00:00:00+00:00 [running]> on host f4ec8002467d
[2024-12-21T11:19:44.869+0000] {taskinstance.py:3131} INFO - Exporting env vars: AIRFLOW_CTX_DAG_OWNER='***' AIRFLOW_CTX_DAG_ID='crypto_price_etl' AIRFLOW_CTX_TASK_ID='extract' AIRFLOW_CTX_EXECUTION_DATE='2024-12-07T00:00:00+00:00' AIRFLOW_CTX_TRY_NUMBER='1' AIRFLOW_CTX_DAG_RUN_ID='scheduled__2024-12-07T00:00:00+00:00'
[2024-12-21T11:19:44.872+0000] {logging_mixin.py:190} INFO - Task instance is in running state
[2024-12-21T11:19:44.873+0000] {logging_mixin.py:190} INFO -  Previous state of the Task instance: queued
[2024-12-21T11:19:44.875+0000] {logging_mixin.py:190} INFO - Current task name:extract state:running start_date:2024-12-21 11:19:44.271307+00:00
[2024-12-21T11:19:44.877+0000] {logging_mixin.py:190} INFO - Dag name:crypto_price_etl and current dag run status:running
[2024-12-21T11:19:44.882+0000] {taskinstance.py:731} INFO - ::endgroup::
[2024-12-21T11:19:45.133+0000] {python.py:240} INFO - Done. Returned value was: None
[2024-12-21T11:19:45.158+0000] {taskinstance.py:340} INFO - ::group::Post task execution logs
[2024-12-21T11:19:45.160+0000] {taskinstance.py:352} INFO - Marking task as SUCCESS. dag_id=crypto_price_etl, task_id=extract, run_id=scheduled__2024-12-07T00:00:00+00:00, execution_date=20241207T000000, start_date=20241221T111944, end_date=20241221T111945
[2024-12-21T11:19:45.223+0000] {logging_mixin.py:190} INFO - Task instance in success state
[2024-12-21T11:19:45.224+0000] {logging_mixin.py:190} INFO -  Previous state of the Task instance: running
[2024-12-21T11:19:45.226+0000] {logging_mixin.py:190} INFO - Dag name:crypto_price_etl queued_at:2024-12-21 11:19:35.482221+00:00
[2024-12-21T11:19:45.227+0000] {logging_mixin.py:190} INFO - Task hostname:f4ec8002467d operator:PythonOperator
[2024-12-21T11:19:45.265+0000] {local_task_job_runner.py:266} INFO - Task exited with return code 0
[2024-12-21T11:19:45.296+0000] {local_task_job_runner.py:245} INFO - ::endgroup::
