[2025-02-07T22:20:05.649+0000] {local_task_job_runner.py:123} INFO - ::group::Pre task execution logs
[2025-02-07T22:20:05.678+0000] {taskinstance.py:2612} INFO - Dependencies all met for dep_context=non-requeueable deps ti=<TaskInstance: crypto_price_etl.extract scheduled__2025-02-05T00:00:00+00:00 [queued]>
[2025-02-07T22:20:05.697+0000] {taskinstance.py:2612} INFO - Dependencies all met for dep_context=requeueable deps ti=<TaskInstance: crypto_price_etl.extract scheduled__2025-02-05T00:00:00+00:00 [queued]>
[2025-02-07T22:20:05.698+0000] {taskinstance.py:2865} INFO - Starting attempt 1 of 2
[2025-02-07T22:20:05.720+0000] {taskinstance.py:2888} INFO - Executing <Task(PythonOperator): extract> on 2025-02-05 00:00:00+00:00
[2025-02-07T22:20:05.730+0000] {warnings.py:112} WARNING - /home/***/.local/lib/python3.12/site-packages/***/task/task_runner/standard_task_runner.py:70: DeprecationWarning: This process (pid=967) is multi-threaded, use of fork() may lead to deadlocks in the child.
  pid = os.fork()

[2025-02-07T22:20:05.732+0000] {standard_task_runner.py:72} INFO - Started process 977 to run task
[2025-02-07T22:20:05.732+0000] {standard_task_runner.py:104} INFO - Running: ['***', 'tasks', 'run', 'crypto_price_etl', 'extract', 'scheduled__2025-02-05T00:00:00+00:00', '--job-id', '274', '--raw', '--subdir', 'DAGS_FOLDER/crypto_dag.py', '--cfg-path', '/tmp/tmp6r7s8_ub']
[2025-02-07T22:20:05.735+0000] {standard_task_runner.py:105} INFO - Job 274: Subtask extract
[2025-02-07T22:20:05.802+0000] {task_command.py:467} INFO - Running <TaskInstance: crypto_price_etl.extract scheduled__2025-02-05T00:00:00+00:00 [running]> on host f4ec8002467d
[2025-02-07T22:20:05.927+0000] {taskinstance.py:3131} INFO - Exporting env vars: AIRFLOW_CTX_DAG_OWNER='***' AIRFLOW_CTX_DAG_ID='crypto_price_etl' AIRFLOW_CTX_TASK_ID='extract' AIRFLOW_CTX_EXECUTION_DATE='2025-02-05T00:00:00+00:00' AIRFLOW_CTX_TRY_NUMBER='1' AIRFLOW_CTX_DAG_RUN_ID='scheduled__2025-02-05T00:00:00+00:00'
[2025-02-07T22:20:05.929+0000] {logging_mixin.py:190} INFO - Task instance is in running state
[2025-02-07T22:20:05.930+0000] {logging_mixin.py:190} INFO -  Previous state of the Task instance: queued
[2025-02-07T22:20:05.931+0000] {logging_mixin.py:190} INFO - Current task name:extract state:running start_date:2025-02-07 22:20:05.679055+00:00
[2025-02-07T22:20:05.932+0000] {logging_mixin.py:190} INFO - Dag name:crypto_price_etl and current dag run status:running
[2025-02-07T22:20:05.932+0000] {taskinstance.py:731} INFO - ::endgroup::
[2025-02-07T22:20:06.099+0000] {python.py:240} INFO - Done. Returned value was: None
[2025-02-07T22:20:06.116+0000] {taskinstance.py:340} INFO - ::group::Post task execution logs
[2025-02-07T22:20:06.118+0000] {taskinstance.py:352} INFO - Marking task as SUCCESS. dag_id=crypto_price_etl, task_id=extract, run_id=scheduled__2025-02-05T00:00:00+00:00, execution_date=20250205T000000, start_date=20250207T222005, end_date=20250207T222006
[2025-02-07T22:20:06.289+0000] {logging_mixin.py:190} INFO - Task instance in success state
[2025-02-07T22:20:06.290+0000] {logging_mixin.py:190} INFO -  Previous state of the Task instance: running
[2025-02-07T22:20:06.291+0000] {logging_mixin.py:190} INFO - Dag name:crypto_price_etl queued_at:2025-02-07 22:20:03.204002+00:00
[2025-02-07T22:20:06.292+0000] {logging_mixin.py:190} INFO - Task hostname:f4ec8002467d operator:PythonOperator
[2025-02-07T22:20:06.312+0000] {local_task_job_runner.py:266} INFO - Task exited with return code 0
[2025-02-07T22:20:06.358+0000] {taskinstance.py:3900} INFO - 1 downstream tasks scheduled from follow-on schedule check
[2025-02-07T22:20:06.363+0000] {local_task_job_runner.py:245} INFO - ::endgroup::
