[2025-02-07T22:08:43.892+0000] {local_task_job_runner.py:123} INFO - ::group::Pre task execution logs
[2025-02-07T22:08:44.003+0000] {taskinstance.py:2612} INFO - Dependencies all met for dep_context=non-requeueable deps ti=<TaskInstance: crypto_price_etl.extract scheduled__2024-12-22T00:00:00+00:00 [queued]>
[2025-02-07T22:08:44.151+0000] {taskinstance.py:2612} INFO - Dependencies all met for dep_context=requeueable deps ti=<TaskInstance: crypto_price_etl.extract scheduled__2024-12-22T00:00:00+00:00 [queued]>
[2025-02-07T22:08:44.158+0000] {taskinstance.py:2865} INFO - Starting attempt 1 of 2
[2025-02-07T22:08:44.261+0000] {taskinstance.py:2888} INFO - Executing <Task(PythonOperator): extract> on 2024-12-22 00:00:00+00:00
[2025-02-07T22:08:44.369+0000] {standard_task_runner.py:104} INFO - Running: ['***', 'tasks', 'run', 'crypto_price_etl', 'extract', 'scheduled__2024-12-22T00:00:00+00:00', '--job-id', '150', '--raw', '--subdir', 'DAGS_FOLDER/crypto_dag.py', '--cfg-path', '/tmp/tmpi1r63pj6']
[2025-02-07T22:08:44.386+0000] {standard_task_runner.py:105} INFO - Job 150: Subtask extract
[2025-02-07T22:08:44.381+0000] {warnings.py:112} WARNING - /home/***/.local/lib/python3.12/site-packages/***/task/task_runner/standard_task_runner.py:70: DeprecationWarning: This process (pid=64) is multi-threaded, use of fork() may lead to deadlocks in the child.
  pid = os.fork()

[2025-02-07T22:08:44.406+0000] {standard_task_runner.py:72} INFO - Started process 113 to run task
[2025-02-07T22:08:44.674+0000] {task_command.py:467} INFO - Running <TaskInstance: crypto_price_etl.extract scheduled__2024-12-22T00:00:00+00:00 [running]> on host f4ec8002467d
[2025-02-07T22:08:45.176+0000] {taskinstance.py:3131} INFO - Exporting env vars: AIRFLOW_CTX_DAG_OWNER='***' AIRFLOW_CTX_DAG_ID='crypto_price_etl' AIRFLOW_CTX_TASK_ID='extract' AIRFLOW_CTX_EXECUTION_DATE='2024-12-22T00:00:00+00:00' AIRFLOW_CTX_TRY_NUMBER='1' AIRFLOW_CTX_DAG_RUN_ID='scheduled__2024-12-22T00:00:00+00:00'
[2025-02-07T22:08:45.183+0000] {logging_mixin.py:190} INFO - Task instance is in running state
[2025-02-07T22:08:45.184+0000] {logging_mixin.py:190} INFO -  Previous state of the Task instance: queued
[2025-02-07T22:08:45.193+0000] {logging_mixin.py:190} INFO - Current task name:extract state:running start_date:2025-02-07 22:08:44.011254+00:00
[2025-02-07T22:08:45.197+0000] {logging_mixin.py:190} INFO - Dag name:crypto_price_etl and current dag run status:running
[2025-02-07T22:08:45.198+0000] {taskinstance.py:731} INFO - ::endgroup::
[2025-02-07T22:08:45.500+0000] {python.py:240} INFO - Done. Returned value was: None
[2025-02-07T22:08:45.579+0000] {taskinstance.py:340} INFO - ::group::Post task execution logs
[2025-02-07T22:08:45.580+0000] {taskinstance.py:352} INFO - Marking task as SUCCESS. dag_id=crypto_price_etl, task_id=extract, run_id=scheduled__2024-12-22T00:00:00+00:00, execution_date=20241222T000000, start_date=20250207T220844, end_date=20250207T220845
[2025-02-07T22:08:45.628+0000] {logging_mixin.py:190} INFO - Task instance in success state
[2025-02-07T22:08:45.629+0000] {logging_mixin.py:190} INFO -  Previous state of the Task instance: running
[2025-02-07T22:08:45.629+0000] {logging_mixin.py:190} INFO - Dag name:crypto_price_etl queued_at:2025-02-07 22:08:30.651800+00:00
[2025-02-07T22:08:45.630+0000] {logging_mixin.py:190} INFO - Task hostname:f4ec8002467d operator:PythonOperator
[2025-02-07T22:08:45.675+0000] {local_task_job_runner.py:266} INFO - Task exited with return code 0
[2025-02-07T22:08:45.707+0000] {local_task_job_runner.py:245} INFO - ::endgroup::
