[2025-02-07T22:14:18.767+0000] {local_task_job_runner.py:123} INFO - ::group::Pre task execution logs
[2025-02-07T22:14:18.823+0000] {taskinstance.py:2612} INFO - Dependencies all met for dep_context=non-requeueable deps ti=<TaskInstance: crypto_price_etl.transform scheduled__2025-01-08T00:00:00+00:00 [queued]>
[2025-02-07T22:14:18.866+0000] {taskinstance.py:2612} INFO - Dependencies all met for dep_context=requeueable deps ti=<TaskInstance: crypto_price_etl.transform scheduled__2025-01-08T00:00:00+00:00 [queued]>
[2025-02-07T22:14:18.867+0000] {taskinstance.py:2865} INFO - Starting attempt 1 of 2
[2025-02-07T22:14:18.936+0000] {taskinstance.py:2888} INFO - Executing <Task(PythonOperator): transform> on 2025-01-08 00:00:00+00:00
[2025-02-07T22:14:18.992+0000] {warnings.py:112} WARNING - /home/***/.local/lib/python3.12/site-packages/***/task/task_runner/standard_task_runner.py:70: DeprecationWarning: This process (pid=448) is multi-threaded, use of fork() may lead to deadlocks in the child.
  pid = os.fork()

[2025-02-07T22:14:18.996+0000] {standard_task_runner.py:72} INFO - Started process 504 to run task
[2025-02-07T22:14:19.014+0000] {standard_task_runner.py:104} INFO - Running: ['***', 'tasks', 'run', 'crypto_price_etl', 'transform', 'scheduled__2025-01-08T00:00:00+00:00', '--job-id', '203', '--raw', '--subdir', 'DAGS_FOLDER/crypto_dag.py', '--cfg-path', '/tmp/tmpc3ersxlj']
[2025-02-07T22:14:19.023+0000] {standard_task_runner.py:105} INFO - Job 203: Subtask transform
[2025-02-07T22:14:19.230+0000] {task_command.py:467} INFO - Running <TaskInstance: crypto_price_etl.transform scheduled__2025-01-08T00:00:00+00:00 [running]> on host f4ec8002467d
[2025-02-07T22:14:19.724+0000] {taskinstance.py:3131} INFO - Exporting env vars: AIRFLOW_CTX_DAG_OWNER='***' AIRFLOW_CTX_DAG_ID='crypto_price_etl' AIRFLOW_CTX_TASK_ID='transform' AIRFLOW_CTX_EXECUTION_DATE='2025-01-08T00:00:00+00:00' AIRFLOW_CTX_TRY_NUMBER='1' AIRFLOW_CTX_DAG_RUN_ID='scheduled__2025-01-08T00:00:00+00:00'
[2025-02-07T22:14:19.730+0000] {logging_mixin.py:190} INFO - Task instance is in running state
[2025-02-07T22:14:19.732+0000] {logging_mixin.py:190} INFO -  Previous state of the Task instance: queued
[2025-02-07T22:14:19.734+0000] {logging_mixin.py:190} INFO - Current task name:transform state:running start_date:2025-02-07 22:14:18.830460+00:00
[2025-02-07T22:14:19.736+0000] {logging_mixin.py:190} INFO - Dag name:crypto_price_etl and current dag run status:running
[2025-02-07T22:14:19.737+0000] {taskinstance.py:731} INFO - ::endgroup::
[2025-02-07T22:14:19.929+0000] {python.py:240} INFO - Done. Returned value was: None
[2025-02-07T22:14:19.966+0000] {taskinstance.py:340} INFO - ::group::Post task execution logs
[2025-02-07T22:14:19.967+0000] {taskinstance.py:352} INFO - Marking task as SUCCESS. dag_id=crypto_price_etl, task_id=transform, run_id=scheduled__2025-01-08T00:00:00+00:00, execution_date=20250108T000000, start_date=20250207T221418, end_date=20250207T221419
[2025-02-07T22:14:20.000+0000] {logging_mixin.py:190} INFO - Task instance in success state
[2025-02-07T22:14:20.001+0000] {logging_mixin.py:190} INFO -  Previous state of the Task instance: running
[2025-02-07T22:14:20.002+0000] {logging_mixin.py:190} INFO - Dag name:crypto_price_etl queued_at:2025-02-07 22:14:04.900567+00:00
[2025-02-07T22:14:20.003+0000] {logging_mixin.py:190} INFO - Task hostname:f4ec8002467d operator:PythonOperator
[2025-02-07T22:14:20.032+0000] {local_task_job_runner.py:266} INFO - Task exited with return code 0
[2025-02-07T22:14:20.124+0000] {taskinstance.py:3900} INFO - 1 downstream tasks scheduled from follow-on schedule check
[2025-02-07T22:14:20.144+0000] {local_task_job_runner.py:245} INFO - ::endgroup::
