[2025-02-07T22:08:43.542+0000] {local_task_job_runner.py:123} INFO - ::group::Pre task execution logs
[2025-02-07T22:08:43.627+0000] {taskinstance.py:2612} INFO - Dependencies all met for dep_context=non-requeueable deps ti=<TaskInstance: crypto_price_etl.extract scheduled__2024-12-25T00:00:00+00:00 [queued]>
[2025-02-07T22:08:43.715+0000] {taskinstance.py:2612} INFO - Dependencies all met for dep_context=requeueable deps ti=<TaskInstance: crypto_price_etl.extract scheduled__2024-12-25T00:00:00+00:00 [queued]>
[2025-02-07T22:08:43.730+0000] {taskinstance.py:2865} INFO - Starting attempt 1 of 2
[2025-02-07T22:08:43.854+0000] {taskinstance.py:2888} INFO - Executing <Task(PythonOperator): extract> on 2024-12-25 00:00:00+00:00
[2025-02-07T22:08:43.924+0000] {warnings.py:112} WARNING - /home/***/.local/lib/python3.12/site-packages/***/task/task_runner/standard_task_runner.py:70: DeprecationWarning: This process (pid=65) is multi-threaded, use of fork() may lead to deadlocks in the child.
  pid = os.fork()

[2025-02-07T22:08:43.953+0000] {standard_task_runner.py:72} INFO - Started process 100 to run task
[2025-02-07T22:08:43.950+0000] {standard_task_runner.py:104} INFO - Running: ['***', 'tasks', 'run', 'crypto_price_etl', 'extract', 'scheduled__2024-12-25T00:00:00+00:00', '--job-id', '141', '--raw', '--subdir', 'DAGS_FOLDER/crypto_dag.py', '--cfg-path', '/tmp/tmpgsnhfbv1']
[2025-02-07T22:08:43.986+0000] {standard_task_runner.py:105} INFO - Job 141: Subtask extract
[2025-02-07T22:08:44.383+0000] {task_command.py:467} INFO - Running <TaskInstance: crypto_price_etl.extract scheduled__2024-12-25T00:00:00+00:00 [running]> on host f4ec8002467d
[2025-02-07T22:08:45.082+0000] {taskinstance.py:3131} INFO - Exporting env vars: AIRFLOW_CTX_DAG_OWNER='***' AIRFLOW_CTX_DAG_ID='crypto_price_etl' AIRFLOW_CTX_TASK_ID='extract' AIRFLOW_CTX_EXECUTION_DATE='2024-12-25T00:00:00+00:00' AIRFLOW_CTX_TRY_NUMBER='1' AIRFLOW_CTX_DAG_RUN_ID='scheduled__2024-12-25T00:00:00+00:00'
[2025-02-07T22:08:45.089+0000] {logging_mixin.py:190} INFO - Task instance is in running state
[2025-02-07T22:08:45.092+0000] {logging_mixin.py:190} INFO -  Previous state of the Task instance: queued
[2025-02-07T22:08:45.102+0000] {logging_mixin.py:190} INFO - Current task name:extract state:running start_date:2025-02-07 22:08:43.635847+00:00
[2025-02-07T22:08:45.104+0000] {logging_mixin.py:190} INFO - Dag name:crypto_price_etl and current dag run status:running
[2025-02-07T22:08:45.109+0000] {taskinstance.py:731} INFO - ::endgroup::
[2025-02-07T22:08:45.485+0000] {python.py:240} INFO - Done. Returned value was: None
[2025-02-07T22:08:45.529+0000] {taskinstance.py:340} INFO - ::group::Post task execution logs
[2025-02-07T22:08:45.537+0000] {taskinstance.py:352} INFO - Marking task as SUCCESS. dag_id=crypto_price_etl, task_id=extract, run_id=scheduled__2024-12-25T00:00:00+00:00, execution_date=20241225T000000, start_date=20250207T220843, end_date=20250207T220845
[2025-02-07T22:08:45.591+0000] {logging_mixin.py:190} INFO - Task instance in success state
[2025-02-07T22:08:45.597+0000] {logging_mixin.py:190} INFO -  Previous state of the Task instance: running
[2025-02-07T22:08:45.600+0000] {logging_mixin.py:190} INFO - Dag name:crypto_price_etl queued_at:2025-02-07 22:08:31.358826+00:00
[2025-02-07T22:08:45.602+0000] {logging_mixin.py:190} INFO - Task hostname:f4ec8002467d operator:PythonOperator
[2025-02-07T22:08:45.678+0000] {local_task_job_runner.py:266} INFO - Task exited with return code 0
[2025-02-07T22:08:45.734+0000] {local_task_job_runner.py:245} INFO - ::endgroup::
