[2024-12-21T11:25:14.869+0000] {local_task_job_runner.py:123} INFO - ::group::Pre task execution logs
[2024-12-21T11:25:14.955+0000] {taskinstance.py:2612} INFO - Dependencies all met for dep_context=non-requeueable deps ti=<TaskInstance: crypto_price_etl.transform scheduled__2024-12-10T00:00:00+00:00 [queued]>
[2024-12-21T11:25:15.017+0000] {taskinstance.py:2612} INFO - Dependencies all met for dep_context=requeueable deps ti=<TaskInstance: crypto_price_etl.transform scheduled__2024-12-10T00:00:00+00:00 [queued]>
[2024-12-21T11:25:15.019+0000] {taskinstance.py:2865} INFO - Starting attempt 1 of 2
[2024-12-21T11:25:15.097+0000] {taskinstance.py:2888} INFO - Executing <Task(PythonOperator): transform> on 2024-12-10 00:00:00+00:00
[2024-12-21T11:25:15.135+0000] {warnings.py:112} WARNING - /home/***/.local/lib/python3.12/site-packages/***/task/task_runner/standard_task_runner.py:70: DeprecationWarning: This process (pid=465) is multi-threaded, use of fork() may lead to deadlocks in the child.
  pid = os.fork()

[2024-12-21T11:25:15.159+0000] {standard_task_runner.py:72} INFO - Started process 503 to run task
[2024-12-21T11:25:15.168+0000] {standard_task_runner.py:104} INFO - Running: ['***', 'tasks', 'run', 'crypto_price_etl', 'transform', 'scheduled__2024-12-10T00:00:00+00:00', '--job-id', '108', '--raw', '--subdir', 'DAGS_FOLDER/crypto_dag.py', '--cfg-path', '/tmp/tmpsdty6ht8']
[2024-12-21T11:25:15.182+0000] {standard_task_runner.py:105} INFO - Job 108: Subtask transform
[2024-12-21T11:25:15.468+0000] {task_command.py:467} INFO - Running <TaskInstance: crypto_price_etl.transform scheduled__2024-12-10T00:00:00+00:00 [running]> on host f4ec8002467d
[2024-12-21T11:25:15.851+0000] {taskinstance.py:3131} INFO - Exporting env vars: AIRFLOW_CTX_DAG_OWNER='***' AIRFLOW_CTX_DAG_ID='crypto_price_etl' AIRFLOW_CTX_TASK_ID='transform' AIRFLOW_CTX_EXECUTION_DATE='2024-12-10T00:00:00+00:00' AIRFLOW_CTX_TRY_NUMBER='1' AIRFLOW_CTX_DAG_RUN_ID='scheduled__2024-12-10T00:00:00+00:00'
[2024-12-21T11:25:15.857+0000] {logging_mixin.py:190} INFO - Task instance is in running state
[2024-12-21T11:25:15.864+0000] {logging_mixin.py:190} INFO -  Previous state of the Task instance: queued
[2024-12-21T11:25:15.865+0000] {logging_mixin.py:190} INFO - Current task name:transform state:running start_date:2024-12-21 11:25:14.956485+00:00
[2024-12-21T11:25:15.866+0000] {logging_mixin.py:190} INFO - Dag name:crypto_price_etl and current dag run status:running
[2024-12-21T11:25:15.867+0000] {taskinstance.py:731} INFO - ::endgroup::
[2024-12-21T11:25:16.047+0000] {python.py:240} INFO - Done. Returned value was: None
[2024-12-21T11:25:16.098+0000] {taskinstance.py:340} INFO - ::group::Post task execution logs
[2024-12-21T11:25:16.105+0000] {taskinstance.py:352} INFO - Marking task as SUCCESS. dag_id=crypto_price_etl, task_id=transform, run_id=scheduled__2024-12-10T00:00:00+00:00, execution_date=20241210T000000, start_date=20241221T112514, end_date=20241221T112516
[2024-12-21T11:25:16.188+0000] {logging_mixin.py:190} INFO - Task instance in success state
[2024-12-21T11:25:16.189+0000] {logging_mixin.py:190} INFO -  Previous state of the Task instance: running
[2024-12-21T11:25:16.190+0000] {logging_mixin.py:190} INFO - Dag name:crypto_price_etl queued_at:2024-12-21 11:25:03.988871+00:00
[2024-12-21T11:25:16.191+0000] {logging_mixin.py:190} INFO - Task hostname:f4ec8002467d operator:PythonOperator
[2024-12-21T11:25:16.275+0000] {local_task_job_runner.py:266} INFO - Task exited with return code 0
[2024-12-21T11:25:16.356+0000] {taskinstance.py:3900} INFO - 1 downstream tasks scheduled from follow-on schedule check
[2024-12-21T11:25:16.376+0000] {local_task_job_runner.py:245} INFO - ::endgroup::
