[2025-02-07T22:14:19.537+0000] {local_task_job_runner.py:123} INFO - ::group::Pre task execution logs
[2025-02-07T22:14:19.624+0000] {taskinstance.py:2612} INFO - Dependencies all met for dep_context=non-requeueable deps ti=<TaskInstance: crypto_price_etl.transform scheduled__2025-01-09T00:00:00+00:00 [queued]>
[2025-02-07T22:14:19.653+0000] {taskinstance.py:2612} INFO - Dependencies all met for dep_context=requeueable deps ti=<TaskInstance: crypto_price_etl.transform scheduled__2025-01-09T00:00:00+00:00 [queued]>
[2025-02-07T22:14:19.657+0000] {taskinstance.py:2865} INFO - Starting attempt 1 of 2
[2025-02-07T22:14:19.743+0000] {taskinstance.py:2888} INFO - Executing <Task(PythonOperator): transform> on 2025-01-09 00:00:00+00:00
[2025-02-07T22:14:19.760+0000] {warnings.py:112} WARNING - /home/***/.local/lib/python3.12/site-packages/***/task/task_runner/standard_task_runner.py:70: DeprecationWarning: This process (pid=456) is multi-threaded, use of fork() may lead to deadlocks in the child.
  pid = os.fork()

[2025-02-07T22:14:19.776+0000] {standard_task_runner.py:72} INFO - Started process 508 to run task
[2025-02-07T22:14:19.782+0000] {standard_task_runner.py:104} INFO - Running: ['***', 'tasks', 'run', 'crypto_price_etl', 'transform', 'scheduled__2025-01-09T00:00:00+00:00', '--job-id', '205', '--raw', '--subdir', 'DAGS_FOLDER/crypto_dag.py', '--cfg-path', '/tmp/tmpfqqlnouh']
[2025-02-07T22:14:19.793+0000] {standard_task_runner.py:105} INFO - Job 205: Subtask transform
[2025-02-07T22:14:19.962+0000] {task_command.py:467} INFO - Running <TaskInstance: crypto_price_etl.transform scheduled__2025-01-09T00:00:00+00:00 [running]> on host f4ec8002467d
[2025-02-07T22:14:20.273+0000] {taskinstance.py:3131} INFO - Exporting env vars: AIRFLOW_CTX_DAG_OWNER='***' AIRFLOW_CTX_DAG_ID='crypto_price_etl' AIRFLOW_CTX_TASK_ID='transform' AIRFLOW_CTX_EXECUTION_DATE='2025-01-09T00:00:00+00:00' AIRFLOW_CTX_TRY_NUMBER='1' AIRFLOW_CTX_DAG_RUN_ID='scheduled__2025-01-09T00:00:00+00:00'
[2025-02-07T22:14:20.283+0000] {logging_mixin.py:190} INFO - Task instance is in running state
[2025-02-07T22:14:20.284+0000] {logging_mixin.py:190} INFO -  Previous state of the Task instance: queued
[2025-02-07T22:14:20.284+0000] {logging_mixin.py:190} INFO - Current task name:transform state:running start_date:2025-02-07 22:14:19.632422+00:00
[2025-02-07T22:14:20.286+0000] {logging_mixin.py:190} INFO - Dag name:crypto_price_etl and current dag run status:running
[2025-02-07T22:14:20.287+0000] {taskinstance.py:731} INFO - ::endgroup::
[2025-02-07T22:14:20.481+0000] {python.py:240} INFO - Done. Returned value was: None
[2025-02-07T22:14:20.525+0000] {taskinstance.py:340} INFO - ::group::Post task execution logs
[2025-02-07T22:14:20.528+0000] {taskinstance.py:352} INFO - Marking task as SUCCESS. dag_id=crypto_price_etl, task_id=transform, run_id=scheduled__2025-01-09T00:00:00+00:00, execution_date=20250109T000000, start_date=20250207T221419, end_date=20250207T221420
[2025-02-07T22:14:20.592+0000] {logging_mixin.py:190} INFO - Task instance in success state
[2025-02-07T22:14:20.593+0000] {logging_mixin.py:190} INFO -  Previous state of the Task instance: running
[2025-02-07T22:14:20.596+0000] {logging_mixin.py:190} INFO - Dag name:crypto_price_etl queued_at:2025-02-07 22:14:05.145998+00:00
[2025-02-07T22:14:20.598+0000] {logging_mixin.py:190} INFO - Task hostname:f4ec8002467d operator:PythonOperator
[2025-02-07T22:14:20.663+0000] {local_task_job_runner.py:266} INFO - Task exited with return code 0
[2025-02-07T22:14:20.751+0000] {taskinstance.py:3900} INFO - 1 downstream tasks scheduled from follow-on schedule check
[2025-02-07T22:14:20.779+0000] {local_task_job_runner.py:245} INFO - ::endgroup::
